[2025-09-22T08:32:19.407+0000] {local_task_job_runner.py:120} INFO - ::group::Pre task execution logs
[2025-09-22T08:32:19.633+0000] {taskinstance.py:2076} INFO - Dependencies all met for dep_context=non-requeueable deps ti=<TaskInstance: dbt_intermediate.intermediate.products_enriched.test manual__2025-09-22T08:28:03.359463+00:00 [queued]>
[2025-09-22T08:32:19.653+0000] {taskinstance.py:2076} INFO - Dependencies all met for dep_context=requeueable deps ti=<TaskInstance: dbt_intermediate.intermediate.products_enriched.test manual__2025-09-22T08:28:03.359463+00:00 [queued]>
[2025-09-22T08:32:19.664+0000] {taskinstance.py:2306} INFO - Starting attempt 1 of 1
[2025-09-22T08:32:19.682+0000] {taskinstance.py:2330} INFO - Executing <Task(DbtTestVirtualenvOperator): intermediate.products_enriched.test> on 2025-09-22 08:28:03.359463+00:00
[2025-09-22T08:32:19.690+0000] {standard_task_runner.py:64} INFO - Started process 6002 to run task
[2025-09-22T08:32:19.694+0000] {standard_task_runner.py:90} INFO - Running: ['***', 'tasks', 'run', 'dbt_intermediate', 'intermediate.products_enriched.test', 'manual__2025-09-22T08:28:03.359463+00:00', '--job-id', '722', '--raw', '--subdir', 'DAGS_FOLDER/dbt_intermediate.py', '--cfg-path', '/tmp/tmppibn0zmm']
[2025-09-22T08:32:19.697+0000] {standard_task_runner.py:91} INFO - Job 722: Subtask intermediate.products_enriched.test
[2025-09-22T08:32:19.904+0000] {task_command.py:426} INFO - Running <TaskInstance: dbt_intermediate.intermediate.products_enriched.test manual__2025-09-22T08:28:03.359463+00:00 [running]> on host e95bde6b8d07
[2025-09-22T08:32:20.154+0000] {taskinstance.py:2648} INFO - Exporting env vars: AIRFLOW_CTX_DAG_OWNER='***' AIRFLOW_CTX_DAG_ID='dbt_intermediate' AIRFLOW_CTX_TASK_ID='intermediate.products_enriched.test' AIRFLOW_CTX_EXECUTION_DATE='2025-09-22T08:28:03.359463+00:00' AIRFLOW_CTX_TRY_NUMBER='1' AIRFLOW_CTX_DAG_RUN_ID='manual__2025-09-22T08:28:03.359463+00:00'
[2025-09-22T08:32:20.156+0000] {taskinstance.py:430} INFO - ::endgroup::
[2025-09-22T08:32:20.172+0000] {baseoperator.py:400} WARNING - DbtTestVirtualenvOperator.execute cannot be called outside TaskInstance!
[2025-09-22T08:32:20.173+0000] {virtualenv.py:120} INFO - Checking if the virtualenv lock /opt/***/cosmos_venvs/ecom_intermediate/cosmos_virtualenv.lock exists
[2025-09-22T08:32:20.174+0000] {virtualenv.py:178} INFO - Checking for running process with PID 5871
[2025-09-22T08:32:20.175+0000] {virtualenv.py:181} INFO - Process 5871 running: True and has the lock /opt/***/cosmos_venvs/ecom_intermediate/cosmos_virtualenv.lock.
[2025-09-22T08:32:20.175+0000] {virtualenv.py:122} INFO - Waiting for virtualenv lock to be released
[2025-09-22T08:32:21.176+0000] {virtualenv.py:178} INFO - Checking for running process with PID 5871
[2025-09-22T08:32:21.177+0000] {virtualenv.py:181} INFO - Process 5871 running: True and has the lock /opt/***/cosmos_venvs/ecom_intermediate/cosmos_virtualenv.lock.
[2025-09-22T08:32:21.178+0000] {virtualenv.py:122} INFO - Waiting for virtualenv lock to be released
[2025-09-22T08:32:22.179+0000] {virtualenv.py:178} INFO - Checking for running process with PID 5871
[2025-09-22T08:32:22.180+0000] {virtualenv.py:181} INFO - Process 5871 running: True and has the lock /opt/***/cosmos_venvs/ecom_intermediate/cosmos_virtualenv.lock.
[2025-09-22T08:32:22.181+0000] {virtualenv.py:122} INFO - Waiting for virtualenv lock to be released
[2025-09-22T08:32:23.183+0000] {virtualenv.py:178} INFO - Checking for running process with PID 5871
[2025-09-22T08:32:23.185+0000] {virtualenv.py:181} INFO - Process 5871 running: True and has the lock /opt/***/cosmos_venvs/ecom_intermediate/cosmos_virtualenv.lock.
[2025-09-22T08:32:23.186+0000] {virtualenv.py:122} INFO - Waiting for virtualenv lock to be released
[2025-09-22T08:32:24.188+0000] {virtualenv.py:178} INFO - Checking for running process with PID 5871
[2025-09-22T08:32:24.190+0000] {virtualenv.py:181} INFO - Process 5871 running: True and has the lock /opt/***/cosmos_venvs/ecom_intermediate/cosmos_virtualenv.lock.
[2025-09-22T08:32:24.191+0000] {virtualenv.py:122} INFO - Waiting for virtualenv lock to be released
[2025-09-22T08:32:25.192+0000] {virtualenv.py:178} INFO - Checking for running process with PID 5871
[2025-09-22T08:32:25.194+0000] {virtualenv.py:181} INFO - Process 5871 running: True and has the lock /opt/***/cosmos_venvs/ecom_intermediate/cosmos_virtualenv.lock.
[2025-09-22T08:32:25.195+0000] {virtualenv.py:122} INFO - Waiting for virtualenv lock to be released
[2025-09-22T08:32:26.197+0000] {virtualenv.py:178} INFO - Checking for running process with PID 5871
[2025-09-22T08:32:26.198+0000] {virtualenv.py:181} INFO - Process 5871 running: True and has the lock /opt/***/cosmos_venvs/ecom_intermediate/cosmos_virtualenv.lock.
[2025-09-22T08:32:26.198+0000] {virtualenv.py:122} INFO - Waiting for virtualenv lock to be released
[2025-09-22T08:32:27.200+0000] {virtualenv.py:178} INFO - Checking for running process with PID 5871
[2025-09-22T08:32:27.201+0000] {virtualenv.py:181} INFO - Process 5871 running: True and has the lock /opt/***/cosmos_venvs/ecom_intermediate/cosmos_virtualenv.lock.
[2025-09-22T08:32:27.202+0000] {virtualenv.py:122} INFO - Waiting for virtualenv lock to be released
[2025-09-22T08:32:28.202+0000] {virtualenv.py:178} INFO - Checking for running process with PID 5871
[2025-09-22T08:32:28.204+0000] {virtualenv.py:181} INFO - Process 5871 running: True and has the lock /opt/***/cosmos_venvs/ecom_intermediate/cosmos_virtualenv.lock.
[2025-09-22T08:32:28.210+0000] {virtualenv.py:122} INFO - Waiting for virtualenv lock to be released
[2025-09-22T08:32:29.212+0000] {virtualenv.py:178} INFO - Checking for running process with PID 5871
[2025-09-22T08:32:29.212+0000] {virtualenv.py:181} INFO - Process 5871 running: True and has the lock /opt/***/cosmos_venvs/ecom_intermediate/cosmos_virtualenv.lock.
[2025-09-22T08:32:29.213+0000] {virtualenv.py:122} INFO - Waiting for virtualenv lock to be released
[2025-09-22T08:32:30.214+0000] {virtualenv.py:178} INFO - Checking for running process with PID 5871
[2025-09-22T08:32:30.215+0000] {virtualenv.py:181} INFO - Process 5871 running: True and has the lock /opt/***/cosmos_venvs/ecom_intermediate/cosmos_virtualenv.lock.
[2025-09-22T08:32:30.216+0000] {virtualenv.py:122} INFO - Waiting for virtualenv lock to be released
[2025-09-22T08:32:31.218+0000] {virtualenv.py:178} INFO - Checking for running process with PID 5871
[2025-09-22T08:32:31.219+0000] {virtualenv.py:181} INFO - Process 5871 running: True and has the lock /opt/***/cosmos_venvs/ecom_intermediate/cosmos_virtualenv.lock.
[2025-09-22T08:32:31.219+0000] {virtualenv.py:122} INFO - Waiting for virtualenv lock to be released
[2025-09-22T08:32:32.221+0000] {virtualenv.py:178} INFO - Checking for running process with PID 5941
[2025-09-22T08:32:32.221+0000] {virtualenv.py:181} INFO - Process 5941 running: True and has the lock /opt/***/cosmos_venvs/ecom_intermediate/cosmos_virtualenv.lock.
[2025-09-22T08:32:32.222+0000] {virtualenv.py:122} INFO - Waiting for virtualenv lock to be released
[2025-09-22T08:32:33.223+0000] {virtualenv.py:178} INFO - Checking for running process with PID 5941
[2025-09-22T08:32:33.224+0000] {virtualenv.py:181} INFO - Process 5941 running: True and has the lock /opt/***/cosmos_venvs/ecom_intermediate/cosmos_virtualenv.lock.
[2025-09-22T08:32:33.225+0000] {virtualenv.py:122} INFO - Waiting for virtualenv lock to be released
[2025-09-22T08:32:34.226+0000] {virtualenv.py:178} INFO - Checking for running process with PID 5941
[2025-09-22T08:32:34.226+0000] {virtualenv.py:181} INFO - Process 5941 running: True and has the lock /opt/***/cosmos_venvs/ecom_intermediate/cosmos_virtualenv.lock.
[2025-09-22T08:32:34.227+0000] {virtualenv.py:122} INFO - Waiting for virtualenv lock to be released
[2025-09-22T08:32:35.229+0000] {virtualenv.py:178} INFO - Checking for running process with PID 5941
[2025-09-22T08:32:35.229+0000] {virtualenv.py:181} INFO - Process 5941 running: True and has the lock /opt/***/cosmos_venvs/ecom_intermediate/cosmos_virtualenv.lock.
[2025-09-22T08:32:35.230+0000] {virtualenv.py:122} INFO - Waiting for virtualenv lock to be released
[2025-09-22T08:32:36.231+0000] {virtualenv.py:178} INFO - Checking for running process with PID 5941
[2025-09-22T08:32:36.232+0000] {virtualenv.py:181} INFO - Process 5941 running: True and has the lock /opt/***/cosmos_venvs/ecom_intermediate/cosmos_virtualenv.lock.
[2025-09-22T08:32:36.233+0000] {virtualenv.py:122} INFO - Waiting for virtualenv lock to be released
[2025-09-22T08:32:37.234+0000] {virtualenv.py:178} INFO - Checking for running process with PID 5941
[2025-09-22T08:32:37.234+0000] {virtualenv.py:181} INFO - Process 5941 running: True and has the lock /opt/***/cosmos_venvs/ecom_intermediate/cosmos_virtualenv.lock.
[2025-09-22T08:32:37.235+0000] {virtualenv.py:122} INFO - Waiting for virtualenv lock to be released
[2025-09-22T08:32:38.236+0000] {virtualenv.py:178} INFO - Checking for running process with PID 5941
[2025-09-22T08:32:38.237+0000] {virtualenv.py:181} INFO - Process 5941 running: True and has the lock /opt/***/cosmos_venvs/ecom_intermediate/cosmos_virtualenv.lock.
[2025-09-22T08:32:38.238+0000] {virtualenv.py:122} INFO - Waiting for virtualenv lock to be released
[2025-09-22T08:32:39.240+0000] {virtualenv.py:178} INFO - Checking for running process with PID 5941
[2025-09-22T08:32:39.241+0000] {virtualenv.py:181} INFO - Process 5941 running: True and has the lock /opt/***/cosmos_venvs/ecom_intermediate/cosmos_virtualenv.lock.
[2025-09-22T08:32:39.241+0000] {virtualenv.py:122} INFO - Waiting for virtualenv lock to be released
[2025-09-22T08:32:40.242+0000] {virtualenv.py:178} INFO - Checking for running process with PID 5941
[2025-09-22T08:32:40.243+0000] {virtualenv.py:181} INFO - Process 5941 running: True and has the lock /opt/***/cosmos_venvs/ecom_intermediate/cosmos_virtualenv.lock.
[2025-09-22T08:32:40.245+0000] {virtualenv.py:122} INFO - Waiting for virtualenv lock to be released
[2025-09-22T08:32:41.247+0000] {virtualenv.py:178} INFO - Checking for running process with PID 5941
[2025-09-22T08:32:41.249+0000] {virtualenv.py:181} INFO - Process 5941 running: True and has the lock /opt/***/cosmos_venvs/ecom_intermediate/cosmos_virtualenv.lock.
[2025-09-22T08:32:41.249+0000] {virtualenv.py:122} INFO - Waiting for virtualenv lock to be released
[2025-09-22T08:32:42.251+0000] {virtualenv.py:178} INFO - Checking for running process with PID 5941
[2025-09-22T08:32:42.252+0000] {virtualenv.py:181} INFO - Process 5941 running: True and has the lock /opt/***/cosmos_venvs/ecom_intermediate/cosmos_virtualenv.lock.
[2025-09-22T08:32:42.253+0000] {virtualenv.py:122} INFO - Waiting for virtualenv lock to be released
[2025-09-22T08:32:43.255+0000] {virtualenv.py:178} INFO - Checking for running process with PID 5941
[2025-09-22T08:32:43.256+0000] {virtualenv.py:181} INFO - Process 5941 running: True and has the lock /opt/***/cosmos_venvs/ecom_intermediate/cosmos_virtualenv.lock.
[2025-09-22T08:32:43.256+0000] {virtualenv.py:122} INFO - Waiting for virtualenv lock to be released
[2025-09-22T08:32:44.258+0000] {virtualenv.py:178} INFO - Checking for running process with PID 5941
[2025-09-22T08:32:44.260+0000] {virtualenv.py:181} INFO - Process 5941 running: True and has the lock /opt/***/cosmos_venvs/ecom_intermediate/cosmos_virtualenv.lock.
[2025-09-22T08:32:44.261+0000] {virtualenv.py:122} INFO - Waiting for virtualenv lock to be released
[2025-09-22T08:32:45.264+0000] {virtualenv.py:178} INFO - Checking for running process with PID 5941
[2025-09-22T08:32:45.265+0000] {virtualenv.py:181} INFO - Process 5941 running: True and has the lock /opt/***/cosmos_venvs/ecom_intermediate/cosmos_virtualenv.lock.
[2025-09-22T08:32:45.265+0000] {virtualenv.py:122} INFO - Waiting for virtualenv lock to be released
[2025-09-22T08:32:46.267+0000] {virtualenv.py:178} INFO - Checking for running process with PID 5941
[2025-09-22T08:32:46.268+0000] {virtualenv.py:181} INFO - Process 5941 running: True and has the lock /opt/***/cosmos_venvs/ecom_intermediate/cosmos_virtualenv.lock.
[2025-09-22T08:32:46.269+0000] {virtualenv.py:122} INFO - Waiting for virtualenv lock to be released
[2025-09-22T08:32:47.270+0000] {virtualenv.py:178} INFO - Checking for running process with PID 6065
[2025-09-22T08:32:47.271+0000] {virtualenv.py:181} INFO - Process 6065 running: True and has the lock /opt/***/cosmos_venvs/ecom_intermediate/cosmos_virtualenv.lock.
[2025-09-22T08:32:47.272+0000] {virtualenv.py:122} INFO - Waiting for virtualenv lock to be released
[2025-09-22T08:32:48.273+0000] {virtualenv.py:178} INFO - Checking for running process with PID 6065
[2025-09-22T08:32:48.275+0000] {virtualenv.py:181} INFO - Process 6065 running: True and has the lock /opt/***/cosmos_venvs/ecom_intermediate/cosmos_virtualenv.lock.
[2025-09-22T08:32:48.276+0000] {virtualenv.py:122} INFO - Waiting for virtualenv lock to be released
[2025-09-22T08:32:49.278+0000] {virtualenv.py:178} INFO - Checking for running process with PID 6065
[2025-09-22T08:32:49.279+0000] {virtualenv.py:181} INFO - Process 6065 running: True and has the lock /opt/***/cosmos_venvs/ecom_intermediate/cosmos_virtualenv.lock.
[2025-09-22T08:32:49.279+0000] {virtualenv.py:122} INFO - Waiting for virtualenv lock to be released
[2025-09-22T08:32:50.283+0000] {virtualenv.py:178} INFO - Checking for running process with PID 6065
[2025-09-22T08:32:50.285+0000] {virtualenv.py:181} INFO - Process 6065 running: True and has the lock /opt/***/cosmos_venvs/ecom_intermediate/cosmos_virtualenv.lock.
[2025-09-22T08:32:50.286+0000] {virtualenv.py:122} INFO - Waiting for virtualenv lock to be released
[2025-09-22T08:32:51.287+0000] {virtualenv.py:178} INFO - Checking for running process with PID 6065
[2025-09-22T08:32:51.288+0000] {virtualenv.py:181} INFO - Process 6065 running: True and has the lock /opt/***/cosmos_venvs/ecom_intermediate/cosmos_virtualenv.lock.
[2025-09-22T08:32:51.289+0000] {virtualenv.py:122} INFO - Waiting for virtualenv lock to be released
[2025-09-22T08:32:52.291+0000] {virtualenv.py:178} INFO - Checking for running process with PID 6065
[2025-09-22T08:32:52.292+0000] {virtualenv.py:181} INFO - Process 6065 running: True and has the lock /opt/***/cosmos_venvs/ecom_intermediate/cosmos_virtualenv.lock.
[2025-09-22T08:32:52.293+0000] {virtualenv.py:122} INFO - Waiting for virtualenv lock to be released
[2025-09-22T08:32:53.295+0000] {virtualenv.py:178} INFO - Checking for running process with PID 6065
[2025-09-22T08:32:53.295+0000] {virtualenv.py:181} INFO - Process 6065 running: True and has the lock /opt/***/cosmos_venvs/ecom_intermediate/cosmos_virtualenv.lock.
[2025-09-22T08:32:53.296+0000] {virtualenv.py:122} INFO - Waiting for virtualenv lock to be released
[2025-09-22T08:32:54.298+0000] {virtualenv.py:178} INFO - Checking for running process with PID 6065
[2025-09-22T08:32:54.300+0000] {virtualenv.py:181} INFO - Process 6065 running: True and has the lock /opt/***/cosmos_venvs/ecom_intermediate/cosmos_virtualenv.lock.
[2025-09-22T08:32:54.302+0000] {virtualenv.py:122} INFO - Waiting for virtualenv lock to be released
[2025-09-22T08:32:55.304+0000] {virtualenv.py:178} INFO - Checking for running process with PID 6065
[2025-09-22T08:32:55.305+0000] {virtualenv.py:181} INFO - Process 6065 running: True and has the lock /opt/***/cosmos_venvs/ecom_intermediate/cosmos_virtualenv.lock.
[2025-09-22T08:32:55.306+0000] {virtualenv.py:122} INFO - Waiting for virtualenv lock to be released
[2025-09-22T08:32:56.308+0000] {virtualenv.py:178} INFO - Checking for running process with PID 6065
[2025-09-22T08:32:56.309+0000] {virtualenv.py:181} INFO - Process 6065 running: True and has the lock /opt/***/cosmos_venvs/ecom_intermediate/cosmos_virtualenv.lock.
[2025-09-22T08:32:56.309+0000] {virtualenv.py:122} INFO - Waiting for virtualenv lock to be released
[2025-09-22T08:32:57.311+0000] {virtualenv.py:178} INFO - Checking for running process with PID 6065
[2025-09-22T08:32:57.312+0000] {virtualenv.py:181} INFO - Process 6065 running: True and has the lock /opt/***/cosmos_venvs/ecom_intermediate/cosmos_virtualenv.lock.
[2025-09-22T08:32:57.312+0000] {virtualenv.py:122} INFO - Waiting for virtualenv lock to be released
[2025-09-22T08:32:58.313+0000] {virtualenv.py:178} INFO - Checking for running process with PID 6065
[2025-09-22T08:32:58.317+0000] {virtualenv.py:181} INFO - Process 6065 running: True and has the lock /opt/***/cosmos_venvs/ecom_intermediate/cosmos_virtualenv.lock.
[2025-09-22T08:32:58.317+0000] {virtualenv.py:122} INFO - Waiting for virtualenv lock to be released
[2025-09-22T08:32:59.319+0000] {virtualenv.py:178} INFO - Checking for running process with PID 6065
[2025-09-22T08:32:59.320+0000] {virtualenv.py:181} INFO - Process 6065 running: True and has the lock /opt/***/cosmos_venvs/ecom_intermediate/cosmos_virtualenv.lock.
[2025-09-22T08:32:59.321+0000] {virtualenv.py:122} INFO - Waiting for virtualenv lock to be released
[2025-09-22T08:33:00.323+0000] {virtualenv.py:178} INFO - Checking for running process with PID 6065
[2025-09-22T08:33:00.324+0000] {virtualenv.py:181} INFO - Process 6065 running: True and has the lock /opt/***/cosmos_venvs/ecom_intermediate/cosmos_virtualenv.lock.
[2025-09-22T08:33:00.325+0000] {virtualenv.py:122} INFO - Waiting for virtualenv lock to be released
[2025-09-22T08:33:01.327+0000] {virtualenv.py:178} INFO - Checking for running process with PID 6065
[2025-09-22T08:33:01.328+0000] {virtualenv.py:181} INFO - Process 6065 running: True and has the lock /opt/***/cosmos_venvs/ecom_intermediate/cosmos_virtualenv.lock.
[2025-09-22T08:33:01.329+0000] {virtualenv.py:122} INFO - Waiting for virtualenv lock to be released
[2025-09-22T08:33:02.331+0000] {virtualenv.py:178} INFO - Checking for running process with PID 6065
[2025-09-22T08:33:02.332+0000] {virtualenv.py:181} INFO - Process 6065 running: True and has the lock /opt/***/cosmos_venvs/ecom_intermediate/cosmos_virtualenv.lock.
[2025-09-22T08:33:02.332+0000] {virtualenv.py:122} INFO - Waiting for virtualenv lock to be released
[2025-09-22T08:33:03.334+0000] {virtualenv.py:126} INFO - Acquiring the virtualenv lock
[2025-09-22T08:33:03.336+0000] {virtualenv.py:195} INFO - Acquiring lock at /opt/***/cosmos_venvs/ecom_intermediate/cosmos_virtualenv.lock with pid 6002
[2025-09-22T08:33:03.338+0000] {virtualenv.py:153} INFO - Creating or updating the virtualenv at `/opt/***/cosmos_venvs/ecom_intermediate
[2025-09-22T08:33:03.339+0000] {process_utils.py:183} INFO - Executing cmd: /home/***/.local/bin/python -m virtualenv /opt/***/cosmos_venvs/ecom_intermediate --python=python3
[2025-09-22T08:33:03.341+0000] {process_utils.py:187} INFO - Output:
[2025-09-22T08:33:04.607+0000] {process_utils.py:191} INFO - created virtual environment CPython3.10.14.final.0-64 in 550ms
[2025-09-22T08:33:04.608+0000] {process_utils.py:191} INFO -   creator CPython3Posix(dest=/opt/***/cosmos_venvs/ecom_intermediate, clear=False, no_vcs_ignore=False, global=False)
[2025-09-22T08:33:04.609+0000] {process_utils.py:191} INFO -   seeder FromAppData(download=False, pip=bundle, setuptools=bundle, wheel=bundle, via=copy, app_data_dir=/home/***/.local/share/virtualenv)
[2025-09-22T08:33:04.610+0000] {process_utils.py:191} INFO -     added seed packages: MarkupSafe==3.0.2, PyYAML==6.0.2, agate==1.9.1, annotated_types==0.7.0, attrs==25.3.0, babel==2.17.0, certifi==2025.8.3, charset_normalizer==3.4.3, click==8.3.0, clickhouse_connect==0.9.1, clickhouse_driver==0.2.9, colorama==0.4.6, daff==1.4.2, dbt_adapters==1.16.7, dbt_clickhouse==1.9.3, dbt_common==1.31.0, dbt_core==1.10.11, dbt_extractor==0.6.0, dbt_protos==1.0.375, dbt_semantic_interfaces==0.9.0, deepdiff==8.6.1, idna==3.10, importlib_metadata==8.7.0, isodate==0.6.1, jinja2==3.1.6, jsonschema==4.25.1, jsonschema_specifications==2025.9.1, leather==0.4.0, lz4==4.4.4, mashumaro==3.14, more_itertools==10.8.0, msgpack==1.1.1, networkx==3.4.2, orderly_set==5.5.0, packaging==25.0, parsedatetime==2.6, pathspec==0.12.1, pip==25.2, protobuf==6.32.1, pydantic==2.11.9, pydantic_core==2.33.2, python_dateutil==2.9.0.post0, python_slugify==8.0.4, pytimeparse==1.1.8, pytz==2025.2, referencing==0.36.2, requests==2.32.5, rpds_py==0.27.1, setuptools==80.9.0, six==1.17.0, snowplow_tracker==1.1.0, sqlparse==0.5.3, text_unidecode==1.3, typing_extensions==4.15.0, typing_inspection==0.4.1, tzlocal==5.3.1, urllib3==2.5.0, wheel==0.45.1, zipp==3.23.0, zstandard==0.25.0
[2025-09-22T08:33:04.611+0000] {process_utils.py:191} INFO -   activators BashActivator,CShellActivator,FishActivator,NushellActivator,PowerShellActivator,PythonActivator
[2025-09-22T08:33:04.719+0000] {process_utils.py:183} INFO - Executing cmd: /opt/***/cosmos_venvs/ecom_intermediate/bin/pip install dbt-clickhouse
[2025-09-22T08:33:04.720+0000] {process_utils.py:187} INFO - Output:
[2025-09-22T08:33:06.159+0000] {process_utils.py:191} INFO - Requirement already satisfied: dbt-clickhouse in ./cosmos_venvs/ecom_intermediate/lib/python3.10/site-packages (1.9.3)
[2025-09-22T08:33:06.161+0000] {process_utils.py:191} INFO - Requirement already satisfied: dbt-core>=1.9 in ./cosmos_venvs/ecom_intermediate/lib/python3.10/site-packages (from dbt-clickhouse) (1.10.11)
[2025-09-22T08:33:06.162+0000] {process_utils.py:191} INFO - Requirement already satisfied: clickhouse-connect>=0.6.22 in ./cosmos_venvs/ecom_intermediate/lib/python3.10/site-packages (from dbt-clickhouse) (0.9.1)
[2025-09-22T08:33:06.163+0000] {process_utils.py:191} INFO - Requirement already satisfied: clickhouse-driver>=0.2.6 in ./cosmos_venvs/ecom_intermediate/lib/python3.10/site-packages (from dbt-clickhouse) (0.2.9)
[2025-09-22T08:33:06.163+0000] {process_utils.py:191} INFO - Requirement already satisfied: setuptools>=0.69 in ./cosmos_venvs/ecom_intermediate/lib/python3.10/site-packages (from dbt-clickhouse) (80.9.0)
[2025-09-22T08:33:06.166+0000] {process_utils.py:191} INFO - Requirement already satisfied: certifi in ./cosmos_venvs/ecom_intermediate/lib/python3.10/site-packages (from clickhouse-connect>=0.6.22->dbt-clickhouse) (2025.8.3)
[2025-09-22T08:33:06.167+0000] {process_utils.py:191} INFO - Requirement already satisfied: urllib3>=1.26 in ./cosmos_venvs/ecom_intermediate/lib/python3.10/site-packages (from clickhouse-connect>=0.6.22->dbt-clickhouse) (2.5.0)
[2025-09-22T08:33:06.168+0000] {process_utils.py:191} INFO - Requirement already satisfied: pytz in ./cosmos_venvs/ecom_intermediate/lib/python3.10/site-packages (from clickhouse-connect>=0.6.22->dbt-clickhouse) (2025.2)
[2025-09-22T08:33:06.168+0000] {process_utils.py:191} INFO - Requirement already satisfied: zstandard in ./cosmos_venvs/ecom_intermediate/lib/python3.10/site-packages (from clickhouse-connect>=0.6.22->dbt-clickhouse) (0.25.0)
[2025-09-22T08:33:06.169+0000] {process_utils.py:191} INFO - Requirement already satisfied: lz4 in ./cosmos_venvs/ecom_intermediate/lib/python3.10/site-packages (from clickhouse-connect>=0.6.22->dbt-clickhouse) (4.4.4)
[2025-09-22T08:33:06.171+0000] {process_utils.py:191} INFO - Requirement already satisfied: tzlocal in ./cosmos_venvs/ecom_intermediate/lib/python3.10/site-packages (from clickhouse-driver>=0.2.6->dbt-clickhouse) (5.3.1)
[2025-09-22T08:33:06.175+0000] {process_utils.py:191} INFO - Requirement already satisfied: agate<1.10,>=1.7.0 in ./cosmos_venvs/ecom_intermediate/lib/python3.10/site-packages (from dbt-core>=1.9->dbt-clickhouse) (1.9.1)
[2025-09-22T08:33:06.176+0000] {process_utils.py:191} INFO - Requirement already satisfied: Jinja2<4,>=3.1.3 in ./cosmos_venvs/ecom_intermediate/lib/python3.10/site-packages (from dbt-core>=1.9->dbt-clickhouse) (3.1.6)
[2025-09-22T08:33:06.177+0000] {process_utils.py:191} INFO - Requirement already satisfied: mashumaro<3.15,>=3.9 in ./cosmos_venvs/ecom_intermediate/lib/python3.10/site-packages (from mashumaro[msgpack]<3.15,>=3.9->dbt-core>=1.9->dbt-clickhouse) (3.14)
[2025-09-22T08:33:06.178+0000] {process_utils.py:191} INFO - Requirement already satisfied: click<9.0,>=8.0.2 in ./cosmos_venvs/ecom_intermediate/lib/python3.10/site-packages (from dbt-core>=1.9->dbt-clickhouse) (8.3.0)
[2025-09-22T08:33:06.179+0000] {process_utils.py:191} INFO - Requirement already satisfied: jsonschema<5.0,>=4.19.1 in ./cosmos_venvs/ecom_intermediate/lib/python3.10/site-packages (from dbt-core>=1.9->dbt-clickhouse) (4.25.1)
[2025-09-22T08:33:06.180+0000] {process_utils.py:191} INFO - Requirement already satisfied: networkx<4.0,>=2.3 in ./cosmos_venvs/ecom_intermediate/lib/python3.10/site-packages (from dbt-core>=1.9->dbt-clickhouse) (3.4.2)
[2025-09-22T08:33:06.181+0000] {process_utils.py:191} INFO - Requirement already satisfied: protobuf<7.0,>=6.0 in ./cosmos_venvs/ecom_intermediate/lib/python3.10/site-packages (from dbt-core>=1.9->dbt-clickhouse) (6.32.1)
[2025-09-22T08:33:06.182+0000] {process_utils.py:191} INFO - Requirement already satisfied: requests<3.0.0 in ./cosmos_venvs/ecom_intermediate/lib/python3.10/site-packages (from dbt-core>=1.9->dbt-clickhouse) (2.32.5)
[2025-09-22T08:33:06.182+0000] {process_utils.py:191} INFO - Requirement already satisfied: snowplow-tracker<2.0,>=1.0.2 in ./cosmos_venvs/ecom_intermediate/lib/python3.10/site-packages (from dbt-core>=1.9->dbt-clickhouse) (1.1.0)
[2025-09-22T08:33:06.183+0000] {process_utils.py:191} INFO - Requirement already satisfied: pathspec<0.13,>=0.9 in ./cosmos_venvs/ecom_intermediate/lib/python3.10/site-packages (from dbt-core>=1.9->dbt-clickhouse) (0.12.1)
[2025-09-22T08:33:06.184+0000] {process_utils.py:191} INFO - Requirement already satisfied: sqlparse<0.6.0,>=0.5.0 in ./cosmos_venvs/ecom_intermediate/lib/python3.10/site-packages (from dbt-core>=1.9->dbt-clickhouse) (0.5.3)
[2025-09-22T08:33:06.185+0000] {process_utils.py:191} INFO - Requirement already satisfied: dbt-extractor<=0.6,>=0.5.0 in ./cosmos_venvs/ecom_intermediate/lib/python3.10/site-packages (from dbt-core>=1.9->dbt-clickhouse) (0.6.0)
[2025-09-22T08:33:06.185+0000] {process_utils.py:191} INFO - Requirement already satisfied: dbt-semantic-interfaces<0.10,>=0.9.0 in ./cosmos_venvs/ecom_intermediate/lib/python3.10/site-packages (from dbt-core>=1.9->dbt-clickhouse) (0.9.0)
[2025-09-22T08:33:06.186+0000] {process_utils.py:191} INFO - Requirement already satisfied: dbt-common<2.0,>=1.27.0 in ./cosmos_venvs/ecom_intermediate/lib/python3.10/site-packages (from dbt-core>=1.9->dbt-clickhouse) (1.31.0)
[2025-09-22T08:33:06.186+0000] {process_utils.py:191} INFO - Requirement already satisfied: dbt-adapters<2.0,>=1.15.5 in ./cosmos_venvs/ecom_intermediate/lib/python3.10/site-packages (from dbt-core>=1.9->dbt-clickhouse) (1.16.7)
[2025-09-22T08:33:06.187+0000] {process_utils.py:191} INFO - Requirement already satisfied: dbt-protos<2.0,>=1.0.346 in ./cosmos_venvs/ecom_intermediate/lib/python3.10/site-packages (from dbt-core>=1.9->dbt-clickhouse) (1.0.375)
[2025-09-22T08:33:06.188+0000] {process_utils.py:191} INFO - Requirement already satisfied: pydantic<3 in ./cosmos_venvs/ecom_intermediate/lib/python3.10/site-packages (from dbt-core>=1.9->dbt-clickhouse) (2.11.9)
[2025-09-22T08:33:06.188+0000] {process_utils.py:191} INFO - Requirement already satisfied: packaging>20.9 in ./cosmos_venvs/ecom_intermediate/lib/python3.10/site-packages (from dbt-core>=1.9->dbt-clickhouse) (25.0)
[2025-09-22T08:33:06.189+0000] {process_utils.py:191} INFO - Requirement already satisfied: pyyaml>=6.0 in ./cosmos_venvs/ecom_intermediate/lib/python3.10/site-packages (from dbt-core>=1.9->dbt-clickhouse) (6.0.2)
[2025-09-22T08:33:06.190+0000] {process_utils.py:191} INFO - Requirement already satisfied: daff>=1.3.46 in ./cosmos_venvs/ecom_intermediate/lib/python3.10/site-packages (from dbt-core>=1.9->dbt-clickhouse) (1.4.2)
[2025-09-22T08:33:06.191+0000] {process_utils.py:191} INFO - Requirement already satisfied: typing-extensions>=4.4 in ./cosmos_venvs/ecom_intermediate/lib/python3.10/site-packages (from dbt-core>=1.9->dbt-clickhouse) (4.15.0)
[2025-09-22T08:33:06.195+0000] {process_utils.py:191} INFO - Requirement already satisfied: Babel>=2.0 in ./cosmos_venvs/ecom_intermediate/lib/python3.10/site-packages (from agate<1.10,>=1.7.0->dbt-core>=1.9->dbt-clickhouse) (2.17.0)
[2025-09-22T08:33:06.196+0000] {process_utils.py:191} INFO - Requirement already satisfied: isodate>=0.5.4 in ./cosmos_venvs/ecom_intermediate/lib/python3.10/site-packages (from agate<1.10,>=1.7.0->dbt-core>=1.9->dbt-clickhouse) (0.6.1)
[2025-09-22T08:33:06.196+0000] {process_utils.py:191} INFO - Requirement already satisfied: leather>=0.3.2 in ./cosmos_venvs/ecom_intermediate/lib/python3.10/site-packages (from agate<1.10,>=1.7.0->dbt-core>=1.9->dbt-clickhouse) (0.4.0)
[2025-09-22T08:33:06.197+0000] {process_utils.py:191} INFO - Requirement already satisfied: parsedatetime!=2.5,>=2.1 in ./cosmos_venvs/ecom_intermediate/lib/python3.10/site-packages (from agate<1.10,>=1.7.0->dbt-core>=1.9->dbt-clickhouse) (2.6)
[2025-09-22T08:33:06.202+0000] {process_utils.py:191} INFO - Requirement already satisfied: python-slugify>=1.2.1 in ./cosmos_venvs/ecom_intermediate/lib/python3.10/site-packages (from agate<1.10,>=1.7.0->dbt-core>=1.9->dbt-clickhouse) (8.0.4)
[2025-09-22T08:33:06.203+0000] {process_utils.py:191} INFO - Requirement already satisfied: pytimeparse>=1.1.5 in ./cosmos_venvs/ecom_intermediate/lib/python3.10/site-packages (from agate<1.10,>=1.7.0->dbt-core>=1.9->dbt-clickhouse) (1.1.8)
[2025-09-22T08:33:06.212+0000] {process_utils.py:191} INFO - Requirement already satisfied: colorama<0.5,>=0.3.9 in ./cosmos_venvs/ecom_intermediate/lib/python3.10/site-packages (from dbt-common<2.0,>=1.27.0->dbt-core>=1.9->dbt-clickhouse) (0.4.6)
[2025-09-22T08:33:06.214+0000] {process_utils.py:191} INFO - Requirement already satisfied: deepdiff<9.0,>=7.0 in ./cosmos_venvs/ecom_intermediate/lib/python3.10/site-packages (from dbt-common<2.0,>=1.27.0->dbt-core>=1.9->dbt-clickhouse) (8.6.1)
[2025-09-22T08:33:06.216+0000] {process_utils.py:191} INFO - Requirement already satisfied: python-dateutil<3.0,>=2.0 in ./cosmos_venvs/ecom_intermediate/lib/python3.10/site-packages (from dbt-common<2.0,>=1.27.0->dbt-core>=1.9->dbt-clickhouse) (2.9.0.post0)
[2025-09-22T08:33:06.224+0000] {process_utils.py:191} INFO - Requirement already satisfied: importlib-metadata<9,>=6.0 in ./cosmos_venvs/ecom_intermediate/lib/python3.10/site-packages (from dbt-semantic-interfaces<0.10,>=0.9.0->dbt-core>=1.9->dbt-clickhouse) (8.7.0)
[2025-09-22T08:33:06.225+0000] {process_utils.py:191} INFO - Requirement already satisfied: more-itertools<11.0,>=8.0 in ./cosmos_venvs/ecom_intermediate/lib/python3.10/site-packages (from dbt-semantic-interfaces<0.10,>=0.9.0->dbt-core>=1.9->dbt-clickhouse) (10.8.0)
[2025-09-22T08:33:06.235+0000] {process_utils.py:191} INFO - Requirement already satisfied: orderly-set<6,>=5.4.1 in ./cosmos_venvs/ecom_intermediate/lib/python3.10/site-packages (from deepdiff<9.0,>=7.0->dbt-common<2.0,>=1.27.0->dbt-core>=1.9->dbt-clickhouse) (5.5.0)
[2025-09-22T08:33:06.242+0000] {process_utils.py:191} INFO - Requirement already satisfied: zipp>=3.20 in ./cosmos_venvs/ecom_intermediate/lib/python3.10/site-packages (from importlib-metadata<9,>=6.0->dbt-semantic-interfaces<0.10,>=0.9.0->dbt-core>=1.9->dbt-clickhouse) (3.23.0)
[2025-09-22T08:33:06.244+0000] {process_utils.py:191} INFO - Requirement already satisfied: six in ./cosmos_venvs/ecom_intermediate/lib/python3.10/site-packages (from isodate>=0.5.4->agate<1.10,>=1.7.0->dbt-core>=1.9->dbt-clickhouse) (1.17.0)
[2025-09-22T08:33:06.247+0000] {process_utils.py:191} INFO - Requirement already satisfied: MarkupSafe>=2.0 in ./cosmos_venvs/ecom_intermediate/lib/python3.10/site-packages (from Jinja2<4,>=3.1.3->dbt-core>=1.9->dbt-clickhouse) (3.0.2)
[2025-09-22T08:33:06.251+0000] {process_utils.py:191} INFO - Requirement already satisfied: attrs>=22.2.0 in ./cosmos_venvs/ecom_intermediate/lib/python3.10/site-packages (from jsonschema<5.0,>=4.19.1->dbt-core>=1.9->dbt-clickhouse) (25.3.0)
[2025-09-22T08:33:06.252+0000] {process_utils.py:191} INFO - Requirement already satisfied: jsonschema-specifications>=2023.03.6 in ./cosmos_venvs/ecom_intermediate/lib/python3.10/site-packages (from jsonschema<5.0,>=4.19.1->dbt-core>=1.9->dbt-clickhouse) (2025.9.1)
[2025-09-22T08:33:06.253+0000] {process_utils.py:191} INFO - Requirement already satisfied: referencing>=0.28.4 in ./cosmos_venvs/ecom_intermediate/lib/python3.10/site-packages (from jsonschema<5.0,>=4.19.1->dbt-core>=1.9->dbt-clickhouse) (0.36.2)
[2025-09-22T08:33:06.253+0000] {process_utils.py:191} INFO - Requirement already satisfied: rpds-py>=0.7.1 in ./cosmos_venvs/ecom_intermediate/lib/python3.10/site-packages (from jsonschema<5.0,>=4.19.1->dbt-core>=1.9->dbt-clickhouse) (0.27.1)
[2025-09-22T08:33:06.262+0000] {process_utils.py:191} INFO - Requirement already satisfied: msgpack>=0.5.6 in ./cosmos_venvs/ecom_intermediate/lib/python3.10/site-packages (from mashumaro[msgpack]<3.15,>=3.9->dbt-core>=1.9->dbt-clickhouse) (1.1.1)
[2025-09-22T08:33:06.281+0000] {process_utils.py:191} INFO - Requirement already satisfied: annotated-types>=0.6.0 in ./cosmos_venvs/ecom_intermediate/lib/python3.10/site-packages (from pydantic<3->dbt-core>=1.9->dbt-clickhouse) (0.7.0)
[2025-09-22T08:33:06.282+0000] {process_utils.py:191} INFO - Requirement already satisfied: pydantic-core==2.33.2 in ./cosmos_venvs/ecom_intermediate/lib/python3.10/site-packages (from pydantic<3->dbt-core>=1.9->dbt-clickhouse) (2.33.2)
[2025-09-22T08:33:06.284+0000] {process_utils.py:191} INFO - Requirement already satisfied: typing-inspection>=0.4.0 in ./cosmos_venvs/ecom_intermediate/lib/python3.10/site-packages (from pydantic<3->dbt-core>=1.9->dbt-clickhouse) (0.4.1)
[2025-09-22T08:33:06.291+0000] {process_utils.py:191} INFO - Requirement already satisfied: charset_normalizer<4,>=2 in ./cosmos_venvs/ecom_intermediate/lib/python3.10/site-packages (from requests<3.0.0->dbt-core>=1.9->dbt-clickhouse) (3.4.3)
[2025-09-22T08:33:06.291+0000] {process_utils.py:191} INFO - Requirement already satisfied: idna<4,>=2.5 in ./cosmos_venvs/ecom_intermediate/lib/python3.10/site-packages (from requests<3.0.0->dbt-core>=1.9->dbt-clickhouse) (3.10)
[2025-09-22T08:33:06.333+0000] {process_utils.py:191} INFO - Requirement already satisfied: text-unidecode>=1.3 in ./cosmos_venvs/ecom_intermediate/lib/python3.10/site-packages (from python-slugify>=1.2.1->agate<1.10,>=1.7.0->dbt-core>=1.9->dbt-clickhouse) (1.3)
[2025-09-22T08:33:06.508+0000] {local.py:470} INFO - Cloning project to writable temp directory /tmp/tmpqcs_jpt4 from /opt/airflow/dags/dbt/ecom_intermediate
[2025-09-22T08:33:06.518+0000] {local.py:490} INFO - Partial parse is enabled and the latest partial parse file is /tmp/cosmos/dbt_intermediate__intermediate/target/partial_parse.msgpack
[2025-09-22T08:33:06.531+0000] {config.py:362} INFO - Using user-supplied profiles.yml at /opt/airflow/dags/dbt/profiles.yml
[2025-09-22T08:33:06.539+0000] {virtualenv.py:99} INFO - Using Python binary from virtualenv: /opt/***/cosmos_venvs/ecom_intermediate/bin/python
[2025-09-22T08:33:06.540+0000] {local.py:434} INFO - Trying to run the command:
 ['/opt/***/cosmos_venvs/ecom_intermediate/bin/dbt', 'deps', '--project-dir', '/tmp/tmpqcs_jpt4', '--profiles-dir', '/opt/***/dags/dbt', '--profile', 'ecom_intermediate', '--target', 'dev']
From /tmp/tmpqcs_jpt4
[2025-09-22T08:33:06.541+0000] {subprocess.py:56} INFO - Tmp dir root location: 
 /tmp
[2025-09-22T08:33:06.541+0000] {subprocess.py:69} INFO - Running command: ['/opt/***/cosmos_venvs/ecom_intermediate/bin/dbt', 'deps', '--project-dir', '/tmp/tmpqcs_jpt4', '--profiles-dir', '/opt/***/dags/dbt', '--profile', 'ecom_intermediate', '--target', 'dev']
[2025-09-22T08:33:06.555+0000] {subprocess.py:80} INFO - Command output:
[2025-09-22T08:33:08.952+0000] {subprocess.py:90} INFO - [0m08:33:08  Running with dbt=1.10.11
[2025-09-22T08:33:09.646+0000] {subprocess.py:90} INFO - [0m08:33:09  Installing dbt-labs/dbt_utils
[2025-09-22T08:33:10.404+0000] {subprocess.py:90} INFO - [0m08:33:10  Installed from version 1.3.0
[2025-09-22T08:33:10.405+0000] {subprocess.py:90} INFO - [0m08:33:10  Updated version available: 1.3.1
[2025-09-22T08:33:10.406+0000] {subprocess.py:90} INFO - [0m08:33:10
[2025-09-22T08:33:10.406+0000] {subprocess.py:90} INFO - [0m08:33:10  Updates available for packages: ['dbt-labs/dbt_utils']
[2025-09-22T08:33:10.406+0000] {subprocess.py:90} INFO - Update your versions in packages.yml, then run dbt deps
[2025-09-22T08:33:12.064+0000] {subprocess.py:94} INFO - Command exited with return code 0
[2025-09-22T08:33:12.065+0000] {local.py:441} INFO - Update your versions in packages.yml, then run dbt deps
[2025-09-22T08:33:12.066+0000] {virtualenv.py:99} INFO - Using Python binary from virtualenv: /opt/***/cosmos_venvs/ecom_intermediate/bin/python
[2025-09-22T08:33:12.067+0000] {local.py:434} INFO - Trying to run the command:
 ['/opt/***/cosmos_venvs/ecom_intermediate/bin/dbt', 'test', '--models', 'products_enriched', '--project-dir', '/tmp/tmpqcs_jpt4', '--profiles-dir', '/opt/***/dags/dbt', '--profile', 'ecom_intermediate', '--target', 'dev']
From /tmp/tmpqcs_jpt4
[2025-09-22T08:33:12.068+0000] {subprocess.py:56} INFO - Tmp dir root location: 
 /tmp
[2025-09-22T08:33:12.069+0000] {subprocess.py:69} INFO - Running command: ['/opt/***/cosmos_venvs/ecom_intermediate/bin/dbt', 'test', '--models', 'products_enriched', '--project-dir', '/tmp/tmpqcs_jpt4', '--profiles-dir', '/opt/***/dags/dbt', '--profile', 'ecom_intermediate', '--target', 'dev']
[2025-09-22T08:33:12.081+0000] {subprocess.py:80} INFO - Command output:
[2025-09-22T08:33:13.855+0000] {subprocess.py:90} INFO - [0m08:33:13  Running with dbt=1.10.11
[2025-09-22T08:33:13.856+0000] {subprocess.py:90} INFO - [0m08:33:13  [[33mWARNING[0m]: Deprecated functionality
[2025-09-22T08:33:13.856+0000] {subprocess.py:90} INFO - Usage of `--models`, `--model`, and `-m` is deprecated in favor of `--select` or
[2025-09-22T08:33:13.857+0000] {subprocess.py:90} INFO - `-s`.
[2025-09-22T08:33:14.124+0000] {subprocess.py:90} INFO - [0m08:33:14  Registered adapter: clickhouse=1.9.3
[2025-09-22T08:33:15.003+0000] {subprocess.py:90} INFO - [0m08:33:15  Found 15 models, 50 data tests, 8 sources, 597 macros
[2025-09-22T08:33:15.005+0000] {subprocess.py:90} INFO - [0m08:33:15
[2025-09-22T08:33:15.006+0000] {subprocess.py:90} INFO - [0m08:33:15  Concurrency: 4 threads (target='dev')
[2025-09-22T08:33:15.007+0000] {subprocess.py:90} INFO - [0m08:33:15
[2025-09-22T08:33:15.132+0000] {subprocess.py:90} INFO - [0m08:33:15  1 of 7 START test not_null_products_enriched_product_id ........................ [RUN]
[2025-09-22T08:33:15.145+0000] {subprocess.py:90} INFO - [0m08:33:15  2 of 7 START test relationships_customer_interactions_product_id__product_id__ref_products_enriched_  [RUN]
[2025-09-22T08:33:15.155+0000] {subprocess.py:90} INFO - [0m08:33:15  3 of 7 START test relationships_order_items_product_id__product_id__ref_products_enriched_  [RUN]
[2025-09-22T08:33:15.157+0000] {subprocess.py:90} INFO - [0m08:33:15  4 of 7 START test relationships_products_enriched_brand_id__brand_id__ref_brands_  [RUN]
[2025-09-22T08:33:15.250+0000] {subprocess.py:90} INFO - [0m08:33:15  1 of 7 PASS not_null_products_enriched_product_id .............................. [[32mPASS[0m in 0.12s]
[2025-09-22T08:33:15.265+0000] {subprocess.py:90} INFO - [0m08:33:15  5 of 7 START test relationships_products_enriched_category_id__category_id__ref_categories_enriched_  [RUN]
[2025-09-22T08:33:15.331+0000] {subprocess.py:90} INFO - [0m08:33:15  5 of 7 PASS relationships_products_enriched_category_id__category_id__ref_categories_enriched_  [[32mPASS[0m in 0.07s]
[2025-09-22T08:33:15.339+0000] {subprocess.py:90} INFO - [0m08:33:15  6 of 7 START test relationships_reviews_enriched_product_id__product_id__ref_products_enriched_  [RUN]
[2025-09-22T08:33:15.376+0000] {subprocess.py:90} INFO - [0m08:33:15  6 of 7 ERROR relationships_reviews_enriched_product_id__product_id__ref_products_enriched_  [[31mERROR[0m in 0.04s]
[2025-09-22T08:33:15.381+0000] {subprocess.py:90} INFO - [0m08:33:15  7 of 7 START test unique_products_enriched_product_id .......................... [RUN]
[2025-09-22T08:33:15.396+0000] {subprocess.py:90} INFO - [0m08:33:15  4 of 7 PASS relationships_products_enriched_brand_id__brand_id__ref_brands_ .... [[32mPASS[0m in 0.23s]
[2025-09-22T08:33:15.434+0000] {subprocess.py:90} INFO - [0m08:33:15  7 of 7 FAIL 1000 unique_products_enriched_product_id ........................... [[31mFAIL 1000[0m in 0.05s]
[2025-09-22T08:33:15.948+0000] {subprocess.py:90} INFO - [0m08:33:15  3 of 7 PASS relationships_order_items_product_id__product_id__ref_products_enriched_  [[32mPASS[0m in 0.79s]
[2025-09-22T08:33:19.707+0000] {subprocess.py:90} INFO - [0m08:33:19  2 of 7 PASS relationships_customer_interactions_product_id__product_id__ref_products_enriched_  [[32mPASS[0m in 4.55s]
[2025-09-22T08:33:19.714+0000] {subprocess.py:90} INFO - [0m08:33:19
[2025-09-22T08:33:19.715+0000] {subprocess.py:90} INFO - [0m08:33:19  Finished running 7 data tests in 0 hours 0 minutes and 4.71 seconds (4.71s).
[2025-09-22T08:33:19.779+0000] {subprocess.py:90} INFO - [0m08:33:19
[2025-09-22T08:33:19.780+0000] {subprocess.py:90} INFO - [0m08:33:19  [31mCompleted with 2 errors, 0 partial successes, and 0 warnings:[0m
[2025-09-22T08:33:19.780+0000] {subprocess.py:90} INFO - [0m08:33:19
[2025-09-22T08:33:19.781+0000] {subprocess.py:90} INFO - [0m08:33:19  [31mFailure in test relationships_reviews_enriched_product_id__product_id__ref_products_enriched_ (models/ecom_intermediate/schema.yml)[0m
[2025-09-22T08:33:19.781+0000] {subprocess.py:90} INFO - [0m08:33:19    Database Error in test relationships_reviews_enriched_product_id__product_id__ref_products_enriched_ (models/ecom_intermediate/schema.yml)
[2025-09-22T08:33:19.782+0000] {subprocess.py:90} INFO -   Received ClickHouse exception, code: 47, server response: Code: 47. DB::Exception: Unknown expression identifier 'product_id' in scope child AS (SELECT product_id AS from_field FROM ecom_db_intermediate.reviews_enriched WHERE product_id IS NOT NULL). Maybe you meant: ['product_name']. (UNKNOWN_IDENTIFIER) (version 24.8.14.39 (official build)) (for url http://clickhouse:8123)
[2025-09-22T08:33:19.783+0000] {subprocess.py:90} INFO -   compiled code at target/run/ecom_intermediate/models/ecom_intermediate/schema.yml/relationships_reviews_enriched_9e4db4050e9656dcf6f83b270a455cb5.sql
[2025-09-22T08:33:19.783+0000] {subprocess.py:90} INFO - [0m08:33:19
[2025-09-22T08:33:19.784+0000] {subprocess.py:90} INFO - [0m08:33:19    compiled code at target/compiled/ecom_intermediate/models/ecom_intermediate/schema.yml/relationships_reviews_enriched_9e4db4050e9656dcf6f83b270a455cb5.sql
[2025-09-22T08:33:19.785+0000] {subprocess.py:90} INFO - [0m08:33:19
[2025-09-22T08:33:19.785+0000] {subprocess.py:90} INFO - [0m08:33:19  [31mFailure in test unique_products_enriched_product_id (models/ecom_intermediate/schema.yml)[0m
[2025-09-22T08:33:19.786+0000] {subprocess.py:90} INFO - [0m08:33:19    Got 1000 results, configured to fail if != 0
[2025-09-22T08:33:19.787+0000] {subprocess.py:90} INFO - [0m08:33:19
[2025-09-22T08:33:19.787+0000] {subprocess.py:90} INFO - [0m08:33:19    compiled code at target/compiled/ecom_intermediate/models/ecom_intermediate/schema.yml/unique_products_enriched_product_id.sql
[2025-09-22T08:33:19.788+0000] {subprocess.py:90} INFO - [0m08:33:19
[2025-09-22T08:33:19.788+0000] {subprocess.py:90} INFO - [0m08:33:19  Done. PASS=5 WARN=0 ERROR=2 SKIP=0 NO-OP=0 TOTAL=7
[2025-09-22T08:33:19.789+0000] {subprocess.py:90} INFO - [0m08:33:19  [[33mWARNING[0m][DeprecationsSummary]: Deprecated functionality
[2025-09-22T08:33:19.790+0000] {subprocess.py:90} INFO - Summary of encountered deprecations:
[2025-09-22T08:33:19.790+0000] {subprocess.py:90} INFO - - ModelParamUsageDeprecation: 1 occurrence
[2025-09-22T08:33:19.791+0000] {subprocess.py:90} INFO - To see all deprecation instances instead of just the first occurrence of each,
[2025-09-22T08:33:19.792+0000] {subprocess.py:90} INFO - run command again with the `--show-all-deprecations` flag. You may also need to
[2025-09-22T08:33:19.792+0000] {subprocess.py:90} INFO - run with `--no-partial-parse` as some deprecations are only encountered during
[2025-09-22T08:33:19.793+0000] {subprocess.py:90} INFO - parsing.
[2025-09-22T08:33:21.642+0000] {subprocess.py:94} INFO - Command exited with return code 1
[2025-09-22T08:33:21.643+0000] {local.py:441} INFO - parsing.
[2025-09-22T08:33:21.662+0000] {local.py:196} WARNING - Artifact schema version: https://schemas.getdbt.com/dbt/manifest/v12.json is above dbt-ol supported version 7. This might cause errors.
[2025-09-22T08:33:21.663+0000] {local.py:196} WARNING - Artifact schema version: https://schemas.getdbt.com/dbt/run-results/v6.json is above dbt-ol supported version 5. This might cause errors.
[2025-09-22T08:33:21.672+0000] {local.py:547} INFO - Inlets: []
[2025-09-22T08:33:21.673+0000] {local.py:548} INFO - Outlets: []
[2025-09-22T08:33:21.674+0000] {local.py:772} INFO - Assigning inlets/outlets without DatasetAlias
[2025-09-22T08:33:21.675+0000] {dag.py:3089} INFO - Sync 1 DAGs
[2025-09-22T08:33:21.821+0000] {local.py:253} ERROR - [0m08:33:13  Running with dbt=1.10.11
[0m08:33:13  [[33mWARNING[0m]: Deprecated functionality
Usage of `--models`, `--model`, and `-m` is deprecated in favor of `--select` or
`-s`.
[0m08:33:14  Registered adapter: clickhouse=1.9.3
[0m08:33:15  Found 15 models, 50 data tests, 8 sources, 597 macros
[0m08:33:15
[0m08:33:15  Concurrency: 4 threads (target='dev')
[0m08:33:15
[0m08:33:15  1 of 7 START test not_null_products_enriched_product_id ........................ [RUN]
[0m08:33:15  2 of 7 START test relationships_customer_interactions_product_id__product_id__ref_products_enriched_  [RUN]
[0m08:33:15  3 of 7 START test relationships_order_items_product_id__product_id__ref_products_enriched_  [RUN]
[0m08:33:15  4 of 7 START test relationships_products_enriched_brand_id__brand_id__ref_brands_  [RUN]
[0m08:33:15  1 of 7 PASS not_null_products_enriched_product_id .............................. [[32mPASS[0m in 0.12s]
[0m08:33:15  5 of 7 START test relationships_products_enriched_category_id__category_id__ref_categories_enriched_  [RUN]
[0m08:33:15  5 of 7 PASS relationships_products_enriched_category_id__category_id__ref_categories_enriched_  [[32mPASS[0m in 0.07s]
[0m08:33:15  6 of 7 START test relationships_reviews_enriched_product_id__product_id__ref_products_enriched_  [RUN]
[0m08:33:15  6 of 7 ERROR relationships_reviews_enriched_product_id__product_id__ref_products_enriched_  [[31mERROR[0m in 0.04s]
[0m08:33:15  7 of 7 START test unique_products_enriched_product_id .......................... [RUN]
[0m08:33:15  4 of 7 PASS relationships_products_enriched_brand_id__brand_id__ref_brands_ .... [[32mPASS[0m in 0.23s]
[0m08:33:15  7 of 7 FAIL 1000 unique_products_enriched_product_id ........................... [[31mFAIL 1000[0m in 0.05s]
[0m08:33:15  3 of 7 PASS relationships_order_items_product_id__product_id__ref_products_enriched_  [[32mPASS[0m in 0.79s]
[0m08:33:19  2 of 7 PASS relationships_customer_interactions_product_id__product_id__ref_products_enriched_  [[32mPASS[0m in 4.55s]
[0m08:33:19
[0m08:33:19  Finished running 7 data tests in 0 hours 0 minutes and 4.71 seconds (4.71s).
[0m08:33:19
[0m08:33:19  [31mCompleted with 2 errors, 0 partial successes, and 0 warnings:[0m
[0m08:33:19
[0m08:33:19  [31mFailure in test relationships_reviews_enriched_product_id__product_id__ref_products_enriched_ (models/ecom_intermediate/schema.yml)[0m
[0m08:33:19    Database Error in test relationships_reviews_enriched_product_id__product_id__ref_products_enriched_ (models/ecom_intermediate/schema.yml)
  Received ClickHouse exception, code: 47, server response: Code: 47. DB::Exception: Unknown expression identifier 'product_id' in scope child AS (SELECT product_id AS from_field FROM ecom_db_intermediate.reviews_enriched WHERE product_id IS NOT NULL). Maybe you meant: ['product_name']. (UNKNOWN_IDENTIFIER) (version 24.8.14.39 (official build)) (for url http://clickhouse:8123)
  compiled code at target/run/ecom_intermediate/models/ecom_intermediate/schema.yml/relationships_reviews_enriched_9e4db4050e9656dcf6f83b270a455cb5.sql
[0m08:33:19
[0m08:33:19    compiled code at target/compiled/ecom_intermediate/models/ecom_intermediate/schema.yml/relationships_reviews_enriched_9e4db4050e9656dcf6f83b270a455cb5.sql
[0m08:33:19
[0m08:33:19  [31mFailure in test unique_products_enriched_product_id (models/ecom_intermediate/schema.yml)[0m
[0m08:33:19    Got 1000 results, configured to fail if != 0
[0m08:33:19
[0m08:33:19    compiled code at target/compiled/ecom_intermediate/models/ecom_intermediate/schema.yml/unique_products_enriched_product_id.sql
[0m08:33:19
[0m08:33:19  Done. PASS=5 WARN=0 ERROR=2 SKIP=0 NO-OP=0 TOTAL=7
[0m08:33:19  [[33mWARNING[0m][DeprecationsSummary]: Deprecated functionality
Summary of encountered deprecations:
- ModelParamUsageDeprecation: 1 occurrence
To see all deprecation instances instead of just the first occurrence of each,
run command again with the `--show-all-deprecations` flag. You may also need to
run with `--no-partial-parse` as some deprecations are only encountered during
parsing.
[2025-09-22T08:33:21.828+0000] {virtualenv.py:131} INFO - Releasing virtualenv lock
[2025-09-22T08:33:21.829+0000] {taskinstance.py:441} INFO - ::group::Post task execution logs
[2025-09-22T08:33:21.865+0000] {taskinstance.py:2905} ERROR - Task failed with exception
Traceback (most recent call last):
  File "/home/airflow/.local/lib/python3.10/site-packages/airflow/models/taskinstance.py", line 465, in _execute_task
    result = _execute_callable(context=context, **execute_callable_kwargs)
  File "/home/airflow/.local/lib/python3.10/site-packages/airflow/models/taskinstance.py", line 432, in _execute_callable
    return execute_callable(context=context, **execute_callable_kwargs)
  File "/home/airflow/.local/lib/python3.10/site-packages/airflow/models/baseoperator.py", line 401, in wrapper
    return func(self, *args, **kwargs)
  File "/home/airflow/.local/lib/python3.10/site-packages/cosmos/operators/virtualenv.py", line 144, in execute
    output = super().execute(context)
  File "/home/airflow/.local/lib/python3.10/site-packages/airflow/models/baseoperator.py", line 401, in wrapper
    return func(self, *args, **kwargs)
  File "/home/airflow/.local/lib/python3.10/site-packages/cosmos/operators/local.py", line 1089, in execute
    result = self.build_and_run_cmd(context=context, cmd_flags=self.add_cmd_flags())
  File "/home/airflow/.local/lib/python3.10/site-packages/cosmos/operators/local.py", line 853, in build_and_run_cmd
    result = self.run_command(
  File "/home/airflow/.local/lib/python3.10/site-packages/cosmos/operators/virtualenv.py", line 129, in run_command
    return super().run_command(cmd, env, context, run_as_async=run_as_async, async_context=async_context)
  File "/home/airflow/.local/lib/python3.10/site-packages/cosmos/operators/local.py", line 650, in run_command
    self.handle_exception(result)
  File "/home/airflow/.local/lib/python3.10/site-packages/cosmos/operators/local.py", line 254, in handle_exception_subprocess
    raise AirflowException(f"dbt command failed. The command returned a non-zero exit code {result.exit_code}.")
airflow.exceptions.AirflowException: dbt command failed. The command returned a non-zero exit code 1.
[2025-09-22T08:33:21.869+0000] {taskinstance.py:1206} INFO - Marking task as FAILED. dag_id=dbt_intermediate, task_id=intermediate.products_enriched.test, run_id=manual__2025-09-22T08:28:03.359463+00:00, execution_date=20250922T082803, start_date=20250922T083219, end_date=20250922T083321
[2025-09-22T08:33:21.887+0000] {standard_task_runner.py:110} ERROR - Failed to execute job 722 for task intermediate.products_enriched.test (dbt command failed. The command returned a non-zero exit code 1.; 6002)
[2025-09-22T08:33:21.914+0000] {local_task_job_runner.py:243} INFO - Task exited with return code 1
[2025-09-22T08:33:21.986+0000] {taskinstance.py:3503} INFO - 0 downstream tasks scheduled from follow-on schedule check
[2025-09-22T08:33:22.004+0000] {local_task_job_runner.py:222} INFO - ::endgroup::
