[2025-09-19T16:55:22.181+0000] {local_task_job_runner.py:120} INFO - ::group::Pre task execution logs
[2025-09-19T16:55:22.390+0000] {taskinstance.py:2076} INFO - Dependencies all met for dep_context=non-requeueable deps ti=<TaskInstance: dbt_staging.dbt_ecom.stg_interactions.test scheduled__2025-09-18T00:00:00+00:00 [queued]>
[2025-09-19T16:55:22.403+0000] {taskinstance.py:2076} INFO - Dependencies all met for dep_context=requeueable deps ti=<TaskInstance: dbt_staging.dbt_ecom.stg_interactions.test scheduled__2025-09-18T00:00:00+00:00 [queued]>
[2025-09-19T16:55:22.414+0000] {taskinstance.py:2306} INFO - Starting attempt 1 of 1
[2025-09-19T16:55:22.430+0000] {taskinstance.py:2330} INFO - Executing <Task(DbtTestVirtualenvOperator): dbt_ecom.stg_interactions.test> on 2025-09-18 00:00:00+00:00
[2025-09-19T16:55:22.437+0000] {standard_task_runner.py:64} INFO - Started process 3379 to run task
[2025-09-19T16:55:22.440+0000] {standard_task_runner.py:90} INFO - Running: ['***', 'tasks', 'run', 'dbt_staging', 'dbt_ecom.stg_interactions.test', 'scheduled__2025-09-18T00:00:00+00:00', '--job-id', '606', '--raw', '--subdir', 'DAGS_FOLDER/dbt_staging.py', '--cfg-path', '/tmp/tmpmztwgozn']
[2025-09-19T16:55:22.443+0000] {standard_task_runner.py:91} INFO - Job 606: Subtask dbt_ecom.stg_interactions.test
[2025-09-19T16:55:22.592+0000] {task_command.py:426} INFO - Running <TaskInstance: dbt_staging.dbt_ecom.stg_interactions.test scheduled__2025-09-18T00:00:00+00:00 [running]> on host e95bde6b8d07
[2025-09-19T16:55:22.817+0000] {taskinstance.py:2648} INFO - Exporting env vars: AIRFLOW_CTX_DAG_OWNER='***' AIRFLOW_CTX_DAG_ID='dbt_staging' AIRFLOW_CTX_TASK_ID='dbt_ecom.stg_interactions.test' AIRFLOW_CTX_EXECUTION_DATE='2025-09-18T00:00:00+00:00' AIRFLOW_CTX_TRY_NUMBER='1' AIRFLOW_CTX_DAG_RUN_ID='scheduled__2025-09-18T00:00:00+00:00'
[2025-09-19T16:55:22.818+0000] {taskinstance.py:430} INFO - ::endgroup::
[2025-09-19T16:55:22.831+0000] {baseoperator.py:400} WARNING - DbtTestVirtualenvOperator.execute cannot be called outside TaskInstance!
[2025-09-19T16:55:22.832+0000] {virtualenv.py:120} INFO - Checking if the virtualenv lock /tmp/cosmos_venv_ecom/cosmos_virtualenv.lock exists
[2025-09-19T16:55:22.832+0000] {virtualenv.py:126} INFO - Acquiring the virtualenv lock
[2025-09-19T16:55:22.833+0000] {virtualenv.py:195} INFO - Acquiring lock at /tmp/cosmos_venv_ecom/cosmos_virtualenv.lock with pid 3379
[2025-09-19T16:55:22.834+0000] {virtualenv.py:153} INFO - Creating or updating the virtualenv at `/tmp/cosmos_venv_ecom
[2025-09-19T16:55:22.834+0000] {process_utils.py:183} INFO - Executing cmd: /home/***/.local/bin/python -m virtualenv /tmp/cosmos_venv_ecom --python=python3
[2025-09-19T16:55:22.835+0000] {process_utils.py:187} INFO - Output:
[2025-09-19T16:55:24.090+0000] {process_utils.py:191} INFO - created virtual environment CPython3.10.14.final.0-64 in 462ms
[2025-09-19T16:55:24.091+0000] {process_utils.py:191} INFO -   creator CPython3Posix(dest=/tmp/cosmos_venv_ecom, clear=False, no_vcs_ignore=False, global=False)
[2025-09-19T16:55:24.092+0000] {process_utils.py:191} INFO -   seeder FromAppData(download=False, pip=bundle, setuptools=bundle, wheel=bundle, via=copy, app_data_dir=/home/***/.local/share/virtualenv)
[2025-09-19T16:55:24.093+0000] {process_utils.py:191} INFO -     added seed packages: MarkupSafe==3.0.2, PyYAML==6.0.2, agate==1.9.1, annotated_types==0.7.0, attrs==25.3.0, babel==2.17.0, certifi==2025.8.3, charset_normalizer==3.4.3, click==8.2.1, clickhouse_connect==0.8.18, clickhouse_driver==0.2.9, colorama==0.4.6, daff==1.4.2, dbt_adapters==1.16.7, dbt_clickhouse==1.9.3, dbt_common==1.30.0, dbt_core==1.10.11, dbt_extractor==0.6.0, dbt_protos==1.0.375, dbt_semantic_interfaces==0.9.0, deepdiff==8.6.1, idna==3.10, importlib_metadata==8.7.0, isodate==0.6.1, jinja2==3.1.6, jsonschema==4.25.1, jsonschema_specifications==2025.9.1, leather==0.4.0, lz4==4.4.4, mashumaro==3.14, more_itertools==10.8.0, msgpack==1.1.1, networkx==3.4.2, orderly_set==5.5.0, packaging==25.0, parsedatetime==2.6, pathspec==0.12.1, pip==25.2, protobuf==6.32.1, pydantic==2.11.7, pydantic_core==2.33.2, python_dateutil==2.9.0.post0, python_slugify==8.0.4, pytimeparse==1.1.8, pytz==2025.2, referencing==0.36.2, requests==2.32.5, rpds_py==0.27.1, setuptools==80.9.0, six==1.17.0, snowplow_tracker==1.1.0, sqlparse==0.5.3, text_unidecode==1.3, typing_extensions==4.15.0, typing_inspection==0.4.1, tzlocal==5.3.1, urllib3==2.5.0, wheel==0.45.1, zipp==3.23.0, zstandard==0.24.0
[2025-09-19T16:55:24.094+0000] {process_utils.py:191} INFO -   activators BashActivator,CShellActivator,FishActivator,NushellActivator,PowerShellActivator,PythonActivator
[2025-09-19T16:55:24.189+0000] {process_utils.py:183} INFO - Executing cmd: /tmp/cosmos_venv_ecom/bin/pip install dbt-clickhouse
[2025-09-19T16:55:24.192+0000] {process_utils.py:187} INFO - Output:
[2025-09-19T16:55:25.292+0000] {process_utils.py:191} INFO - Requirement already satisfied: dbt-clickhouse in /tmp/cosmos_venv_ecom/lib/python3.10/site-packages (1.9.3)
[2025-09-19T16:55:25.293+0000] {process_utils.py:191} INFO - Requirement already satisfied: dbt-core>=1.9 in /tmp/cosmos_venv_ecom/lib/python3.10/site-packages (from dbt-clickhouse) (1.10.11)
[2025-09-19T16:55:25.294+0000] {process_utils.py:191} INFO - Requirement already satisfied: clickhouse-connect>=0.6.22 in /tmp/cosmos_venv_ecom/lib/python3.10/site-packages (from dbt-clickhouse) (0.8.18)
[2025-09-19T16:55:25.295+0000] {process_utils.py:191} INFO - Requirement already satisfied: clickhouse-driver>=0.2.6 in /tmp/cosmos_venv_ecom/lib/python3.10/site-packages (from dbt-clickhouse) (0.2.9)
[2025-09-19T16:55:25.296+0000] {process_utils.py:191} INFO - Requirement already satisfied: setuptools>=0.69 in /tmp/cosmos_venv_ecom/lib/python3.10/site-packages (from dbt-clickhouse) (80.9.0)
[2025-09-19T16:55:25.297+0000] {process_utils.py:191} INFO - Requirement already satisfied: certifi in /tmp/cosmos_venv_ecom/lib/python3.10/site-packages (from clickhouse-connect>=0.6.22->dbt-clickhouse) (2025.8.3)
[2025-09-19T16:55:25.298+0000] {process_utils.py:191} INFO - Requirement already satisfied: urllib3>=1.26 in /tmp/cosmos_venv_ecom/lib/python3.10/site-packages (from clickhouse-connect>=0.6.22->dbt-clickhouse) (2.5.0)
[2025-09-19T16:55:25.298+0000] {process_utils.py:191} INFO - Requirement already satisfied: pytz in /tmp/cosmos_venv_ecom/lib/python3.10/site-packages (from clickhouse-connect>=0.6.22->dbt-clickhouse) (2025.2)
[2025-09-19T16:55:25.299+0000] {process_utils.py:191} INFO - Requirement already satisfied: zstandard in /tmp/cosmos_venv_ecom/lib/python3.10/site-packages (from clickhouse-connect>=0.6.22->dbt-clickhouse) (0.24.0)
[2025-09-19T16:55:25.300+0000] {process_utils.py:191} INFO - Requirement already satisfied: lz4 in /tmp/cosmos_venv_ecom/lib/python3.10/site-packages (from clickhouse-connect>=0.6.22->dbt-clickhouse) (4.4.4)
[2025-09-19T16:55:25.301+0000] {process_utils.py:191} INFO - Requirement already satisfied: tzlocal in /tmp/cosmos_venv_ecom/lib/python3.10/site-packages (from clickhouse-driver>=0.2.6->dbt-clickhouse) (5.3.1)
[2025-09-19T16:55:25.305+0000] {process_utils.py:191} INFO - Requirement already satisfied: agate<1.10,>=1.7.0 in /tmp/cosmos_venv_ecom/lib/python3.10/site-packages (from dbt-core>=1.9->dbt-clickhouse) (1.9.1)
[2025-09-19T16:55:25.306+0000] {process_utils.py:191} INFO - Requirement already satisfied: Jinja2<4,>=3.1.3 in /tmp/cosmos_venv_ecom/lib/python3.10/site-packages (from dbt-core>=1.9->dbt-clickhouse) (3.1.6)
[2025-09-19T16:55:25.306+0000] {process_utils.py:191} INFO - Requirement already satisfied: mashumaro<3.15,>=3.9 in /tmp/cosmos_venv_ecom/lib/python3.10/site-packages (from mashumaro[msgpack]<3.15,>=3.9->dbt-core>=1.9->dbt-clickhouse) (3.14)
[2025-09-19T16:55:25.307+0000] {process_utils.py:191} INFO - Requirement already satisfied: click<9.0,>=8.0.2 in /tmp/cosmos_venv_ecom/lib/python3.10/site-packages (from dbt-core>=1.9->dbt-clickhouse) (8.2.1)
[2025-09-19T16:55:25.308+0000] {process_utils.py:191} INFO - Requirement already satisfied: jsonschema<5.0,>=4.19.1 in /tmp/cosmos_venv_ecom/lib/python3.10/site-packages (from dbt-core>=1.9->dbt-clickhouse) (4.25.1)
[2025-09-19T16:55:25.308+0000] {process_utils.py:191} INFO - Requirement already satisfied: networkx<4.0,>=2.3 in /tmp/cosmos_venv_ecom/lib/python3.10/site-packages (from dbt-core>=1.9->dbt-clickhouse) (3.4.2)
[2025-09-19T16:55:25.309+0000] {process_utils.py:191} INFO - Requirement already satisfied: protobuf<7.0,>=6.0 in /tmp/cosmos_venv_ecom/lib/python3.10/site-packages (from dbt-core>=1.9->dbt-clickhouse) (6.32.1)
[2025-09-19T16:55:25.309+0000] {process_utils.py:191} INFO - Requirement already satisfied: requests<3.0.0 in /tmp/cosmos_venv_ecom/lib/python3.10/site-packages (from dbt-core>=1.9->dbt-clickhouse) (2.32.5)
[2025-09-19T16:55:25.310+0000] {process_utils.py:191} INFO - Requirement already satisfied: snowplow-tracker<2.0,>=1.0.2 in /tmp/cosmos_venv_ecom/lib/python3.10/site-packages (from dbt-core>=1.9->dbt-clickhouse) (1.1.0)
[2025-09-19T16:55:25.310+0000] {process_utils.py:191} INFO - Requirement already satisfied: pathspec<0.13,>=0.9 in /tmp/cosmos_venv_ecom/lib/python3.10/site-packages (from dbt-core>=1.9->dbt-clickhouse) (0.12.1)
[2025-09-19T16:55:25.311+0000] {process_utils.py:191} INFO - Requirement already satisfied: sqlparse<0.6.0,>=0.5.0 in /tmp/cosmos_venv_ecom/lib/python3.10/site-packages (from dbt-core>=1.9->dbt-clickhouse) (0.5.3)
[2025-09-19T16:55:25.311+0000] {process_utils.py:191} INFO - Requirement already satisfied: dbt-extractor<=0.6,>=0.5.0 in /tmp/cosmos_venv_ecom/lib/python3.10/site-packages (from dbt-core>=1.9->dbt-clickhouse) (0.6.0)
[2025-09-19T16:55:25.312+0000] {process_utils.py:191} INFO - Requirement already satisfied: dbt-semantic-interfaces<0.10,>=0.9.0 in /tmp/cosmos_venv_ecom/lib/python3.10/site-packages (from dbt-core>=1.9->dbt-clickhouse) (0.9.0)
[2025-09-19T16:55:25.312+0000] {process_utils.py:191} INFO - Requirement already satisfied: dbt-common<2.0,>=1.27.0 in /tmp/cosmos_venv_ecom/lib/python3.10/site-packages (from dbt-core>=1.9->dbt-clickhouse) (1.30.0)
[2025-09-19T16:55:25.313+0000] {process_utils.py:191} INFO - Requirement already satisfied: dbt-adapters<2.0,>=1.15.5 in /tmp/cosmos_venv_ecom/lib/python3.10/site-packages (from dbt-core>=1.9->dbt-clickhouse) (1.16.7)
[2025-09-19T16:55:25.313+0000] {process_utils.py:191} INFO - Requirement already satisfied: dbt-protos<2.0,>=1.0.346 in /tmp/cosmos_venv_ecom/lib/python3.10/site-packages (from dbt-core>=1.9->dbt-clickhouse) (1.0.375)
[2025-09-19T16:55:25.314+0000] {process_utils.py:191} INFO - Requirement already satisfied: pydantic<3 in /tmp/cosmos_venv_ecom/lib/python3.10/site-packages (from dbt-core>=1.9->dbt-clickhouse) (2.11.7)
[2025-09-19T16:55:25.314+0000] {process_utils.py:191} INFO - Requirement already satisfied: packaging>20.9 in /tmp/cosmos_venv_ecom/lib/python3.10/site-packages (from dbt-core>=1.9->dbt-clickhouse) (25.0)
[2025-09-19T16:55:25.315+0000] {process_utils.py:191} INFO - Requirement already satisfied: pyyaml>=6.0 in /tmp/cosmos_venv_ecom/lib/python3.10/site-packages (from dbt-core>=1.9->dbt-clickhouse) (6.0.2)
[2025-09-19T16:55:25.315+0000] {process_utils.py:191} INFO - Requirement already satisfied: daff>=1.3.46 in /tmp/cosmos_venv_ecom/lib/python3.10/site-packages (from dbt-core>=1.9->dbt-clickhouse) (1.4.2)
[2025-09-19T16:55:25.316+0000] {process_utils.py:191} INFO - Requirement already satisfied: typing-extensions>=4.4 in /tmp/cosmos_venv_ecom/lib/python3.10/site-packages (from dbt-core>=1.9->dbt-clickhouse) (4.15.0)
[2025-09-19T16:55:25.319+0000] {process_utils.py:191} INFO - Requirement already satisfied: Babel>=2.0 in /tmp/cosmos_venv_ecom/lib/python3.10/site-packages (from agate<1.10,>=1.7.0->dbt-core>=1.9->dbt-clickhouse) (2.17.0)
[2025-09-19T16:55:25.319+0000] {process_utils.py:191} INFO - Requirement already satisfied: isodate>=0.5.4 in /tmp/cosmos_venv_ecom/lib/python3.10/site-packages (from agate<1.10,>=1.7.0->dbt-core>=1.9->dbt-clickhouse) (0.6.1)
[2025-09-19T16:55:25.320+0000] {process_utils.py:191} INFO - Requirement already satisfied: leather>=0.3.2 in /tmp/cosmos_venv_ecom/lib/python3.10/site-packages (from agate<1.10,>=1.7.0->dbt-core>=1.9->dbt-clickhouse) (0.4.0)
[2025-09-19T16:55:25.320+0000] {process_utils.py:191} INFO - Requirement already satisfied: parsedatetime!=2.5,>=2.1 in /tmp/cosmos_venv_ecom/lib/python3.10/site-packages (from agate<1.10,>=1.7.0->dbt-core>=1.9->dbt-clickhouse) (2.6)
[2025-09-19T16:55:25.321+0000] {process_utils.py:191} INFO - Requirement already satisfied: python-slugify>=1.2.1 in /tmp/cosmos_venv_ecom/lib/python3.10/site-packages (from agate<1.10,>=1.7.0->dbt-core>=1.9->dbt-clickhouse) (8.0.4)
[2025-09-19T16:55:25.321+0000] {process_utils.py:191} INFO - Requirement already satisfied: pytimeparse>=1.1.5 in /tmp/cosmos_venv_ecom/lib/python3.10/site-packages (from agate<1.10,>=1.7.0->dbt-core>=1.9->dbt-clickhouse) (1.1.8)
[2025-09-19T16:55:25.333+0000] {process_utils.py:191} INFO - Requirement already satisfied: colorama<0.5,>=0.3.9 in /tmp/cosmos_venv_ecom/lib/python3.10/site-packages (from dbt-common<2.0,>=1.27.0->dbt-core>=1.9->dbt-clickhouse) (0.4.6)
[2025-09-19T16:55:25.334+0000] {process_utils.py:191} INFO - Requirement already satisfied: deepdiff<9.0,>=7.0 in /tmp/cosmos_venv_ecom/lib/python3.10/site-packages (from dbt-common<2.0,>=1.27.0->dbt-core>=1.9->dbt-clickhouse) (8.6.1)
[2025-09-19T16:55:25.337+0000] {process_utils.py:191} INFO - Requirement already satisfied: python-dateutil<3.0,>=2.0 in /tmp/cosmos_venv_ecom/lib/python3.10/site-packages (from dbt-common<2.0,>=1.27.0->dbt-core>=1.9->dbt-clickhouse) (2.9.0.post0)
[2025-09-19T16:55:25.343+0000] {process_utils.py:191} INFO - Requirement already satisfied: importlib-metadata<9,>=6.0 in /tmp/cosmos_venv_ecom/lib/python3.10/site-packages (from dbt-semantic-interfaces<0.10,>=0.9.0->dbt-core>=1.9->dbt-clickhouse) (8.7.0)
[2025-09-19T16:55:25.344+0000] {process_utils.py:191} INFO - Requirement already satisfied: more-itertools<11.0,>=8.0 in /tmp/cosmos_venv_ecom/lib/python3.10/site-packages (from dbt-semantic-interfaces<0.10,>=0.9.0->dbt-core>=1.9->dbt-clickhouse) (10.8.0)
[2025-09-19T16:55:25.353+0000] {process_utils.py:191} INFO - Requirement already satisfied: orderly-set<6,>=5.4.1 in /tmp/cosmos_venv_ecom/lib/python3.10/site-packages (from deepdiff<9.0,>=7.0->dbt-common<2.0,>=1.27.0->dbt-core>=1.9->dbt-clickhouse) (5.5.0)
[2025-09-19T16:55:25.358+0000] {process_utils.py:191} INFO - Requirement already satisfied: zipp>=3.20 in /tmp/cosmos_venv_ecom/lib/python3.10/site-packages (from importlib-metadata<9,>=6.0->dbt-semantic-interfaces<0.10,>=0.9.0->dbt-core>=1.9->dbt-clickhouse) (3.23.0)
[2025-09-19T16:55:25.360+0000] {process_utils.py:191} INFO - Requirement already satisfied: six in /tmp/cosmos_venv_ecom/lib/python3.10/site-packages (from isodate>=0.5.4->agate<1.10,>=1.7.0->dbt-core>=1.9->dbt-clickhouse) (1.17.0)
[2025-09-19T16:55:25.362+0000] {process_utils.py:191} INFO - Requirement already satisfied: MarkupSafe>=2.0 in /tmp/cosmos_venv_ecom/lib/python3.10/site-packages (from Jinja2<4,>=3.1.3->dbt-core>=1.9->dbt-clickhouse) (3.0.2)
[2025-09-19T16:55:25.366+0000] {process_utils.py:191} INFO - Requirement already satisfied: attrs>=22.2.0 in /tmp/cosmos_venv_ecom/lib/python3.10/site-packages (from jsonschema<5.0,>=4.19.1->dbt-core>=1.9->dbt-clickhouse) (25.3.0)
[2025-09-19T16:55:25.367+0000] {process_utils.py:191} INFO - Requirement already satisfied: jsonschema-specifications>=2023.03.6 in /tmp/cosmos_venv_ecom/lib/python3.10/site-packages (from jsonschema<5.0,>=4.19.1->dbt-core>=1.9->dbt-clickhouse) (2025.9.1)
[2025-09-19T16:55:25.368+0000] {process_utils.py:191} INFO - Requirement already satisfied: referencing>=0.28.4 in /tmp/cosmos_venv_ecom/lib/python3.10/site-packages (from jsonschema<5.0,>=4.19.1->dbt-core>=1.9->dbt-clickhouse) (0.36.2)
[2025-09-19T16:55:25.368+0000] {process_utils.py:191} INFO - Requirement already satisfied: rpds-py>=0.7.1 in /tmp/cosmos_venv_ecom/lib/python3.10/site-packages (from jsonschema<5.0,>=4.19.1->dbt-core>=1.9->dbt-clickhouse) (0.27.1)
[2025-09-19T16:55:25.376+0000] {process_utils.py:191} INFO - Requirement already satisfied: msgpack>=0.5.6 in /tmp/cosmos_venv_ecom/lib/python3.10/site-packages (from mashumaro[msgpack]<3.15,>=3.9->dbt-core>=1.9->dbt-clickhouse) (1.1.1)
[2025-09-19T16:55:25.393+0000] {process_utils.py:191} INFO - Requirement already satisfied: annotated-types>=0.6.0 in /tmp/cosmos_venv_ecom/lib/python3.10/site-packages (from pydantic<3->dbt-core>=1.9->dbt-clickhouse) (0.7.0)
[2025-09-19T16:55:25.393+0000] {process_utils.py:191} INFO - Requirement already satisfied: pydantic-core==2.33.2 in /tmp/cosmos_venv_ecom/lib/python3.10/site-packages (from pydantic<3->dbt-core>=1.9->dbt-clickhouse) (2.33.2)
[2025-09-19T16:55:25.395+0000] {process_utils.py:191} INFO - Requirement already satisfied: typing-inspection>=0.4.0 in /tmp/cosmos_venv_ecom/lib/python3.10/site-packages (from pydantic<3->dbt-core>=1.9->dbt-clickhouse) (0.4.1)
[2025-09-19T16:55:25.402+0000] {process_utils.py:191} INFO - Requirement already satisfied: charset_normalizer<4,>=2 in /tmp/cosmos_venv_ecom/lib/python3.10/site-packages (from requests<3.0.0->dbt-core>=1.9->dbt-clickhouse) (3.4.3)
[2025-09-19T16:55:25.403+0000] {process_utils.py:191} INFO - Requirement already satisfied: idna<4,>=2.5 in /tmp/cosmos_venv_ecom/lib/python3.10/site-packages (from requests<3.0.0->dbt-core>=1.9->dbt-clickhouse) (3.10)
[2025-09-19T16:55:25.442+0000] {process_utils.py:191} INFO - Requirement already satisfied: text-unidecode>=1.3 in /tmp/cosmos_venv_ecom/lib/python3.10/site-packages (from python-slugify>=1.2.1->agate<1.10,>=1.7.0->dbt-core>=1.9->dbt-clickhouse) (1.3)
[2025-09-19T16:55:25.559+0000] {local.py:470} INFO - Cloning project to writable temp directory /tmp/tmp2p28jinp from /opt/airflow/dags/dbt/ecom_staging
[2025-09-19T16:55:25.570+0000] {local.py:490} INFO - Partial parse is enabled and the latest partial parse file is /tmp/cosmos/dbt_staging__dbt_ecom/target/partial_parse.msgpack
[2025-09-19T16:55:25.580+0000] {config.py:362} INFO - Using user-supplied profiles.yml at /opt/airflow/dags/dbt/profiles.yml
[2025-09-19T16:55:25.587+0000] {virtualenv.py:99} INFO - Using Python binary from virtualenv: /tmp/cosmos_venv_ecom/bin/python
[2025-09-19T16:55:25.588+0000] {local.py:434} INFO - Trying to run the command:
 ['/tmp/cosmos_venv_ecom/bin/dbt', 'deps', '--project-dir', '/tmp/tmp2p28jinp', '--profiles-dir', '/opt/***/dags/dbt', '--profile', 'ecom_staging', '--target', 'dev']
From /tmp/tmp2p28jinp
[2025-09-19T16:55:25.588+0000] {subprocess.py:56} INFO - Tmp dir root location: 
 /tmp
[2025-09-19T16:55:25.588+0000] {subprocess.py:69} INFO - Running command: ['/tmp/cosmos_venv_ecom/bin/dbt', 'deps', '--project-dir', '/tmp/tmp2p28jinp', '--profiles-dir', '/opt/***/dags/dbt', '--profile', 'ecom_staging', '--target', 'dev']
[2025-09-19T16:55:25.599+0000] {subprocess.py:80} INFO - Command output:
[2025-09-19T16:55:27.562+0000] {subprocess.py:90} INFO - [0m16:55:27  Running with dbt=1.10.11
[2025-09-19T16:55:28.200+0000] {subprocess.py:90} INFO - [0m16:55:28  Installing dbt-labs/dbt_utils
[2025-09-19T16:55:28.929+0000] {subprocess.py:90} INFO - [0m16:55:28  Installed from version 1.3.0
[2025-09-19T16:55:28.933+0000] {subprocess.py:90} INFO - [0m16:55:28  Updated version available: 1.3.1
[2025-09-19T16:55:28.933+0000] {subprocess.py:90} INFO - [0m16:55:28
[2025-09-19T16:55:28.934+0000] {subprocess.py:90} INFO - [0m16:55:28  Updates available for packages: ['dbt-labs/dbt_utils']
[2025-09-19T16:55:28.935+0000] {subprocess.py:90} INFO - Update your versions in packages.yml, then run dbt deps
[2025-09-19T16:55:30.587+0000] {subprocess.py:94} INFO - Command exited with return code 0
[2025-09-19T16:55:30.587+0000] {local.py:441} INFO - Update your versions in packages.yml, then run dbt deps
[2025-09-19T16:55:30.588+0000] {virtualenv.py:99} INFO - Using Python binary from virtualenv: /tmp/cosmos_venv_ecom/bin/python
[2025-09-19T16:55:30.588+0000] {local.py:434} INFO - Trying to run the command:
 ['/tmp/cosmos_venv_ecom/bin/dbt', 'test', '--models', 'stg_interactions', '--project-dir', '/tmp/tmp2p28jinp', '--profiles-dir', '/opt/***/dags/dbt', '--profile', 'ecom_staging', '--target', 'dev']
From /tmp/tmp2p28jinp
[2025-09-19T16:55:30.588+0000] {subprocess.py:56} INFO - Tmp dir root location: 
 /tmp
[2025-09-19T16:55:30.589+0000] {subprocess.py:69} INFO - Running command: ['/tmp/cosmos_venv_ecom/bin/dbt', 'test', '--models', 'stg_interactions', '--project-dir', '/tmp/tmp2p28jinp', '--profiles-dir', '/opt/***/dags/dbt', '--profile', 'ecom_staging', '--target', 'dev']
[2025-09-19T16:55:30.601+0000] {subprocess.py:80} INFO - Command output:
[2025-09-19T16:55:32.460+0000] {subprocess.py:90} INFO - [0m16:55:32  Running with dbt=1.10.11
[2025-09-19T16:55:32.462+0000] {subprocess.py:90} INFO - [0m16:55:32  [[33mWARNING[0m]: Deprecated functionality
[2025-09-19T16:55:32.462+0000] {subprocess.py:90} INFO - Usage of `--models`, `--model`, and `-m` is deprecated in favor of `--select` or
[2025-09-19T16:55:32.463+0000] {subprocess.py:90} INFO - `-s`.
[2025-09-19T16:55:32.759+0000] {subprocess.py:90} INFO - [0m16:55:32  Registered adapter: clickhouse=1.9.3
[2025-09-19T16:55:33.602+0000] {subprocess.py:90} INFO - [0m16:55:33  Found 8 models, 54 data tests, 8 sources, 597 macros
[2025-09-19T16:55:33.607+0000] {subprocess.py:90} INFO - [0m16:55:33
[2025-09-19T16:55:33.608+0000] {subprocess.py:90} INFO - [0m16:55:33  Concurrency: 4 threads (target='dev')
[2025-09-19T16:55:33.608+0000] {subprocess.py:90} INFO - [0m16:55:33
[2025-09-19T16:55:33.764+0000] {subprocess.py:90} INFO - [0m16:55:33  1 of 4 START test not_null_stg_interactions_CUSTOMER_ID ........................ [RUN]
[2025-09-19T16:55:33.767+0000] {subprocess.py:90} INFO - [0m16:55:33  2 of 4 START test not_null_stg_interactions_EVENT_ID ........................... [RUN]
[2025-09-19T16:55:33.785+0000] {subprocess.py:90} INFO - [0m16:55:33  3 of 4 START test not_null_stg_interactions_PRODUCT_ID ......................... [RUN]
[2025-09-19T16:55:33.790+0000] {subprocess.py:90} INFO - [0m16:55:33  4 of 4 START test unique_stg_interactions_EVENT_ID ............................. [RUN]
[2025-09-19T16:55:33.900+0000] {subprocess.py:90} INFO - [0m16:55:33  1 of 4 ERROR not_null_stg_interactions_CUSTOMER_ID ............................. [[31mERROR[0m in 0.13s]
[2025-09-19T16:55:33.938+0000] {subprocess.py:90} INFO - [0m16:55:33  2 of 4 ERROR not_null_stg_interactions_EVENT_ID ................................ [[31mERROR[0m in 0.15s]
[2025-09-19T16:55:33.943+0000] {subprocess.py:90} INFO - [0m16:55:33  3 of 4 ERROR not_null_stg_interactions_PRODUCT_ID .............................. [[31mERROR[0m in 0.15s]
[2025-09-19T16:55:33.944+0000] {subprocess.py:90} INFO - [0m16:55:33  4 of 4 ERROR unique_stg_interactions_EVENT_ID .................................. [[31mERROR[0m in 0.15s]
[2025-09-19T16:55:33.952+0000] {subprocess.py:90} INFO - [0m16:55:33
[2025-09-19T16:55:33.953+0000] {subprocess.py:90} INFO - [0m16:55:33  Finished running 4 data tests in 0 hours 0 minutes and 0.34 seconds (0.34s).
[2025-09-19T16:55:34.009+0000] {subprocess.py:90} INFO - [0m16:55:34
[2025-09-19T16:55:34.010+0000] {subprocess.py:90} INFO - [0m16:55:34  [31mCompleted with 4 errors, 0 partial successes, and 0 warnings:[0m
[2025-09-19T16:55:34.011+0000] {subprocess.py:90} INFO - [0m16:55:34
[2025-09-19T16:55:34.011+0000] {subprocess.py:90} INFO - [0m16:55:34  [31mFailure in test not_null_stg_interactions_CUSTOMER_ID (models/ecom_staging/schema.yml)[0m
[2025-09-19T16:55:34.012+0000] {subprocess.py:90} INFO - [0m16:55:34    Database Error in test not_null_stg_interactions_CUSTOMER_ID (models/ecom_staging/schema.yml)
[2025-09-19T16:55:34.013+0000] {subprocess.py:90} INFO -   HTTPDriver for http://clickhouse:8123 received ClickHouse error code 47
[2025-09-19T16:55:34.014+0000] {subprocess.py:90} INFO -    Code: 47. DB::Exception: Unknown expression identifier 'CUSTOMER_ID' in scope SELECT CUSTOMER_ID FROM ecom_db_staging.stg_interactions WHERE CUSTOMER_ID IS NULL. Maybe you meant: ['customer_id']. (UNKNOWN_IDENTIFIER) (version 24.8.14.39 (official build))
[2025-09-19T16:55:34.014+0000] {subprocess.py:90} INFO -   compiled code at target/run/ecom_staging/models/ecom_staging/schema.yml/not_null_stg_interactions_CUSTOMER_ID.sql
[2025-09-19T16:55:34.015+0000] {subprocess.py:90} INFO - [0m16:55:34
[2025-09-19T16:55:34.016+0000] {subprocess.py:90} INFO - [0m16:55:34    compiled code at target/compiled/ecom_staging/models/ecom_staging/schema.yml/not_null_stg_interactions_CUSTOMER_ID.sql
[2025-09-19T16:55:34.016+0000] {subprocess.py:90} INFO - [0m16:55:34
[2025-09-19T16:55:34.017+0000] {subprocess.py:90} INFO - [0m16:55:34  [31mFailure in test not_null_stg_interactions_EVENT_ID (models/ecom_staging/schema.yml)[0m
[2025-09-19T16:55:34.017+0000] {subprocess.py:90} INFO - [0m16:55:34    Database Error in test not_null_stg_interactions_EVENT_ID (models/ecom_staging/schema.yml)
[2025-09-19T16:55:34.018+0000] {subprocess.py:90} INFO -   HTTPDriver for http://clickhouse:8123 received ClickHouse error code 47
[2025-09-19T16:55:34.019+0000] {subprocess.py:90} INFO -    Code: 47. DB::Exception: Unknown expression identifier 'EVENT_ID' in scope SELECT EVENT_ID FROM ecom_db_staging.stg_interactions WHERE EVENT_ID IS NULL. Maybe you meant: ['event_id']. (UNKNOWN_IDENTIFIER) (version 24.8.14.39 (official build))
[2025-09-19T16:55:34.019+0000] {subprocess.py:90} INFO -   compiled code at target/run/ecom_staging/models/ecom_staging/schema.yml/not_null_stg_interactions_EVENT_ID.sql
[2025-09-19T16:55:34.020+0000] {subprocess.py:90} INFO - [0m16:55:34
[2025-09-19T16:55:34.020+0000] {subprocess.py:90} INFO - [0m16:55:34    compiled code at target/compiled/ecom_staging/models/ecom_staging/schema.yml/not_null_stg_interactions_EVENT_ID.sql
[2025-09-19T16:55:34.020+0000] {subprocess.py:90} INFO - [0m16:55:34
[2025-09-19T16:55:34.021+0000] {subprocess.py:90} INFO - [0m16:55:34  [31mFailure in test not_null_stg_interactions_PRODUCT_ID (models/ecom_staging/schema.yml)[0m
[2025-09-19T16:55:34.021+0000] {subprocess.py:90} INFO - [0m16:55:34    Database Error in test not_null_stg_interactions_PRODUCT_ID (models/ecom_staging/schema.yml)
[2025-09-19T16:55:34.021+0000] {subprocess.py:90} INFO -   HTTPDriver for http://clickhouse:8123 received ClickHouse error code 47
[2025-09-19T16:55:34.021+0000] {subprocess.py:90} INFO -    Code: 47. DB::Exception: Unknown expression identifier 'PRODUCT_ID' in scope SELECT PRODUCT_ID FROM ecom_db_staging.stg_interactions WHERE PRODUCT_ID IS NULL. Maybe you meant: ['product_id']. (UNKNOWN_IDENTIFIER) (version 24.8.14.39 (official build))
[2025-09-19T16:55:34.021+0000] {subprocess.py:90} INFO -   compiled code at target/run/ecom_staging/models/ecom_staging/schema.yml/not_null_stg_interactions_PRODUCT_ID.sql
[2025-09-19T16:55:34.022+0000] {subprocess.py:90} INFO - [0m16:55:34
[2025-09-19T16:55:34.022+0000] {subprocess.py:90} INFO - [0m16:55:34    compiled code at target/compiled/ecom_staging/models/ecom_staging/schema.yml/not_null_stg_interactions_PRODUCT_ID.sql
[2025-09-19T16:55:34.022+0000] {subprocess.py:90} INFO - [0m16:55:34
[2025-09-19T16:55:34.022+0000] {subprocess.py:90} INFO - [0m16:55:34  [31mFailure in test unique_stg_interactions_EVENT_ID (models/ecom_staging/schema.yml)[0m
[2025-09-19T16:55:34.022+0000] {subprocess.py:90} INFO - [0m16:55:34    Database Error in test unique_stg_interactions_EVENT_ID (models/ecom_staging/schema.yml)
[2025-09-19T16:55:34.023+0000] {subprocess.py:90} INFO -   HTTPDriver for http://clickhouse:8123 received ClickHouse error code 47
[2025-09-19T16:55:34.023+0000] {subprocess.py:90} INFO -    Code: 47. DB::Exception: Unknown expression identifier 'EVENT_ID' in scope SELECT EVENT_ID AS unique_field, count(*) AS n_records FROM ecom_db_staging.stg_interactions WHERE EVENT_ID IS NOT NULL GROUP BY EVENT_ID HAVING count(*) > 1. Maybe you meant: ['event_id']. (UNKNOWN_IDENTIFIER) (version 24.8.14.39 (official build))
[2025-09-19T16:55:34.023+0000] {subprocess.py:90} INFO -   compiled code at target/run/ecom_staging/models/ecom_staging/schema.yml/unique_stg_interactions_EVENT_ID.sql
[2025-09-19T16:55:34.024+0000] {subprocess.py:90} INFO - [0m16:55:34
[2025-09-19T16:55:34.024+0000] {subprocess.py:90} INFO - [0m16:55:34    compiled code at target/compiled/ecom_staging/models/ecom_staging/schema.yml/unique_stg_interactions_EVENT_ID.sql
[2025-09-19T16:55:34.024+0000] {subprocess.py:90} INFO - [0m16:55:34
[2025-09-19T16:55:34.024+0000] {subprocess.py:90} INFO - [0m16:55:34  Done. PASS=0 WARN=0 ERROR=4 SKIP=0 NO-OP=0 TOTAL=4
[2025-09-19T16:55:34.025+0000] {subprocess.py:90} INFO - [0m16:55:34  [[33mWARNING[0m][DeprecationsSummary]: Deprecated functionality
[2025-09-19T16:55:34.025+0000] {subprocess.py:90} INFO - Summary of encountered deprecations:
[2025-09-19T16:55:34.025+0000] {subprocess.py:90} INFO - - ModelParamUsageDeprecation: 1 occurrence
[2025-09-19T16:55:34.025+0000] {subprocess.py:90} INFO - To see all deprecation instances instead of just the first occurrence of each,
[2025-09-19T16:55:34.025+0000] {subprocess.py:90} INFO - run command again with the `--show-all-deprecations` flag. You may also need to
[2025-09-19T16:55:34.026+0000] {subprocess.py:90} INFO - run with `--no-partial-parse` as some deprecations are only encountered during
[2025-09-19T16:55:34.026+0000] {subprocess.py:90} INFO - parsing.
[2025-09-19T16:55:35.886+0000] {subprocess.py:94} INFO - Command exited with return code 1
[2025-09-19T16:55:35.887+0000] {local.py:441} INFO - parsing.
[2025-09-19T16:55:35.918+0000] {local.py:196} WARNING - Artifact schema version: https://schemas.getdbt.com/dbt/manifest/v12.json is above dbt-ol supported version 7. This might cause errors.
[2025-09-19T16:55:35.919+0000] {local.py:196} WARNING - Artifact schema version: https://schemas.getdbt.com/dbt/run-results/v6.json is above dbt-ol supported version 5. This might cause errors.
[2025-09-19T16:55:35.935+0000] {local.py:547} INFO - Inlets: []
[2025-09-19T16:55:35.936+0000] {local.py:548} INFO - Outlets: []
[2025-09-19T16:55:35.937+0000] {local.py:772} INFO - Assigning inlets/outlets without DatasetAlias
[2025-09-19T16:55:35.938+0000] {dag.py:3089} INFO - Sync 1 DAGs
[2025-09-19T16:55:36.246+0000] {local.py:253} ERROR - [0m16:55:32  Running with dbt=1.10.11
[0m16:55:32  [[33mWARNING[0m]: Deprecated functionality
Usage of `--models`, `--model`, and `-m` is deprecated in favor of `--select` or
`-s`.
[0m16:55:32  Registered adapter: clickhouse=1.9.3
[0m16:55:33  Found 8 models, 54 data tests, 8 sources, 597 macros
[0m16:55:33
[0m16:55:33  Concurrency: 4 threads (target='dev')
[0m16:55:33
[0m16:55:33  1 of 4 START test not_null_stg_interactions_CUSTOMER_ID ........................ [RUN]
[0m16:55:33  2 of 4 START test not_null_stg_interactions_EVENT_ID ........................... [RUN]
[0m16:55:33  3 of 4 START test not_null_stg_interactions_PRODUCT_ID ......................... [RUN]
[0m16:55:33  4 of 4 START test unique_stg_interactions_EVENT_ID ............................. [RUN]
[0m16:55:33  1 of 4 ERROR not_null_stg_interactions_CUSTOMER_ID ............................. [[31mERROR[0m in 0.13s]
[0m16:55:33  2 of 4 ERROR not_null_stg_interactions_EVENT_ID ................................ [[31mERROR[0m in 0.15s]
[0m16:55:33  3 of 4 ERROR not_null_stg_interactions_PRODUCT_ID .............................. [[31mERROR[0m in 0.15s]
[0m16:55:33  4 of 4 ERROR unique_stg_interactions_EVENT_ID .................................. [[31mERROR[0m in 0.15s]
[0m16:55:33
[0m16:55:33  Finished running 4 data tests in 0 hours 0 minutes and 0.34 seconds (0.34s).
[0m16:55:34
[0m16:55:34  [31mCompleted with 4 errors, 0 partial successes, and 0 warnings:[0m
[0m16:55:34
[0m16:55:34  [31mFailure in test not_null_stg_interactions_CUSTOMER_ID (models/ecom_staging/schema.yml)[0m
[0m16:55:34    Database Error in test not_null_stg_interactions_CUSTOMER_ID (models/ecom_staging/schema.yml)
  HTTPDriver for http://clickhouse:8123 received ClickHouse error code 47
   Code: 47. DB::Exception: Unknown expression identifier 'CUSTOMER_ID' in scope SELECT CUSTOMER_ID FROM ecom_db_staging.stg_interactions WHERE CUSTOMER_ID IS NULL. Maybe you meant: ['customer_id']. (UNKNOWN_IDENTIFIER) (version 24.8.14.39 (official build))
  compiled code at target/run/ecom_staging/models/ecom_staging/schema.yml/not_null_stg_interactions_CUSTOMER_ID.sql
[0m16:55:34
[0m16:55:34    compiled code at target/compiled/ecom_staging/models/ecom_staging/schema.yml/not_null_stg_interactions_CUSTOMER_ID.sql
[0m16:55:34
[0m16:55:34  [31mFailure in test not_null_stg_interactions_EVENT_ID (models/ecom_staging/schema.yml)[0m
[0m16:55:34    Database Error in test not_null_stg_interactions_EVENT_ID (models/ecom_staging/schema.yml)
  HTTPDriver for http://clickhouse:8123 received ClickHouse error code 47
   Code: 47. DB::Exception: Unknown expression identifier 'EVENT_ID' in scope SELECT EVENT_ID FROM ecom_db_staging.stg_interactions WHERE EVENT_ID IS NULL. Maybe you meant: ['event_id']. (UNKNOWN_IDENTIFIER) (version 24.8.14.39 (official build))
  compiled code at target/run/ecom_staging/models/ecom_staging/schema.yml/not_null_stg_interactions_EVENT_ID.sql
[0m16:55:34
[0m16:55:34    compiled code at target/compiled/ecom_staging/models/ecom_staging/schema.yml/not_null_stg_interactions_EVENT_ID.sql
[0m16:55:34
[0m16:55:34  [31mFailure in test not_null_stg_interactions_PRODUCT_ID (models/ecom_staging/schema.yml)[0m
[0m16:55:34    Database Error in test not_null_stg_interactions_PRODUCT_ID (models/ecom_staging/schema.yml)
  HTTPDriver for http://clickhouse:8123 received ClickHouse error code 47
   Code: 47. DB::Exception: Unknown expression identifier 'PRODUCT_ID' in scope SELECT PRODUCT_ID FROM ecom_db_staging.stg_interactions WHERE PRODUCT_ID IS NULL. Maybe you meant: ['product_id']. (UNKNOWN_IDENTIFIER) (version 24.8.14.39 (official build))
  compiled code at target/run/ecom_staging/models/ecom_staging/schema.yml/not_null_stg_interactions_PRODUCT_ID.sql
[0m16:55:34
[0m16:55:34    compiled code at target/compiled/ecom_staging/models/ecom_staging/schema.yml/not_null_stg_interactions_PRODUCT_ID.sql
[0m16:55:34
[0m16:55:34  [31mFailure in test unique_stg_interactions_EVENT_ID (models/ecom_staging/schema.yml)[0m
[0m16:55:34    Database Error in test unique_stg_interactions_EVENT_ID (models/ecom_staging/schema.yml)
  HTTPDriver for http://clickhouse:8123 received ClickHouse error code 47
   Code: 47. DB::Exception: Unknown expression identifier 'EVENT_ID' in scope SELECT EVENT_ID AS unique_field, count(*) AS n_records FROM ecom_db_staging.stg_interactions WHERE EVENT_ID IS NOT NULL GROUP BY EVENT_ID HAVING count(*) > 1. Maybe you meant: ['event_id']. (UNKNOWN_IDENTIFIER) (version 24.8.14.39 (official build))
  compiled code at target/run/ecom_staging/models/ecom_staging/schema.yml/unique_stg_interactions_EVENT_ID.sql
[0m16:55:34
[0m16:55:34    compiled code at target/compiled/ecom_staging/models/ecom_staging/schema.yml/unique_stg_interactions_EVENT_ID.sql
[0m16:55:34
[0m16:55:34  Done. PASS=0 WARN=0 ERROR=4 SKIP=0 NO-OP=0 TOTAL=4
[0m16:55:34  [[33mWARNING[0m][DeprecationsSummary]: Deprecated functionality
Summary of encountered deprecations:
- ModelParamUsageDeprecation: 1 occurrence
To see all deprecation instances instead of just the first occurrence of each,
run command again with the `--show-all-deprecations` flag. You may also need to
run with `--no-partial-parse` as some deprecations are only encountered during
parsing.
[2025-09-19T16:55:36.256+0000] {virtualenv.py:131} INFO - Releasing virtualenv lock
[2025-09-19T16:55:36.257+0000] {taskinstance.py:441} INFO - ::group::Post task execution logs
[2025-09-19T16:55:36.309+0000] {taskinstance.py:2905} ERROR - Task failed with exception
Traceback (most recent call last):
  File "/home/airflow/.local/lib/python3.10/site-packages/airflow/models/taskinstance.py", line 465, in _execute_task
    result = _execute_callable(context=context, **execute_callable_kwargs)
  File "/home/airflow/.local/lib/python3.10/site-packages/airflow/models/taskinstance.py", line 432, in _execute_callable
    return execute_callable(context=context, **execute_callable_kwargs)
  File "/home/airflow/.local/lib/python3.10/site-packages/airflow/models/baseoperator.py", line 401, in wrapper
    return func(self, *args, **kwargs)
  File "/home/airflow/.local/lib/python3.10/site-packages/cosmos/operators/virtualenv.py", line 144, in execute
    output = super().execute(context)
  File "/home/airflow/.local/lib/python3.10/site-packages/airflow/models/baseoperator.py", line 401, in wrapper
    return func(self, *args, **kwargs)
  File "/home/airflow/.local/lib/python3.10/site-packages/cosmos/operators/local.py", line 1089, in execute
    result = self.build_and_run_cmd(context=context, cmd_flags=self.add_cmd_flags())
  File "/home/airflow/.local/lib/python3.10/site-packages/cosmos/operators/local.py", line 853, in build_and_run_cmd
    result = self.run_command(
  File "/home/airflow/.local/lib/python3.10/site-packages/cosmos/operators/virtualenv.py", line 129, in run_command
    return super().run_command(cmd, env, context, run_as_async=run_as_async, async_context=async_context)
  File "/home/airflow/.local/lib/python3.10/site-packages/cosmos/operators/local.py", line 650, in run_command
    self.handle_exception(result)
  File "/home/airflow/.local/lib/python3.10/site-packages/cosmos/operators/local.py", line 254, in handle_exception_subprocess
    raise AirflowException(f"dbt command failed. The command returned a non-zero exit code {result.exit_code}.")
airflow.exceptions.AirflowException: dbt command failed. The command returned a non-zero exit code 1.
[2025-09-19T16:55:36.314+0000] {taskinstance.py:1206} INFO - Marking task as FAILED. dag_id=dbt_staging, task_id=dbt_ecom.stg_interactions.test, run_id=scheduled__2025-09-18T00:00:00+00:00, execution_date=20250918T000000, start_date=20250919T165522, end_date=20250919T165536
[2025-09-19T16:55:36.360+0000] {standard_task_runner.py:110} ERROR - Failed to execute job 606 for task dbt_ecom.stg_interactions.test (dbt command failed. The command returned a non-zero exit code 1.; 3379)
[2025-09-19T16:55:36.409+0000] {local_task_job_runner.py:243} INFO - Task exited with return code 1
[2025-09-19T16:55:36.481+0000] {taskinstance.py:3503} INFO - 0 downstream tasks scheduled from follow-on schedule check
[2025-09-19T16:55:36.493+0000] {local_task_job_runner.py:222} INFO - ::endgroup::
