[2025-09-13T09:43:22.675+0000] {local_task_job_runner.py:120} INFO - ::group::Pre task execution logs
[2025-09-13T09:43:22.724+0000] {taskinstance.py:2076} INFO - Dependencies all met for dep_context=non-requeueable deps ti=<TaskInstance: dbt_intermediate.intermediate.subcategories_enriched.test manual__2025-09-13T09:41:16.265222+00:00 [queued]>
[2025-09-13T09:43:22.736+0000] {taskinstance.py:2076} INFO - Dependencies all met for dep_context=requeueable deps ti=<TaskInstance: dbt_intermediate.intermediate.subcategories_enriched.test manual__2025-09-13T09:41:16.265222+00:00 [queued]>
[2025-09-13T09:43:22.745+0000] {taskinstance.py:2306} INFO - Starting attempt 1 of 1
[2025-09-13T09:43:22.774+0000] {taskinstance.py:2330} INFO - Executing <Task(DbtTestVirtualenvOperator): intermediate.subcategories_enriched.test> on 2025-09-13 09:41:16.265222+00:00
[2025-09-13T09:43:22.783+0000] {standard_task_runner.py:64} INFO - Started process 6876 to run task
[2025-09-13T09:43:22.786+0000] {standard_task_runner.py:90} INFO - Running: ['***', 'tasks', 'run', 'dbt_intermediate', 'intermediate.subcategories_enriched.test', 'manual__2025-09-13T09:41:16.265222+00:00', '--job-id', '226', '--raw', '--subdir', 'DAGS_FOLDER/dbt_intermediate.py', '--cfg-path', '/tmp/tmp168t845r']
[2025-09-13T09:43:22.790+0000] {standard_task_runner.py:91} INFO - Job 226: Subtask intermediate.subcategories_enriched.test
[2025-09-13T09:43:22.945+0000] {task_command.py:426} INFO - Running <TaskInstance: dbt_intermediate.intermediate.subcategories_enriched.test manual__2025-09-13T09:41:16.265222+00:00 [running]> on host e95bde6b8d07
[2025-09-13T09:43:23.201+0000] {taskinstance.py:2648} INFO - Exporting env vars: AIRFLOW_CTX_DAG_OWNER='***' AIRFLOW_CTX_DAG_ID='dbt_intermediate' AIRFLOW_CTX_TASK_ID='intermediate.subcategories_enriched.test' AIRFLOW_CTX_EXECUTION_DATE='2025-09-13T09:41:16.265222+00:00' AIRFLOW_CTX_TRY_NUMBER='1' AIRFLOW_CTX_DAG_RUN_ID='manual__2025-09-13T09:41:16.265222+00:00'
[2025-09-13T09:43:23.203+0000] {taskinstance.py:430} INFO - ::endgroup::
[2025-09-13T09:43:23.221+0000] {baseoperator.py:400} WARNING - DbtTestVirtualenvOperator.execute cannot be called outside TaskInstance!
[2025-09-13T09:43:23.222+0000] {virtualenv.py:120} INFO - Checking if the virtualenv lock /tmp/cosmos_venv_ecom/cosmos_virtualenv.lock exists
[2025-09-13T09:43:23.222+0000] {virtualenv.py:178} INFO - Checking for running process with PID 6789
[2025-09-13T09:43:23.223+0000] {virtualenv.py:181} INFO - Process 6789 running: True and has the lock /tmp/cosmos_venv_ecom/cosmos_virtualenv.lock.
[2025-09-13T09:43:23.224+0000] {virtualenv.py:122} INFO - Waiting for virtualenv lock to be released
[2025-09-13T09:43:24.226+0000] {virtualenv.py:178} INFO - Checking for running process with PID 6789
[2025-09-13T09:43:24.227+0000] {virtualenv.py:181} INFO - Process 6789 running: True and has the lock /tmp/cosmos_venv_ecom/cosmos_virtualenv.lock.
[2025-09-13T09:43:24.228+0000] {virtualenv.py:122} INFO - Waiting for virtualenv lock to be released
[2025-09-13T09:43:25.229+0000] {virtualenv.py:178} INFO - Checking for running process with PID 6789
[2025-09-13T09:43:25.230+0000] {virtualenv.py:181} INFO - Process 6789 running: True and has the lock /tmp/cosmos_venv_ecom/cosmos_virtualenv.lock.
[2025-09-13T09:43:25.231+0000] {virtualenv.py:122} INFO - Waiting for virtualenv lock to be released
[2025-09-13T09:43:26.233+0000] {virtualenv.py:178} INFO - Checking for running process with PID 6789
[2025-09-13T09:43:26.234+0000] {virtualenv.py:181} INFO - Process 6789 running: True and has the lock /tmp/cosmos_venv_ecom/cosmos_virtualenv.lock.
[2025-09-13T09:43:26.234+0000] {virtualenv.py:122} INFO - Waiting for virtualenv lock to be released
[2025-09-13T09:43:27.236+0000] {virtualenv.py:178} INFO - Checking for running process with PID 6789
[2025-09-13T09:43:27.238+0000] {virtualenv.py:181} INFO - Process 6789 running: True and has the lock /tmp/cosmos_venv_ecom/cosmos_virtualenv.lock.
[2025-09-13T09:43:27.240+0000] {virtualenv.py:122} INFO - Waiting for virtualenv lock to be released
[2025-09-13T09:43:28.242+0000] {virtualenv.py:178} INFO - Checking for running process with PID 6789
[2025-09-13T09:43:28.243+0000] {virtualenv.py:181} INFO - Process 6789 running: True and has the lock /tmp/cosmos_venv_ecom/cosmos_virtualenv.lock.
[2025-09-13T09:43:28.244+0000] {virtualenv.py:122} INFO - Waiting for virtualenv lock to be released
[2025-09-13T09:43:29.245+0000] {virtualenv.py:178} INFO - Checking for running process with PID 6789
[2025-09-13T09:43:29.246+0000] {virtualenv.py:181} INFO - Process 6789 running: True and has the lock /tmp/cosmos_venv_ecom/cosmos_virtualenv.lock.
[2025-09-13T09:43:29.247+0000] {virtualenv.py:122} INFO - Waiting for virtualenv lock to be released
[2025-09-13T09:43:30.248+0000] {virtualenv.py:178} INFO - Checking for running process with PID 6789
[2025-09-13T09:43:30.249+0000] {virtualenv.py:181} INFO - Process 6789 running: True and has the lock /tmp/cosmos_venv_ecom/cosmos_virtualenv.lock.
[2025-09-13T09:43:30.250+0000] {virtualenv.py:122} INFO - Waiting for virtualenv lock to be released
[2025-09-13T09:43:31.251+0000] {virtualenv.py:178} INFO - Checking for running process with PID 6789
[2025-09-13T09:43:31.252+0000] {virtualenv.py:181} INFO - Process 6789 running: True and has the lock /tmp/cosmos_venv_ecom/cosmos_virtualenv.lock.
[2025-09-13T09:43:31.253+0000] {virtualenv.py:122} INFO - Waiting for virtualenv lock to be released
[2025-09-13T09:43:32.255+0000] {virtualenv.py:178} INFO - Checking for running process with PID 6789
[2025-09-13T09:43:32.255+0000] {virtualenv.py:181} INFO - Process 6789 running: True and has the lock /tmp/cosmos_venv_ecom/cosmos_virtualenv.lock.
[2025-09-13T09:43:32.256+0000] {virtualenv.py:122} INFO - Waiting for virtualenv lock to be released
[2025-09-13T09:43:33.257+0000] {virtualenv.py:178} INFO - Checking for running process with PID 6789
[2025-09-13T09:43:33.258+0000] {virtualenv.py:181} INFO - Process 6789 running: True and has the lock /tmp/cosmos_venv_ecom/cosmos_virtualenv.lock.
[2025-09-13T09:43:33.258+0000] {virtualenv.py:122} INFO - Waiting for virtualenv lock to be released
[2025-09-13T09:43:34.260+0000] {virtualenv.py:126} INFO - Acquiring the virtualenv lock
[2025-09-13T09:43:34.261+0000] {virtualenv.py:195} INFO - Acquiring lock at /tmp/cosmos_venv_ecom/cosmos_virtualenv.lock with pid 6876
[2025-09-13T09:43:34.262+0000] {virtualenv.py:153} INFO - Creating or updating the virtualenv at `/tmp/cosmos_venv_ecom
[2025-09-13T09:43:34.263+0000] {process_utils.py:183} INFO - Executing cmd: /home/***/.local/bin/python -m virtualenv /tmp/cosmos_venv_ecom --python=python3
[2025-09-13T09:43:34.264+0000] {process_utils.py:187} INFO - Output:
[2025-09-13T09:43:35.411+0000] {process_utils.py:191} INFO - created virtual environment CPython3.10.14.final.0-64 in 468ms
[2025-09-13T09:43:35.411+0000] {process_utils.py:191} INFO -   creator CPython3Posix(dest=/tmp/cosmos_venv_ecom, clear=False, no_vcs_ignore=False, global=False)
[2025-09-13T09:43:35.412+0000] {process_utils.py:191} INFO -   seeder FromAppData(download=False, pip=bundle, setuptools=bundle, wheel=bundle, via=copy, app_data_dir=/home/***/.local/share/virtualenv)
[2025-09-13T09:43:35.413+0000] {process_utils.py:191} INFO -     added seed packages: MarkupSafe==3.0.2, PyYAML==6.0.2, agate==1.9.1, annotated_types==0.7.0, attrs==25.3.0, babel==2.17.0, certifi==2025.8.3, charset_normalizer==3.4.3, click==8.2.1, clickhouse_connect==0.8.18, clickhouse_driver==0.2.9, colorama==0.4.6, daff==1.4.2, dbt_adapters==1.16.7, dbt_clickhouse==1.9.3, dbt_common==1.30.0, dbt_core==1.10.11, dbt_extractor==0.6.0, dbt_protos==1.0.375, dbt_semantic_interfaces==0.9.0, deepdiff==8.6.1, idna==3.10, importlib_metadata==8.7.0, isodate==0.6.1, jinja2==3.1.6, jsonschema==4.25.1, jsonschema_specifications==2025.9.1, leather==0.4.0, lz4==4.4.4, mashumaro==3.14, more_itertools==10.8.0, msgpack==1.1.1, networkx==3.4.2, orderly_set==5.5.0, packaging==25.0, parsedatetime==2.6, pathspec==0.12.1, pip==25.2, protobuf==6.32.1, pydantic==2.11.7, pydantic_core==2.33.2, python_dateutil==2.9.0.post0, python_slugify==8.0.4, pytimeparse==1.1.8, pytz==2025.2, referencing==0.36.2, requests==2.32.5, rpds_py==0.27.1, setuptools==80.9.0, six==1.17.0, snowplow_tracker==1.1.0, sqlparse==0.5.3, text_unidecode==1.3, typing_extensions==4.15.0, typing_inspection==0.4.1, tzlocal==5.3.1, urllib3==2.5.0, wheel==0.45.1, zipp==3.23.0, zstandard==0.24.0
[2025-09-13T09:43:35.414+0000] {process_utils.py:191} INFO -   activators BashActivator,CShellActivator,FishActivator,NushellActivator,PowerShellActivator,PythonActivator
[2025-09-13T09:43:35.460+0000] {process_utils.py:183} INFO - Executing cmd: /tmp/cosmos_venv_ecom/bin/pip install dbt-clickhouse
[2025-09-13T09:43:35.461+0000] {process_utils.py:187} INFO - Output:
[2025-09-13T09:43:36.555+0000] {process_utils.py:191} INFO - Requirement already satisfied: dbt-clickhouse in /tmp/cosmos_venv_ecom/lib/python3.10/site-packages (1.9.3)
[2025-09-13T09:43:36.557+0000] {process_utils.py:191} INFO - Requirement already satisfied: dbt-core>=1.9 in /tmp/cosmos_venv_ecom/lib/python3.10/site-packages (from dbt-clickhouse) (1.10.11)
[2025-09-13T09:43:36.558+0000] {process_utils.py:191} INFO - Requirement already satisfied: clickhouse-connect>=0.6.22 in /tmp/cosmos_venv_ecom/lib/python3.10/site-packages (from dbt-clickhouse) (0.8.18)
[2025-09-13T09:43:36.559+0000] {process_utils.py:191} INFO - Requirement already satisfied: clickhouse-driver>=0.2.6 in /tmp/cosmos_venv_ecom/lib/python3.10/site-packages (from dbt-clickhouse) (0.2.9)
[2025-09-13T09:43:36.560+0000] {process_utils.py:191} INFO - Requirement already satisfied: setuptools>=0.69 in /tmp/cosmos_venv_ecom/lib/python3.10/site-packages (from dbt-clickhouse) (80.9.0)
[2025-09-13T09:43:36.561+0000] {process_utils.py:191} INFO - Requirement already satisfied: certifi in /tmp/cosmos_venv_ecom/lib/python3.10/site-packages (from clickhouse-connect>=0.6.22->dbt-clickhouse) (2025.8.3)
[2025-09-13T09:43:36.562+0000] {process_utils.py:191} INFO - Requirement already satisfied: urllib3>=1.26 in /tmp/cosmos_venv_ecom/lib/python3.10/site-packages (from clickhouse-connect>=0.6.22->dbt-clickhouse) (2.5.0)
[2025-09-13T09:43:36.563+0000] {process_utils.py:191} INFO - Requirement already satisfied: pytz in /tmp/cosmos_venv_ecom/lib/python3.10/site-packages (from clickhouse-connect>=0.6.22->dbt-clickhouse) (2025.2)
[2025-09-13T09:43:36.563+0000] {process_utils.py:191} INFO - Requirement already satisfied: zstandard in /tmp/cosmos_venv_ecom/lib/python3.10/site-packages (from clickhouse-connect>=0.6.22->dbt-clickhouse) (0.24.0)
[2025-09-13T09:43:36.564+0000] {process_utils.py:191} INFO - Requirement already satisfied: lz4 in /tmp/cosmos_venv_ecom/lib/python3.10/site-packages (from clickhouse-connect>=0.6.22->dbt-clickhouse) (4.4.4)
[2025-09-13T09:43:36.565+0000] {process_utils.py:191} INFO - Requirement already satisfied: tzlocal in /tmp/cosmos_venv_ecom/lib/python3.10/site-packages (from clickhouse-driver>=0.2.6->dbt-clickhouse) (5.3.1)
[2025-09-13T09:43:36.568+0000] {process_utils.py:191} INFO - Requirement already satisfied: agate<1.10,>=1.7.0 in /tmp/cosmos_venv_ecom/lib/python3.10/site-packages (from dbt-core>=1.9->dbt-clickhouse) (1.9.1)
[2025-09-13T09:43:36.569+0000] {process_utils.py:191} INFO - Requirement already satisfied: Jinja2<4,>=3.1.3 in /tmp/cosmos_venv_ecom/lib/python3.10/site-packages (from dbt-core>=1.9->dbt-clickhouse) (3.1.6)
[2025-09-13T09:43:36.570+0000] {process_utils.py:191} INFO - Requirement already satisfied: mashumaro<3.15,>=3.9 in /tmp/cosmos_venv_ecom/lib/python3.10/site-packages (from mashumaro[msgpack]<3.15,>=3.9->dbt-core>=1.9->dbt-clickhouse) (3.14)
[2025-09-13T09:43:36.571+0000] {process_utils.py:191} INFO - Requirement already satisfied: click<9.0,>=8.0.2 in /tmp/cosmos_venv_ecom/lib/python3.10/site-packages (from dbt-core>=1.9->dbt-clickhouse) (8.2.1)
[2025-09-13T09:43:36.571+0000] {process_utils.py:191} INFO - Requirement already satisfied: jsonschema<5.0,>=4.19.1 in /tmp/cosmos_venv_ecom/lib/python3.10/site-packages (from dbt-core>=1.9->dbt-clickhouse) (4.25.1)
[2025-09-13T09:43:36.572+0000] {process_utils.py:191} INFO - Requirement already satisfied: networkx<4.0,>=2.3 in /tmp/cosmos_venv_ecom/lib/python3.10/site-packages (from dbt-core>=1.9->dbt-clickhouse) (3.4.2)
[2025-09-13T09:43:36.572+0000] {process_utils.py:191} INFO - Requirement already satisfied: protobuf<7.0,>=6.0 in /tmp/cosmos_venv_ecom/lib/python3.10/site-packages (from dbt-core>=1.9->dbt-clickhouse) (6.32.1)
[2025-09-13T09:43:36.573+0000] {process_utils.py:191} INFO - Requirement already satisfied: requests<3.0.0 in /tmp/cosmos_venv_ecom/lib/python3.10/site-packages (from dbt-core>=1.9->dbt-clickhouse) (2.32.5)
[2025-09-13T09:43:36.573+0000] {process_utils.py:191} INFO - Requirement already satisfied: snowplow-tracker<2.0,>=1.0.2 in /tmp/cosmos_venv_ecom/lib/python3.10/site-packages (from dbt-core>=1.9->dbt-clickhouse) (1.1.0)
[2025-09-13T09:43:36.574+0000] {process_utils.py:191} INFO - Requirement already satisfied: pathspec<0.13,>=0.9 in /tmp/cosmos_venv_ecom/lib/python3.10/site-packages (from dbt-core>=1.9->dbt-clickhouse) (0.12.1)
[2025-09-13T09:43:36.574+0000] {process_utils.py:191} INFO - Requirement already satisfied: sqlparse<0.6.0,>=0.5.0 in /tmp/cosmos_venv_ecom/lib/python3.10/site-packages (from dbt-core>=1.9->dbt-clickhouse) (0.5.3)
[2025-09-13T09:43:36.575+0000] {process_utils.py:191} INFO - Requirement already satisfied: dbt-extractor<=0.6,>=0.5.0 in /tmp/cosmos_venv_ecom/lib/python3.10/site-packages (from dbt-core>=1.9->dbt-clickhouse) (0.6.0)
[2025-09-13T09:43:36.575+0000] {process_utils.py:191} INFO - Requirement already satisfied: dbt-semantic-interfaces<0.10,>=0.9.0 in /tmp/cosmos_venv_ecom/lib/python3.10/site-packages (from dbt-core>=1.9->dbt-clickhouse) (0.9.0)
[2025-09-13T09:43:36.575+0000] {process_utils.py:191} INFO - Requirement already satisfied: dbt-common<2.0,>=1.27.0 in /tmp/cosmos_venv_ecom/lib/python3.10/site-packages (from dbt-core>=1.9->dbt-clickhouse) (1.30.0)
[2025-09-13T09:43:36.576+0000] {process_utils.py:191} INFO - Requirement already satisfied: dbt-adapters<2.0,>=1.15.5 in /tmp/cosmos_venv_ecom/lib/python3.10/site-packages (from dbt-core>=1.9->dbt-clickhouse) (1.16.7)
[2025-09-13T09:43:36.576+0000] {process_utils.py:191} INFO - Requirement already satisfied: dbt-protos<2.0,>=1.0.346 in /tmp/cosmos_venv_ecom/lib/python3.10/site-packages (from dbt-core>=1.9->dbt-clickhouse) (1.0.375)
[2025-09-13T09:43:36.577+0000] {process_utils.py:191} INFO - Requirement already satisfied: pydantic<3 in /tmp/cosmos_venv_ecom/lib/python3.10/site-packages (from dbt-core>=1.9->dbt-clickhouse) (2.11.7)
[2025-09-13T09:43:36.577+0000] {process_utils.py:191} INFO - Requirement already satisfied: packaging>20.9 in /tmp/cosmos_venv_ecom/lib/python3.10/site-packages (from dbt-core>=1.9->dbt-clickhouse) (25.0)
[2025-09-13T09:43:36.578+0000] {process_utils.py:191} INFO - Requirement already satisfied: pyyaml>=6.0 in /tmp/cosmos_venv_ecom/lib/python3.10/site-packages (from dbt-core>=1.9->dbt-clickhouse) (6.0.2)
[2025-09-13T09:43:36.578+0000] {process_utils.py:191} INFO - Requirement already satisfied: daff>=1.3.46 in /tmp/cosmos_venv_ecom/lib/python3.10/site-packages (from dbt-core>=1.9->dbt-clickhouse) (1.4.2)
[2025-09-13T09:43:36.579+0000] {process_utils.py:191} INFO - Requirement already satisfied: typing-extensions>=4.4 in /tmp/cosmos_venv_ecom/lib/python3.10/site-packages (from dbt-core>=1.9->dbt-clickhouse) (4.15.0)
[2025-09-13T09:43:36.581+0000] {process_utils.py:191} INFO - Requirement already satisfied: Babel>=2.0 in /tmp/cosmos_venv_ecom/lib/python3.10/site-packages (from agate<1.10,>=1.7.0->dbt-core>=1.9->dbt-clickhouse) (2.17.0)
[2025-09-13T09:43:36.582+0000] {process_utils.py:191} INFO - Requirement already satisfied: isodate>=0.5.4 in /tmp/cosmos_venv_ecom/lib/python3.10/site-packages (from agate<1.10,>=1.7.0->dbt-core>=1.9->dbt-clickhouse) (0.6.1)
[2025-09-13T09:43:36.582+0000] {process_utils.py:191} INFO - Requirement already satisfied: leather>=0.3.2 in /tmp/cosmos_venv_ecom/lib/python3.10/site-packages (from agate<1.10,>=1.7.0->dbt-core>=1.9->dbt-clickhouse) (0.4.0)
[2025-09-13T09:43:36.583+0000] {process_utils.py:191} INFO - Requirement already satisfied: parsedatetime!=2.5,>=2.1 in /tmp/cosmos_venv_ecom/lib/python3.10/site-packages (from agate<1.10,>=1.7.0->dbt-core>=1.9->dbt-clickhouse) (2.6)
[2025-09-13T09:43:36.583+0000] {process_utils.py:191} INFO - Requirement already satisfied: python-slugify>=1.2.1 in /tmp/cosmos_venv_ecom/lib/python3.10/site-packages (from agate<1.10,>=1.7.0->dbt-core>=1.9->dbt-clickhouse) (8.0.4)
[2025-09-13T09:43:36.584+0000] {process_utils.py:191} INFO - Requirement already satisfied: pytimeparse>=1.1.5 in /tmp/cosmos_venv_ecom/lib/python3.10/site-packages (from agate<1.10,>=1.7.0->dbt-core>=1.9->dbt-clickhouse) (1.1.8)
[2025-09-13T09:43:36.593+0000] {process_utils.py:191} INFO - Requirement already satisfied: colorama<0.5,>=0.3.9 in /tmp/cosmos_venv_ecom/lib/python3.10/site-packages (from dbt-common<2.0,>=1.27.0->dbt-core>=1.9->dbt-clickhouse) (0.4.6)
[2025-09-13T09:43:36.594+0000] {process_utils.py:191} INFO - Requirement already satisfied: deepdiff<9.0,>=7.0 in /tmp/cosmos_venv_ecom/lib/python3.10/site-packages (from dbt-common<2.0,>=1.27.0->dbt-core>=1.9->dbt-clickhouse) (8.6.1)
[2025-09-13T09:43:36.596+0000] {process_utils.py:191} INFO - Requirement already satisfied: python-dateutil<3.0,>=2.0 in /tmp/cosmos_venv_ecom/lib/python3.10/site-packages (from dbt-common<2.0,>=1.27.0->dbt-core>=1.9->dbt-clickhouse) (2.9.0.post0)
[2025-09-13T09:43:36.601+0000] {process_utils.py:191} INFO - Requirement already satisfied: importlib-metadata<9,>=6.0 in /tmp/cosmos_venv_ecom/lib/python3.10/site-packages (from dbt-semantic-interfaces<0.10,>=0.9.0->dbt-core>=1.9->dbt-clickhouse) (8.7.0)
[2025-09-13T09:43:36.603+0000] {process_utils.py:191} INFO - Requirement already satisfied: more-itertools<11.0,>=8.0 in /tmp/cosmos_venv_ecom/lib/python3.10/site-packages (from dbt-semantic-interfaces<0.10,>=0.9.0->dbt-core>=1.9->dbt-clickhouse) (10.8.0)
[2025-09-13T09:43:36.609+0000] {process_utils.py:191} INFO - Requirement already satisfied: orderly-set<6,>=5.4.1 in /tmp/cosmos_venv_ecom/lib/python3.10/site-packages (from deepdiff<9.0,>=7.0->dbt-common<2.0,>=1.27.0->dbt-core>=1.9->dbt-clickhouse) (5.5.0)
[2025-09-13T09:43:36.614+0000] {process_utils.py:191} INFO - Requirement already satisfied: zipp>=3.20 in /tmp/cosmos_venv_ecom/lib/python3.10/site-packages (from importlib-metadata<9,>=6.0->dbt-semantic-interfaces<0.10,>=0.9.0->dbt-core>=1.9->dbt-clickhouse) (3.23.0)
[2025-09-13T09:43:36.615+0000] {process_utils.py:191} INFO - Requirement already satisfied: six in /tmp/cosmos_venv_ecom/lib/python3.10/site-packages (from isodate>=0.5.4->agate<1.10,>=1.7.0->dbt-core>=1.9->dbt-clickhouse) (1.17.0)
[2025-09-13T09:43:36.616+0000] {process_utils.py:191} INFO - Requirement already satisfied: MarkupSafe>=2.0 in /tmp/cosmos_venv_ecom/lib/python3.10/site-packages (from Jinja2<4,>=3.1.3->dbt-core>=1.9->dbt-clickhouse) (3.0.2)
[2025-09-13T09:43:36.619+0000] {process_utils.py:191} INFO - Requirement already satisfied: attrs>=22.2.0 in /tmp/cosmos_venv_ecom/lib/python3.10/site-packages (from jsonschema<5.0,>=4.19.1->dbt-core>=1.9->dbt-clickhouse) (25.3.0)
[2025-09-13T09:43:36.620+0000] {process_utils.py:191} INFO - Requirement already satisfied: jsonschema-specifications>=2023.03.6 in /tmp/cosmos_venv_ecom/lib/python3.10/site-packages (from jsonschema<5.0,>=4.19.1->dbt-core>=1.9->dbt-clickhouse) (2025.9.1)
[2025-09-13T09:43:36.621+0000] {process_utils.py:191} INFO - Requirement already satisfied: referencing>=0.28.4 in /tmp/cosmos_venv_ecom/lib/python3.10/site-packages (from jsonschema<5.0,>=4.19.1->dbt-core>=1.9->dbt-clickhouse) (0.36.2)
[2025-09-13T09:43:36.621+0000] {process_utils.py:191} INFO - Requirement already satisfied: rpds-py>=0.7.1 in /tmp/cosmos_venv_ecom/lib/python3.10/site-packages (from jsonschema<5.0,>=4.19.1->dbt-core>=1.9->dbt-clickhouse) (0.27.1)
[2025-09-13T09:43:36.628+0000] {process_utils.py:191} INFO - Requirement already satisfied: msgpack>=0.5.6 in /tmp/cosmos_venv_ecom/lib/python3.10/site-packages (from mashumaro[msgpack]<3.15,>=3.9->dbt-core>=1.9->dbt-clickhouse) (1.1.1)
[2025-09-13T09:43:36.648+0000] {process_utils.py:191} INFO - Requirement already satisfied: annotated-types>=0.6.0 in /tmp/cosmos_venv_ecom/lib/python3.10/site-packages (from pydantic<3->dbt-core>=1.9->dbt-clickhouse) (0.7.0)
[2025-09-13T09:43:36.649+0000] {process_utils.py:191} INFO - Requirement already satisfied: pydantic-core==2.33.2 in /tmp/cosmos_venv_ecom/lib/python3.10/site-packages (from pydantic<3->dbt-core>=1.9->dbt-clickhouse) (2.33.2)
[2025-09-13T09:43:36.651+0000] {process_utils.py:191} INFO - Requirement already satisfied: typing-inspection>=0.4.0 in /tmp/cosmos_venv_ecom/lib/python3.10/site-packages (from pydantic<3->dbt-core>=1.9->dbt-clickhouse) (0.4.1)
[2025-09-13T09:43:36.660+0000] {process_utils.py:191} INFO - Requirement already satisfied: charset_normalizer<4,>=2 in /tmp/cosmos_venv_ecom/lib/python3.10/site-packages (from requests<3.0.0->dbt-core>=1.9->dbt-clickhouse) (3.4.3)
[2025-09-13T09:43:36.661+0000] {process_utils.py:191} INFO - Requirement already satisfied: idna<4,>=2.5 in /tmp/cosmos_venv_ecom/lib/python3.10/site-packages (from requests<3.0.0->dbt-core>=1.9->dbt-clickhouse) (3.10)
[2025-09-13T09:43:36.699+0000] {process_utils.py:191} INFO - Requirement already satisfied: text-unidecode>=1.3 in /tmp/cosmos_venv_ecom/lib/python3.10/site-packages (from python-slugify>=1.2.1->agate<1.10,>=1.7.0->dbt-core>=1.9->dbt-clickhouse) (1.3)
[2025-09-13T09:43:36.803+0000] {local.py:470} INFO - Cloning project to writable temp directory /tmp/tmp8cf1bzh5 from /opt/airflow/dags/dbt/ecom_intermediate
[2025-09-13T09:43:36.818+0000] {local.py:490} INFO - Partial parse is enabled and the latest partial parse file is /tmp/cosmos/dbt_intermediate__intermediate/target/partial_parse.msgpack
[2025-09-13T09:43:36.827+0000] {config.py:362} INFO - Using user-supplied profiles.yml at /opt/airflow/dags/dbt/profiles.yml
[2025-09-13T09:43:36.838+0000] {virtualenv.py:99} INFO - Using Python binary from virtualenv: /tmp/cosmos_venv_ecom/bin/python
[2025-09-13T09:43:36.839+0000] {local.py:434} INFO - Trying to run the command:
 ['/tmp/cosmos_venv_ecom/bin/dbt', 'deps', '--project-dir', '/tmp/tmp8cf1bzh5', '--profiles-dir', '/opt/***/dags/dbt', '--profile', 'ecom_intermediate', '--target', 'dev']
From /tmp/tmp8cf1bzh5
[2025-09-13T09:43:36.839+0000] {subprocess.py:56} INFO - Tmp dir root location: 
 /tmp
[2025-09-13T09:43:36.840+0000] {subprocess.py:69} INFO - Running command: ['/tmp/cosmos_venv_ecom/bin/dbt', 'deps', '--project-dir', '/tmp/tmp8cf1bzh5', '--profiles-dir', '/opt/***/dags/dbt', '--profile', 'ecom_intermediate', '--target', 'dev']
[2025-09-13T09:43:36.850+0000] {subprocess.py:80} INFO - Command output:
[2025-09-13T09:43:38.737+0000] {subprocess.py:90} INFO - [0m09:43:38  Running with dbt=1.10.11
[2025-09-13T09:43:39.387+0000] {subprocess.py:90} INFO - [0m09:43:39  Installing dbt-labs/dbt_utils
[2025-09-13T09:43:40.043+0000] {subprocess.py:90} INFO - [0m09:43:40  Installed from version 1.3.0
[2025-09-13T09:43:40.044+0000] {subprocess.py:90} INFO - [0m09:43:40  Updated version available: 1.3.1
[2025-09-13T09:43:40.045+0000] {subprocess.py:90} INFO - [0m09:43:40
[2025-09-13T09:43:40.045+0000] {subprocess.py:90} INFO - [0m09:43:40  Updates available for packages: ['dbt-labs/dbt_utils']
[2025-09-13T09:43:40.045+0000] {subprocess.py:90} INFO - Update your versions in packages.yml, then run dbt deps
[2025-09-13T09:43:41.808+0000] {subprocess.py:94} INFO - Command exited with return code 0
[2025-09-13T09:43:41.808+0000] {local.py:441} INFO - Update your versions in packages.yml, then run dbt deps
[2025-09-13T09:43:41.809+0000] {virtualenv.py:99} INFO - Using Python binary from virtualenv: /tmp/cosmos_venv_ecom/bin/python
[2025-09-13T09:43:41.810+0000] {local.py:434} INFO - Trying to run the command:
 ['/tmp/cosmos_venv_ecom/bin/dbt', 'test', '--models', 'subcategories_enriched', '--project-dir', '/tmp/tmp8cf1bzh5', '--profiles-dir', '/opt/***/dags/dbt', '--profile', 'ecom_intermediate', '--target', 'dev']
From /tmp/tmp8cf1bzh5
[2025-09-13T09:43:41.810+0000] {subprocess.py:56} INFO - Tmp dir root location: 
 /tmp
[2025-09-13T09:43:41.811+0000] {subprocess.py:69} INFO - Running command: ['/tmp/cosmos_venv_ecom/bin/dbt', 'test', '--models', 'subcategories_enriched', '--project-dir', '/tmp/tmp8cf1bzh5', '--profiles-dir', '/opt/***/dags/dbt', '--profile', 'ecom_intermediate', '--target', 'dev']
[2025-09-13T09:43:41.822+0000] {subprocess.py:80} INFO - Command output:
[2025-09-13T09:43:43.781+0000] {subprocess.py:90} INFO - [0m09:43:43  Running with dbt=1.10.11
[2025-09-13T09:43:43.784+0000] {subprocess.py:90} INFO - [0m09:43:43  [[33mWARNING[0m]: Deprecated functionality
[2025-09-13T09:43:43.785+0000] {subprocess.py:90} INFO - Usage of `--models`, `--model`, and `-m` is deprecated in favor of `--select` or
[2025-09-13T09:43:43.785+0000] {subprocess.py:90} INFO - `-s`.
[2025-09-13T09:43:44.112+0000] {subprocess.py:90} INFO - [0m09:43:44  Registered adapter: clickhouse=1.9.3
[2025-09-13T09:43:44.957+0000] {subprocess.py:90} INFO - [0m09:43:44  Found 15 models, 50 data tests, 8 sources, 597 macros
[2025-09-13T09:43:44.960+0000] {subprocess.py:90} INFO - [0m09:43:44
[2025-09-13T09:43:44.961+0000] {subprocess.py:90} INFO - [0m09:43:44  Concurrency: 4 threads (target='dev')
[2025-09-13T09:43:44.962+0000] {subprocess.py:90} INFO - [0m09:43:44
[2025-09-13T09:43:45.103+0000] {subprocess.py:90} INFO - [0m09:43:45  1 of 3 START test not_null_subcategories_enriched_subcategory_id ............... [RUN]
[2025-09-13T09:43:45.104+0000] {subprocess.py:90} INFO - [0m09:43:45  2 of 3 START test relationships_subcategories_enriched_category_id__category_id__ref_categories_enriched_  [RUN]
[2025-09-13T09:43:45.105+0000] {subprocess.py:90} INFO - [0m09:43:45  3 of 3 START test unique_subcategories_enriched_subcategory_id ................. [RUN]
[2025-09-13T09:43:45.196+0000] {subprocess.py:90} INFO - [0m09:43:45  1 of 3 PASS not_null_subcategories_enriched_subcategory_id ..................... [[32mPASS[0m in 0.09s]
[2025-09-13T09:43:45.258+0000] {subprocess.py:90} INFO - [0m09:43:45  2 of 3 PASS relationships_subcategories_enriched_category_id__category_id__ref_categories_enriched_  [[32mPASS[0m in 0.15s]
[2025-09-13T09:43:45.260+0000] {subprocess.py:90} INFO - [0m09:43:45  3 of 3 FAIL 25 unique_subcategories_enriched_subcategory_id .................... [[31mFAIL 25[0m in 0.15s]
[2025-09-13T09:43:45.267+0000] {subprocess.py:90} INFO - [0m09:43:45
[2025-09-13T09:43:45.267+0000] {subprocess.py:90} INFO - [0m09:43:45  Finished running 3 data tests in 0 hours 0 minutes and 0.30 seconds (0.30s).
[2025-09-13T09:43:45.334+0000] {subprocess.py:90} INFO - [0m09:43:45
[2025-09-13T09:43:45.334+0000] {subprocess.py:90} INFO - [0m09:43:45  [31mCompleted with 1 error, 0 partial successes, and 0 warnings:[0m
[2025-09-13T09:43:45.335+0000] {subprocess.py:90} INFO - [0m09:43:45
[2025-09-13T09:43:45.335+0000] {subprocess.py:90} INFO - [0m09:43:45  [31mFailure in test unique_subcategories_enriched_subcategory_id (models/ecom_intermediate/schema.yml)[0m
[2025-09-13T09:43:45.336+0000] {subprocess.py:90} INFO - [0m09:43:45    Got 25 results, configured to fail if != 0
[2025-09-13T09:43:45.336+0000] {subprocess.py:90} INFO - [0m09:43:45
[2025-09-13T09:43:45.337+0000] {subprocess.py:90} INFO - [0m09:43:45    compiled code at target/compiled/ecom_intermediate/models/ecom_intermediate/schema.yml/unique_subcategories_enriched_subcategory_id.sql
[2025-09-13T09:43:45.337+0000] {subprocess.py:90} INFO - [0m09:43:45
[2025-09-13T09:43:45.338+0000] {subprocess.py:90} INFO - [0m09:43:45  Done. PASS=2 WARN=0 ERROR=1 SKIP=0 NO-OP=0 TOTAL=3
[2025-09-13T09:43:45.338+0000] {subprocess.py:90} INFO - [0m09:43:45  [[33mWARNING[0m][DeprecationsSummary]: Deprecated functionality
[2025-09-13T09:43:45.339+0000] {subprocess.py:90} INFO - Summary of encountered deprecations:
[2025-09-13T09:43:45.339+0000] {subprocess.py:90} INFO - - ModelParamUsageDeprecation: 1 occurrence
[2025-09-13T09:43:45.339+0000] {subprocess.py:90} INFO - To see all deprecation instances instead of just the first occurrence of each,
[2025-09-13T09:43:45.339+0000] {subprocess.py:90} INFO - run command again with the `--show-all-deprecations` flag. You may also need to
[2025-09-13T09:43:45.340+0000] {subprocess.py:90} INFO - run with `--no-partial-parse` as some deprecations are only encountered during
[2025-09-13T09:43:45.340+0000] {subprocess.py:90} INFO - parsing.
[2025-09-13T09:43:47.380+0000] {subprocess.py:94} INFO - Command exited with return code 1
[2025-09-13T09:43:47.381+0000] {local.py:441} INFO - parsing.
[2025-09-13T09:43:47.396+0000] {local.py:196} WARNING - Artifact schema version: https://schemas.getdbt.com/dbt/manifest/v12.json is above dbt-ol supported version 7. This might cause errors.
[2025-09-13T09:43:47.397+0000] {local.py:196} WARNING - Artifact schema version: https://schemas.getdbt.com/dbt/run-results/v6.json is above dbt-ol supported version 5. This might cause errors.
[2025-09-13T09:43:47.404+0000] {local.py:547} INFO - Inlets: []
[2025-09-13T09:43:47.405+0000] {local.py:548} INFO - Outlets: []
[2025-09-13T09:43:47.406+0000] {local.py:772} INFO - Assigning inlets/outlets without DatasetAlias
[2025-09-13T09:43:47.406+0000] {dag.py:3089} INFO - Sync 1 DAGs
[2025-09-13T09:43:47.466+0000] {dag.py:3947} INFO - Setting next_dagrun for dbt_intermediate to 2025-09-13 00:00:00+00:00, run_after=2025-09-14 00:00:00+00:00
[2025-09-13T09:43:47.553+0000] {local.py:253} ERROR - [0m09:43:43  Running with dbt=1.10.11
[0m09:43:43  [[33mWARNING[0m]: Deprecated functionality
Usage of `--models`, `--model`, and `-m` is deprecated in favor of `--select` or
`-s`.
[0m09:43:44  Registered adapter: clickhouse=1.9.3
[0m09:43:44  Found 15 models, 50 data tests, 8 sources, 597 macros
[0m09:43:44
[0m09:43:44  Concurrency: 4 threads (target='dev')
[0m09:43:44
[0m09:43:45  1 of 3 START test not_null_subcategories_enriched_subcategory_id ............... [RUN]
[0m09:43:45  2 of 3 START test relationships_subcategories_enriched_category_id__category_id__ref_categories_enriched_  [RUN]
[0m09:43:45  3 of 3 START test unique_subcategories_enriched_subcategory_id ................. [RUN]
[0m09:43:45  1 of 3 PASS not_null_subcategories_enriched_subcategory_id ..................... [[32mPASS[0m in 0.09s]
[0m09:43:45  2 of 3 PASS relationships_subcategories_enriched_category_id__category_id__ref_categories_enriched_  [[32mPASS[0m in 0.15s]
[0m09:43:45  3 of 3 FAIL 25 unique_subcategories_enriched_subcategory_id .................... [[31mFAIL 25[0m in 0.15s]
[0m09:43:45
[0m09:43:45  Finished running 3 data tests in 0 hours 0 minutes and 0.30 seconds (0.30s).
[0m09:43:45
[0m09:43:45  [31mCompleted with 1 error, 0 partial successes, and 0 warnings:[0m
[0m09:43:45
[0m09:43:45  [31mFailure in test unique_subcategories_enriched_subcategory_id (models/ecom_intermediate/schema.yml)[0m
[0m09:43:45    Got 25 results, configured to fail if != 0
[0m09:43:45
[0m09:43:45    compiled code at target/compiled/ecom_intermediate/models/ecom_intermediate/schema.yml/unique_subcategories_enriched_subcategory_id.sql
[0m09:43:45
[0m09:43:45  Done. PASS=2 WARN=0 ERROR=1 SKIP=0 NO-OP=0 TOTAL=3
[0m09:43:45  [[33mWARNING[0m][DeprecationsSummary]: Deprecated functionality
Summary of encountered deprecations:
- ModelParamUsageDeprecation: 1 occurrence
To see all deprecation instances instead of just the first occurrence of each,
run command again with the `--show-all-deprecations` flag. You may also need to
run with `--no-partial-parse` as some deprecations are only encountered during
parsing.
[2025-09-13T09:43:47.560+0000] {virtualenv.py:131} INFO - Releasing virtualenv lock
[2025-09-13T09:43:47.561+0000] {taskinstance.py:441} INFO - ::group::Post task execution logs
[2025-09-13T09:43:47.603+0000] {taskinstance.py:2905} ERROR - Task failed with exception
Traceback (most recent call last):
  File "/home/airflow/.local/lib/python3.10/site-packages/airflow/models/taskinstance.py", line 465, in _execute_task
    result = _execute_callable(context=context, **execute_callable_kwargs)
  File "/home/airflow/.local/lib/python3.10/site-packages/airflow/models/taskinstance.py", line 432, in _execute_callable
    return execute_callable(context=context, **execute_callable_kwargs)
  File "/home/airflow/.local/lib/python3.10/site-packages/airflow/models/baseoperator.py", line 401, in wrapper
    return func(self, *args, **kwargs)
  File "/home/airflow/.local/lib/python3.10/site-packages/cosmos/operators/virtualenv.py", line 144, in execute
    output = super().execute(context)
  File "/home/airflow/.local/lib/python3.10/site-packages/airflow/models/baseoperator.py", line 401, in wrapper
    return func(self, *args, **kwargs)
  File "/home/airflow/.local/lib/python3.10/site-packages/cosmos/operators/local.py", line 1089, in execute
    result = self.build_and_run_cmd(context=context, cmd_flags=self.add_cmd_flags())
  File "/home/airflow/.local/lib/python3.10/site-packages/cosmos/operators/local.py", line 853, in build_and_run_cmd
    result = self.run_command(
  File "/home/airflow/.local/lib/python3.10/site-packages/cosmos/operators/virtualenv.py", line 129, in run_command
    return super().run_command(cmd, env, context, run_as_async=run_as_async, async_context=async_context)
  File "/home/airflow/.local/lib/python3.10/site-packages/cosmos/operators/local.py", line 650, in run_command
    self.handle_exception(result)
  File "/home/airflow/.local/lib/python3.10/site-packages/cosmos/operators/local.py", line 254, in handle_exception_subprocess
    raise AirflowException(f"dbt command failed. The command returned a non-zero exit code {result.exit_code}.")
airflow.exceptions.AirflowException: dbt command failed. The command returned a non-zero exit code 1.
[2025-09-13T09:43:47.607+0000] {taskinstance.py:1206} INFO - Marking task as FAILED. dag_id=dbt_intermediate, task_id=intermediate.subcategories_enriched.test, run_id=manual__2025-09-13T09:41:16.265222+00:00, execution_date=20250913T094116, start_date=20250913T094322, end_date=20250913T094347
[2025-09-13T09:43:47.642+0000] {standard_task_runner.py:110} ERROR - Failed to execute job 226 for task intermediate.subcategories_enriched.test (dbt command failed. The command returned a non-zero exit code 1.; 6876)
[2025-09-13T09:43:47.677+0000] {local_task_job_runner.py:243} INFO - Task exited with return code 1
[2025-09-13T09:43:47.741+0000] {taskinstance.py:3503} INFO - 0 downstream tasks scheduled from follow-on schedule check
[2025-09-13T09:43:47.754+0000] {local_task_job_runner.py:222} INFO - ::endgroup::
