[2025-09-22T07:57:45.094+0000] {local_task_job_runner.py:120} INFO - ::group::Pre task execution logs
[2025-09-22T07:57:45.333+0000] {taskinstance.py:2076} INFO - Dependencies all met for dep_context=non-requeueable deps ti=<TaskInstance: dbt_staging.dbt_ecom.stg_categories.test scheduled__2025-09-21T00:00:00+00:00 [queued]>
[2025-09-22T07:57:45.344+0000] {taskinstance.py:2076} INFO - Dependencies all met for dep_context=requeueable deps ti=<TaskInstance: dbt_staging.dbt_ecom.stg_categories.test scheduled__2025-09-21T00:00:00+00:00 [queued]>
[2025-09-22T07:57:45.345+0000] {taskinstance.py:2306} INFO - Starting attempt 1 of 1
[2025-09-22T07:57:45.365+0000] {taskinstance.py:2330} INFO - Executing <Task(DbtTestVirtualenvOperator): dbt_ecom.stg_categories.test> on 2025-09-21 00:00:00+00:00
[2025-09-22T07:57:45.372+0000] {standard_task_runner.py:64} INFO - Started process 862 to run task
[2025-09-22T07:57:45.375+0000] {standard_task_runner.py:90} INFO - Running: ['***', 'tasks', 'run', 'dbt_staging', 'dbt_ecom.stg_categories.test', 'scheduled__2025-09-21T00:00:00+00:00', '--job-id', '643', '--raw', '--subdir', 'DAGS_FOLDER/dbt_staging.py', '--cfg-path', '/tmp/tmpqo4bd40p']
[2025-09-22T07:57:45.378+0000] {standard_task_runner.py:91} INFO - Job 643: Subtask dbt_ecom.stg_categories.test
[2025-09-22T07:57:45.560+0000] {task_command.py:426} INFO - Running <TaskInstance: dbt_staging.dbt_ecom.stg_categories.test scheduled__2025-09-21T00:00:00+00:00 [running]> on host e95bde6b8d07
[2025-09-22T07:57:45.858+0000] {taskinstance.py:2648} INFO - Exporting env vars: AIRFLOW_CTX_DAG_OWNER='***' AIRFLOW_CTX_DAG_ID='dbt_staging' AIRFLOW_CTX_TASK_ID='dbt_ecom.stg_categories.test' AIRFLOW_CTX_EXECUTION_DATE='2025-09-21T00:00:00+00:00' AIRFLOW_CTX_TRY_NUMBER='1' AIRFLOW_CTX_DAG_RUN_ID='scheduled__2025-09-21T00:00:00+00:00'
[2025-09-22T07:57:45.860+0000] {taskinstance.py:430} INFO - ::endgroup::
[2025-09-22T07:57:45.880+0000] {baseoperator.py:400} WARNING - DbtTestVirtualenvOperator.execute cannot be called outside TaskInstance!
[2025-09-22T07:57:45.881+0000] {virtualenv.py:120} INFO - Checking if the virtualenv lock /tmp/cosmos_venv_ecom/cosmos_virtualenv.lock exists
[2025-09-22T07:57:45.882+0000] {virtualenv.py:178} INFO - Checking for running process with PID 707
[2025-09-22T07:57:45.883+0000] {virtualenv.py:181} INFO - Process 707 running: True and has the lock /tmp/cosmos_venv_ecom/cosmos_virtualenv.lock.
[2025-09-22T07:57:45.883+0000] {virtualenv.py:122} INFO - Waiting for virtualenv lock to be released
[2025-09-22T07:57:46.885+0000] {virtualenv.py:178} INFO - Checking for running process with PID 707
[2025-09-22T07:57:46.886+0000] {virtualenv.py:181} INFO - Process 707 running: True and has the lock /tmp/cosmos_venv_ecom/cosmos_virtualenv.lock.
[2025-09-22T07:57:46.886+0000] {virtualenv.py:122} INFO - Waiting for virtualenv lock to be released
[2025-09-22T07:57:47.887+0000] {virtualenv.py:178} INFO - Checking for running process with PID 707
[2025-09-22T07:57:47.888+0000] {virtualenv.py:181} INFO - Process 707 running: True and has the lock /tmp/cosmos_venv_ecom/cosmos_virtualenv.lock.
[2025-09-22T07:57:47.889+0000] {virtualenv.py:122} INFO - Waiting for virtualenv lock to be released
[2025-09-22T07:57:48.890+0000] {virtualenv.py:178} INFO - Checking for running process with PID 707
[2025-09-22T07:57:48.891+0000] {virtualenv.py:181} INFO - Process 707 running: True and has the lock /tmp/cosmos_venv_ecom/cosmos_virtualenv.lock.
[2025-09-22T07:57:48.892+0000] {virtualenv.py:122} INFO - Waiting for virtualenv lock to be released
[2025-09-22T07:57:49.893+0000] {virtualenv.py:178} INFO - Checking for running process with PID 707
[2025-09-22T07:57:49.894+0000] {virtualenv.py:181} INFO - Process 707 running: True and has the lock /tmp/cosmos_venv_ecom/cosmos_virtualenv.lock.
[2025-09-22T07:57:49.895+0000] {virtualenv.py:122} INFO - Waiting for virtualenv lock to be released
[2025-09-22T07:57:50.897+0000] {virtualenv.py:178} INFO - Checking for running process with PID 707
[2025-09-22T07:57:50.899+0000] {virtualenv.py:181} INFO - Process 707 running: True and has the lock /tmp/cosmos_venv_ecom/cosmos_virtualenv.lock.
[2025-09-22T07:57:50.900+0000] {virtualenv.py:122} INFO - Waiting for virtualenv lock to be released
[2025-09-22T07:57:51.903+0000] {virtualenv.py:178} INFO - Checking for running process with PID 707
[2025-09-22T07:57:51.904+0000] {virtualenv.py:181} INFO - Process 707 running: True and has the lock /tmp/cosmos_venv_ecom/cosmos_virtualenv.lock.
[2025-09-22T07:57:51.904+0000] {virtualenv.py:122} INFO - Waiting for virtualenv lock to be released
[2025-09-22T07:57:52.906+0000] {virtualenv.py:178} INFO - Checking for running process with PID 707
[2025-09-22T07:57:52.907+0000] {virtualenv.py:181} INFO - Process 707 running: True and has the lock /tmp/cosmos_venv_ecom/cosmos_virtualenv.lock.
[2025-09-22T07:57:52.908+0000] {virtualenv.py:122} INFO - Waiting for virtualenv lock to be released
[2025-09-22T07:57:53.910+0000] {virtualenv.py:178} INFO - Checking for running process with PID 707
[2025-09-22T07:57:53.911+0000] {virtualenv.py:181} INFO - Process 707 running: True and has the lock /tmp/cosmos_venv_ecom/cosmos_virtualenv.lock.
[2025-09-22T07:57:53.911+0000] {virtualenv.py:122} INFO - Waiting for virtualenv lock to be released
[2025-09-22T07:57:54.913+0000] {virtualenv.py:178} INFO - Checking for running process with PID 707
[2025-09-22T07:57:54.915+0000] {virtualenv.py:181} INFO - Process 707 running: True and has the lock /tmp/cosmos_venv_ecom/cosmos_virtualenv.lock.
[2025-09-22T07:57:54.916+0000] {virtualenv.py:122} INFO - Waiting for virtualenv lock to be released
[2025-09-22T07:57:55.918+0000] {virtualenv.py:178} INFO - Checking for running process with PID 707
[2025-09-22T07:57:55.920+0000] {virtualenv.py:181} INFO - Process 707 running: True and has the lock /tmp/cosmos_venv_ecom/cosmos_virtualenv.lock.
[2025-09-22T07:57:55.921+0000] {virtualenv.py:122} INFO - Waiting for virtualenv lock to be released
[2025-09-22T07:57:56.923+0000] {virtualenv.py:178} INFO - Checking for running process with PID 707
[2025-09-22T07:57:56.923+0000] {virtualenv.py:181} INFO - Process 707 running: True and has the lock /tmp/cosmos_venv_ecom/cosmos_virtualenv.lock.
[2025-09-22T07:57:56.924+0000] {virtualenv.py:122} INFO - Waiting for virtualenv lock to be released
[2025-09-22T07:57:57.924+0000] {virtualenv.py:126} INFO - Acquiring the virtualenv lock
[2025-09-22T07:57:57.925+0000] {virtualenv.py:195} INFO - Acquiring lock at /tmp/cosmos_venv_ecom/cosmos_virtualenv.lock with pid 862
[2025-09-22T07:57:57.925+0000] {virtualenv.py:153} INFO - Creating or updating the virtualenv at `/tmp/cosmos_venv_ecom
[2025-09-22T07:57:57.926+0000] {process_utils.py:183} INFO - Executing cmd: /home/***/.local/bin/python -m virtualenv /tmp/cosmos_venv_ecom --python=python3
[2025-09-22T07:57:57.927+0000] {process_utils.py:187} INFO - Output:
[2025-09-22T07:57:59.676+0000] {process_utils.py:191} INFO - created virtual environment CPython3.10.14.final.0-64 in 731ms
[2025-09-22T07:57:59.676+0000] {process_utils.py:191} INFO -   creator CPython3Posix(dest=/tmp/cosmos_venv_ecom, clear=False, no_vcs_ignore=False, global=False)
[2025-09-22T07:57:59.677+0000] {process_utils.py:191} INFO -   seeder FromAppData(download=False, pip=bundle, setuptools=bundle, wheel=bundle, via=copy, app_data_dir=/home/***/.local/share/virtualenv)
[2025-09-22T07:57:59.679+0000] {process_utils.py:191} INFO -     added seed packages: MarkupSafe==3.0.2, PyYAML==6.0.2, agate==1.9.1, annotated_types==0.7.0, attrs==25.3.0, babel==2.17.0, certifi==2025.8.3, charset_normalizer==3.4.3, click==8.2.1, clickhouse_connect==0.8.18, clickhouse_driver==0.2.9, colorama==0.4.6, daff==1.4.2, dbt_adapters==1.16.7, dbt_clickhouse==1.9.3, dbt_common==1.30.0, dbt_core==1.10.11, dbt_extractor==0.6.0, dbt_protos==1.0.375, dbt_semantic_interfaces==0.9.0, deepdiff==8.6.1, idna==3.10, importlib_metadata==8.7.0, isodate==0.6.1, jinja2==3.1.6, jsonschema==4.25.1, jsonschema_specifications==2025.9.1, leather==0.4.0, lz4==4.4.4, mashumaro==3.14, more_itertools==10.8.0, msgpack==1.1.1, networkx==3.4.2, orderly_set==5.5.0, packaging==25.0, parsedatetime==2.6, pathspec==0.12.1, pip==25.2, protobuf==6.32.1, pydantic==2.11.7, pydantic_core==2.33.2, python_dateutil==2.9.0.post0, python_slugify==8.0.4, pytimeparse==1.1.8, pytz==2025.2, referencing==0.36.2, requests==2.32.5, rpds_py==0.27.1, setuptools==80.9.0, six==1.17.0, snowplow_tracker==1.1.0, sqlparse==0.5.3, text_unidecode==1.3, typing_extensions==4.15.0, typing_inspection==0.4.1, tzlocal==5.3.1, urllib3==2.5.0, wheel==0.45.1, zipp==3.23.0, zstandard==0.24.0
[2025-09-22T07:57:59.681+0000] {process_utils.py:191} INFO -   activators BashActivator,CShellActivator,FishActivator,NushellActivator,PowerShellActivator,PythonActivator
[2025-09-22T07:57:59.787+0000] {process_utils.py:183} INFO - Executing cmd: /tmp/cosmos_venv_ecom/bin/pip install dbt-clickhouse
[2025-09-22T07:57:59.789+0000] {process_utils.py:187} INFO - Output:
[2025-09-22T07:58:01.528+0000] {process_utils.py:191} INFO - Requirement already satisfied: dbt-clickhouse in /tmp/cosmos_venv_ecom/lib/python3.10/site-packages (1.9.3)
[2025-09-22T07:58:01.531+0000] {process_utils.py:191} INFO - Requirement already satisfied: dbt-core>=1.9 in /tmp/cosmos_venv_ecom/lib/python3.10/site-packages (from dbt-clickhouse) (1.10.11)
[2025-09-22T07:58:01.532+0000] {process_utils.py:191} INFO - Requirement already satisfied: clickhouse-connect>=0.6.22 in /tmp/cosmos_venv_ecom/lib/python3.10/site-packages (from dbt-clickhouse) (0.8.18)
[2025-09-22T07:58:01.532+0000] {process_utils.py:191} INFO - Requirement already satisfied: clickhouse-driver>=0.2.6 in /tmp/cosmos_venv_ecom/lib/python3.10/site-packages (from dbt-clickhouse) (0.2.9)
[2025-09-22T07:58:01.533+0000] {process_utils.py:191} INFO - Requirement already satisfied: setuptools>=0.69 in /tmp/cosmos_venv_ecom/lib/python3.10/site-packages (from dbt-clickhouse) (80.9.0)
[2025-09-22T07:58:01.537+0000] {process_utils.py:191} INFO - Requirement already satisfied: certifi in /tmp/cosmos_venv_ecom/lib/python3.10/site-packages (from clickhouse-connect>=0.6.22->dbt-clickhouse) (2025.8.3)
[2025-09-22T07:58:01.538+0000] {process_utils.py:191} INFO - Requirement already satisfied: urllib3>=1.26 in /tmp/cosmos_venv_ecom/lib/python3.10/site-packages (from clickhouse-connect>=0.6.22->dbt-clickhouse) (2.5.0)
[2025-09-22T07:58:01.539+0000] {process_utils.py:191} INFO - Requirement already satisfied: pytz in /tmp/cosmos_venv_ecom/lib/python3.10/site-packages (from clickhouse-connect>=0.6.22->dbt-clickhouse) (2025.2)
[2025-09-22T07:58:01.539+0000] {process_utils.py:191} INFO - Requirement already satisfied: zstandard in /tmp/cosmos_venv_ecom/lib/python3.10/site-packages (from clickhouse-connect>=0.6.22->dbt-clickhouse) (0.24.0)
[2025-09-22T07:58:01.540+0000] {process_utils.py:191} INFO - Requirement already satisfied: lz4 in /tmp/cosmos_venv_ecom/lib/python3.10/site-packages (from clickhouse-connect>=0.6.22->dbt-clickhouse) (4.4.4)
[2025-09-22T07:58:01.544+0000] {process_utils.py:191} INFO - Requirement already satisfied: tzlocal in /tmp/cosmos_venv_ecom/lib/python3.10/site-packages (from clickhouse-driver>=0.2.6->dbt-clickhouse) (5.3.1)
[2025-09-22T07:58:01.550+0000] {process_utils.py:191} INFO - Requirement already satisfied: agate<1.10,>=1.7.0 in /tmp/cosmos_venv_ecom/lib/python3.10/site-packages (from dbt-core>=1.9->dbt-clickhouse) (1.9.1)
[2025-09-22T07:58:01.550+0000] {process_utils.py:191} INFO - Requirement already satisfied: Jinja2<4,>=3.1.3 in /tmp/cosmos_venv_ecom/lib/python3.10/site-packages (from dbt-core>=1.9->dbt-clickhouse) (3.1.6)
[2025-09-22T07:58:01.552+0000] {process_utils.py:191} INFO - Requirement already satisfied: mashumaro<3.15,>=3.9 in /tmp/cosmos_venv_ecom/lib/python3.10/site-packages (from mashumaro[msgpack]<3.15,>=3.9->dbt-core>=1.9->dbt-clickhouse) (3.14)
[2025-09-22T07:58:01.554+0000] {process_utils.py:191} INFO - Requirement already satisfied: click<9.0,>=8.0.2 in /tmp/cosmos_venv_ecom/lib/python3.10/site-packages (from dbt-core>=1.9->dbt-clickhouse) (8.2.1)
[2025-09-22T07:58:01.555+0000] {process_utils.py:191} INFO - Requirement already satisfied: jsonschema<5.0,>=4.19.1 in /tmp/cosmos_venv_ecom/lib/python3.10/site-packages (from dbt-core>=1.9->dbt-clickhouse) (4.25.1)
[2025-09-22T07:58:01.556+0000] {process_utils.py:191} INFO - Requirement already satisfied: networkx<4.0,>=2.3 in /tmp/cosmos_venv_ecom/lib/python3.10/site-packages (from dbt-core>=1.9->dbt-clickhouse) (3.4.2)
[2025-09-22T07:58:01.557+0000] {process_utils.py:191} INFO - Requirement already satisfied: protobuf<7.0,>=6.0 in /tmp/cosmos_venv_ecom/lib/python3.10/site-packages (from dbt-core>=1.9->dbt-clickhouse) (6.32.1)
[2025-09-22T07:58:01.558+0000] {process_utils.py:191} INFO - Requirement already satisfied: requests<3.0.0 in /tmp/cosmos_venv_ecom/lib/python3.10/site-packages (from dbt-core>=1.9->dbt-clickhouse) (2.32.5)
[2025-09-22T07:58:01.559+0000] {process_utils.py:191} INFO - Requirement already satisfied: snowplow-tracker<2.0,>=1.0.2 in /tmp/cosmos_venv_ecom/lib/python3.10/site-packages (from dbt-core>=1.9->dbt-clickhouse) (1.1.0)
[2025-09-22T07:58:01.560+0000] {process_utils.py:191} INFO - Requirement already satisfied: pathspec<0.13,>=0.9 in /tmp/cosmos_venv_ecom/lib/python3.10/site-packages (from dbt-core>=1.9->dbt-clickhouse) (0.12.1)
[2025-09-22T07:58:01.561+0000] {process_utils.py:191} INFO - Requirement already satisfied: sqlparse<0.6.0,>=0.5.0 in /tmp/cosmos_venv_ecom/lib/python3.10/site-packages (from dbt-core>=1.9->dbt-clickhouse) (0.5.3)
[2025-09-22T07:58:01.562+0000] {process_utils.py:191} INFO - Requirement already satisfied: dbt-extractor<=0.6,>=0.5.0 in /tmp/cosmos_venv_ecom/lib/python3.10/site-packages (from dbt-core>=1.9->dbt-clickhouse) (0.6.0)
[2025-09-22T07:58:01.564+0000] {process_utils.py:191} INFO - Requirement already satisfied: dbt-semantic-interfaces<0.10,>=0.9.0 in /tmp/cosmos_venv_ecom/lib/python3.10/site-packages (from dbt-core>=1.9->dbt-clickhouse) (0.9.0)
[2025-09-22T07:58:01.564+0000] {process_utils.py:191} INFO - Requirement already satisfied: dbt-common<2.0,>=1.27.0 in /tmp/cosmos_venv_ecom/lib/python3.10/site-packages (from dbt-core>=1.9->dbt-clickhouse) (1.30.0)
[2025-09-22T07:58:01.565+0000] {process_utils.py:191} INFO - Requirement already satisfied: dbt-adapters<2.0,>=1.15.5 in /tmp/cosmos_venv_ecom/lib/python3.10/site-packages (from dbt-core>=1.9->dbt-clickhouse) (1.16.7)
[2025-09-22T07:58:01.566+0000] {process_utils.py:191} INFO - Requirement already satisfied: dbt-protos<2.0,>=1.0.346 in /tmp/cosmos_venv_ecom/lib/python3.10/site-packages (from dbt-core>=1.9->dbt-clickhouse) (1.0.375)
[2025-09-22T07:58:01.567+0000] {process_utils.py:191} INFO - Requirement already satisfied: pydantic<3 in /tmp/cosmos_venv_ecom/lib/python3.10/site-packages (from dbt-core>=1.9->dbt-clickhouse) (2.11.7)
[2025-09-22T07:58:01.567+0000] {process_utils.py:191} INFO - Requirement already satisfied: packaging>20.9 in /tmp/cosmos_venv_ecom/lib/python3.10/site-packages (from dbt-core>=1.9->dbt-clickhouse) (25.0)
[2025-09-22T07:58:01.569+0000] {process_utils.py:191} INFO - Requirement already satisfied: pyyaml>=6.0 in /tmp/cosmos_venv_ecom/lib/python3.10/site-packages (from dbt-core>=1.9->dbt-clickhouse) (6.0.2)
[2025-09-22T07:58:01.570+0000] {process_utils.py:191} INFO - Requirement already satisfied: daff>=1.3.46 in /tmp/cosmos_venv_ecom/lib/python3.10/site-packages (from dbt-core>=1.9->dbt-clickhouse) (1.4.2)
[2025-09-22T07:58:01.571+0000] {process_utils.py:191} INFO - Requirement already satisfied: typing-extensions>=4.4 in /tmp/cosmos_venv_ecom/lib/python3.10/site-packages (from dbt-core>=1.9->dbt-clickhouse) (4.15.0)
[2025-09-22T07:58:01.575+0000] {process_utils.py:191} INFO - Requirement already satisfied: Babel>=2.0 in /tmp/cosmos_venv_ecom/lib/python3.10/site-packages (from agate<1.10,>=1.7.0->dbt-core>=1.9->dbt-clickhouse) (2.17.0)
[2025-09-22T07:58:01.576+0000] {process_utils.py:191} INFO - Requirement already satisfied: isodate>=0.5.4 in /tmp/cosmos_venv_ecom/lib/python3.10/site-packages (from agate<1.10,>=1.7.0->dbt-core>=1.9->dbt-clickhouse) (0.6.1)
[2025-09-22T07:58:01.578+0000] {process_utils.py:191} INFO - Requirement already satisfied: leather>=0.3.2 in /tmp/cosmos_venv_ecom/lib/python3.10/site-packages (from agate<1.10,>=1.7.0->dbt-core>=1.9->dbt-clickhouse) (0.4.0)
[2025-09-22T07:58:01.579+0000] {process_utils.py:191} INFO - Requirement already satisfied: parsedatetime!=2.5,>=2.1 in /tmp/cosmos_venv_ecom/lib/python3.10/site-packages (from agate<1.10,>=1.7.0->dbt-core>=1.9->dbt-clickhouse) (2.6)
[2025-09-22T07:58:01.580+0000] {process_utils.py:191} INFO - Requirement already satisfied: python-slugify>=1.2.1 in /tmp/cosmos_venv_ecom/lib/python3.10/site-packages (from agate<1.10,>=1.7.0->dbt-core>=1.9->dbt-clickhouse) (8.0.4)
[2025-09-22T07:58:01.580+0000] {process_utils.py:191} INFO - Requirement already satisfied: pytimeparse>=1.1.5 in /tmp/cosmos_venv_ecom/lib/python3.10/site-packages (from agate<1.10,>=1.7.0->dbt-core>=1.9->dbt-clickhouse) (1.1.8)
[2025-09-22T07:58:01.594+0000] {process_utils.py:191} INFO - Requirement already satisfied: colorama<0.5,>=0.3.9 in /tmp/cosmos_venv_ecom/lib/python3.10/site-packages (from dbt-common<2.0,>=1.27.0->dbt-core>=1.9->dbt-clickhouse) (0.4.6)
[2025-09-22T07:58:01.595+0000] {process_utils.py:191} INFO - Requirement already satisfied: deepdiff<9.0,>=7.0 in /tmp/cosmos_venv_ecom/lib/python3.10/site-packages (from dbt-common<2.0,>=1.27.0->dbt-core>=1.9->dbt-clickhouse) (8.6.1)
[2025-09-22T07:58:01.599+0000] {process_utils.py:191} INFO - Requirement already satisfied: python-dateutil<3.0,>=2.0 in /tmp/cosmos_venv_ecom/lib/python3.10/site-packages (from dbt-common<2.0,>=1.27.0->dbt-core>=1.9->dbt-clickhouse) (2.9.0.post0)
[2025-09-22T07:58:01.609+0000] {process_utils.py:191} INFO - Requirement already satisfied: importlib-metadata<9,>=6.0 in /tmp/cosmos_venv_ecom/lib/python3.10/site-packages (from dbt-semantic-interfaces<0.10,>=0.9.0->dbt-core>=1.9->dbt-clickhouse) (8.7.0)
[2025-09-22T07:58:01.612+0000] {process_utils.py:191} INFO - Requirement already satisfied: more-itertools<11.0,>=8.0 in /tmp/cosmos_venv_ecom/lib/python3.10/site-packages (from dbt-semantic-interfaces<0.10,>=0.9.0->dbt-core>=1.9->dbt-clickhouse) (10.8.0)
[2025-09-22T07:58:01.626+0000] {process_utils.py:191} INFO - Requirement already satisfied: orderly-set<6,>=5.4.1 in /tmp/cosmos_venv_ecom/lib/python3.10/site-packages (from deepdiff<9.0,>=7.0->dbt-common<2.0,>=1.27.0->dbt-core>=1.9->dbt-clickhouse) (5.5.0)
[2025-09-22T07:58:01.638+0000] {process_utils.py:191} INFO - Requirement already satisfied: zipp>=3.20 in /tmp/cosmos_venv_ecom/lib/python3.10/site-packages (from importlib-metadata<9,>=6.0->dbt-semantic-interfaces<0.10,>=0.9.0->dbt-core>=1.9->dbt-clickhouse) (3.23.0)
[2025-09-22T07:58:01.641+0000] {process_utils.py:191} INFO - Requirement already satisfied: six in /tmp/cosmos_venv_ecom/lib/python3.10/site-packages (from isodate>=0.5.4->agate<1.10,>=1.7.0->dbt-core>=1.9->dbt-clickhouse) (1.17.0)
[2025-09-22T07:58:01.644+0000] {process_utils.py:191} INFO - Requirement already satisfied: MarkupSafe>=2.0 in /tmp/cosmos_venv_ecom/lib/python3.10/site-packages (from Jinja2<4,>=3.1.3->dbt-core>=1.9->dbt-clickhouse) (3.0.2)
[2025-09-22T07:58:01.649+0000] {process_utils.py:191} INFO - Requirement already satisfied: attrs>=22.2.0 in /tmp/cosmos_venv_ecom/lib/python3.10/site-packages (from jsonschema<5.0,>=4.19.1->dbt-core>=1.9->dbt-clickhouse) (25.3.0)
[2025-09-22T07:58:01.650+0000] {process_utils.py:191} INFO - Requirement already satisfied: jsonschema-specifications>=2023.03.6 in /tmp/cosmos_venv_ecom/lib/python3.10/site-packages (from jsonschema<5.0,>=4.19.1->dbt-core>=1.9->dbt-clickhouse) (2025.9.1)
[2025-09-22T07:58:01.650+0000] {process_utils.py:191} INFO - Requirement already satisfied: referencing>=0.28.4 in /tmp/cosmos_venv_ecom/lib/python3.10/site-packages (from jsonschema<5.0,>=4.19.1->dbt-core>=1.9->dbt-clickhouse) (0.36.2)
[2025-09-22T07:58:01.651+0000] {process_utils.py:191} INFO - Requirement already satisfied: rpds-py>=0.7.1 in /tmp/cosmos_venv_ecom/lib/python3.10/site-packages (from jsonschema<5.0,>=4.19.1->dbt-core>=1.9->dbt-clickhouse) (0.27.1)
[2025-09-22T07:58:01.664+0000] {process_utils.py:191} INFO - Requirement already satisfied: msgpack>=0.5.6 in /tmp/cosmos_venv_ecom/lib/python3.10/site-packages (from mashumaro[msgpack]<3.15,>=3.9->dbt-core>=1.9->dbt-clickhouse) (1.1.1)
[2025-09-22T07:58:01.685+0000] {process_utils.py:191} INFO - Requirement already satisfied: annotated-types>=0.6.0 in /tmp/cosmos_venv_ecom/lib/python3.10/site-packages (from pydantic<3->dbt-core>=1.9->dbt-clickhouse) (0.7.0)
[2025-09-22T07:58:01.686+0000] {process_utils.py:191} INFO - Requirement already satisfied: pydantic-core==2.33.2 in /tmp/cosmos_venv_ecom/lib/python3.10/site-packages (from pydantic<3->dbt-core>=1.9->dbt-clickhouse) (2.33.2)
[2025-09-22T07:58:01.689+0000] {process_utils.py:191} INFO - Requirement already satisfied: typing-inspection>=0.4.0 in /tmp/cosmos_venv_ecom/lib/python3.10/site-packages (from pydantic<3->dbt-core>=1.9->dbt-clickhouse) (0.4.1)
[2025-09-22T07:58:01.700+0000] {process_utils.py:191} INFO - Requirement already satisfied: charset_normalizer<4,>=2 in /tmp/cosmos_venv_ecom/lib/python3.10/site-packages (from requests<3.0.0->dbt-core>=1.9->dbt-clickhouse) (3.4.3)
[2025-09-22T07:58:01.702+0000] {process_utils.py:191} INFO - Requirement already satisfied: idna<4,>=2.5 in /tmp/cosmos_venv_ecom/lib/python3.10/site-packages (from requests<3.0.0->dbt-core>=1.9->dbt-clickhouse) (3.10)
[2025-09-22T07:58:01.749+0000] {process_utils.py:191} INFO - Requirement already satisfied: text-unidecode>=1.3 in /tmp/cosmos_venv_ecom/lib/python3.10/site-packages (from python-slugify>=1.2.1->agate<1.10,>=1.7.0->dbt-core>=1.9->dbt-clickhouse) (1.3)
[2025-09-22T07:58:01.895+0000] {local.py:470} INFO - Cloning project to writable temp directory /tmp/tmp8l06clgw from /opt/airflow/dags/dbt/ecom_staging
[2025-09-22T07:58:01.903+0000] {local.py:490} INFO - Partial parse is enabled and the latest partial parse file is /tmp/cosmos/dbt_staging__dbt_ecom/target/partial_parse.msgpack
[2025-09-22T07:58:01.915+0000] {config.py:362} INFO - Using user-supplied profiles.yml at /opt/airflow/dags/dbt/profiles.yml
[2025-09-22T07:58:01.921+0000] {virtualenv.py:99} INFO - Using Python binary from virtualenv: /tmp/cosmos_venv_ecom/bin/python
[2025-09-22T07:58:01.922+0000] {local.py:434} INFO - Trying to run the command:
 ['/tmp/cosmos_venv_ecom/bin/dbt', 'deps', '--project-dir', '/tmp/tmp8l06clgw', '--profiles-dir', '/opt/***/dags/dbt', '--profile', 'ecom_staging', '--target', 'dev']
From /tmp/tmp8l06clgw
[2025-09-22T07:58:01.923+0000] {subprocess.py:56} INFO - Tmp dir root location: 
 /tmp
[2025-09-22T07:58:01.923+0000] {subprocess.py:69} INFO - Running command: ['/tmp/cosmos_venv_ecom/bin/dbt', 'deps', '--project-dir', '/tmp/tmp8l06clgw', '--profiles-dir', '/opt/***/dags/dbt', '--profile', 'ecom_staging', '--target', 'dev']
[2025-09-22T07:58:01.934+0000] {subprocess.py:80} INFO - Command output:
[2025-09-22T07:58:04.138+0000] {subprocess.py:90} INFO - [0m07:58:04  Running with dbt=1.10.11
[2025-09-22T07:58:05.383+0000] {subprocess.py:90} INFO - [0m07:58:05  Installing dbt-labs/dbt_utils
[2025-09-22T07:58:06.102+0000] {subprocess.py:90} INFO - [0m07:58:06  Installed from version 1.3.0
[2025-09-22T07:58:06.102+0000] {subprocess.py:90} INFO - [0m07:58:06  Updated version available: 1.3.1
[2025-09-22T07:58:06.104+0000] {subprocess.py:90} INFO - [0m07:58:06
[2025-09-22T07:58:06.105+0000] {subprocess.py:90} INFO - [0m07:58:06  Updates available for packages: ['dbt-labs/dbt_utils']
[2025-09-22T07:58:06.105+0000] {subprocess.py:90} INFO - Update your versions in packages.yml, then run dbt deps
[2025-09-22T07:58:07.864+0000] {subprocess.py:94} INFO - Command exited with return code 0
[2025-09-22T07:58:07.865+0000] {local.py:441} INFO - Update your versions in packages.yml, then run dbt deps
[2025-09-22T07:58:07.866+0000] {virtualenv.py:99} INFO - Using Python binary from virtualenv: /tmp/cosmos_venv_ecom/bin/python
[2025-09-22T07:58:07.867+0000] {local.py:434} INFO - Trying to run the command:
 ['/tmp/cosmos_venv_ecom/bin/dbt', 'test', '--models', 'stg_categories', '--project-dir', '/tmp/tmp8l06clgw', '--profiles-dir', '/opt/***/dags/dbt', '--profile', 'ecom_staging', '--target', 'dev']
From /tmp/tmp8l06clgw
[2025-09-22T07:58:07.867+0000] {subprocess.py:56} INFO - Tmp dir root location: 
 /tmp
[2025-09-22T07:58:07.868+0000] {subprocess.py:69} INFO - Running command: ['/tmp/cosmos_venv_ecom/bin/dbt', 'test', '--models', 'stg_categories', '--project-dir', '/tmp/tmp8l06clgw', '--profiles-dir', '/opt/***/dags/dbt', '--profile', 'ecom_staging', '--target', 'dev']
[2025-09-22T07:58:07.880+0000] {subprocess.py:80} INFO - Command output:
[2025-09-22T07:58:10.284+0000] {subprocess.py:90} INFO - [0m07:58:10  Running with dbt=1.10.11
[2025-09-22T07:58:10.286+0000] {subprocess.py:90} INFO - [0m07:58:10  [[33mWARNING[0m]: Deprecated functionality
[2025-09-22T07:58:10.287+0000] {subprocess.py:90} INFO - Usage of `--models`, `--model`, and `-m` is deprecated in favor of `--select` or
[2025-09-22T07:58:10.287+0000] {subprocess.py:90} INFO - `-s`.
[2025-09-22T07:58:10.627+0000] {subprocess.py:90} INFO - [0m07:58:10  Registered adapter: clickhouse=1.9.3
[2025-09-22T07:58:11.464+0000] {subprocess.py:90} INFO - [0m07:58:11  Found 8 models, 47 data tests, 8 sources, 597 macros
[2025-09-22T07:58:11.467+0000] {subprocess.py:90} INFO - [0m07:58:11
[2025-09-22T07:58:11.468+0000] {subprocess.py:90} INFO - [0m07:58:11  Concurrency: 4 threads (target='dev')
[2025-09-22T07:58:11.468+0000] {subprocess.py:90} INFO - [0m07:58:11
[2025-09-22T07:58:11.612+0000] {subprocess.py:90} INFO - [0m07:58:11  1 of 2 START test not_null_stg_categories_CATEGORY_ID .......................... [RUN]
[2025-09-22T07:58:11.613+0000] {subprocess.py:90} INFO - [0m07:58:11  2 of 2 START test not_null_stg_categories_CATEGORY_NAME ........................ [RUN]
[2025-09-22T07:58:11.728+0000] {subprocess.py:90} INFO - [0m07:58:11  1 of 2 ERROR not_null_stg_categories_CATEGORY_ID ............................... [[31mERROR[0m in 0.11s]
[2025-09-22T07:58:11.751+0000] {subprocess.py:90} INFO - [0m07:58:11  2 of 2 ERROR not_null_stg_categories_CATEGORY_NAME ............................. [[31mERROR[0m in 0.14s]
[2025-09-22T07:58:11.758+0000] {subprocess.py:90} INFO - [0m07:58:11
[2025-09-22T07:58:11.758+0000] {subprocess.py:90} INFO - [0m07:58:11  Finished running 2 data tests in 0 hours 0 minutes and 0.29 seconds (0.29s).
[2025-09-22T07:58:11.815+0000] {subprocess.py:90} INFO - [0m07:58:11
[2025-09-22T07:58:11.815+0000] {subprocess.py:90} INFO - [0m07:58:11  [31mCompleted with 2 errors, 0 partial successes, and 0 warnings:[0m
[2025-09-22T07:58:11.816+0000] {subprocess.py:90} INFO - [0m07:58:11
[2025-09-22T07:58:11.816+0000] {subprocess.py:90} INFO - [0m07:58:11  [31mFailure in test not_null_stg_categories_CATEGORY_ID (models/ecom_staging/schema.yml)[0m
[2025-09-22T07:58:11.817+0000] {subprocess.py:90} INFO - [0m07:58:11    Database Error in test not_null_stg_categories_CATEGORY_ID (models/ecom_staging/schema.yml)
[2025-09-22T07:58:11.817+0000] {subprocess.py:90} INFO -   HTTPDriver for http://clickhouse:8123 received ClickHouse error code 47
[2025-09-22T07:58:11.818+0000] {subprocess.py:90} INFO -    Code: 47. DB::Exception: Unknown expression identifier 'CATEGORY_ID' in scope SELECT CATEGORY_ID FROM ecom_db_staging.stg_categories WHERE CATEGORY_ID IS NULL. Maybe you meant: ['category_id']. (UNKNOWN_IDENTIFIER) (version 24.8.14.39 (official build))
[2025-09-22T07:58:11.818+0000] {subprocess.py:90} INFO -   compiled code at target/run/ecom_staging/models/ecom_staging/schema.yml/not_null_stg_categories_CATEGORY_ID.sql
[2025-09-22T07:58:11.819+0000] {subprocess.py:90} INFO - [0m07:58:11
[2025-09-22T07:58:11.819+0000] {subprocess.py:90} INFO - [0m07:58:11    compiled code at target/compiled/ecom_staging/models/ecom_staging/schema.yml/not_null_stg_categories_CATEGORY_ID.sql
[2025-09-22T07:58:11.820+0000] {subprocess.py:90} INFO - [0m07:58:11
[2025-09-22T07:58:11.820+0000] {subprocess.py:90} INFO - [0m07:58:11  [31mFailure in test not_null_stg_categories_CATEGORY_NAME (models/ecom_staging/schema.yml)[0m
[2025-09-22T07:58:11.820+0000] {subprocess.py:90} INFO - [0m07:58:11    Database Error in test not_null_stg_categories_CATEGORY_NAME (models/ecom_staging/schema.yml)
[2025-09-22T07:58:11.821+0000] {subprocess.py:90} INFO -   HTTPDriver for http://clickhouse:8123 received ClickHouse error code 47
[2025-09-22T07:58:11.821+0000] {subprocess.py:90} INFO -    Code: 47. DB::Exception: Unknown expression identifier 'CATEGORY_NAME' in scope SELECT CATEGORY_NAME FROM ecom_db_staging.stg_categories WHERE CATEGORY_NAME IS NULL. Maybe you meant: ['category_name']. (UNKNOWN_IDENTIFIER) (version 24.8.14.39 (official build))
[2025-09-22T07:58:11.822+0000] {subprocess.py:90} INFO -   compiled code at target/run/ecom_staging/models/ecom_staging/schema.yml/not_null_stg_categories_CATEGORY_NAME.sql
[2025-09-22T07:58:11.822+0000] {subprocess.py:90} INFO - [0m07:58:11
[2025-09-22T07:58:11.822+0000] {subprocess.py:90} INFO - [0m07:58:11    compiled code at target/compiled/ecom_staging/models/ecom_staging/schema.yml/not_null_stg_categories_CATEGORY_NAME.sql
[2025-09-22T07:58:11.823+0000] {subprocess.py:90} INFO - [0m07:58:11
[2025-09-22T07:58:11.824+0000] {subprocess.py:90} INFO - [0m07:58:11  Done. PASS=0 WARN=0 ERROR=2 SKIP=0 NO-OP=0 TOTAL=2
[2025-09-22T07:58:11.824+0000] {subprocess.py:90} INFO - [0m07:58:11  [[33mWARNING[0m][DeprecationsSummary]: Deprecated functionality
[2025-09-22T07:58:11.825+0000] {subprocess.py:90} INFO - Summary of encountered deprecations:
[2025-09-22T07:58:11.825+0000] {subprocess.py:90} INFO - - ModelParamUsageDeprecation: 1 occurrence
[2025-09-22T07:58:11.825+0000] {subprocess.py:90} INFO - To see all deprecation instances instead of just the first occurrence of each,
[2025-09-22T07:58:11.826+0000] {subprocess.py:90} INFO - run command again with the `--show-all-deprecations` flag. You may also need to
[2025-09-22T07:58:11.826+0000] {subprocess.py:90} INFO - run with `--no-partial-parse` as some deprecations are only encountered during
[2025-09-22T07:58:11.827+0000] {subprocess.py:90} INFO - parsing.
[2025-09-22T07:58:13.826+0000] {subprocess.py:94} INFO - Command exited with return code 1
[2025-09-22T07:58:13.827+0000] {local.py:441} INFO - parsing.
[2025-09-22T07:58:13.840+0000] {local.py:196} WARNING - Artifact schema version: https://schemas.getdbt.com/dbt/manifest/v12.json is above dbt-ol supported version 7. This might cause errors.
[2025-09-22T07:58:13.841+0000] {local.py:196} WARNING - Artifact schema version: https://schemas.getdbt.com/dbt/run-results/v6.json is above dbt-ol supported version 5. This might cause errors.
[2025-09-22T07:58:13.847+0000] {local.py:547} INFO - Inlets: []
[2025-09-22T07:58:13.847+0000] {local.py:548} INFO - Outlets: []
[2025-09-22T07:58:13.848+0000] {local.py:772} INFO - Assigning inlets/outlets without DatasetAlias
[2025-09-22T07:58:13.848+0000] {dag.py:3089} INFO - Sync 1 DAGs
[2025-09-22T07:58:13.940+0000] {dag.py:3947} INFO - Setting next_dagrun for dbt_staging to 2025-09-22 00:00:00+00:00, run_after=2025-09-23 00:00:00+00:00
[2025-09-22T07:58:14.005+0000] {local.py:253} ERROR - [0m07:58:10  Running with dbt=1.10.11
[0m07:58:10  [[33mWARNING[0m]: Deprecated functionality
Usage of `--models`, `--model`, and `-m` is deprecated in favor of `--select` or
`-s`.
[0m07:58:10  Registered adapter: clickhouse=1.9.3
[0m07:58:11  Found 8 models, 47 data tests, 8 sources, 597 macros
[0m07:58:11
[0m07:58:11  Concurrency: 4 threads (target='dev')
[0m07:58:11
[0m07:58:11  1 of 2 START test not_null_stg_categories_CATEGORY_ID .......................... [RUN]
[0m07:58:11  2 of 2 START test not_null_stg_categories_CATEGORY_NAME ........................ [RUN]
[0m07:58:11  1 of 2 ERROR not_null_stg_categories_CATEGORY_ID ............................... [[31mERROR[0m in 0.11s]
[0m07:58:11  2 of 2 ERROR not_null_stg_categories_CATEGORY_NAME ............................. [[31mERROR[0m in 0.14s]
[0m07:58:11
[0m07:58:11  Finished running 2 data tests in 0 hours 0 minutes and 0.29 seconds (0.29s).
[0m07:58:11
[0m07:58:11  [31mCompleted with 2 errors, 0 partial successes, and 0 warnings:[0m
[0m07:58:11
[0m07:58:11  [31mFailure in test not_null_stg_categories_CATEGORY_ID (models/ecom_staging/schema.yml)[0m
[0m07:58:11    Database Error in test not_null_stg_categories_CATEGORY_ID (models/ecom_staging/schema.yml)
  HTTPDriver for http://clickhouse:8123 received ClickHouse error code 47
   Code: 47. DB::Exception: Unknown expression identifier 'CATEGORY_ID' in scope SELECT CATEGORY_ID FROM ecom_db_staging.stg_categories WHERE CATEGORY_ID IS NULL. Maybe you meant: ['category_id']. (UNKNOWN_IDENTIFIER) (version 24.8.14.39 (official build))
  compiled code at target/run/ecom_staging/models/ecom_staging/schema.yml/not_null_stg_categories_CATEGORY_ID.sql
[0m07:58:11
[0m07:58:11    compiled code at target/compiled/ecom_staging/models/ecom_staging/schema.yml/not_null_stg_categories_CATEGORY_ID.sql
[0m07:58:11
[0m07:58:11  [31mFailure in test not_null_stg_categories_CATEGORY_NAME (models/ecom_staging/schema.yml)[0m
[0m07:58:11    Database Error in test not_null_stg_categories_CATEGORY_NAME (models/ecom_staging/schema.yml)
  HTTPDriver for http://clickhouse:8123 received ClickHouse error code 47
   Code: 47. DB::Exception: Unknown expression identifier 'CATEGORY_NAME' in scope SELECT CATEGORY_NAME FROM ecom_db_staging.stg_categories WHERE CATEGORY_NAME IS NULL. Maybe you meant: ['category_name']. (UNKNOWN_IDENTIFIER) (version 24.8.14.39 (official build))
  compiled code at target/run/ecom_staging/models/ecom_staging/schema.yml/not_null_stg_categories_CATEGORY_NAME.sql
[0m07:58:11
[0m07:58:11    compiled code at target/compiled/ecom_staging/models/ecom_staging/schema.yml/not_null_stg_categories_CATEGORY_NAME.sql
[0m07:58:11
[0m07:58:11  Done. PASS=0 WARN=0 ERROR=2 SKIP=0 NO-OP=0 TOTAL=2
[0m07:58:11  [[33mWARNING[0m][DeprecationsSummary]: Deprecated functionality
Summary of encountered deprecations:
- ModelParamUsageDeprecation: 1 occurrence
To see all deprecation instances instead of just the first occurrence of each,
run command again with the `--show-all-deprecations` flag. You may also need to
run with `--no-partial-parse` as some deprecations are only encountered during
parsing.
[2025-09-22T07:58:14.013+0000] {virtualenv.py:131} INFO - Releasing virtualenv lock
[2025-09-22T07:58:14.014+0000] {virtualenv.py:201} WARNING - Lockfile /tmp/cosmos_venv_ecom/cosmos_virtualenv.lock not found, perhaps deleted by other concurrent operator?
[2025-09-22T07:58:14.014+0000] {taskinstance.py:441} INFO - ::group::Post task execution logs
[2025-09-22T07:58:14.052+0000] {taskinstance.py:2905} ERROR - Task failed with exception
Traceback (most recent call last):
  File "/home/airflow/.local/lib/python3.10/site-packages/airflow/models/taskinstance.py", line 465, in _execute_task
    result = _execute_callable(context=context, **execute_callable_kwargs)
  File "/home/airflow/.local/lib/python3.10/site-packages/airflow/models/taskinstance.py", line 432, in _execute_callable
    return execute_callable(context=context, **execute_callable_kwargs)
  File "/home/airflow/.local/lib/python3.10/site-packages/airflow/models/baseoperator.py", line 401, in wrapper
    return func(self, *args, **kwargs)
  File "/home/airflow/.local/lib/python3.10/site-packages/cosmos/operators/virtualenv.py", line 144, in execute
    output = super().execute(context)
  File "/home/airflow/.local/lib/python3.10/site-packages/airflow/models/baseoperator.py", line 401, in wrapper
    return func(self, *args, **kwargs)
  File "/home/airflow/.local/lib/python3.10/site-packages/cosmos/operators/local.py", line 1089, in execute
    result = self.build_and_run_cmd(context=context, cmd_flags=self.add_cmd_flags())
  File "/home/airflow/.local/lib/python3.10/site-packages/cosmos/operators/local.py", line 853, in build_and_run_cmd
    result = self.run_command(
  File "/home/airflow/.local/lib/python3.10/site-packages/cosmos/operators/virtualenv.py", line 129, in run_command
    return super().run_command(cmd, env, context, run_as_async=run_as_async, async_context=async_context)
  File "/home/airflow/.local/lib/python3.10/site-packages/cosmos/operators/local.py", line 650, in run_command
    self.handle_exception(result)
  File "/home/airflow/.local/lib/python3.10/site-packages/cosmos/operators/local.py", line 254, in handle_exception_subprocess
    raise AirflowException(f"dbt command failed. The command returned a non-zero exit code {result.exit_code}.")
airflow.exceptions.AirflowException: dbt command failed. The command returned a non-zero exit code 1.
[2025-09-22T07:58:14.056+0000] {taskinstance.py:1206} INFO - Marking task as FAILED. dag_id=dbt_staging, task_id=dbt_ecom.stg_categories.test, run_id=scheduled__2025-09-21T00:00:00+00:00, execution_date=20250921T000000, start_date=20250922T075745, end_date=20250922T075814
[2025-09-22T07:58:14.079+0000] {standard_task_runner.py:110} ERROR - Failed to execute job 643 for task dbt_ecom.stg_categories.test (dbt command failed. The command returned a non-zero exit code 1.; 862)
[2025-09-22T07:58:14.094+0000] {local_task_job_runner.py:243} INFO - Task exited with return code 1
[2025-09-22T07:58:14.169+0000] {taskinstance.py:3503} INFO - 0 downstream tasks scheduled from follow-on schedule check
[2025-09-22T07:58:14.172+0000] {local_task_job_runner.py:222} INFO - ::endgroup::
[2025-09-22T08:16:28.983+0000] {local_task_job_runner.py:120} INFO - ::group::Pre task execution logs
[2025-09-22T08:16:29.300+0000] {taskinstance.py:2076} INFO - Dependencies all met for dep_context=non-requeueable deps ti=<TaskInstance: dbt_staging.dbt_ecom.stg_categories.test scheduled__2025-09-21T00:00:00+00:00 [queued]>
[2025-09-22T08:16:29.313+0000] {taskinstance.py:2076} INFO - Dependencies all met for dep_context=requeueable deps ti=<TaskInstance: dbt_staging.dbt_ecom.stg_categories.test scheduled__2025-09-21T00:00:00+00:00 [queued]>
[2025-09-22T08:16:29.314+0000] {taskinstance.py:2306} INFO - Starting attempt 1 of 1
[2025-09-22T08:16:29.341+0000] {taskinstance.py:2330} INFO - Executing <Task(DbtTestVirtualenvOperator): dbt_ecom.stg_categories.test> on 2025-09-21 00:00:00+00:00
[2025-09-22T08:16:29.349+0000] {standard_task_runner.py:64} INFO - Started process 2740 to run task
[2025-09-22T08:16:29.354+0000] {standard_task_runner.py:90} INFO - Running: ['***', 'tasks', 'run', 'dbt_staging', 'dbt_ecom.stg_categories.test', 'scheduled__2025-09-21T00:00:00+00:00', '--job-id', '661', '--raw', '--subdir', 'DAGS_FOLDER/dbt_staging.py', '--cfg-path', '/tmp/tmpxkfaxx0g']
[2025-09-22T08:16:29.359+0000] {standard_task_runner.py:91} INFO - Job 661: Subtask dbt_ecom.stg_categories.test
[2025-09-22T08:16:29.590+0000] {task_command.py:426} INFO - Running <TaskInstance: dbt_staging.dbt_ecom.stg_categories.test scheduled__2025-09-21T00:00:00+00:00 [running]> on host e95bde6b8d07
[2025-09-22T08:16:29.863+0000] {taskinstance.py:2648} INFO - Exporting env vars: AIRFLOW_CTX_DAG_OWNER='***' AIRFLOW_CTX_DAG_ID='dbt_staging' AIRFLOW_CTX_TASK_ID='dbt_ecom.stg_categories.test' AIRFLOW_CTX_EXECUTION_DATE='2025-09-21T00:00:00+00:00' AIRFLOW_CTX_TRY_NUMBER='1' AIRFLOW_CTX_DAG_RUN_ID='scheduled__2025-09-21T00:00:00+00:00'
[2025-09-22T08:16:29.866+0000] {taskinstance.py:430} INFO - ::endgroup::
[2025-09-22T08:16:29.883+0000] {baseoperator.py:400} WARNING - DbtTestVirtualenvOperator.execute cannot be called outside TaskInstance!
[2025-09-22T08:16:29.884+0000] {virtualenv.py:120} INFO - Checking if the virtualenv lock /tmp/cosmos_venv_ecom/cosmos_virtualenv.lock exists
[2025-09-22T08:16:29.885+0000] {virtualenv.py:178} INFO - Checking for running process with PID 2494
[2025-09-22T08:16:29.886+0000] {virtualenv.py:181} INFO - Process 2494 running: True and has the lock /tmp/cosmos_venv_ecom/cosmos_virtualenv.lock.
[2025-09-22T08:16:29.886+0000] {virtualenv.py:122} INFO - Waiting for virtualenv lock to be released
[2025-09-22T08:16:30.888+0000] {virtualenv.py:178} INFO - Checking for running process with PID 2494
[2025-09-22T08:16:30.889+0000] {virtualenv.py:181} INFO - Process 2494 running: True and has the lock /tmp/cosmos_venv_ecom/cosmos_virtualenv.lock.
[2025-09-22T08:16:30.890+0000] {virtualenv.py:122} INFO - Waiting for virtualenv lock to be released
[2025-09-22T08:16:31.892+0000] {virtualenv.py:178} INFO - Checking for running process with PID 2494
[2025-09-22T08:16:31.894+0000] {virtualenv.py:181} INFO - Process 2494 running: True and has the lock /tmp/cosmos_venv_ecom/cosmos_virtualenv.lock.
[2025-09-22T08:16:31.895+0000] {virtualenv.py:122} INFO - Waiting for virtualenv lock to be released
[2025-09-22T08:16:32.897+0000] {virtualenv.py:178} INFO - Checking for running process with PID 2494
[2025-09-22T08:16:32.901+0000] {virtualenv.py:181} INFO - Process 2494 running: True and has the lock /tmp/cosmos_venv_ecom/cosmos_virtualenv.lock.
[2025-09-22T08:16:32.902+0000] {virtualenv.py:122} INFO - Waiting for virtualenv lock to be released
[2025-09-22T08:16:33.903+0000] {virtualenv.py:178} INFO - Checking for running process with PID 2494
[2025-09-22T08:16:33.905+0000] {virtualenv.py:181} INFO - Process 2494 running: True and has the lock /tmp/cosmos_venv_ecom/cosmos_virtualenv.lock.
[2025-09-22T08:16:33.906+0000] {virtualenv.py:122} INFO - Waiting for virtualenv lock to be released
[2025-09-22T08:16:34.909+0000] {virtualenv.py:178} INFO - Checking for running process with PID 2494
[2025-09-22T08:16:34.910+0000] {virtualenv.py:181} INFO - Process 2494 running: True and has the lock /tmp/cosmos_venv_ecom/cosmos_virtualenv.lock.
[2025-09-22T08:16:34.910+0000] {virtualenv.py:122} INFO - Waiting for virtualenv lock to be released
[2025-09-22T08:16:35.912+0000] {virtualenv.py:178} INFO - Checking for running process with PID 2494
[2025-09-22T08:16:35.913+0000] {virtualenv.py:181} INFO - Process 2494 running: True and has the lock /tmp/cosmos_venv_ecom/cosmos_virtualenv.lock.
[2025-09-22T08:16:35.913+0000] {virtualenv.py:122} INFO - Waiting for virtualenv lock to be released
[2025-09-22T08:16:36.915+0000] {virtualenv.py:178} INFO - Checking for running process with PID 2494
[2025-09-22T08:16:36.916+0000] {virtualenv.py:181} INFO - Process 2494 running: True and has the lock /tmp/cosmos_venv_ecom/cosmos_virtualenv.lock.
[2025-09-22T08:16:36.916+0000] {virtualenv.py:122} INFO - Waiting for virtualenv lock to be released
[2025-09-22T08:16:37.918+0000] {virtualenv.py:178} INFO - Checking for running process with PID 2494
[2025-09-22T08:16:37.919+0000] {virtualenv.py:181} INFO - Process 2494 running: True and has the lock /tmp/cosmos_venv_ecom/cosmos_virtualenv.lock.
[2025-09-22T08:16:37.919+0000] {virtualenv.py:122} INFO - Waiting for virtualenv lock to be released
[2025-09-22T08:16:38.922+0000] {virtualenv.py:178} INFO - Checking for running process with PID 2494
[2025-09-22T08:16:38.923+0000] {virtualenv.py:181} INFO - Process 2494 running: True and has the lock /tmp/cosmos_venv_ecom/cosmos_virtualenv.lock.
[2025-09-22T08:16:38.924+0000] {virtualenv.py:122} INFO - Waiting for virtualenv lock to be released
[2025-09-22T08:16:39.927+0000] {virtualenv.py:178} INFO - Checking for running process with PID 2494
[2025-09-22T08:16:39.928+0000] {virtualenv.py:181} INFO - Process 2494 running: True and has the lock /tmp/cosmos_venv_ecom/cosmos_virtualenv.lock.
[2025-09-22T08:16:39.928+0000] {virtualenv.py:122} INFO - Waiting for virtualenv lock to be released
[2025-09-22T08:16:40.930+0000] {virtualenv.py:178} INFO - Checking for running process with PID 2631
[2025-09-22T08:16:40.930+0000] {virtualenv.py:181} INFO - Process 2631 running: True and has the lock /tmp/cosmos_venv_ecom/cosmos_virtualenv.lock.
[2025-09-22T08:16:40.931+0000] {virtualenv.py:122} INFO - Waiting for virtualenv lock to be released
[2025-09-22T08:16:41.931+0000] {virtualenv.py:178} INFO - Checking for running process with PID 2631
[2025-09-22T08:16:41.932+0000] {virtualenv.py:181} INFO - Process 2631 running: True and has the lock /tmp/cosmos_venv_ecom/cosmos_virtualenv.lock.
[2025-09-22T08:16:41.932+0000] {virtualenv.py:122} INFO - Waiting for virtualenv lock to be released
[2025-09-22T08:16:42.934+0000] {virtualenv.py:178} INFO - Checking for running process with PID 2631
[2025-09-22T08:16:42.935+0000] {virtualenv.py:181} INFO - Process 2631 running: True and has the lock /tmp/cosmos_venv_ecom/cosmos_virtualenv.lock.
[2025-09-22T08:16:42.935+0000] {virtualenv.py:122} INFO - Waiting for virtualenv lock to be released
[2025-09-22T08:16:43.937+0000] {virtualenv.py:178} INFO - Checking for running process with PID 2631
[2025-09-22T08:16:43.938+0000] {virtualenv.py:181} INFO - Process 2631 running: True and has the lock /tmp/cosmos_venv_ecom/cosmos_virtualenv.lock.
[2025-09-22T08:16:43.939+0000] {virtualenv.py:122} INFO - Waiting for virtualenv lock to be released
[2025-09-22T08:16:44.941+0000] {virtualenv.py:178} INFO - Checking for running process with PID 2631
[2025-09-22T08:16:44.942+0000] {virtualenv.py:181} INFO - Process 2631 running: True and has the lock /tmp/cosmos_venv_ecom/cosmos_virtualenv.lock.
[2025-09-22T08:16:44.942+0000] {virtualenv.py:122} INFO - Waiting for virtualenv lock to be released
[2025-09-22T08:16:45.943+0000] {virtualenv.py:178} INFO - Checking for running process with PID 2631
[2025-09-22T08:16:45.944+0000] {virtualenv.py:181} INFO - Process 2631 running: True and has the lock /tmp/cosmos_venv_ecom/cosmos_virtualenv.lock.
[2025-09-22T08:16:45.944+0000] {virtualenv.py:122} INFO - Waiting for virtualenv lock to be released
[2025-09-22T08:16:46.946+0000] {virtualenv.py:178} INFO - Checking for running process with PID 2631
[2025-09-22T08:16:46.946+0000] {virtualenv.py:181} INFO - Process 2631 running: True and has the lock /tmp/cosmos_venv_ecom/cosmos_virtualenv.lock.
[2025-09-22T08:16:46.947+0000] {virtualenv.py:122} INFO - Waiting for virtualenv lock to be released
[2025-09-22T08:16:47.949+0000] {virtualenv.py:178} INFO - Checking for running process with PID 2631
[2025-09-22T08:16:47.950+0000] {virtualenv.py:181} INFO - Process 2631 running: True and has the lock /tmp/cosmos_venv_ecom/cosmos_virtualenv.lock.
[2025-09-22T08:16:47.950+0000] {virtualenv.py:122} INFO - Waiting for virtualenv lock to be released
[2025-09-22T08:16:48.952+0000] {virtualenv.py:178} INFO - Checking for running process with PID 2631
[2025-09-22T08:16:48.953+0000] {virtualenv.py:181} INFO - Process 2631 running: True and has the lock /tmp/cosmos_venv_ecom/cosmos_virtualenv.lock.
[2025-09-22T08:16:48.953+0000] {virtualenv.py:122} INFO - Waiting for virtualenv lock to be released
[2025-09-22T08:16:49.955+0000] {virtualenv.py:178} INFO - Checking for running process with PID 2631
[2025-09-22T08:16:49.956+0000] {virtualenv.py:181} INFO - Process 2631 running: True and has the lock /tmp/cosmos_venv_ecom/cosmos_virtualenv.lock.
[2025-09-22T08:16:49.956+0000] {virtualenv.py:122} INFO - Waiting for virtualenv lock to be released
[2025-09-22T08:16:50.958+0000] {virtualenv.py:178} INFO - Checking for running process with PID 2631
[2025-09-22T08:16:50.959+0000] {virtualenv.py:181} INFO - Process 2631 running: True and has the lock /tmp/cosmos_venv_ecom/cosmos_virtualenv.lock.
[2025-09-22T08:16:50.960+0000] {virtualenv.py:122} INFO - Waiting for virtualenv lock to be released
[2025-09-22T08:16:51.962+0000] {virtualenv.py:178} INFO - Checking for running process with PID 2631
[2025-09-22T08:16:51.963+0000] {virtualenv.py:181} INFO - Process 2631 running: True and has the lock /tmp/cosmos_venv_ecom/cosmos_virtualenv.lock.
[2025-09-22T08:16:51.963+0000] {virtualenv.py:122} INFO - Waiting for virtualenv lock to be released
[2025-09-22T08:16:52.965+0000] {virtualenv.py:178} INFO - Checking for running process with PID 2631
[2025-09-22T08:16:52.967+0000] {virtualenv.py:181} INFO - Process 2631 running: True and has the lock /tmp/cosmos_venv_ecom/cosmos_virtualenv.lock.
[2025-09-22T08:16:52.968+0000] {virtualenv.py:122} INFO - Waiting for virtualenv lock to be released
[2025-09-22T08:16:53.970+0000] {virtualenv.py:178} INFO - Checking for running process with PID 2631
[2025-09-22T08:16:53.971+0000] {virtualenv.py:181} INFO - Process 2631 running: True and has the lock /tmp/cosmos_venv_ecom/cosmos_virtualenv.lock.
[2025-09-22T08:16:53.971+0000] {virtualenv.py:122} INFO - Waiting for virtualenv lock to be released
[2025-09-22T08:16:54.973+0000] {virtualenv.py:178} INFO - Checking for running process with PID 2658
[2025-09-22T08:16:54.973+0000] {virtualenv.py:181} INFO - Process 2658 running: True and has the lock /tmp/cosmos_venv_ecom/cosmos_virtualenv.lock.
[2025-09-22T08:16:54.974+0000] {virtualenv.py:122} INFO - Waiting for virtualenv lock to be released
[2025-09-22T08:16:55.975+0000] {virtualenv.py:178} INFO - Checking for running process with PID 2658
[2025-09-22T08:16:55.976+0000] {virtualenv.py:181} INFO - Process 2658 running: True and has the lock /tmp/cosmos_venv_ecom/cosmos_virtualenv.lock.
[2025-09-22T08:16:55.977+0000] {virtualenv.py:122} INFO - Waiting for virtualenv lock to be released
[2025-09-22T08:16:56.979+0000] {virtualenv.py:178} INFO - Checking for running process with PID 2658
[2025-09-22T08:16:56.980+0000] {virtualenv.py:181} INFO - Process 2658 running: True and has the lock /tmp/cosmos_venv_ecom/cosmos_virtualenv.lock.
[2025-09-22T08:16:56.981+0000] {virtualenv.py:122} INFO - Waiting for virtualenv lock to be released
[2025-09-22T08:16:57.982+0000] {virtualenv.py:178} INFO - Checking for running process with PID 2658
[2025-09-22T08:16:57.984+0000] {virtualenv.py:181} INFO - Process 2658 running: True and has the lock /tmp/cosmos_venv_ecom/cosmos_virtualenv.lock.
[2025-09-22T08:16:57.984+0000] {virtualenv.py:122} INFO - Waiting for virtualenv lock to be released
[2025-09-22T08:16:58.986+0000] {virtualenv.py:178} INFO - Checking for running process with PID 2658
[2025-09-22T08:16:58.987+0000] {virtualenv.py:181} INFO - Process 2658 running: True and has the lock /tmp/cosmos_venv_ecom/cosmos_virtualenv.lock.
[2025-09-22T08:16:58.988+0000] {virtualenv.py:122} INFO - Waiting for virtualenv lock to be released
[2025-09-22T08:16:59.990+0000] {virtualenv.py:178} INFO - Checking for running process with PID 2658
[2025-09-22T08:16:59.991+0000] {virtualenv.py:181} INFO - Process 2658 running: True and has the lock /tmp/cosmos_venv_ecom/cosmos_virtualenv.lock.
[2025-09-22T08:16:59.991+0000] {virtualenv.py:122} INFO - Waiting for virtualenv lock to be released
[2025-09-22T08:17:00.993+0000] {virtualenv.py:178} INFO - Checking for running process with PID 2658
[2025-09-22T08:17:00.994+0000] {virtualenv.py:181} INFO - Process 2658 running: True and has the lock /tmp/cosmos_venv_ecom/cosmos_virtualenv.lock.
[2025-09-22T08:17:00.995+0000] {virtualenv.py:122} INFO - Waiting for virtualenv lock to be released
[2025-09-22T08:17:01.997+0000] {virtualenv.py:178} INFO - Checking for running process with PID 2658
[2025-09-22T08:17:01.999+0000] {virtualenv.py:181} INFO - Process 2658 running: True and has the lock /tmp/cosmos_venv_ecom/cosmos_virtualenv.lock.
[2025-09-22T08:17:02.000+0000] {virtualenv.py:122} INFO - Waiting for virtualenv lock to be released
[2025-09-22T08:17:03.002+0000] {virtualenv.py:178} INFO - Checking for running process with PID 2658
[2025-09-22T08:17:03.003+0000] {virtualenv.py:181} INFO - Process 2658 running: True and has the lock /tmp/cosmos_venv_ecom/cosmos_virtualenv.lock.
[2025-09-22T08:17:03.004+0000] {virtualenv.py:122} INFO - Waiting for virtualenv lock to be released
[2025-09-22T08:17:04.006+0000] {virtualenv.py:178} INFO - Checking for running process with PID 2658
[2025-09-22T08:17:04.007+0000] {virtualenv.py:181} INFO - Process 2658 running: True and has the lock /tmp/cosmos_venv_ecom/cosmos_virtualenv.lock.
[2025-09-22T08:17:04.008+0000] {virtualenv.py:122} INFO - Waiting for virtualenv lock to be released
[2025-09-22T08:17:05.010+0000] {virtualenv.py:178} INFO - Checking for running process with PID 2658
[2025-09-22T08:17:05.011+0000] {virtualenv.py:181} INFO - Process 2658 running: True and has the lock /tmp/cosmos_venv_ecom/cosmos_virtualenv.lock.
[2025-09-22T08:17:05.011+0000] {virtualenv.py:122} INFO - Waiting for virtualenv lock to be released
[2025-09-22T08:17:06.012+0000] {virtualenv.py:178} INFO - Checking for running process with PID 2658
[2025-09-22T08:17:06.013+0000] {virtualenv.py:181} INFO - Process 2658 running: True and has the lock /tmp/cosmos_venv_ecom/cosmos_virtualenv.lock.
[2025-09-22T08:17:06.014+0000] {virtualenv.py:122} INFO - Waiting for virtualenv lock to be released
[2025-09-22T08:17:07.016+0000] {virtualenv.py:178} INFO - Checking for running process with PID 2658
[2025-09-22T08:17:07.017+0000] {virtualenv.py:181} INFO - Process 2658 running: True and has the lock /tmp/cosmos_venv_ecom/cosmos_virtualenv.lock.
[2025-09-22T08:17:07.017+0000] {virtualenv.py:122} INFO - Waiting for virtualenv lock to be released
[2025-09-22T08:17:08.018+0000] {virtualenv.py:178} INFO - Checking for running process with PID 2658
[2025-09-22T08:17:08.019+0000] {virtualenv.py:181} INFO - Process 2658 running: True and has the lock /tmp/cosmos_venv_ecom/cosmos_virtualenv.lock.
[2025-09-22T08:17:08.020+0000] {virtualenv.py:122} INFO - Waiting for virtualenv lock to be released
[2025-09-22T08:17:09.022+0000] {virtualenv.py:178} INFO - Checking for running process with PID 2784
[2025-09-22T08:17:09.023+0000] {virtualenv.py:181} INFO - Process 2784 running: True and has the lock /tmp/cosmos_venv_ecom/cosmos_virtualenv.lock.
[2025-09-22T08:17:09.024+0000] {virtualenv.py:122} INFO - Waiting for virtualenv lock to be released
[2025-09-22T08:17:10.025+0000] {virtualenv.py:178} INFO - Checking for running process with PID 2784
[2025-09-22T08:17:10.026+0000] {virtualenv.py:181} INFO - Process 2784 running: True and has the lock /tmp/cosmos_venv_ecom/cosmos_virtualenv.lock.
[2025-09-22T08:17:10.027+0000] {virtualenv.py:122} INFO - Waiting for virtualenv lock to be released
[2025-09-22T08:17:11.028+0000] {virtualenv.py:178} INFO - Checking for running process with PID 2784
[2025-09-22T08:17:11.030+0000] {virtualenv.py:181} INFO - Process 2784 running: True and has the lock /tmp/cosmos_venv_ecom/cosmos_virtualenv.lock.
[2025-09-22T08:17:11.030+0000] {virtualenv.py:122} INFO - Waiting for virtualenv lock to be released
[2025-09-22T08:17:12.032+0000] {virtualenv.py:178} INFO - Checking for running process with PID 2784
[2025-09-22T08:17:12.033+0000] {virtualenv.py:181} INFO - Process 2784 running: True and has the lock /tmp/cosmos_venv_ecom/cosmos_virtualenv.lock.
[2025-09-22T08:17:12.033+0000] {virtualenv.py:122} INFO - Waiting for virtualenv lock to be released
[2025-09-22T08:17:13.035+0000] {virtualenv.py:178} INFO - Checking for running process with PID 2784
[2025-09-22T08:17:13.037+0000] {virtualenv.py:181} INFO - Process 2784 running: True and has the lock /tmp/cosmos_venv_ecom/cosmos_virtualenv.lock.
[2025-09-22T08:17:13.037+0000] {virtualenv.py:122} INFO - Waiting for virtualenv lock to be released
[2025-09-22T08:17:14.039+0000] {virtualenv.py:178} INFO - Checking for running process with PID 2784
[2025-09-22T08:17:14.041+0000] {virtualenv.py:181} INFO - Process 2784 running: True and has the lock /tmp/cosmos_venv_ecom/cosmos_virtualenv.lock.
[2025-09-22T08:17:14.042+0000] {virtualenv.py:122} INFO - Waiting for virtualenv lock to be released
[2025-09-22T08:17:15.044+0000] {virtualenv.py:178} INFO - Checking for running process with PID 2784
[2025-09-22T08:17:15.045+0000] {virtualenv.py:181} INFO - Process 2784 running: True and has the lock /tmp/cosmos_venv_ecom/cosmos_virtualenv.lock.
[2025-09-22T08:17:15.045+0000] {virtualenv.py:122} INFO - Waiting for virtualenv lock to be released
[2025-09-22T08:17:16.047+0000] {virtualenv.py:178} INFO - Checking for running process with PID 2784
[2025-09-22T08:17:16.049+0000] {virtualenv.py:181} INFO - Process 2784 running: True and has the lock /tmp/cosmos_venv_ecom/cosmos_virtualenv.lock.
[2025-09-22T08:17:16.050+0000] {virtualenv.py:122} INFO - Waiting for virtualenv lock to be released
[2025-09-22T08:17:17.052+0000] {virtualenv.py:178} INFO - Checking for running process with PID 2784
[2025-09-22T08:17:17.053+0000] {virtualenv.py:181} INFO - Process 2784 running: True and has the lock /tmp/cosmos_venv_ecom/cosmos_virtualenv.lock.
[2025-09-22T08:17:17.053+0000] {virtualenv.py:122} INFO - Waiting for virtualenv lock to be released
[2025-09-22T08:17:18.054+0000] {virtualenv.py:178} INFO - Checking for running process with PID 2784
[2025-09-22T08:17:18.055+0000] {virtualenv.py:181} INFO - Process 2784 running: True and has the lock /tmp/cosmos_venv_ecom/cosmos_virtualenv.lock.
[2025-09-22T08:17:18.055+0000] {virtualenv.py:122} INFO - Waiting for virtualenv lock to be released
[2025-09-22T08:17:19.057+0000] {virtualenv.py:178} INFO - Checking for running process with PID 2784
[2025-09-22T08:17:19.058+0000] {virtualenv.py:181} INFO - Process 2784 running: True and has the lock /tmp/cosmos_venv_ecom/cosmos_virtualenv.lock.
[2025-09-22T08:17:19.058+0000] {virtualenv.py:122} INFO - Waiting for virtualenv lock to be released
[2025-09-22T08:17:20.060+0000] {virtualenv.py:178} INFO - Checking for running process with PID 2784
[2025-09-22T08:17:20.061+0000] {virtualenv.py:181} INFO - Process 2784 running: True and has the lock /tmp/cosmos_venv_ecom/cosmos_virtualenv.lock.
[2025-09-22T08:17:20.062+0000] {virtualenv.py:122} INFO - Waiting for virtualenv lock to be released
[2025-09-22T08:17:21.064+0000] {virtualenv.py:178} INFO - Checking for running process with PID 2784
[2025-09-22T08:17:21.065+0000] {virtualenv.py:181} INFO - Process 2784 running: True and has the lock /tmp/cosmos_venv_ecom/cosmos_virtualenv.lock.
[2025-09-22T08:17:21.066+0000] {virtualenv.py:122} INFO - Waiting for virtualenv lock to be released
[2025-09-22T08:17:22.068+0000] {virtualenv.py:178} INFO - Checking for running process with PID 2784
[2025-09-22T08:17:22.069+0000] {virtualenv.py:181} INFO - Process 2784 running: True and has the lock /tmp/cosmos_venv_ecom/cosmos_virtualenv.lock.
[2025-09-22T08:17:22.069+0000] {virtualenv.py:122} INFO - Waiting for virtualenv lock to be released
[2025-09-22T08:17:23.071+0000] {virtualenv.py:126} INFO - Acquiring the virtualenv lock
[2025-09-22T08:17:23.072+0000] {virtualenv.py:195} INFO - Acquiring lock at /tmp/cosmos_venv_ecom/cosmos_virtualenv.lock with pid 2740
[2025-09-22T08:17:23.073+0000] {virtualenv.py:153} INFO - Creating or updating the virtualenv at `/tmp/cosmos_venv_ecom
[2025-09-22T08:17:23.074+0000] {process_utils.py:183} INFO - Executing cmd: /home/***/.local/bin/python -m virtualenv /tmp/cosmos_venv_ecom --python=python3
[2025-09-22T08:17:23.076+0000] {process_utils.py:187} INFO - Output:
[2025-09-22T08:17:24.340+0000] {process_utils.py:191} INFO - created virtual environment CPython3.10.14.final.0-64 in 522ms
[2025-09-22T08:17:24.341+0000] {process_utils.py:191} INFO -   creator CPython3Posix(dest=/tmp/cosmos_venv_ecom, clear=False, no_vcs_ignore=False, global=False)
[2025-09-22T08:17:24.342+0000] {process_utils.py:191} INFO -   seeder FromAppData(download=False, pip=bundle, setuptools=bundle, wheel=bundle, via=copy, app_data_dir=/home/***/.local/share/virtualenv)
[2025-09-22T08:17:24.343+0000] {process_utils.py:191} INFO -     added seed packages: MarkupSafe==3.0.2, PyYAML==6.0.2, agate==1.9.1, annotated_types==0.7.0, attrs==25.3.0, babel==2.17.0, certifi==2025.8.3, charset_normalizer==3.4.3, click==8.2.1, clickhouse_connect==0.8.18, clickhouse_driver==0.2.9, colorama==0.4.6, daff==1.4.2, dbt_adapters==1.16.7, dbt_clickhouse==1.9.3, dbt_common==1.30.0, dbt_core==1.10.11, dbt_extractor==0.6.0, dbt_protos==1.0.375, dbt_semantic_interfaces==0.9.0, deepdiff==8.6.1, idna==3.10, importlib_metadata==8.7.0, isodate==0.6.1, jinja2==3.1.6, jsonschema==4.25.1, jsonschema_specifications==2025.9.1, leather==0.4.0, lz4==4.4.4, mashumaro==3.14, more_itertools==10.8.0, msgpack==1.1.1, networkx==3.4.2, orderly_set==5.5.0, packaging==25.0, parsedatetime==2.6, pathspec==0.12.1, pip==25.2, protobuf==6.32.1, pydantic==2.11.7, pydantic_core==2.33.2, python_dateutil==2.9.0.post0, python_slugify==8.0.4, pytimeparse==1.1.8, pytz==2025.2, referencing==0.36.2, requests==2.32.5, rpds_py==0.27.1, setuptools==80.9.0, six==1.17.0, snowplow_tracker==1.1.0, sqlparse==0.5.3, text_unidecode==1.3, typing_extensions==4.15.0, typing_inspection==0.4.1, tzlocal==5.3.1, urllib3==2.5.0, wheel==0.45.1, zipp==3.23.0, zstandard==0.24.0
[2025-09-22T08:17:24.343+0000] {process_utils.py:191} INFO -   activators BashActivator,CShellActivator,FishActivator,NushellActivator,PowerShellActivator,PythonActivator
[2025-09-22T08:17:24.401+0000] {process_utils.py:183} INFO - Executing cmd: /tmp/cosmos_venv_ecom/bin/pip install dbt-clickhouse
[2025-09-22T08:17:24.403+0000] {process_utils.py:187} INFO - Output:
[2025-09-22T08:17:25.518+0000] {process_utils.py:191} INFO - Requirement already satisfied: dbt-clickhouse in /tmp/cosmos_venv_ecom/lib/python3.10/site-packages (1.9.3)
[2025-09-22T08:17:25.520+0000] {process_utils.py:191} INFO - Requirement already satisfied: dbt-core>=1.9 in /tmp/cosmos_venv_ecom/lib/python3.10/site-packages (from dbt-clickhouse) (1.10.11)
[2025-09-22T08:17:25.521+0000] {process_utils.py:191} INFO - Requirement already satisfied: clickhouse-connect>=0.6.22 in /tmp/cosmos_venv_ecom/lib/python3.10/site-packages (from dbt-clickhouse) (0.8.18)
[2025-09-22T08:17:25.521+0000] {process_utils.py:191} INFO - Requirement already satisfied: clickhouse-driver>=0.2.6 in /tmp/cosmos_venv_ecom/lib/python3.10/site-packages (from dbt-clickhouse) (0.2.9)
[2025-09-22T08:17:25.522+0000] {process_utils.py:191} INFO - Requirement already satisfied: setuptools>=0.69 in /tmp/cosmos_venv_ecom/lib/python3.10/site-packages (from dbt-clickhouse) (80.9.0)
[2025-09-22T08:17:25.524+0000] {process_utils.py:191} INFO - Requirement already satisfied: certifi in /tmp/cosmos_venv_ecom/lib/python3.10/site-packages (from clickhouse-connect>=0.6.22->dbt-clickhouse) (2025.8.3)
[2025-09-22T08:17:25.525+0000] {process_utils.py:191} INFO - Requirement already satisfied: urllib3>=1.26 in /tmp/cosmos_venv_ecom/lib/python3.10/site-packages (from clickhouse-connect>=0.6.22->dbt-clickhouse) (2.5.0)
[2025-09-22T08:17:25.525+0000] {process_utils.py:191} INFO - Requirement already satisfied: pytz in /tmp/cosmos_venv_ecom/lib/python3.10/site-packages (from clickhouse-connect>=0.6.22->dbt-clickhouse) (2025.2)
[2025-09-22T08:17:25.526+0000] {process_utils.py:191} INFO - Requirement already satisfied: zstandard in /tmp/cosmos_venv_ecom/lib/python3.10/site-packages (from clickhouse-connect>=0.6.22->dbt-clickhouse) (0.24.0)
[2025-09-22T08:17:25.527+0000] {process_utils.py:191} INFO - Requirement already satisfied: lz4 in /tmp/cosmos_venv_ecom/lib/python3.10/site-packages (from clickhouse-connect>=0.6.22->dbt-clickhouse) (4.4.4)
[2025-09-22T08:17:25.528+0000] {process_utils.py:191} INFO - Requirement already satisfied: tzlocal in /tmp/cosmos_venv_ecom/lib/python3.10/site-packages (from clickhouse-driver>=0.2.6->dbt-clickhouse) (5.3.1)
[2025-09-22T08:17:25.532+0000] {process_utils.py:191} INFO - Requirement already satisfied: agate<1.10,>=1.7.0 in /tmp/cosmos_venv_ecom/lib/python3.10/site-packages (from dbt-core>=1.9->dbt-clickhouse) (1.9.1)
[2025-09-22T08:17:25.532+0000] {process_utils.py:191} INFO - Requirement already satisfied: Jinja2<4,>=3.1.3 in /tmp/cosmos_venv_ecom/lib/python3.10/site-packages (from dbt-core>=1.9->dbt-clickhouse) (3.1.6)
[2025-09-22T08:17:25.533+0000] {process_utils.py:191} INFO - Requirement already satisfied: mashumaro<3.15,>=3.9 in /tmp/cosmos_venv_ecom/lib/python3.10/site-packages (from mashumaro[msgpack]<3.15,>=3.9->dbt-core>=1.9->dbt-clickhouse) (3.14)
[2025-09-22T08:17:25.534+0000] {process_utils.py:191} INFO - Requirement already satisfied: click<9.0,>=8.0.2 in /tmp/cosmos_venv_ecom/lib/python3.10/site-packages (from dbt-core>=1.9->dbt-clickhouse) (8.2.1)
[2025-09-22T08:17:25.534+0000] {process_utils.py:191} INFO - Requirement already satisfied: jsonschema<5.0,>=4.19.1 in /tmp/cosmos_venv_ecom/lib/python3.10/site-packages (from dbt-core>=1.9->dbt-clickhouse) (4.25.1)
[2025-09-22T08:17:25.535+0000] {process_utils.py:191} INFO - Requirement already satisfied: networkx<4.0,>=2.3 in /tmp/cosmos_venv_ecom/lib/python3.10/site-packages (from dbt-core>=1.9->dbt-clickhouse) (3.4.2)
[2025-09-22T08:17:25.536+0000] {process_utils.py:191} INFO - Requirement already satisfied: protobuf<7.0,>=6.0 in /tmp/cosmos_venv_ecom/lib/python3.10/site-packages (from dbt-core>=1.9->dbt-clickhouse) (6.32.1)
[2025-09-22T08:17:25.536+0000] {process_utils.py:191} INFO - Requirement already satisfied: requests<3.0.0 in /tmp/cosmos_venv_ecom/lib/python3.10/site-packages (from dbt-core>=1.9->dbt-clickhouse) (2.32.5)
[2025-09-22T08:17:25.537+0000] {process_utils.py:191} INFO - Requirement already satisfied: snowplow-tracker<2.0,>=1.0.2 in /tmp/cosmos_venv_ecom/lib/python3.10/site-packages (from dbt-core>=1.9->dbt-clickhouse) (1.1.0)
[2025-09-22T08:17:25.538+0000] {process_utils.py:191} INFO - Requirement already satisfied: pathspec<0.13,>=0.9 in /tmp/cosmos_venv_ecom/lib/python3.10/site-packages (from dbt-core>=1.9->dbt-clickhouse) (0.12.1)
[2025-09-22T08:17:25.539+0000] {process_utils.py:191} INFO - Requirement already satisfied: sqlparse<0.6.0,>=0.5.0 in /tmp/cosmos_venv_ecom/lib/python3.10/site-packages (from dbt-core>=1.9->dbt-clickhouse) (0.5.3)
[2025-09-22T08:17:25.539+0000] {process_utils.py:191} INFO - Requirement already satisfied: dbt-extractor<=0.6,>=0.5.0 in /tmp/cosmos_venv_ecom/lib/python3.10/site-packages (from dbt-core>=1.9->dbt-clickhouse) (0.6.0)
[2025-09-22T08:17:25.540+0000] {process_utils.py:191} INFO - Requirement already satisfied: dbt-semantic-interfaces<0.10,>=0.9.0 in /tmp/cosmos_venv_ecom/lib/python3.10/site-packages (from dbt-core>=1.9->dbt-clickhouse) (0.9.0)
[2025-09-22T08:17:25.541+0000] {process_utils.py:191} INFO - Requirement already satisfied: dbt-common<2.0,>=1.27.0 in /tmp/cosmos_venv_ecom/lib/python3.10/site-packages (from dbt-core>=1.9->dbt-clickhouse) (1.30.0)
[2025-09-22T08:17:25.541+0000] {process_utils.py:191} INFO - Requirement already satisfied: dbt-adapters<2.0,>=1.15.5 in /tmp/cosmos_venv_ecom/lib/python3.10/site-packages (from dbt-core>=1.9->dbt-clickhouse) (1.16.7)
[2025-09-22T08:17:25.542+0000] {process_utils.py:191} INFO - Requirement already satisfied: dbt-protos<2.0,>=1.0.346 in /tmp/cosmos_venv_ecom/lib/python3.10/site-packages (from dbt-core>=1.9->dbt-clickhouse) (1.0.375)
[2025-09-22T08:17:25.542+0000] {process_utils.py:191} INFO - Requirement already satisfied: pydantic<3 in /tmp/cosmos_venv_ecom/lib/python3.10/site-packages (from dbt-core>=1.9->dbt-clickhouse) (2.11.7)
[2025-09-22T08:17:25.543+0000] {process_utils.py:191} INFO - Requirement already satisfied: packaging>20.9 in /tmp/cosmos_venv_ecom/lib/python3.10/site-packages (from dbt-core>=1.9->dbt-clickhouse) (25.0)
[2025-09-22T08:17:25.544+0000] {process_utils.py:191} INFO - Requirement already satisfied: pyyaml>=6.0 in /tmp/cosmos_venv_ecom/lib/python3.10/site-packages (from dbt-core>=1.9->dbt-clickhouse) (6.0.2)
[2025-09-22T08:17:25.545+0000] {process_utils.py:191} INFO - Requirement already satisfied: daff>=1.3.46 in /tmp/cosmos_venv_ecom/lib/python3.10/site-packages (from dbt-core>=1.9->dbt-clickhouse) (1.4.2)
[2025-09-22T08:17:25.545+0000] {process_utils.py:191} INFO - Requirement already satisfied: typing-extensions>=4.4 in /tmp/cosmos_venv_ecom/lib/python3.10/site-packages (from dbt-core>=1.9->dbt-clickhouse) (4.15.0)
[2025-09-22T08:17:25.546+0000] {process_utils.py:191} INFO - Requirement already satisfied: Babel>=2.0 in /tmp/cosmos_venv_ecom/lib/python3.10/site-packages (from agate<1.10,>=1.7.0->dbt-core>=1.9->dbt-clickhouse) (2.17.0)
[2025-09-22T08:17:25.547+0000] {process_utils.py:191} INFO - Requirement already satisfied: isodate>=0.5.4 in /tmp/cosmos_venv_ecom/lib/python3.10/site-packages (from agate<1.10,>=1.7.0->dbt-core>=1.9->dbt-clickhouse) (0.6.1)
[2025-09-22T08:17:25.548+0000] {process_utils.py:191} INFO - Requirement already satisfied: leather>=0.3.2 in /tmp/cosmos_venv_ecom/lib/python3.10/site-packages (from agate<1.10,>=1.7.0->dbt-core>=1.9->dbt-clickhouse) (0.4.0)
[2025-09-22T08:17:25.549+0000] {process_utils.py:191} INFO - Requirement already satisfied: parsedatetime!=2.5,>=2.1 in /tmp/cosmos_venv_ecom/lib/python3.10/site-packages (from agate<1.10,>=1.7.0->dbt-core>=1.9->dbt-clickhouse) (2.6)
[2025-09-22T08:17:25.549+0000] {process_utils.py:191} INFO - Requirement already satisfied: python-slugify>=1.2.1 in /tmp/cosmos_venv_ecom/lib/python3.10/site-packages (from agate<1.10,>=1.7.0->dbt-core>=1.9->dbt-clickhouse) (8.0.4)
[2025-09-22T08:17:25.550+0000] {process_utils.py:191} INFO - Requirement already satisfied: pytimeparse>=1.1.5 in /tmp/cosmos_venv_ecom/lib/python3.10/site-packages (from agate<1.10,>=1.7.0->dbt-core>=1.9->dbt-clickhouse) (1.1.8)
[2025-09-22T08:17:25.555+0000] {process_utils.py:191} INFO - Requirement already satisfied: colorama<0.5,>=0.3.9 in /tmp/cosmos_venv_ecom/lib/python3.10/site-packages (from dbt-common<2.0,>=1.27.0->dbt-core>=1.9->dbt-clickhouse) (0.4.6)
[2025-09-22T08:17:25.556+0000] {process_utils.py:191} INFO - Requirement already satisfied: deepdiff<9.0,>=7.0 in /tmp/cosmos_venv_ecom/lib/python3.10/site-packages (from dbt-common<2.0,>=1.27.0->dbt-core>=1.9->dbt-clickhouse) (8.6.1)
[2025-09-22T08:17:25.558+0000] {process_utils.py:191} INFO - Requirement already satisfied: python-dateutil<3.0,>=2.0 in /tmp/cosmos_venv_ecom/lib/python3.10/site-packages (from dbt-common<2.0,>=1.27.0->dbt-core>=1.9->dbt-clickhouse) (2.9.0.post0)
[2025-09-22T08:17:25.564+0000] {process_utils.py:191} INFO - Requirement already satisfied: importlib-metadata<9,>=6.0 in /tmp/cosmos_venv_ecom/lib/python3.10/site-packages (from dbt-semantic-interfaces<0.10,>=0.9.0->dbt-core>=1.9->dbt-clickhouse) (8.7.0)
[2025-09-22T08:17:25.566+0000] {process_utils.py:191} INFO - Requirement already satisfied: more-itertools<11.0,>=8.0 in /tmp/cosmos_venv_ecom/lib/python3.10/site-packages (from dbt-semantic-interfaces<0.10,>=0.9.0->dbt-core>=1.9->dbt-clickhouse) (10.8.0)
[2025-09-22T08:17:25.574+0000] {process_utils.py:191} INFO - Requirement already satisfied: orderly-set<6,>=5.4.1 in /tmp/cosmos_venv_ecom/lib/python3.10/site-packages (from deepdiff<9.0,>=7.0->dbt-common<2.0,>=1.27.0->dbt-core>=1.9->dbt-clickhouse) (5.5.0)
[2025-09-22T08:17:25.579+0000] {process_utils.py:191} INFO - Requirement already satisfied: zipp>=3.20 in /tmp/cosmos_venv_ecom/lib/python3.10/site-packages (from importlib-metadata<9,>=6.0->dbt-semantic-interfaces<0.10,>=0.9.0->dbt-core>=1.9->dbt-clickhouse) (3.23.0)
[2025-09-22T08:17:25.581+0000] {process_utils.py:191} INFO - Requirement already satisfied: six in /tmp/cosmos_venv_ecom/lib/python3.10/site-packages (from isodate>=0.5.4->agate<1.10,>=1.7.0->dbt-core>=1.9->dbt-clickhouse) (1.17.0)
[2025-09-22T08:17:25.583+0000] {process_utils.py:191} INFO - Requirement already satisfied: MarkupSafe>=2.0 in /tmp/cosmos_venv_ecom/lib/python3.10/site-packages (from Jinja2<4,>=3.1.3->dbt-core>=1.9->dbt-clickhouse) (3.0.2)
[2025-09-22T08:17:25.587+0000] {process_utils.py:191} INFO - Requirement already satisfied: attrs>=22.2.0 in /tmp/cosmos_venv_ecom/lib/python3.10/site-packages (from jsonschema<5.0,>=4.19.1->dbt-core>=1.9->dbt-clickhouse) (25.3.0)
[2025-09-22T08:17:25.588+0000] {process_utils.py:191} INFO - Requirement already satisfied: jsonschema-specifications>=2023.03.6 in /tmp/cosmos_venv_ecom/lib/python3.10/site-packages (from jsonschema<5.0,>=4.19.1->dbt-core>=1.9->dbt-clickhouse) (2025.9.1)
[2025-09-22T08:17:25.588+0000] {process_utils.py:191} INFO - Requirement already satisfied: referencing>=0.28.4 in /tmp/cosmos_venv_ecom/lib/python3.10/site-packages (from jsonschema<5.0,>=4.19.1->dbt-core>=1.9->dbt-clickhouse) (0.36.2)
[2025-09-22T08:17:25.589+0000] {process_utils.py:191} INFO - Requirement already satisfied: rpds-py>=0.7.1 in /tmp/cosmos_venv_ecom/lib/python3.10/site-packages (from jsonschema<5.0,>=4.19.1->dbt-core>=1.9->dbt-clickhouse) (0.27.1)
[2025-09-22T08:17:25.596+0000] {process_utils.py:191} INFO - Requirement already satisfied: msgpack>=0.5.6 in /tmp/cosmos_venv_ecom/lib/python3.10/site-packages (from mashumaro[msgpack]<3.15,>=3.9->dbt-core>=1.9->dbt-clickhouse) (1.1.1)
[2025-09-22T08:17:25.613+0000] {process_utils.py:191} INFO - Requirement already satisfied: annotated-types>=0.6.0 in /tmp/cosmos_venv_ecom/lib/python3.10/site-packages (from pydantic<3->dbt-core>=1.9->dbt-clickhouse) (0.7.0)
[2025-09-22T08:17:25.615+0000] {process_utils.py:191} INFO - Requirement already satisfied: pydantic-core==2.33.2 in /tmp/cosmos_venv_ecom/lib/python3.10/site-packages (from pydantic<3->dbt-core>=1.9->dbt-clickhouse) (2.33.2)
[2025-09-22T08:17:25.616+0000] {process_utils.py:191} INFO - Requirement already satisfied: typing-inspection>=0.4.0 in /tmp/cosmos_venv_ecom/lib/python3.10/site-packages (from pydantic<3->dbt-core>=1.9->dbt-clickhouse) (0.4.1)
[2025-09-22T08:17:25.622+0000] {process_utils.py:191} INFO - Requirement already satisfied: charset_normalizer<4,>=2 in /tmp/cosmos_venv_ecom/lib/python3.10/site-packages (from requests<3.0.0->dbt-core>=1.9->dbt-clickhouse) (3.4.3)
[2025-09-22T08:17:25.623+0000] {process_utils.py:191} INFO - Requirement already satisfied: idna<4,>=2.5 in /tmp/cosmos_venv_ecom/lib/python3.10/site-packages (from requests<3.0.0->dbt-core>=1.9->dbt-clickhouse) (3.10)
[2025-09-22T08:17:25.663+0000] {process_utils.py:191} INFO - Requirement already satisfied: text-unidecode>=1.3 in /tmp/cosmos_venv_ecom/lib/python3.10/site-packages (from python-slugify>=1.2.1->agate<1.10,>=1.7.0->dbt-core>=1.9->dbt-clickhouse) (1.3)
[2025-09-22T08:17:25.778+0000] {local.py:470} INFO - Cloning project to writable temp directory /tmp/tmpx6bpj18r from /opt/airflow/dags/dbt/ecom_staging
[2025-09-22T08:17:25.796+0000] {local.py:490} INFO - Partial parse is enabled and the latest partial parse file is /tmp/cosmos/dbt_staging__dbt_ecom/target/partial_parse.msgpack
[2025-09-22T08:17:25.807+0000] {config.py:362} INFO - Using user-supplied profiles.yml at /opt/airflow/dags/dbt/profiles.yml
[2025-09-22T08:17:25.818+0000] {virtualenv.py:99} INFO - Using Python binary from virtualenv: /tmp/cosmos_venv_ecom/bin/python
[2025-09-22T08:17:25.819+0000] {local.py:434} INFO - Trying to run the command:
 ['/tmp/cosmos_venv_ecom/bin/dbt', 'deps', '--project-dir', '/tmp/tmpx6bpj18r', '--profiles-dir', '/opt/***/dags/dbt', '--profile', 'ecom_staging', '--target', 'dev']
From /tmp/tmpx6bpj18r
[2025-09-22T08:17:25.820+0000] {subprocess.py:56} INFO - Tmp dir root location: 
 /tmp
[2025-09-22T08:17:25.820+0000] {subprocess.py:69} INFO - Running command: ['/tmp/cosmos_venv_ecom/bin/dbt', 'deps', '--project-dir', '/tmp/tmpx6bpj18r', '--profiles-dir', '/opt/***/dags/dbt', '--profile', 'ecom_staging', '--target', 'dev']
[2025-09-22T08:17:25.830+0000] {subprocess.py:80} INFO - Command output:
[2025-09-22T08:17:28.375+0000] {subprocess.py:90} INFO - [0m08:17:28  Running with dbt=1.10.11
[2025-09-22T08:17:29.124+0000] {subprocess.py:90} INFO - [0m08:17:29  Installing dbt-labs/dbt_utils
[2025-09-22T08:17:29.869+0000] {subprocess.py:90} INFO - [0m08:17:29  Installed from version 1.3.0
[2025-09-22T08:17:29.870+0000] {subprocess.py:90} INFO - [0m08:17:29  Updated version available: 1.3.1
[2025-09-22T08:17:29.871+0000] {subprocess.py:90} INFO - [0m08:17:29
[2025-09-22T08:17:29.872+0000] {subprocess.py:90} INFO - [0m08:17:29  Updates available for packages: ['dbt-labs/dbt_utils']
[2025-09-22T08:17:29.873+0000] {subprocess.py:90} INFO - Update your versions in packages.yml, then run dbt deps
[2025-09-22T08:17:31.552+0000] {subprocess.py:94} INFO - Command exited with return code 0
[2025-09-22T08:17:31.553+0000] {local.py:441} INFO - Update your versions in packages.yml, then run dbt deps
[2025-09-22T08:17:31.553+0000] {virtualenv.py:99} INFO - Using Python binary from virtualenv: /tmp/cosmos_venv_ecom/bin/python
[2025-09-22T08:17:31.554+0000] {local.py:434} INFO - Trying to run the command:
 ['/tmp/cosmos_venv_ecom/bin/dbt', 'test', '--models', 'stg_categories', '--project-dir', '/tmp/tmpx6bpj18r', '--profiles-dir', '/opt/***/dags/dbt', '--profile', 'ecom_staging', '--target', 'dev']
From /tmp/tmpx6bpj18r
[2025-09-22T08:17:31.555+0000] {subprocess.py:56} INFO - Tmp dir root location: 
 /tmp
[2025-09-22T08:17:31.556+0000] {subprocess.py:69} INFO - Running command: ['/tmp/cosmos_venv_ecom/bin/dbt', 'test', '--models', 'stg_categories', '--project-dir', '/tmp/tmpx6bpj18r', '--profiles-dir', '/opt/***/dags/dbt', '--profile', 'ecom_staging', '--target', 'dev']
[2025-09-22T08:17:31.567+0000] {subprocess.py:80} INFO - Command output:
[2025-09-22T08:17:33.549+0000] {subprocess.py:90} INFO - [0m08:17:33  Running with dbt=1.10.11
[2025-09-22T08:17:33.553+0000] {subprocess.py:90} INFO - [0m08:17:33  [[33mWARNING[0m]: Deprecated functionality
[2025-09-22T08:17:33.554+0000] {subprocess.py:90} INFO - Usage of `--models`, `--model`, and `-m` is deprecated in favor of `--select` or
[2025-09-22T08:17:33.554+0000] {subprocess.py:90} INFO - `-s`.
[2025-09-22T08:17:33.825+0000] {subprocess.py:90} INFO - [0m08:17:33  Registered adapter: clickhouse=1.9.3
[2025-09-22T08:17:34.618+0000] {subprocess.py:90} INFO - [0m08:17:34  Found 8 models, 46 data tests, 8 sources, 597 macros
[2025-09-22T08:17:34.622+0000] {subprocess.py:90} INFO - [0m08:17:34
[2025-09-22T08:17:34.622+0000] {subprocess.py:90} INFO - [0m08:17:34  Concurrency: 4 threads (target='dev')
[2025-09-22T08:17:34.623+0000] {subprocess.py:90} INFO - [0m08:17:34
[2025-09-22T08:17:34.740+0000] {subprocess.py:90} INFO - [0m08:17:34  1 of 2 START test not_null_stg_categories_category_id .......................... [RUN]
[2025-09-22T08:17:34.747+0000] {subprocess.py:90} INFO - [0m08:17:34  2 of 2 START test not_null_stg_categories_category_name ........................ [RUN]
[2025-09-22T08:17:34.817+0000] {subprocess.py:90} INFO - [0m08:17:34  1 of 2 PASS not_null_stg_categories_category_id ................................ [[32mPASS[0m in 0.08s]
[2025-09-22T08:17:34.867+0000] {subprocess.py:90} INFO - [0m08:17:34  2 of 2 PASS not_null_stg_categories_category_name .............................. [[32mPASS[0m in 0.12s]
[2025-09-22T08:17:34.871+0000] {subprocess.py:90} INFO - [0m08:17:34
[2025-09-22T08:17:34.872+0000] {subprocess.py:90} INFO - [0m08:17:34  Finished running 2 data tests in 0 hours 0 minutes and 0.25 seconds (0.25s).
[2025-09-22T08:17:34.929+0000] {subprocess.py:90} INFO - [0m08:17:34
[2025-09-22T08:17:34.930+0000] {subprocess.py:90} INFO - [0m08:17:34  [32mCompleted successfully[0m
[2025-09-22T08:17:34.931+0000] {subprocess.py:90} INFO - [0m08:17:34
[2025-09-22T08:17:34.931+0000] {subprocess.py:90} INFO - [0m08:17:34  Done. PASS=2 WARN=0 ERROR=0 SKIP=0 NO-OP=0 TOTAL=2
[2025-09-22T08:17:34.932+0000] {subprocess.py:90} INFO - [0m08:17:34  [[33mWARNING[0m][DeprecationsSummary]: Deprecated functionality
[2025-09-22T08:17:34.933+0000] {subprocess.py:90} INFO - Summary of encountered deprecations:
[2025-09-22T08:17:34.933+0000] {subprocess.py:90} INFO - - ModelParamUsageDeprecation: 1 occurrence
[2025-09-22T08:17:34.933+0000] {subprocess.py:90} INFO - To see all deprecation instances instead of just the first occurrence of each,
[2025-09-22T08:17:34.934+0000] {subprocess.py:90} INFO - run command again with the `--show-all-deprecations` flag. You may also need to
[2025-09-22T08:17:34.934+0000] {subprocess.py:90} INFO - run with `--no-partial-parse` as some deprecations are only encountered during
[2025-09-22T08:17:34.934+0000] {subprocess.py:90} INFO - parsing.
[2025-09-22T08:17:36.729+0000] {subprocess.py:94} INFO - Command exited with return code 0
[2025-09-22T08:17:36.730+0000] {local.py:441} INFO - parsing.
[2025-09-22T08:17:36.748+0000] {local.py:196} WARNING - Artifact schema version: https://schemas.getdbt.com/dbt/manifest/v12.json is above dbt-ol supported version 7. This might cause errors.
[2025-09-22T08:17:36.749+0000] {local.py:196} WARNING - Artifact schema version: https://schemas.getdbt.com/dbt/run-results/v6.json is above dbt-ol supported version 5. This might cause errors.
[2025-09-22T08:17:36.759+0000] {local.py:547} INFO - Inlets: []
[2025-09-22T08:17:36.760+0000] {local.py:548} INFO - Outlets: []
[2025-09-22T08:17:36.761+0000] {local.py:772} INFO - Assigning inlets/outlets without DatasetAlias
[2025-09-22T08:17:36.762+0000] {dag.py:3089} INFO - Sync 1 DAGs
[2025-09-22T08:17:36.924+0000] {virtualenv.py:131} INFO - Releasing virtualenv lock
[2025-09-22T08:17:36.925+0000] {virtualenv.py:145} INFO - None
[2025-09-22T08:17:36.925+0000] {taskinstance.py:441} INFO - ::group::Post task execution logs
[2025-09-22T08:17:36.963+0000] {taskinstance.py:1206} INFO - Marking task as SUCCESS. dag_id=dbt_staging, task_id=dbt_ecom.stg_categories.test, run_id=scheduled__2025-09-21T00:00:00+00:00, execution_date=20250921T000000, start_date=20250922T081629, end_date=20250922T081736
[2025-09-22T08:17:37.014+0000] {local_task_job_runner.py:243} INFO - Task exited with return code 0
[2025-09-22T08:17:37.059+0000] {local_task_job_runner.py:222} INFO - ::endgroup::
