[2025-09-22T08:25:38.927+0000] {local_task_job_runner.py:120} INFO - ::group::Pre task execution logs
[2025-09-22T08:25:39.161+0000] {taskinstance.py:2076} INFO - Dependencies all met for dep_context=non-requeueable deps ti=<TaskInstance: dbt_intermediate.intermediate.products_enriched.test scheduled__2025-09-21T00:00:00+00:00 [queued]>
[2025-09-22T08:25:39.175+0000] {taskinstance.py:2076} INFO - Dependencies all met for dep_context=requeueable deps ti=<TaskInstance: dbt_intermediate.intermediate.products_enriched.test scheduled__2025-09-21T00:00:00+00:00 [queued]>
[2025-09-22T08:25:39.176+0000] {taskinstance.py:2306} INFO - Starting attempt 1 of 1
[2025-09-22T08:25:39.206+0000] {taskinstance.py:2330} INFO - Executing <Task(DbtTestVirtualenvOperator): intermediate.products_enriched.test> on 2025-09-21 00:00:00+00:00
[2025-09-22T08:25:39.214+0000] {standard_task_runner.py:64} INFO - Started process 4535 to run task
[2025-09-22T08:25:39.219+0000] {standard_task_runner.py:90} INFO - Running: ['***', 'tasks', 'run', 'dbt_intermediate', 'intermediate.products_enriched.test', 'scheduled__2025-09-21T00:00:00+00:00', '--job-id', '696', '--raw', '--subdir', 'DAGS_FOLDER/dbt_intermediate.py', '--cfg-path', '/tmp/tmp7rzlgncm']
[2025-09-22T08:25:39.223+0000] {standard_task_runner.py:91} INFO - Job 696: Subtask intermediate.products_enriched.test
[2025-09-22T08:25:39.408+0000] {task_command.py:426} INFO - Running <TaskInstance: dbt_intermediate.intermediate.products_enriched.test scheduled__2025-09-21T00:00:00+00:00 [running]> on host e95bde6b8d07
[2025-09-22T08:25:39.697+0000] {taskinstance.py:2648} INFO - Exporting env vars: AIRFLOW_CTX_DAG_OWNER='***' AIRFLOW_CTX_DAG_ID='dbt_intermediate' AIRFLOW_CTX_TASK_ID='intermediate.products_enriched.test' AIRFLOW_CTX_EXECUTION_DATE='2025-09-21T00:00:00+00:00' AIRFLOW_CTX_TRY_NUMBER='1' AIRFLOW_CTX_DAG_RUN_ID='scheduled__2025-09-21T00:00:00+00:00'
[2025-09-22T08:25:39.699+0000] {taskinstance.py:430} INFO - ::endgroup::
[2025-09-22T08:25:39.716+0000] {baseoperator.py:400} WARNING - DbtTestVirtualenvOperator.execute cannot be called outside TaskInstance!
[2025-09-22T08:25:39.717+0000] {virtualenv.py:120} INFO - Checking if the virtualenv lock /opt/***/cosmos_venvs/ecom_intermediate/cosmos_virtualenv.lock exists
[2025-09-22T08:25:39.718+0000] {virtualenv.py:178} INFO - Checking for running process with PID 4231
[2025-09-22T08:25:39.719+0000] {virtualenv.py:181} INFO - Process 4231 running: True and has the lock /opt/***/cosmos_venvs/ecom_intermediate/cosmos_virtualenv.lock.
[2025-09-22T08:25:39.720+0000] {virtualenv.py:122} INFO - Waiting for virtualenv lock to be released
[2025-09-22T08:25:40.722+0000] {virtualenv.py:178} INFO - Checking for running process with PID 4231
[2025-09-22T08:25:40.723+0000] {virtualenv.py:181} INFO - Process 4231 running: True and has the lock /opt/***/cosmos_venvs/ecom_intermediate/cosmos_virtualenv.lock.
[2025-09-22T08:25:40.724+0000] {virtualenv.py:122} INFO - Waiting for virtualenv lock to be released
[2025-09-22T08:25:41.726+0000] {virtualenv.py:178} INFO - Checking for running process with PID 4231
[2025-09-22T08:25:41.727+0000] {virtualenv.py:181} INFO - Process 4231 running: True and has the lock /opt/***/cosmos_venvs/ecom_intermediate/cosmos_virtualenv.lock.
[2025-09-22T08:25:41.727+0000] {virtualenv.py:122} INFO - Waiting for virtualenv lock to be released
[2025-09-22T08:25:42.729+0000] {virtualenv.py:178} INFO - Checking for running process with PID 4231
[2025-09-22T08:25:42.731+0000] {virtualenv.py:181} INFO - Process 4231 running: True and has the lock /opt/***/cosmos_venvs/ecom_intermediate/cosmos_virtualenv.lock.
[2025-09-22T08:25:42.732+0000] {virtualenv.py:122} INFO - Waiting for virtualenv lock to be released
[2025-09-22T08:25:43.734+0000] {virtualenv.py:178} INFO - Checking for running process with PID 4231
[2025-09-22T08:25:43.736+0000] {virtualenv.py:181} INFO - Process 4231 running: True and has the lock /opt/***/cosmos_venvs/ecom_intermediate/cosmos_virtualenv.lock.
[2025-09-22T08:25:43.737+0000] {virtualenv.py:122} INFO - Waiting for virtualenv lock to be released
[2025-09-22T08:25:44.739+0000] {virtualenv.py:178} INFO - Checking for running process with PID 4231
[2025-09-22T08:25:44.740+0000] {virtualenv.py:181} INFO - Process 4231 running: True and has the lock /opt/***/cosmos_venvs/ecom_intermediate/cosmos_virtualenv.lock.
[2025-09-22T08:25:44.741+0000] {virtualenv.py:122} INFO - Waiting for virtualenv lock to be released
[2025-09-22T08:25:45.743+0000] {virtualenv.py:178} INFO - Checking for running process with PID 4231
[2025-09-22T08:25:45.744+0000] {virtualenv.py:181} INFO - Process 4231 running: True and has the lock /opt/***/cosmos_venvs/ecom_intermediate/cosmos_virtualenv.lock.
[2025-09-22T08:25:45.744+0000] {virtualenv.py:122} INFO - Waiting for virtualenv lock to be released
[2025-09-22T08:25:46.746+0000] {virtualenv.py:178} INFO - Checking for running process with PID 4231
[2025-09-22T08:25:46.748+0000] {virtualenv.py:181} INFO - Process 4231 running: True and has the lock /opt/***/cosmos_venvs/ecom_intermediate/cosmos_virtualenv.lock.
[2025-09-22T08:25:46.748+0000] {virtualenv.py:122} INFO - Waiting for virtualenv lock to be released
[2025-09-22T08:25:47.750+0000] {virtualenv.py:178} INFO - Checking for running process with PID 4231
[2025-09-22T08:25:47.751+0000] {virtualenv.py:181} INFO - Process 4231 running: True and has the lock /opt/***/cosmos_venvs/ecom_intermediate/cosmos_virtualenv.lock.
[2025-09-22T08:25:47.752+0000] {virtualenv.py:122} INFO - Waiting for virtualenv lock to be released
[2025-09-22T08:25:48.754+0000] {virtualenv.py:178} INFO - Checking for running process with PID 4231
[2025-09-22T08:25:48.756+0000] {virtualenv.py:181} INFO - Process 4231 running: True and has the lock /opt/***/cosmos_venvs/ecom_intermediate/cosmos_virtualenv.lock.
[2025-09-22T08:25:48.757+0000] {virtualenv.py:122} INFO - Waiting for virtualenv lock to be released
[2025-09-22T08:25:49.759+0000] {virtualenv.py:178} INFO - Checking for running process with PID 4231
[2025-09-22T08:25:49.761+0000] {virtualenv.py:181} INFO - Process 4231 running: True and has the lock /opt/***/cosmos_venvs/ecom_intermediate/cosmos_virtualenv.lock.
[2025-09-22T08:25:49.762+0000] {virtualenv.py:122} INFO - Waiting for virtualenv lock to be released
[2025-09-22T08:25:50.764+0000] {virtualenv.py:126} INFO - Acquiring the virtualenv lock
[2025-09-22T08:25:50.764+0000] {virtualenv.py:195} INFO - Acquiring lock at /opt/***/cosmos_venvs/ecom_intermediate/cosmos_virtualenv.lock with pid 4535
[2025-09-22T08:25:50.765+0000] {virtualenv.py:153} INFO - Creating or updating the virtualenv at `/opt/***/cosmos_venvs/ecom_intermediate
[2025-09-22T08:25:50.766+0000] {process_utils.py:183} INFO - Executing cmd: /home/***/.local/bin/python -m virtualenv /opt/***/cosmos_venvs/ecom_intermediate --python=python3
[2025-09-22T08:25:50.767+0000] {process_utils.py:187} INFO - Output:
[2025-09-22T08:25:52.266+0000] {process_utils.py:191} INFO - created virtual environment CPython3.10.14.final.0-64 in 602ms
[2025-09-22T08:25:52.267+0000] {process_utils.py:191} INFO -   creator CPython3Posix(dest=/opt/***/cosmos_venvs/ecom_intermediate, clear=False, no_vcs_ignore=False, global=False)
[2025-09-22T08:25:52.268+0000] {process_utils.py:191} INFO -   seeder FromAppData(download=False, pip=bundle, setuptools=bundle, wheel=bundle, via=copy, app_data_dir=/home/***/.local/share/virtualenv)
[2025-09-22T08:25:52.269+0000] {process_utils.py:191} INFO -     added seed packages: MarkupSafe==3.0.2, PyYAML==6.0.2, agate==1.9.1, annotated_types==0.7.0, attrs==25.3.0, babel==2.17.0, certifi==2025.8.3, charset_normalizer==3.4.3, click==8.3.0, clickhouse_connect==0.9.1, clickhouse_driver==0.2.9, colorama==0.4.6, daff==1.4.2, dbt_adapters==1.16.7, dbt_clickhouse==1.9.3, dbt_common==1.31.0, dbt_core==1.10.11, dbt_extractor==0.6.0, dbt_protos==1.0.375, dbt_semantic_interfaces==0.9.0, deepdiff==8.6.1, idna==3.10, importlib_metadata==8.7.0, isodate==0.6.1, jinja2==3.1.6, jsonschema==4.25.1, jsonschema_specifications==2025.9.1, leather==0.4.0, lz4==4.4.4, mashumaro==3.14, more_itertools==10.8.0, msgpack==1.1.1, networkx==3.4.2, orderly_set==5.5.0, packaging==25.0, parsedatetime==2.6, pathspec==0.12.1, pip==25.2, protobuf==6.32.1, pydantic==2.11.9, pydantic_core==2.33.2, python_dateutil==2.9.0.post0, python_slugify==8.0.4, pytimeparse==1.1.8, pytz==2025.2, referencing==0.36.2, requests==2.32.5, rpds_py==0.27.1, setuptools==80.9.0, six==1.17.0, snowplow_tracker==1.1.0, sqlparse==0.5.3, text_unidecode==1.3, typing_extensions==4.15.0, typing_inspection==0.4.1, tzlocal==5.3.1, urllib3==2.5.0, wheel==0.45.1, zipp==3.23.0, zstandard==0.25.0
[2025-09-22T08:25:52.270+0000] {process_utils.py:191} INFO -   activators BashActivator,CShellActivator,FishActivator,NushellActivator,PowerShellActivator,PythonActivator
[2025-09-22T08:25:52.372+0000] {process_utils.py:183} INFO - Executing cmd: /opt/***/cosmos_venvs/ecom_intermediate/bin/pip install dbt-clickhouse
[2025-09-22T08:25:52.374+0000] {process_utils.py:187} INFO - Output:
[2025-09-22T08:25:53.921+0000] {process_utils.py:191} INFO - Requirement already satisfied: dbt-clickhouse in ./cosmos_venvs/ecom_intermediate/lib/python3.10/site-packages (1.9.3)
[2025-09-22T08:25:53.923+0000] {process_utils.py:191} INFO - Requirement already satisfied: dbt-core>=1.9 in ./cosmos_venvs/ecom_intermediate/lib/python3.10/site-packages (from dbt-clickhouse) (1.10.11)
[2025-09-22T08:25:53.924+0000] {process_utils.py:191} INFO - Requirement already satisfied: clickhouse-connect>=0.6.22 in ./cosmos_venvs/ecom_intermediate/lib/python3.10/site-packages (from dbt-clickhouse) (0.9.1)
[2025-09-22T08:25:53.924+0000] {process_utils.py:191} INFO - Requirement already satisfied: clickhouse-driver>=0.2.6 in ./cosmos_venvs/ecom_intermediate/lib/python3.10/site-packages (from dbt-clickhouse) (0.2.9)
[2025-09-22T08:25:53.925+0000] {process_utils.py:191} INFO - Requirement already satisfied: setuptools>=0.69 in ./cosmos_venvs/ecom_intermediate/lib/python3.10/site-packages (from dbt-clickhouse) (80.9.0)
[2025-09-22T08:25:53.929+0000] {process_utils.py:191} INFO - Requirement already satisfied: certifi in ./cosmos_venvs/ecom_intermediate/lib/python3.10/site-packages (from clickhouse-connect>=0.6.22->dbt-clickhouse) (2025.8.3)
[2025-09-22T08:25:53.930+0000] {process_utils.py:191} INFO - Requirement already satisfied: urllib3>=1.26 in ./cosmos_venvs/ecom_intermediate/lib/python3.10/site-packages (from clickhouse-connect>=0.6.22->dbt-clickhouse) (2.5.0)
[2025-09-22T08:25:53.930+0000] {process_utils.py:191} INFO - Requirement already satisfied: pytz in ./cosmos_venvs/ecom_intermediate/lib/python3.10/site-packages (from clickhouse-connect>=0.6.22->dbt-clickhouse) (2025.2)
[2025-09-22T08:25:53.931+0000] {process_utils.py:191} INFO - Requirement already satisfied: zstandard in ./cosmos_venvs/ecom_intermediate/lib/python3.10/site-packages (from clickhouse-connect>=0.6.22->dbt-clickhouse) (0.25.0)
[2025-09-22T08:25:53.931+0000] {process_utils.py:191} INFO - Requirement already satisfied: lz4 in ./cosmos_venvs/ecom_intermediate/lib/python3.10/site-packages (from clickhouse-connect>=0.6.22->dbt-clickhouse) (4.4.4)
[2025-09-22T08:25:53.935+0000] {process_utils.py:191} INFO - Requirement already satisfied: tzlocal in ./cosmos_venvs/ecom_intermediate/lib/python3.10/site-packages (from clickhouse-driver>=0.2.6->dbt-clickhouse) (5.3.1)
[2025-09-22T08:25:53.940+0000] {process_utils.py:191} INFO - Requirement already satisfied: agate<1.10,>=1.7.0 in ./cosmos_venvs/ecom_intermediate/lib/python3.10/site-packages (from dbt-core>=1.9->dbt-clickhouse) (1.9.1)
[2025-09-22T08:25:53.941+0000] {process_utils.py:191} INFO - Requirement already satisfied: Jinja2<4,>=3.1.3 in ./cosmos_venvs/ecom_intermediate/lib/python3.10/site-packages (from dbt-core>=1.9->dbt-clickhouse) (3.1.6)
[2025-09-22T08:25:53.942+0000] {process_utils.py:191} INFO - Requirement already satisfied: mashumaro<3.15,>=3.9 in ./cosmos_venvs/ecom_intermediate/lib/python3.10/site-packages (from mashumaro[msgpack]<3.15,>=3.9->dbt-core>=1.9->dbt-clickhouse) (3.14)
[2025-09-22T08:25:53.943+0000] {process_utils.py:191} INFO - Requirement already satisfied: click<9.0,>=8.0.2 in ./cosmos_venvs/ecom_intermediate/lib/python3.10/site-packages (from dbt-core>=1.9->dbt-clickhouse) (8.3.0)
[2025-09-22T08:25:53.944+0000] {process_utils.py:191} INFO - Requirement already satisfied: jsonschema<5.0,>=4.19.1 in ./cosmos_venvs/ecom_intermediate/lib/python3.10/site-packages (from dbt-core>=1.9->dbt-clickhouse) (4.25.1)
[2025-09-22T08:25:53.945+0000] {process_utils.py:191} INFO - Requirement already satisfied: networkx<4.0,>=2.3 in ./cosmos_venvs/ecom_intermediate/lib/python3.10/site-packages (from dbt-core>=1.9->dbt-clickhouse) (3.4.2)
[2025-09-22T08:25:53.946+0000] {process_utils.py:191} INFO - Requirement already satisfied: protobuf<7.0,>=6.0 in ./cosmos_venvs/ecom_intermediate/lib/python3.10/site-packages (from dbt-core>=1.9->dbt-clickhouse) (6.32.1)
[2025-09-22T08:25:53.947+0000] {process_utils.py:191} INFO - Requirement already satisfied: requests<3.0.0 in ./cosmos_venvs/ecom_intermediate/lib/python3.10/site-packages (from dbt-core>=1.9->dbt-clickhouse) (2.32.5)
[2025-09-22T08:25:53.947+0000] {process_utils.py:191} INFO - Requirement already satisfied: snowplow-tracker<2.0,>=1.0.2 in ./cosmos_venvs/ecom_intermediate/lib/python3.10/site-packages (from dbt-core>=1.9->dbt-clickhouse) (1.1.0)
[2025-09-22T08:25:53.948+0000] {process_utils.py:191} INFO - Requirement already satisfied: pathspec<0.13,>=0.9 in ./cosmos_venvs/ecom_intermediate/lib/python3.10/site-packages (from dbt-core>=1.9->dbt-clickhouse) (0.12.1)
[2025-09-22T08:25:53.948+0000] {process_utils.py:191} INFO - Requirement already satisfied: sqlparse<0.6.0,>=0.5.0 in ./cosmos_venvs/ecom_intermediate/lib/python3.10/site-packages (from dbt-core>=1.9->dbt-clickhouse) (0.5.3)
[2025-09-22T08:25:53.949+0000] {process_utils.py:191} INFO - Requirement already satisfied: dbt-extractor<=0.6,>=0.5.0 in ./cosmos_venvs/ecom_intermediate/lib/python3.10/site-packages (from dbt-core>=1.9->dbt-clickhouse) (0.6.0)
[2025-09-22T08:25:53.950+0000] {process_utils.py:191} INFO - Requirement already satisfied: dbt-semantic-interfaces<0.10,>=0.9.0 in ./cosmos_venvs/ecom_intermediate/lib/python3.10/site-packages (from dbt-core>=1.9->dbt-clickhouse) (0.9.0)
[2025-09-22T08:25:53.950+0000] {process_utils.py:191} INFO - Requirement already satisfied: dbt-common<2.0,>=1.27.0 in ./cosmos_venvs/ecom_intermediate/lib/python3.10/site-packages (from dbt-core>=1.9->dbt-clickhouse) (1.31.0)
[2025-09-22T08:25:53.951+0000] {process_utils.py:191} INFO - Requirement already satisfied: dbt-adapters<2.0,>=1.15.5 in ./cosmos_venvs/ecom_intermediate/lib/python3.10/site-packages (from dbt-core>=1.9->dbt-clickhouse) (1.16.7)
[2025-09-22T08:25:53.951+0000] {process_utils.py:191} INFO - Requirement already satisfied: dbt-protos<2.0,>=1.0.346 in ./cosmos_venvs/ecom_intermediate/lib/python3.10/site-packages (from dbt-core>=1.9->dbt-clickhouse) (1.0.375)
[2025-09-22T08:25:53.952+0000] {process_utils.py:191} INFO - Requirement already satisfied: pydantic<3 in ./cosmos_venvs/ecom_intermediate/lib/python3.10/site-packages (from dbt-core>=1.9->dbt-clickhouse) (2.11.9)
[2025-09-22T08:25:53.953+0000] {process_utils.py:191} INFO - Requirement already satisfied: packaging>20.9 in ./cosmos_venvs/ecom_intermediate/lib/python3.10/site-packages (from dbt-core>=1.9->dbt-clickhouse) (25.0)
[2025-09-22T08:25:53.953+0000] {process_utils.py:191} INFO - Requirement already satisfied: pyyaml>=6.0 in ./cosmos_venvs/ecom_intermediate/lib/python3.10/site-packages (from dbt-core>=1.9->dbt-clickhouse) (6.0.2)
[2025-09-22T08:25:53.954+0000] {process_utils.py:191} INFO - Requirement already satisfied: daff>=1.3.46 in ./cosmos_venvs/ecom_intermediate/lib/python3.10/site-packages (from dbt-core>=1.9->dbt-clickhouse) (1.4.2)
[2025-09-22T08:25:53.954+0000] {process_utils.py:191} INFO - Requirement already satisfied: typing-extensions>=4.4 in ./cosmos_venvs/ecom_intermediate/lib/python3.10/site-packages (from dbt-core>=1.9->dbt-clickhouse) (4.15.0)
[2025-09-22T08:25:53.958+0000] {process_utils.py:191} INFO - Requirement already satisfied: Babel>=2.0 in ./cosmos_venvs/ecom_intermediate/lib/python3.10/site-packages (from agate<1.10,>=1.7.0->dbt-core>=1.9->dbt-clickhouse) (2.17.0)
[2025-09-22T08:25:53.959+0000] {process_utils.py:191} INFO - Requirement already satisfied: isodate>=0.5.4 in ./cosmos_venvs/ecom_intermediate/lib/python3.10/site-packages (from agate<1.10,>=1.7.0->dbt-core>=1.9->dbt-clickhouse) (0.6.1)
[2025-09-22T08:25:53.960+0000] {process_utils.py:191} INFO - Requirement already satisfied: leather>=0.3.2 in ./cosmos_venvs/ecom_intermediate/lib/python3.10/site-packages (from agate<1.10,>=1.7.0->dbt-core>=1.9->dbt-clickhouse) (0.4.0)
[2025-09-22T08:25:53.961+0000] {process_utils.py:191} INFO - Requirement already satisfied: parsedatetime!=2.5,>=2.1 in ./cosmos_venvs/ecom_intermediate/lib/python3.10/site-packages (from agate<1.10,>=1.7.0->dbt-core>=1.9->dbt-clickhouse) (2.6)
[2025-09-22T08:25:53.961+0000] {process_utils.py:191} INFO - Requirement already satisfied: python-slugify>=1.2.1 in ./cosmos_venvs/ecom_intermediate/lib/python3.10/site-packages (from agate<1.10,>=1.7.0->dbt-core>=1.9->dbt-clickhouse) (8.0.4)
[2025-09-22T08:25:53.962+0000] {process_utils.py:191} INFO - Requirement already satisfied: pytimeparse>=1.1.5 in ./cosmos_venvs/ecom_intermediate/lib/python3.10/site-packages (from agate<1.10,>=1.7.0->dbt-core>=1.9->dbt-clickhouse) (1.1.8)
[2025-09-22T08:25:53.975+0000] {process_utils.py:191} INFO - Requirement already satisfied: colorama<0.5,>=0.3.9 in ./cosmos_venvs/ecom_intermediate/lib/python3.10/site-packages (from dbt-common<2.0,>=1.27.0->dbt-core>=1.9->dbt-clickhouse) (0.4.6)
[2025-09-22T08:25:53.977+0000] {process_utils.py:191} INFO - Requirement already satisfied: deepdiff<9.0,>=7.0 in ./cosmos_venvs/ecom_intermediate/lib/python3.10/site-packages (from dbt-common<2.0,>=1.27.0->dbt-core>=1.9->dbt-clickhouse) (8.6.1)
[2025-09-22T08:25:53.981+0000] {process_utils.py:191} INFO - Requirement already satisfied: python-dateutil<3.0,>=2.0 in ./cosmos_venvs/ecom_intermediate/lib/python3.10/site-packages (from dbt-common<2.0,>=1.27.0->dbt-core>=1.9->dbt-clickhouse) (2.9.0.post0)
[2025-09-22T08:25:53.991+0000] {process_utils.py:191} INFO - Requirement already satisfied: importlib-metadata<9,>=6.0 in ./cosmos_venvs/ecom_intermediate/lib/python3.10/site-packages (from dbt-semantic-interfaces<0.10,>=0.9.0->dbt-core>=1.9->dbt-clickhouse) (8.7.0)
[2025-09-22T08:25:53.993+0000] {process_utils.py:191} INFO - Requirement already satisfied: more-itertools<11.0,>=8.0 in ./cosmos_venvs/ecom_intermediate/lib/python3.10/site-packages (from dbt-semantic-interfaces<0.10,>=0.9.0->dbt-core>=1.9->dbt-clickhouse) (10.8.0)
[2025-09-22T08:25:54.005+0000] {process_utils.py:191} INFO - Requirement already satisfied: orderly-set<6,>=5.4.1 in ./cosmos_venvs/ecom_intermediate/lib/python3.10/site-packages (from deepdiff<9.0,>=7.0->dbt-common<2.0,>=1.27.0->dbt-core>=1.9->dbt-clickhouse) (5.5.0)
[2025-09-22T08:25:54.014+0000] {process_utils.py:191} INFO - Requirement already satisfied: zipp>=3.20 in ./cosmos_venvs/ecom_intermediate/lib/python3.10/site-packages (from importlib-metadata<9,>=6.0->dbt-semantic-interfaces<0.10,>=0.9.0->dbt-core>=1.9->dbt-clickhouse) (3.23.0)
[2025-09-22T08:25:54.016+0000] {process_utils.py:191} INFO - Requirement already satisfied: six in ./cosmos_venvs/ecom_intermediate/lib/python3.10/site-packages (from isodate>=0.5.4->agate<1.10,>=1.7.0->dbt-core>=1.9->dbt-clickhouse) (1.17.0)
[2025-09-22T08:25:54.020+0000] {process_utils.py:191} INFO - Requirement already satisfied: MarkupSafe>=2.0 in ./cosmos_venvs/ecom_intermediate/lib/python3.10/site-packages (from Jinja2<4,>=3.1.3->dbt-core>=1.9->dbt-clickhouse) (3.0.2)
[2025-09-22T08:25:54.025+0000] {process_utils.py:191} INFO - Requirement already satisfied: attrs>=22.2.0 in ./cosmos_venvs/ecom_intermediate/lib/python3.10/site-packages (from jsonschema<5.0,>=4.19.1->dbt-core>=1.9->dbt-clickhouse) (25.3.0)
[2025-09-22T08:25:54.026+0000] {process_utils.py:191} INFO - Requirement already satisfied: jsonschema-specifications>=2023.03.6 in ./cosmos_venvs/ecom_intermediate/lib/python3.10/site-packages (from jsonschema<5.0,>=4.19.1->dbt-core>=1.9->dbt-clickhouse) (2025.9.1)
[2025-09-22T08:25:54.027+0000] {process_utils.py:191} INFO - Requirement already satisfied: referencing>=0.28.4 in ./cosmos_venvs/ecom_intermediate/lib/python3.10/site-packages (from jsonschema<5.0,>=4.19.1->dbt-core>=1.9->dbt-clickhouse) (0.36.2)
[2025-09-22T08:25:54.028+0000] {process_utils.py:191} INFO - Requirement already satisfied: rpds-py>=0.7.1 in ./cosmos_venvs/ecom_intermediate/lib/python3.10/site-packages (from jsonschema<5.0,>=4.19.1->dbt-core>=1.9->dbt-clickhouse) (0.27.1)
[2025-09-22T08:25:54.039+0000] {process_utils.py:191} INFO - Requirement already satisfied: msgpack>=0.5.6 in ./cosmos_venvs/ecom_intermediate/lib/python3.10/site-packages (from mashumaro[msgpack]<3.15,>=3.9->dbt-core>=1.9->dbt-clickhouse) (1.1.1)
[2025-09-22T08:25:54.060+0000] {process_utils.py:191} INFO - Requirement already satisfied: annotated-types>=0.6.0 in ./cosmos_venvs/ecom_intermediate/lib/python3.10/site-packages (from pydantic<3->dbt-core>=1.9->dbt-clickhouse) (0.7.0)
[2025-09-22T08:25:54.061+0000] {process_utils.py:191} INFO - Requirement already satisfied: pydantic-core==2.33.2 in ./cosmos_venvs/ecom_intermediate/lib/python3.10/site-packages (from pydantic<3->dbt-core>=1.9->dbt-clickhouse) (2.33.2)
[2025-09-22T08:25:54.064+0000] {process_utils.py:191} INFO - Requirement already satisfied: typing-inspection>=0.4.0 in ./cosmos_venvs/ecom_intermediate/lib/python3.10/site-packages (from pydantic<3->dbt-core>=1.9->dbt-clickhouse) (0.4.1)
[2025-09-22T08:25:54.075+0000] {process_utils.py:191} INFO - Requirement already satisfied: charset_normalizer<4,>=2 in ./cosmos_venvs/ecom_intermediate/lib/python3.10/site-packages (from requests<3.0.0->dbt-core>=1.9->dbt-clickhouse) (3.4.3)
[2025-09-22T08:25:54.076+0000] {process_utils.py:191} INFO - Requirement already satisfied: idna<4,>=2.5 in ./cosmos_venvs/ecom_intermediate/lib/python3.10/site-packages (from requests<3.0.0->dbt-core>=1.9->dbt-clickhouse) (3.10)
[2025-09-22T08:25:54.140+0000] {process_utils.py:191} INFO - Requirement already satisfied: text-unidecode>=1.3 in ./cosmos_venvs/ecom_intermediate/lib/python3.10/site-packages (from python-slugify>=1.2.1->agate<1.10,>=1.7.0->dbt-core>=1.9->dbt-clickhouse) (1.3)
[2025-09-22T08:25:54.348+0000] {local.py:470} INFO - Cloning project to writable temp directory /tmp/tmp8knoyeym from /opt/airflow/dags/dbt/ecom_intermediate
[2025-09-22T08:25:54.362+0000] {local.py:490} INFO - Partial parse is enabled and the latest partial parse file is /tmp/cosmos/dbt_intermediate__intermediate/target/partial_parse.msgpack
[2025-09-22T08:25:54.376+0000] {config.py:362} INFO - Using user-supplied profiles.yml at /opt/airflow/dags/dbt/profiles.yml
[2025-09-22T08:25:54.386+0000] {virtualenv.py:99} INFO - Using Python binary from virtualenv: /opt/***/cosmos_venvs/ecom_intermediate/bin/python
[2025-09-22T08:25:54.387+0000] {local.py:434} INFO - Trying to run the command:
 ['/opt/***/cosmos_venvs/ecom_intermediate/bin/dbt', 'deps', '--project-dir', '/tmp/tmp8knoyeym', '--profiles-dir', '/opt/***/dags/dbt', '--profile', 'ecom_intermediate', '--target', 'dev']
From /tmp/tmp8knoyeym
[2025-09-22T08:25:54.388+0000] {subprocess.py:56} INFO - Tmp dir root location: 
 /tmp
[2025-09-22T08:25:54.389+0000] {subprocess.py:69} INFO - Running command: ['/opt/***/cosmos_venvs/ecom_intermediate/bin/dbt', 'deps', '--project-dir', '/tmp/tmp8knoyeym', '--profiles-dir', '/opt/***/dags/dbt', '--profile', 'ecom_intermediate', '--target', 'dev']
[2025-09-22T08:25:54.405+0000] {subprocess.py:80} INFO - Command output:
[2025-09-22T08:25:56.717+0000] {subprocess.py:90} INFO - [0m08:25:56  Running with dbt=1.10.11
[2025-09-22T08:25:57.802+0000] {subprocess.py:90} INFO - [0m08:25:57  Installing dbt-labs/dbt_utils
[2025-09-22T08:25:58.556+0000] {subprocess.py:90} INFO - [0m08:25:58  Installed from version 1.3.0
[2025-09-22T08:25:58.557+0000] {subprocess.py:90} INFO - [0m08:25:58  Updated version available: 1.3.1
[2025-09-22T08:25:58.558+0000] {subprocess.py:90} INFO - [0m08:25:58
[2025-09-22T08:25:58.559+0000] {subprocess.py:90} INFO - [0m08:25:58  Updates available for packages: ['dbt-labs/dbt_utils']
[2025-09-22T08:25:58.559+0000] {subprocess.py:90} INFO - Update your versions in packages.yml, then run dbt deps
[2025-09-22T08:26:00.142+0000] {subprocess.py:94} INFO - Command exited with return code 0
[2025-09-22T08:26:00.144+0000] {local.py:441} INFO - Update your versions in packages.yml, then run dbt deps
[2025-09-22T08:26:00.144+0000] {virtualenv.py:99} INFO - Using Python binary from virtualenv: /opt/***/cosmos_venvs/ecom_intermediate/bin/python
[2025-09-22T08:26:00.145+0000] {local.py:434} INFO - Trying to run the command:
 ['/opt/***/cosmos_venvs/ecom_intermediate/bin/dbt', 'test', '--models', 'products_enriched', '--project-dir', '/tmp/tmp8knoyeym', '--profiles-dir', '/opt/***/dags/dbt', '--profile', 'ecom_intermediate', '--target', 'dev']
From /tmp/tmp8knoyeym
[2025-09-22T08:26:00.146+0000] {subprocess.py:56} INFO - Tmp dir root location: 
 /tmp
[2025-09-22T08:26:00.146+0000] {subprocess.py:69} INFO - Running command: ['/opt/***/cosmos_venvs/ecom_intermediate/bin/dbt', 'test', '--models', 'products_enriched', '--project-dir', '/tmp/tmp8knoyeym', '--profiles-dir', '/opt/***/dags/dbt', '--profile', 'ecom_intermediate', '--target', 'dev']
[2025-09-22T08:26:00.158+0000] {subprocess.py:80} INFO - Command output:
[2025-09-22T08:26:02.294+0000] {subprocess.py:90} INFO - [0m08:26:02  Running with dbt=1.10.11
[2025-09-22T08:26:02.295+0000] {subprocess.py:90} INFO - [0m08:26:02  [[33mWARNING[0m]: Deprecated functionality
[2025-09-22T08:26:02.296+0000] {subprocess.py:90} INFO - Usage of `--models`, `--model`, and `-m` is deprecated in favor of `--select` or
[2025-09-22T08:26:02.297+0000] {subprocess.py:90} INFO - `-s`.
[2025-09-22T08:26:02.611+0000] {subprocess.py:90} INFO - [0m08:26:02  Registered adapter: clickhouse=1.9.3
[2025-09-22T08:26:03.588+0000] {subprocess.py:90} INFO - [0m08:26:03  Found 15 models, 50 data tests, 8 sources, 597 macros
[2025-09-22T08:26:03.591+0000] {subprocess.py:90} INFO - [0m08:26:03
[2025-09-22T08:26:03.592+0000] {subprocess.py:90} INFO - [0m08:26:03  Concurrency: 4 threads (target='dev')
[2025-09-22T08:26:03.592+0000] {subprocess.py:90} INFO - [0m08:26:03
[2025-09-22T08:26:03.736+0000] {subprocess.py:90} INFO - [0m08:26:03  1 of 7 START test not_null_products_enriched_product_id ........................ [RUN]
[2025-09-22T08:26:03.737+0000] {subprocess.py:90} INFO - [0m08:26:03  2 of 7 START test relationships_customer_interactions_product_id__product_id__ref_products_enriched_  [RUN]
[2025-09-22T08:26:03.738+0000] {subprocess.py:90} INFO - [0m08:26:03  3 of 7 START test relationships_order_items_product_id__product_id__ref_products_enriched_  [RUN]
[2025-09-22T08:26:03.742+0000] {subprocess.py:90} INFO - [0m08:26:03  4 of 7 START test relationships_products_enriched_brand_id__brand_id__ref_brands_  [RUN]
[2025-09-22T08:26:03.844+0000] {subprocess.py:90} INFO - [0m08:26:03  1 of 7 PASS not_null_products_enriched_product_id .............................. [[32mPASS[0m in 0.11s]
[2025-09-22T08:26:03.848+0000] {subprocess.py:90} INFO - [0m08:26:03  5 of 7 START test relationships_products_enriched_category_id__category_id__ref_categories_enriched_  [RUN]
[2025-09-22T08:26:03.917+0000] {subprocess.py:90} INFO - [0m08:26:03  5 of 7 PASS relationships_products_enriched_category_id__category_id__ref_categories_enriched_  [[32mPASS[0m in 0.07s]
[2025-09-22T08:26:03.920+0000] {subprocess.py:90} INFO - [0m08:26:03  6 of 7 START test relationships_reviews_enriched_product_id__product_id__ref_products_enriched_  [RUN]
[2025-09-22T08:26:03.968+0000] {subprocess.py:90} INFO - [0m08:26:03  6 of 7 ERROR relationships_reviews_enriched_product_id__product_id__ref_products_enriched_  [[31mERROR[0m in 0.04s]
[2025-09-22T08:26:03.978+0000] {subprocess.py:90} INFO - [0m08:26:03  7 of 7 START test unique_products_enriched_product_id .......................... [RUN]
[2025-09-22T08:26:04.007+0000] {subprocess.py:90} INFO - [0m08:26:04  4 of 7 PASS relationships_products_enriched_brand_id__brand_id__ref_brands_ .... [[32mPASS[0m in 0.25s]
[2025-09-22T08:26:04.054+0000] {subprocess.py:90} INFO - [0m08:26:04  7 of 7 FAIL 1000 unique_products_enriched_product_id ........................... [[31mFAIL 1000[0m in 0.07s]
[2025-09-22T08:26:04.567+0000] {subprocess.py:90} INFO - [0m08:26:04  3 of 7 PASS relationships_order_items_product_id__product_id__ref_products_enriched_  [[32mPASS[0m in 0.83s]
[2025-09-22T08:26:08.785+0000] {subprocess.py:90} INFO - [0m08:26:08  2 of 7 PASS relationships_customer_interactions_product_id__product_id__ref_products_enriched_  [[32mPASS[0m in 5.04s]
[2025-09-22T08:26:08.790+0000] {subprocess.py:90} INFO - [0m08:26:08
[2025-09-22T08:26:08.791+0000] {subprocess.py:90} INFO - [0m08:26:08  Finished running 7 data tests in 0 hours 0 minutes and 5.20 seconds (5.20s).
[2025-09-22T08:26:08.856+0000] {subprocess.py:90} INFO - [0m08:26:08
[2025-09-22T08:26:08.856+0000] {subprocess.py:90} INFO - [0m08:26:08  [31mCompleted with 2 errors, 0 partial successes, and 0 warnings:[0m
[2025-09-22T08:26:08.857+0000] {subprocess.py:90} INFO - [0m08:26:08
[2025-09-22T08:26:08.858+0000] {subprocess.py:90} INFO - [0m08:26:08  [31mFailure in test relationships_reviews_enriched_product_id__product_id__ref_products_enriched_ (models/ecom_intermediate/schema.yml)[0m
[2025-09-22T08:26:08.859+0000] {subprocess.py:90} INFO - [0m08:26:08    Database Error in test relationships_reviews_enriched_product_id__product_id__ref_products_enriched_ (models/ecom_intermediate/schema.yml)
[2025-09-22T08:26:08.859+0000] {subprocess.py:90} INFO -   Received ClickHouse exception, code: 47, server response: Code: 47. DB::Exception: Unknown expression identifier 'product_id' in scope child AS (SELECT product_id AS from_field FROM ecom_db_intermediate.reviews_enriched WHERE product_id IS NOT NULL). Maybe you meant: ['product_name']. (UNKNOWN_IDENTIFIER) (version 24.8.14.39 (official build)) (for url http://clickhouse:8123)
[2025-09-22T08:26:08.860+0000] {subprocess.py:90} INFO -   compiled code at target/run/ecom_intermediate/models/ecom_intermediate/schema.yml/relationships_reviews_enriched_9e4db4050e9656dcf6f83b270a455cb5.sql
[2025-09-22T08:26:08.860+0000] {subprocess.py:90} INFO - [0m08:26:08
[2025-09-22T08:26:08.860+0000] {subprocess.py:90} INFO - [0m08:26:08    compiled code at target/compiled/ecom_intermediate/models/ecom_intermediate/schema.yml/relationships_reviews_enriched_9e4db4050e9656dcf6f83b270a455cb5.sql
[2025-09-22T08:26:08.861+0000] {subprocess.py:90} INFO - [0m08:26:08
[2025-09-22T08:26:08.861+0000] {subprocess.py:90} INFO - [0m08:26:08  [31mFailure in test unique_products_enriched_product_id (models/ecom_intermediate/schema.yml)[0m
[2025-09-22T08:26:08.861+0000] {subprocess.py:90} INFO - [0m08:26:08    Got 1000 results, configured to fail if != 0
[2025-09-22T08:26:08.861+0000] {subprocess.py:90} INFO - [0m08:26:08
[2025-09-22T08:26:08.862+0000] {subprocess.py:90} INFO - [0m08:26:08    compiled code at target/compiled/ecom_intermediate/models/ecom_intermediate/schema.yml/unique_products_enriched_product_id.sql
[2025-09-22T08:26:08.862+0000] {subprocess.py:90} INFO - [0m08:26:08
[2025-09-22T08:26:08.862+0000] {subprocess.py:90} INFO - [0m08:26:08  Done. PASS=5 WARN=0 ERROR=2 SKIP=0 NO-OP=0 TOTAL=7
[2025-09-22T08:26:08.863+0000] {subprocess.py:90} INFO - [0m08:26:08  [[33mWARNING[0m][DeprecationsSummary]: Deprecated functionality
[2025-09-22T08:26:08.863+0000] {subprocess.py:90} INFO - Summary of encountered deprecations:
[2025-09-22T08:26:08.864+0000] {subprocess.py:90} INFO - - ModelParamUsageDeprecation: 1 occurrence
[2025-09-22T08:26:08.864+0000] {subprocess.py:90} INFO - To see all deprecation instances instead of just the first occurrence of each,
[2025-09-22T08:26:08.865+0000] {subprocess.py:90} INFO - run command again with the `--show-all-deprecations` flag. You may also need to
[2025-09-22T08:26:08.865+0000] {subprocess.py:90} INFO - run with `--no-partial-parse` as some deprecations are only encountered during
[2025-09-22T08:26:08.865+0000] {subprocess.py:90} INFO - parsing.
[2025-09-22T08:26:10.531+0000] {subprocess.py:94} INFO - Command exited with return code 1
[2025-09-22T08:26:10.531+0000] {local.py:441} INFO - parsing.
[2025-09-22T08:26:10.561+0000] {local.py:196} WARNING - Artifact schema version: https://schemas.getdbt.com/dbt/manifest/v12.json is above dbt-ol supported version 7. This might cause errors.
[2025-09-22T08:26:10.562+0000] {local.py:196} WARNING - Artifact schema version: https://schemas.getdbt.com/dbt/run-results/v6.json is above dbt-ol supported version 5. This might cause errors.
[2025-09-22T08:26:10.571+0000] {local.py:547} INFO - Inlets: []
[2025-09-22T08:26:10.573+0000] {local.py:548} INFO - Outlets: []
[2025-09-22T08:26:10.574+0000] {local.py:772} INFO - Assigning inlets/outlets without DatasetAlias
[2025-09-22T08:26:10.575+0000] {dag.py:3089} INFO - Sync 1 DAGs
[2025-09-22T08:26:10.715+0000] {local.py:253} ERROR - [0m08:26:02  Running with dbt=1.10.11
[0m08:26:02  [[33mWARNING[0m]: Deprecated functionality
Usage of `--models`, `--model`, and `-m` is deprecated in favor of `--select` or
`-s`.
[0m08:26:02  Registered adapter: clickhouse=1.9.3
[0m08:26:03  Found 15 models, 50 data tests, 8 sources, 597 macros
[0m08:26:03
[0m08:26:03  Concurrency: 4 threads (target='dev')
[0m08:26:03
[0m08:26:03  1 of 7 START test not_null_products_enriched_product_id ........................ [RUN]
[0m08:26:03  2 of 7 START test relationships_customer_interactions_product_id__product_id__ref_products_enriched_  [RUN]
[0m08:26:03  3 of 7 START test relationships_order_items_product_id__product_id__ref_products_enriched_  [RUN]
[0m08:26:03  4 of 7 START test relationships_products_enriched_brand_id__brand_id__ref_brands_  [RUN]
[0m08:26:03  1 of 7 PASS not_null_products_enriched_product_id .............................. [[32mPASS[0m in 0.11s]
[0m08:26:03  5 of 7 START test relationships_products_enriched_category_id__category_id__ref_categories_enriched_  [RUN]
[0m08:26:03  5 of 7 PASS relationships_products_enriched_category_id__category_id__ref_categories_enriched_  [[32mPASS[0m in 0.07s]
[0m08:26:03  6 of 7 START test relationships_reviews_enriched_product_id__product_id__ref_products_enriched_  [RUN]
[0m08:26:03  6 of 7 ERROR relationships_reviews_enriched_product_id__product_id__ref_products_enriched_  [[31mERROR[0m in 0.04s]
[0m08:26:03  7 of 7 START test unique_products_enriched_product_id .......................... [RUN]
[0m08:26:04  4 of 7 PASS relationships_products_enriched_brand_id__brand_id__ref_brands_ .... [[32mPASS[0m in 0.25s]
[0m08:26:04  7 of 7 FAIL 1000 unique_products_enriched_product_id ........................... [[31mFAIL 1000[0m in 0.07s]
[0m08:26:04  3 of 7 PASS relationships_order_items_product_id__product_id__ref_products_enriched_  [[32mPASS[0m in 0.83s]
[0m08:26:08  2 of 7 PASS relationships_customer_interactions_product_id__product_id__ref_products_enriched_  [[32mPASS[0m in 5.04s]
[0m08:26:08
[0m08:26:08  Finished running 7 data tests in 0 hours 0 minutes and 5.20 seconds (5.20s).
[0m08:26:08
[0m08:26:08  [31mCompleted with 2 errors, 0 partial successes, and 0 warnings:[0m
[0m08:26:08
[0m08:26:08  [31mFailure in test relationships_reviews_enriched_product_id__product_id__ref_products_enriched_ (models/ecom_intermediate/schema.yml)[0m
[0m08:26:08    Database Error in test relationships_reviews_enriched_product_id__product_id__ref_products_enriched_ (models/ecom_intermediate/schema.yml)
  Received ClickHouse exception, code: 47, server response: Code: 47. DB::Exception: Unknown expression identifier 'product_id' in scope child AS (SELECT product_id AS from_field FROM ecom_db_intermediate.reviews_enriched WHERE product_id IS NOT NULL). Maybe you meant: ['product_name']. (UNKNOWN_IDENTIFIER) (version 24.8.14.39 (official build)) (for url http://clickhouse:8123)
  compiled code at target/run/ecom_intermediate/models/ecom_intermediate/schema.yml/relationships_reviews_enriched_9e4db4050e9656dcf6f83b270a455cb5.sql
[0m08:26:08
[0m08:26:08    compiled code at target/compiled/ecom_intermediate/models/ecom_intermediate/schema.yml/relationships_reviews_enriched_9e4db4050e9656dcf6f83b270a455cb5.sql
[0m08:26:08
[0m08:26:08  [31mFailure in test unique_products_enriched_product_id (models/ecom_intermediate/schema.yml)[0m
[0m08:26:08    Got 1000 results, configured to fail if != 0
[0m08:26:08
[0m08:26:08    compiled code at target/compiled/ecom_intermediate/models/ecom_intermediate/schema.yml/unique_products_enriched_product_id.sql
[0m08:26:08
[0m08:26:08  Done. PASS=5 WARN=0 ERROR=2 SKIP=0 NO-OP=0 TOTAL=7
[0m08:26:08  [[33mWARNING[0m][DeprecationsSummary]: Deprecated functionality
Summary of encountered deprecations:
- ModelParamUsageDeprecation: 1 occurrence
To see all deprecation instances instead of just the first occurrence of each,
run command again with the `--show-all-deprecations` flag. You may also need to
run with `--no-partial-parse` as some deprecations are only encountered during
parsing.
[2025-09-22T08:26:10.725+0000] {virtualenv.py:131} INFO - Releasing virtualenv lock
[2025-09-22T08:26:10.726+0000] {virtualenv.py:210} WARNING - Lockfile owned by process of pid 4495, while operator has pid 4535
[2025-09-22T08:26:10.727+0000] {taskinstance.py:441} INFO - ::group::Post task execution logs
[2025-09-22T08:26:10.777+0000] {taskinstance.py:2905} ERROR - Task failed with exception
Traceback (most recent call last):
  File "/home/airflow/.local/lib/python3.10/site-packages/airflow/models/taskinstance.py", line 465, in _execute_task
    result = _execute_callable(context=context, **execute_callable_kwargs)
  File "/home/airflow/.local/lib/python3.10/site-packages/airflow/models/taskinstance.py", line 432, in _execute_callable
    return execute_callable(context=context, **execute_callable_kwargs)
  File "/home/airflow/.local/lib/python3.10/site-packages/airflow/models/baseoperator.py", line 401, in wrapper
    return func(self, *args, **kwargs)
  File "/home/airflow/.local/lib/python3.10/site-packages/cosmos/operators/virtualenv.py", line 144, in execute
    output = super().execute(context)
  File "/home/airflow/.local/lib/python3.10/site-packages/airflow/models/baseoperator.py", line 401, in wrapper
    return func(self, *args, **kwargs)
  File "/home/airflow/.local/lib/python3.10/site-packages/cosmos/operators/local.py", line 1089, in execute
    result = self.build_and_run_cmd(context=context, cmd_flags=self.add_cmd_flags())
  File "/home/airflow/.local/lib/python3.10/site-packages/cosmos/operators/local.py", line 853, in build_and_run_cmd
    result = self.run_command(
  File "/home/airflow/.local/lib/python3.10/site-packages/cosmos/operators/virtualenv.py", line 129, in run_command
    return super().run_command(cmd, env, context, run_as_async=run_as_async, async_context=async_context)
  File "/home/airflow/.local/lib/python3.10/site-packages/cosmos/operators/local.py", line 650, in run_command
    self.handle_exception(result)
  File "/home/airflow/.local/lib/python3.10/site-packages/cosmos/operators/local.py", line 254, in handle_exception_subprocess
    raise AirflowException(f"dbt command failed. The command returned a non-zero exit code {result.exit_code}.")
airflow.exceptions.AirflowException: dbt command failed. The command returned a non-zero exit code 1.
[2025-09-22T08:26:10.783+0000] {taskinstance.py:1206} INFO - Marking task as FAILED. dag_id=dbt_intermediate, task_id=intermediate.products_enriched.test, run_id=scheduled__2025-09-21T00:00:00+00:00, execution_date=20250921T000000, start_date=20250922T082539, end_date=20250922T082610
[2025-09-22T08:26:10.818+0000] {standard_task_runner.py:110} ERROR - Failed to execute job 696 for task intermediate.products_enriched.test (dbt command failed. The command returned a non-zero exit code 1.; 4535)
[2025-09-22T08:26:10.854+0000] {local_task_job_runner.py:243} INFO - Task exited with return code 1
[2025-09-22T08:26:10.924+0000] {taskinstance.py:3503} INFO - 0 downstream tasks scheduled from follow-on schedule check
[2025-09-22T08:26:10.942+0000] {local_task_job_runner.py:222} INFO - ::endgroup::
