[2025-09-19T16:59:42.155+0000] {local_task_job_runner.py:120} INFO - ::group::Pre task execution logs
[2025-09-19T16:59:42.379+0000] {taskinstance.py:2076} INFO - Dependencies all met for dep_context=non-requeueable deps ti=<TaskInstance: dbt_staging.dbt_ecom.stg_categories.test manual__2025-09-19T16:52:09.172903+00:00 [queued]>
[2025-09-19T16:59:42.391+0000] {taskinstance.py:2076} INFO - Dependencies all met for dep_context=requeueable deps ti=<TaskInstance: dbt_staging.dbt_ecom.stg_categories.test manual__2025-09-19T16:52:09.172903+00:00 [queued]>
[2025-09-19T16:59:42.402+0000] {taskinstance.py:2306} INFO - Starting attempt 1 of 1
[2025-09-19T16:59:42.430+0000] {taskinstance.py:2330} INFO - Executing <Task(DbtTestVirtualenvOperator): dbt_ecom.stg_categories.test> on 2025-09-19 16:52:09.172903+00:00
[2025-09-19T16:59:42.439+0000] {standard_task_runner.py:64} INFO - Started process 4185 to run task
[2025-09-19T16:59:42.442+0000] {standard_task_runner.py:90} INFO - Running: ['***', 'tasks', 'run', 'dbt_staging', 'dbt_ecom.stg_categories.test', 'manual__2025-09-19T16:52:09.172903+00:00', '--job-id', '621', '--raw', '--subdir', 'DAGS_FOLDER/dbt_staging.py', '--cfg-path', '/tmp/tmpv_dd3nsv']
[2025-09-19T16:59:42.445+0000] {standard_task_runner.py:91} INFO - Job 621: Subtask dbt_ecom.stg_categories.test
[2025-09-19T16:59:42.593+0000] {task_command.py:426} INFO - Running <TaskInstance: dbt_staging.dbt_ecom.stg_categories.test manual__2025-09-19T16:52:09.172903+00:00 [running]> on host e95bde6b8d07
[2025-09-19T16:59:42.834+0000] {taskinstance.py:2648} INFO - Exporting env vars: AIRFLOW_CTX_DAG_OWNER='***' AIRFLOW_CTX_DAG_ID='dbt_staging' AIRFLOW_CTX_TASK_ID='dbt_ecom.stg_categories.test' AIRFLOW_CTX_EXECUTION_DATE='2025-09-19T16:52:09.172903+00:00' AIRFLOW_CTX_TRY_NUMBER='1' AIRFLOW_CTX_DAG_RUN_ID='manual__2025-09-19T16:52:09.172903+00:00'
[2025-09-19T16:59:42.836+0000] {taskinstance.py:430} INFO - ::endgroup::
[2025-09-19T16:59:42.849+0000] {baseoperator.py:400} WARNING - DbtTestVirtualenvOperator.execute cannot be called outside TaskInstance!
[2025-09-19T16:59:42.850+0000] {virtualenv.py:120} INFO - Checking if the virtualenv lock /tmp/cosmos_venv_ecom/cosmos_virtualenv.lock exists
[2025-09-19T16:59:42.850+0000] {virtualenv.py:126} INFO - Acquiring the virtualenv lock
[2025-09-19T16:59:42.851+0000] {virtualenv.py:195} INFO - Acquiring lock at /tmp/cosmos_venv_ecom/cosmos_virtualenv.lock with pid 4185
[2025-09-19T16:59:42.851+0000] {virtualenv.py:153} INFO - Creating or updating the virtualenv at `/tmp/cosmos_venv_ecom
[2025-09-19T16:59:42.852+0000] {process_utils.py:183} INFO - Executing cmd: /home/***/.local/bin/python -m virtualenv /tmp/cosmos_venv_ecom --python=python3
[2025-09-19T16:59:42.853+0000] {process_utils.py:187} INFO - Output:
[2025-09-19T16:59:44.011+0000] {process_utils.py:191} INFO - created virtual environment CPython3.10.14.final.0-64 in 442ms
[2025-09-19T16:59:44.012+0000] {process_utils.py:191} INFO -   creator CPython3Posix(dest=/tmp/cosmos_venv_ecom, clear=False, no_vcs_ignore=False, global=False)
[2025-09-19T16:59:44.017+0000] {process_utils.py:191} INFO -   seeder FromAppData(download=False, pip=bundle, setuptools=bundle, wheel=bundle, via=copy, app_data_dir=/home/***/.local/share/virtualenv)
[2025-09-19T16:59:44.019+0000] {process_utils.py:191} INFO -     added seed packages: MarkupSafe==3.0.2, PyYAML==6.0.2, agate==1.9.1, annotated_types==0.7.0, attrs==25.3.0, babel==2.17.0, certifi==2025.8.3, charset_normalizer==3.4.3, click==8.2.1, clickhouse_connect==0.8.18, clickhouse_driver==0.2.9, colorama==0.4.6, daff==1.4.2, dbt_adapters==1.16.7, dbt_clickhouse==1.9.3, dbt_common==1.30.0, dbt_core==1.10.11, dbt_extractor==0.6.0, dbt_protos==1.0.375, dbt_semantic_interfaces==0.9.0, deepdiff==8.6.1, idna==3.10, importlib_metadata==8.7.0, isodate==0.6.1, jinja2==3.1.6, jsonschema==4.25.1, jsonschema_specifications==2025.9.1, leather==0.4.0, lz4==4.4.4, mashumaro==3.14, more_itertools==10.8.0, msgpack==1.1.1, networkx==3.4.2, orderly_set==5.5.0, packaging==25.0, parsedatetime==2.6, pathspec==0.12.1, pip==25.2, protobuf==6.32.1, pydantic==2.11.7, pydantic_core==2.33.2, python_dateutil==2.9.0.post0, python_slugify==8.0.4, pytimeparse==1.1.8, pytz==2025.2, referencing==0.36.2, requests==2.32.5, rpds_py==0.27.1, setuptools==80.9.0, six==1.17.0, snowplow_tracker==1.1.0, sqlparse==0.5.3, text_unidecode==1.3, typing_extensions==4.15.0, typing_inspection==0.4.1, tzlocal==5.3.1, urllib3==2.5.0, wheel==0.45.1, zipp==3.23.0, zstandard==0.24.0
[2025-09-19T16:59:44.020+0000] {process_utils.py:191} INFO -   activators BashActivator,CShellActivator,FishActivator,NushellActivator,PowerShellActivator,PythonActivator
[2025-09-19T16:59:44.077+0000] {process_utils.py:183} INFO - Executing cmd: /tmp/cosmos_venv_ecom/bin/pip install dbt-clickhouse
[2025-09-19T16:59:44.079+0000] {process_utils.py:187} INFO - Output:
[2025-09-19T16:59:45.334+0000] {process_utils.py:191} INFO - Requirement already satisfied: dbt-clickhouse in /tmp/cosmos_venv_ecom/lib/python3.10/site-packages (1.9.3)
[2025-09-19T16:59:45.337+0000] {process_utils.py:191} INFO - Requirement already satisfied: dbt-core>=1.9 in /tmp/cosmos_venv_ecom/lib/python3.10/site-packages (from dbt-clickhouse) (1.10.11)
[2025-09-19T16:59:45.338+0000] {process_utils.py:191} INFO - Requirement already satisfied: clickhouse-connect>=0.6.22 in /tmp/cosmos_venv_ecom/lib/python3.10/site-packages (from dbt-clickhouse) (0.8.18)
[2025-09-19T16:59:45.338+0000] {process_utils.py:191} INFO - Requirement already satisfied: clickhouse-driver>=0.2.6 in /tmp/cosmos_venv_ecom/lib/python3.10/site-packages (from dbt-clickhouse) (0.2.9)
[2025-09-19T16:59:45.339+0000] {process_utils.py:191} INFO - Requirement already satisfied: setuptools>=0.69 in /tmp/cosmos_venv_ecom/lib/python3.10/site-packages (from dbt-clickhouse) (80.9.0)
[2025-09-19T16:59:45.341+0000] {process_utils.py:191} INFO - Requirement already satisfied: certifi in /tmp/cosmos_venv_ecom/lib/python3.10/site-packages (from clickhouse-connect>=0.6.22->dbt-clickhouse) (2025.8.3)
[2025-09-19T16:59:45.342+0000] {process_utils.py:191} INFO - Requirement already satisfied: urllib3>=1.26 in /tmp/cosmos_venv_ecom/lib/python3.10/site-packages (from clickhouse-connect>=0.6.22->dbt-clickhouse) (2.5.0)
[2025-09-19T16:59:45.342+0000] {process_utils.py:191} INFO - Requirement already satisfied: pytz in /tmp/cosmos_venv_ecom/lib/python3.10/site-packages (from clickhouse-connect>=0.6.22->dbt-clickhouse) (2025.2)
[2025-09-19T16:59:45.343+0000] {process_utils.py:191} INFO - Requirement already satisfied: zstandard in /tmp/cosmos_venv_ecom/lib/python3.10/site-packages (from clickhouse-connect>=0.6.22->dbt-clickhouse) (0.24.0)
[2025-09-19T16:59:45.343+0000] {process_utils.py:191} INFO - Requirement already satisfied: lz4 in /tmp/cosmos_venv_ecom/lib/python3.10/site-packages (from clickhouse-connect>=0.6.22->dbt-clickhouse) (4.4.4)
[2025-09-19T16:59:45.345+0000] {process_utils.py:191} INFO - Requirement already satisfied: tzlocal in /tmp/cosmos_venv_ecom/lib/python3.10/site-packages (from clickhouse-driver>=0.2.6->dbt-clickhouse) (5.3.1)
[2025-09-19T16:59:45.349+0000] {process_utils.py:191} INFO - Requirement already satisfied: agate<1.10,>=1.7.0 in /tmp/cosmos_venv_ecom/lib/python3.10/site-packages (from dbt-core>=1.9->dbt-clickhouse) (1.9.1)
[2025-09-19T16:59:45.350+0000] {process_utils.py:191} INFO - Requirement already satisfied: Jinja2<4,>=3.1.3 in /tmp/cosmos_venv_ecom/lib/python3.10/site-packages (from dbt-core>=1.9->dbt-clickhouse) (3.1.6)
[2025-09-19T16:59:45.352+0000] {process_utils.py:191} INFO - Requirement already satisfied: mashumaro<3.15,>=3.9 in /tmp/cosmos_venv_ecom/lib/python3.10/site-packages (from mashumaro[msgpack]<3.15,>=3.9->dbt-core>=1.9->dbt-clickhouse) (3.14)
[2025-09-19T16:59:45.353+0000] {process_utils.py:191} INFO - Requirement already satisfied: click<9.0,>=8.0.2 in /tmp/cosmos_venv_ecom/lib/python3.10/site-packages (from dbt-core>=1.9->dbt-clickhouse) (8.2.1)
[2025-09-19T16:59:45.354+0000] {process_utils.py:191} INFO - Requirement already satisfied: jsonschema<5.0,>=4.19.1 in /tmp/cosmos_venv_ecom/lib/python3.10/site-packages (from dbt-core>=1.9->dbt-clickhouse) (4.25.1)
[2025-09-19T16:59:45.354+0000] {process_utils.py:191} INFO - Requirement already satisfied: networkx<4.0,>=2.3 in /tmp/cosmos_venv_ecom/lib/python3.10/site-packages (from dbt-core>=1.9->dbt-clickhouse) (3.4.2)
[2025-09-19T16:59:45.355+0000] {process_utils.py:191} INFO - Requirement already satisfied: protobuf<7.0,>=6.0 in /tmp/cosmos_venv_ecom/lib/python3.10/site-packages (from dbt-core>=1.9->dbt-clickhouse) (6.32.1)
[2025-09-19T16:59:45.356+0000] {process_utils.py:191} INFO - Requirement already satisfied: requests<3.0.0 in /tmp/cosmos_venv_ecom/lib/python3.10/site-packages (from dbt-core>=1.9->dbt-clickhouse) (2.32.5)
[2025-09-19T16:59:45.357+0000] {process_utils.py:191} INFO - Requirement already satisfied: snowplow-tracker<2.0,>=1.0.2 in /tmp/cosmos_venv_ecom/lib/python3.10/site-packages (from dbt-core>=1.9->dbt-clickhouse) (1.1.0)
[2025-09-19T16:59:45.358+0000] {process_utils.py:191} INFO - Requirement already satisfied: pathspec<0.13,>=0.9 in /tmp/cosmos_venv_ecom/lib/python3.10/site-packages (from dbt-core>=1.9->dbt-clickhouse) (0.12.1)
[2025-09-19T16:59:45.359+0000] {process_utils.py:191} INFO - Requirement already satisfied: sqlparse<0.6.0,>=0.5.0 in /tmp/cosmos_venv_ecom/lib/python3.10/site-packages (from dbt-core>=1.9->dbt-clickhouse) (0.5.3)
[2025-09-19T16:59:45.359+0000] {process_utils.py:191} INFO - Requirement already satisfied: dbt-extractor<=0.6,>=0.5.0 in /tmp/cosmos_venv_ecom/lib/python3.10/site-packages (from dbt-core>=1.9->dbt-clickhouse) (0.6.0)
[2025-09-19T16:59:45.360+0000] {process_utils.py:191} INFO - Requirement already satisfied: dbt-semantic-interfaces<0.10,>=0.9.0 in /tmp/cosmos_venv_ecom/lib/python3.10/site-packages (from dbt-core>=1.9->dbt-clickhouse) (0.9.0)
[2025-09-19T16:59:45.360+0000] {process_utils.py:191} INFO - Requirement already satisfied: dbt-common<2.0,>=1.27.0 in /tmp/cosmos_venv_ecom/lib/python3.10/site-packages (from dbt-core>=1.9->dbt-clickhouse) (1.30.0)
[2025-09-19T16:59:45.361+0000] {process_utils.py:191} INFO - Requirement already satisfied: dbt-adapters<2.0,>=1.15.5 in /tmp/cosmos_venv_ecom/lib/python3.10/site-packages (from dbt-core>=1.9->dbt-clickhouse) (1.16.7)
[2025-09-19T16:59:45.361+0000] {process_utils.py:191} INFO - Requirement already satisfied: dbt-protos<2.0,>=1.0.346 in /tmp/cosmos_venv_ecom/lib/python3.10/site-packages (from dbt-core>=1.9->dbt-clickhouse) (1.0.375)
[2025-09-19T16:59:45.362+0000] {process_utils.py:191} INFO - Requirement already satisfied: pydantic<3 in /tmp/cosmos_venv_ecom/lib/python3.10/site-packages (from dbt-core>=1.9->dbt-clickhouse) (2.11.7)
[2025-09-19T16:59:45.362+0000] {process_utils.py:191} INFO - Requirement already satisfied: packaging>20.9 in /tmp/cosmos_venv_ecom/lib/python3.10/site-packages (from dbt-core>=1.9->dbt-clickhouse) (25.0)
[2025-09-19T16:59:45.363+0000] {process_utils.py:191} INFO - Requirement already satisfied: pyyaml>=6.0 in /tmp/cosmos_venv_ecom/lib/python3.10/site-packages (from dbt-core>=1.9->dbt-clickhouse) (6.0.2)
[2025-09-19T16:59:45.364+0000] {process_utils.py:191} INFO - Requirement already satisfied: daff>=1.3.46 in /tmp/cosmos_venv_ecom/lib/python3.10/site-packages (from dbt-core>=1.9->dbt-clickhouse) (1.4.2)
[2025-09-19T16:59:45.364+0000] {process_utils.py:191} INFO - Requirement already satisfied: typing-extensions>=4.4 in /tmp/cosmos_venv_ecom/lib/python3.10/site-packages (from dbt-core>=1.9->dbt-clickhouse) (4.15.0)
[2025-09-19T16:59:45.367+0000] {process_utils.py:191} INFO - Requirement already satisfied: Babel>=2.0 in /tmp/cosmos_venv_ecom/lib/python3.10/site-packages (from agate<1.10,>=1.7.0->dbt-core>=1.9->dbt-clickhouse) (2.17.0)
[2025-09-19T16:59:45.368+0000] {process_utils.py:191} INFO - Requirement already satisfied: isodate>=0.5.4 in /tmp/cosmos_venv_ecom/lib/python3.10/site-packages (from agate<1.10,>=1.7.0->dbt-core>=1.9->dbt-clickhouse) (0.6.1)
[2025-09-19T16:59:45.368+0000] {process_utils.py:191} INFO - Requirement already satisfied: leather>=0.3.2 in /tmp/cosmos_venv_ecom/lib/python3.10/site-packages (from agate<1.10,>=1.7.0->dbt-core>=1.9->dbt-clickhouse) (0.4.0)
[2025-09-19T16:59:45.369+0000] {process_utils.py:191} INFO - Requirement already satisfied: parsedatetime!=2.5,>=2.1 in /tmp/cosmos_venv_ecom/lib/python3.10/site-packages (from agate<1.10,>=1.7.0->dbt-core>=1.9->dbt-clickhouse) (2.6)
[2025-09-19T16:59:45.369+0000] {process_utils.py:191} INFO - Requirement already satisfied: python-slugify>=1.2.1 in /tmp/cosmos_venv_ecom/lib/python3.10/site-packages (from agate<1.10,>=1.7.0->dbt-core>=1.9->dbt-clickhouse) (8.0.4)
[2025-09-19T16:59:45.370+0000] {process_utils.py:191} INFO - Requirement already satisfied: pytimeparse>=1.1.5 in /tmp/cosmos_venv_ecom/lib/python3.10/site-packages (from agate<1.10,>=1.7.0->dbt-core>=1.9->dbt-clickhouse) (1.1.8)
[2025-09-19T16:59:45.381+0000] {process_utils.py:191} INFO - Requirement already satisfied: colorama<0.5,>=0.3.9 in /tmp/cosmos_venv_ecom/lib/python3.10/site-packages (from dbt-common<2.0,>=1.27.0->dbt-core>=1.9->dbt-clickhouse) (0.4.6)
[2025-09-19T16:59:45.382+0000] {process_utils.py:191} INFO - Requirement already satisfied: deepdiff<9.0,>=7.0 in /tmp/cosmos_venv_ecom/lib/python3.10/site-packages (from dbt-common<2.0,>=1.27.0->dbt-core>=1.9->dbt-clickhouse) (8.6.1)
[2025-09-19T16:59:45.384+0000] {process_utils.py:191} INFO - Requirement already satisfied: python-dateutil<3.0,>=2.0 in /tmp/cosmos_venv_ecom/lib/python3.10/site-packages (from dbt-common<2.0,>=1.27.0->dbt-core>=1.9->dbt-clickhouse) (2.9.0.post0)
[2025-09-19T16:59:45.391+0000] {process_utils.py:191} INFO - Requirement already satisfied: importlib-metadata<9,>=6.0 in /tmp/cosmos_venv_ecom/lib/python3.10/site-packages (from dbt-semantic-interfaces<0.10,>=0.9.0->dbt-core>=1.9->dbt-clickhouse) (8.7.0)
[2025-09-19T16:59:45.393+0000] {process_utils.py:191} INFO - Requirement already satisfied: more-itertools<11.0,>=8.0 in /tmp/cosmos_venv_ecom/lib/python3.10/site-packages (from dbt-semantic-interfaces<0.10,>=0.9.0->dbt-core>=1.9->dbt-clickhouse) (10.8.0)
[2025-09-19T16:59:45.402+0000] {process_utils.py:191} INFO - Requirement already satisfied: orderly-set<6,>=5.4.1 in /tmp/cosmos_venv_ecom/lib/python3.10/site-packages (from deepdiff<9.0,>=7.0->dbt-common<2.0,>=1.27.0->dbt-core>=1.9->dbt-clickhouse) (5.5.0)
[2025-09-19T16:59:45.409+0000] {process_utils.py:191} INFO - Requirement already satisfied: zipp>=3.20 in /tmp/cosmos_venv_ecom/lib/python3.10/site-packages (from importlib-metadata<9,>=6.0->dbt-semantic-interfaces<0.10,>=0.9.0->dbt-core>=1.9->dbt-clickhouse) (3.23.0)
[2025-09-19T16:59:45.410+0000] {process_utils.py:191} INFO - Requirement already satisfied: six in /tmp/cosmos_venv_ecom/lib/python3.10/site-packages (from isodate>=0.5.4->agate<1.10,>=1.7.0->dbt-core>=1.9->dbt-clickhouse) (1.17.0)
[2025-09-19T16:59:45.412+0000] {process_utils.py:191} INFO - Requirement already satisfied: MarkupSafe>=2.0 in /tmp/cosmos_venv_ecom/lib/python3.10/site-packages (from Jinja2<4,>=3.1.3->dbt-core>=1.9->dbt-clickhouse) (3.0.2)
[2025-09-19T16:59:45.418+0000] {process_utils.py:191} INFO - Requirement already satisfied: attrs>=22.2.0 in /tmp/cosmos_venv_ecom/lib/python3.10/site-packages (from jsonschema<5.0,>=4.19.1->dbt-core>=1.9->dbt-clickhouse) (25.3.0)
[2025-09-19T16:59:45.419+0000] {process_utils.py:191} INFO - Requirement already satisfied: jsonschema-specifications>=2023.03.6 in /tmp/cosmos_venv_ecom/lib/python3.10/site-packages (from jsonschema<5.0,>=4.19.1->dbt-core>=1.9->dbt-clickhouse) (2025.9.1)
[2025-09-19T16:59:45.420+0000] {process_utils.py:191} INFO - Requirement already satisfied: referencing>=0.28.4 in /tmp/cosmos_venv_ecom/lib/python3.10/site-packages (from jsonschema<5.0,>=4.19.1->dbt-core>=1.9->dbt-clickhouse) (0.36.2)
[2025-09-19T16:59:45.421+0000] {process_utils.py:191} INFO - Requirement already satisfied: rpds-py>=0.7.1 in /tmp/cosmos_venv_ecom/lib/python3.10/site-packages (from jsonschema<5.0,>=4.19.1->dbt-core>=1.9->dbt-clickhouse) (0.27.1)
[2025-09-19T16:59:45.429+0000] {process_utils.py:191} INFO - Requirement already satisfied: msgpack>=0.5.6 in /tmp/cosmos_venv_ecom/lib/python3.10/site-packages (from mashumaro[msgpack]<3.15,>=3.9->dbt-core>=1.9->dbt-clickhouse) (1.1.1)
[2025-09-19T16:59:45.444+0000] {process_utils.py:191} INFO - Requirement already satisfied: annotated-types>=0.6.0 in /tmp/cosmos_venv_ecom/lib/python3.10/site-packages (from pydantic<3->dbt-core>=1.9->dbt-clickhouse) (0.7.0)
[2025-09-19T16:59:45.445+0000] {process_utils.py:191} INFO - Requirement already satisfied: pydantic-core==2.33.2 in /tmp/cosmos_venv_ecom/lib/python3.10/site-packages (from pydantic<3->dbt-core>=1.9->dbt-clickhouse) (2.33.2)
[2025-09-19T16:59:45.447+0000] {process_utils.py:191} INFO - Requirement already satisfied: typing-inspection>=0.4.0 in /tmp/cosmos_venv_ecom/lib/python3.10/site-packages (from pydantic<3->dbt-core>=1.9->dbt-clickhouse) (0.4.1)
[2025-09-19T16:59:45.456+0000] {process_utils.py:191} INFO - Requirement already satisfied: charset_normalizer<4,>=2 in /tmp/cosmos_venv_ecom/lib/python3.10/site-packages (from requests<3.0.0->dbt-core>=1.9->dbt-clickhouse) (3.4.3)
[2025-09-19T16:59:45.457+0000] {process_utils.py:191} INFO - Requirement already satisfied: idna<4,>=2.5 in /tmp/cosmos_venv_ecom/lib/python3.10/site-packages (from requests<3.0.0->dbt-core>=1.9->dbt-clickhouse) (3.10)
[2025-09-19T16:59:45.493+0000] {process_utils.py:191} INFO - Requirement already satisfied: text-unidecode>=1.3 in /tmp/cosmos_venv_ecom/lib/python3.10/site-packages (from python-slugify>=1.2.1->agate<1.10,>=1.7.0->dbt-core>=1.9->dbt-clickhouse) (1.3)
[2025-09-19T16:59:45.604+0000] {local.py:470} INFO - Cloning project to writable temp directory /tmp/tmpfjy76fvo from /opt/airflow/dags/dbt/ecom_staging
[2025-09-19T16:59:45.618+0000] {local.py:490} INFO - Partial parse is enabled and the latest partial parse file is /tmp/cosmos/dbt_staging__dbt_ecom/target/partial_parse.msgpack
[2025-09-19T16:59:45.629+0000] {config.py:362} INFO - Using user-supplied profiles.yml at /opt/airflow/dags/dbt/profiles.yml
[2025-09-19T16:59:45.640+0000] {virtualenv.py:99} INFO - Using Python binary from virtualenv: /tmp/cosmos_venv_ecom/bin/python
[2025-09-19T16:59:45.640+0000] {local.py:434} INFO - Trying to run the command:
 ['/tmp/cosmos_venv_ecom/bin/dbt', 'deps', '--project-dir', '/tmp/tmpfjy76fvo', '--profiles-dir', '/opt/***/dags/dbt', '--profile', 'ecom_staging', '--target', 'dev']
From /tmp/tmpfjy76fvo
[2025-09-19T16:59:45.641+0000] {subprocess.py:56} INFO - Tmp dir root location: 
 /tmp
[2025-09-19T16:59:45.641+0000] {subprocess.py:69} INFO - Running command: ['/tmp/cosmos_venv_ecom/bin/dbt', 'deps', '--project-dir', '/tmp/tmpfjy76fvo', '--profiles-dir', '/opt/***/dags/dbt', '--profile', 'ecom_staging', '--target', 'dev']
[2025-09-19T16:59:45.652+0000] {subprocess.py:80} INFO - Command output:
[2025-09-19T16:59:47.842+0000] {subprocess.py:90} INFO - [0m16:59:47  Running with dbt=1.10.11
[2025-09-19T16:59:50.077+0000] {subprocess.py:90} INFO - [0m16:59:50  Installing dbt-labs/dbt_utils
[2025-09-19T16:59:50.778+0000] {subprocess.py:90} INFO - [0m16:59:50  Installed from version 1.3.0
[2025-09-19T16:59:50.779+0000] {subprocess.py:90} INFO - [0m16:59:50  Updated version available: 1.3.1
[2025-09-19T16:59:50.780+0000] {subprocess.py:90} INFO - [0m16:59:50
[2025-09-19T16:59:50.780+0000] {subprocess.py:90} INFO - [0m16:59:50  Updates available for packages: ['dbt-labs/dbt_utils']
[2025-09-19T16:59:50.780+0000] {subprocess.py:90} INFO - Update your versions in packages.yml, then run dbt deps
[2025-09-19T16:59:52.565+0000] {subprocess.py:94} INFO - Command exited with return code 0
[2025-09-19T16:59:52.566+0000] {local.py:441} INFO - Update your versions in packages.yml, then run dbt deps
[2025-09-19T16:59:52.567+0000] {virtualenv.py:99} INFO - Using Python binary from virtualenv: /tmp/cosmos_venv_ecom/bin/python
[2025-09-19T16:59:52.567+0000] {local.py:434} INFO - Trying to run the command:
 ['/tmp/cosmos_venv_ecom/bin/dbt', 'test', '--models', 'stg_categories', '--project-dir', '/tmp/tmpfjy76fvo', '--profiles-dir', '/opt/***/dags/dbt', '--profile', 'ecom_staging', '--target', 'dev']
From /tmp/tmpfjy76fvo
[2025-09-19T16:59:52.568+0000] {subprocess.py:56} INFO - Tmp dir root location: 
 /tmp
[2025-09-19T16:59:52.569+0000] {subprocess.py:69} INFO - Running command: ['/tmp/cosmos_venv_ecom/bin/dbt', 'test', '--models', 'stg_categories', '--project-dir', '/tmp/tmpfjy76fvo', '--profiles-dir', '/opt/***/dags/dbt', '--profile', 'ecom_staging', '--target', 'dev']
[2025-09-19T16:59:52.580+0000] {subprocess.py:80} INFO - Command output:
[2025-09-19T16:59:54.499+0000] {subprocess.py:90} INFO - [0m16:59:54  Running with dbt=1.10.11
[2025-09-19T16:59:54.501+0000] {subprocess.py:90} INFO - [0m16:59:54  [[33mWARNING[0m]: Deprecated functionality
[2025-09-19T16:59:54.502+0000] {subprocess.py:90} INFO - Usage of `--models`, `--model`, and `-m` is deprecated in favor of `--select` or
[2025-09-19T16:59:54.502+0000] {subprocess.py:90} INFO - `-s`.
[2025-09-19T16:59:54.782+0000] {subprocess.py:90} INFO - [0m16:59:54  Registered adapter: clickhouse=1.9.3
[2025-09-19T16:59:55.559+0000] {subprocess.py:90} INFO - [0m16:59:55  Found 8 models, 54 data tests, 8 sources, 597 macros
[2025-09-19T16:59:55.562+0000] {subprocess.py:90} INFO - [0m16:59:55
[2025-09-19T16:59:55.563+0000] {subprocess.py:90} INFO - [0m16:59:55  Concurrency: 4 threads (target='dev')
[2025-09-19T16:59:55.563+0000] {subprocess.py:90} INFO - [0m16:59:55
[2025-09-19T16:59:55.697+0000] {subprocess.py:90} INFO - [0m16:59:55  1 of 3 START test not_null_stg_categories_CATEGORY_ID .......................... [RUN]
[2025-09-19T16:59:55.698+0000] {subprocess.py:90} INFO - [0m16:59:55  2 of 3 START test not_null_stg_categories_CATEGORY_NAME ........................ [RUN]
[2025-09-19T16:59:55.700+0000] {subprocess.py:90} INFO - [0m16:59:55  3 of 3 START test unique_stg_categories_CATEGORY_ID ............................ [RUN]
[2025-09-19T16:59:55.818+0000] {subprocess.py:90} INFO - [0m16:59:55  1 of 3 ERROR not_null_stg_categories_CATEGORY_ID ............................... [[31mERROR[0m in 0.12s]
[2025-09-19T16:59:55.869+0000] {subprocess.py:90} INFO - [0m16:59:55  2 of 3 ERROR not_null_stg_categories_CATEGORY_NAME ............................. [[31mERROR[0m in 0.17s]
[2025-09-19T16:59:55.874+0000] {subprocess.py:90} INFO - [0m16:59:55  3 of 3 ERROR unique_stg_categories_CATEGORY_ID ................................. [[31mERROR[0m in 0.17s]
[2025-09-19T16:59:55.880+0000] {subprocess.py:90} INFO - [0m16:59:55
[2025-09-19T16:59:55.881+0000] {subprocess.py:90} INFO - [0m16:59:55  Finished running 3 data tests in 0 hours 0 minutes and 0.32 seconds (0.32s).
[2025-09-19T16:59:55.983+0000] {subprocess.py:90} INFO - [0m16:59:55
[2025-09-19T16:59:55.984+0000] {subprocess.py:90} INFO - [0m16:59:55  [31mCompleted with 3 errors, 0 partial successes, and 0 warnings:[0m
[2025-09-19T16:59:55.985+0000] {subprocess.py:90} INFO - [0m16:59:55
[2025-09-19T16:59:55.985+0000] {subprocess.py:90} INFO - [0m16:59:55  [31mFailure in test not_null_stg_categories_CATEGORY_ID (models/ecom_staging/schema.yml)[0m
[2025-09-19T16:59:55.986+0000] {subprocess.py:90} INFO - [0m16:59:55    Database Error in test not_null_stg_categories_CATEGORY_ID (models/ecom_staging/schema.yml)
[2025-09-19T16:59:55.987+0000] {subprocess.py:90} INFO -   HTTPDriver for http://clickhouse:8123 received ClickHouse error code 47
[2025-09-19T16:59:55.988+0000] {subprocess.py:90} INFO -    Code: 47. DB::Exception: Unknown expression identifier 'CATEGORY_ID' in scope SELECT CATEGORY_ID FROM ecom_db_staging.stg_categories WHERE CATEGORY_ID IS NULL. Maybe you meant: ['category_id']. (UNKNOWN_IDENTIFIER) (version 24.8.14.39 (official build))
[2025-09-19T16:59:55.989+0000] {subprocess.py:90} INFO -   compiled code at target/run/ecom_staging/models/ecom_staging/schema.yml/not_null_stg_categories_CATEGORY_ID.sql
[2025-09-19T16:59:55.990+0000] {subprocess.py:90} INFO - [0m16:59:55
[2025-09-19T16:59:55.991+0000] {subprocess.py:90} INFO - [0m16:59:55    compiled code at target/compiled/ecom_staging/models/ecom_staging/schema.yml/not_null_stg_categories_CATEGORY_ID.sql
[2025-09-19T16:59:55.991+0000] {subprocess.py:90} INFO - [0m16:59:55
[2025-09-19T16:59:55.992+0000] {subprocess.py:90} INFO - [0m16:59:55  [31mFailure in test not_null_stg_categories_CATEGORY_NAME (models/ecom_staging/schema.yml)[0m
[2025-09-19T16:59:55.992+0000] {subprocess.py:90} INFO - [0m16:59:55    Database Error in test not_null_stg_categories_CATEGORY_NAME (models/ecom_staging/schema.yml)
[2025-09-19T16:59:55.993+0000] {subprocess.py:90} INFO -   HTTPDriver for http://clickhouse:8123 received ClickHouse error code 47
[2025-09-19T16:59:55.993+0000] {subprocess.py:90} INFO -    Code: 47. DB::Exception: Unknown expression identifier 'CATEGORY_NAME' in scope SELECT CATEGORY_NAME FROM ecom_db_staging.stg_categories WHERE CATEGORY_NAME IS NULL. Maybe you meant: ['category_name']. (UNKNOWN_IDENTIFIER) (version 24.8.14.39 (official build))
[2025-09-19T16:59:55.993+0000] {subprocess.py:90} INFO -   compiled code at target/run/ecom_staging/models/ecom_staging/schema.yml/not_null_stg_categories_CATEGORY_NAME.sql
[2025-09-19T16:59:55.994+0000] {subprocess.py:90} INFO - [0m16:59:55
[2025-09-19T16:59:55.994+0000] {subprocess.py:90} INFO - [0m16:59:55    compiled code at target/compiled/ecom_staging/models/ecom_staging/schema.yml/not_null_stg_categories_CATEGORY_NAME.sql
[2025-09-19T16:59:55.994+0000] {subprocess.py:90} INFO - [0m16:59:55
[2025-09-19T16:59:55.995+0000] {subprocess.py:90} INFO - [0m16:59:55  [31mFailure in test unique_stg_categories_CATEGORY_ID (models/ecom_staging/schema.yml)[0m
[2025-09-19T16:59:55.995+0000] {subprocess.py:90} INFO - [0m16:59:55    Database Error in test unique_stg_categories_CATEGORY_ID (models/ecom_staging/schema.yml)
[2025-09-19T16:59:55.996+0000] {subprocess.py:90} INFO -   HTTPDriver for http://clickhouse:8123 received ClickHouse error code 47
[2025-09-19T16:59:55.997+0000] {subprocess.py:90} INFO -    Code: 47. DB::Exception: Unknown expression identifier 'CATEGORY_ID' in scope SELECT CATEGORY_ID AS unique_field, count(*) AS n_records FROM ecom_db_staging.stg_categories WHERE CATEGORY_ID IS NOT NULL GROUP BY CATEGORY_ID HAVING count(*) > 1. Maybe you meant: ['category_id']. (UNKNOWN_IDENTIFIER) (version 24.8.14.39 (official build))
[2025-09-19T16:59:55.997+0000] {subprocess.py:90} INFO -   compiled code at target/run/ecom_staging/models/ecom_staging/schema.yml/unique_stg_categories_CATEGORY_ID.sql
[2025-09-19T16:59:55.998+0000] {subprocess.py:90} INFO - [0m16:59:55
[2025-09-19T16:59:55.998+0000] {subprocess.py:90} INFO - [0m16:59:55    compiled code at target/compiled/ecom_staging/models/ecom_staging/schema.yml/unique_stg_categories_CATEGORY_ID.sql
[2025-09-19T16:59:55.999+0000] {subprocess.py:90} INFO - [0m16:59:55
[2025-09-19T16:59:55.999+0000] {subprocess.py:90} INFO - [0m16:59:55  Done. PASS=0 WARN=0 ERROR=3 SKIP=0 NO-OP=0 TOTAL=3
[2025-09-19T16:59:56.000+0000] {subprocess.py:90} INFO - [0m16:59:55  [[33mWARNING[0m][DeprecationsSummary]: Deprecated functionality
[2025-09-19T16:59:56.001+0000] {subprocess.py:90} INFO - Summary of encountered deprecations:
[2025-09-19T16:59:56.002+0000] {subprocess.py:90} INFO - - ModelParamUsageDeprecation: 1 occurrence
[2025-09-19T16:59:56.002+0000] {subprocess.py:90} INFO - To see all deprecation instances instead of just the first occurrence of each,
[2025-09-19T16:59:56.002+0000] {subprocess.py:90} INFO - run command again with the `--show-all-deprecations` flag. You may also need to
[2025-09-19T16:59:56.003+0000] {subprocess.py:90} INFO - run with `--no-partial-parse` as some deprecations are only encountered during
[2025-09-19T16:59:56.005+0000] {subprocess.py:90} INFO - parsing.
[2025-09-19T16:59:57.847+0000] {subprocess.py:94} INFO - Command exited with return code 1
[2025-09-19T16:59:57.847+0000] {local.py:441} INFO - parsing.
[2025-09-19T16:59:57.859+0000] {local.py:196} WARNING - Artifact schema version: https://schemas.getdbt.com/dbt/manifest/v12.json is above dbt-ol supported version 7. This might cause errors.
[2025-09-19T16:59:57.860+0000] {local.py:196} WARNING - Artifact schema version: https://schemas.getdbt.com/dbt/run-results/v6.json is above dbt-ol supported version 5. This might cause errors.
[2025-09-19T16:59:57.867+0000] {local.py:547} INFO - Inlets: []
[2025-09-19T16:59:57.869+0000] {local.py:548} INFO - Outlets: []
[2025-09-19T16:59:57.870+0000] {local.py:772} INFO - Assigning inlets/outlets without DatasetAlias
[2025-09-19T16:59:57.871+0000] {dag.py:3089} INFO - Sync 1 DAGs
[2025-09-19T16:59:57.990+0000] {local.py:253} ERROR - [0m16:59:54  Running with dbt=1.10.11
[0m16:59:54  [[33mWARNING[0m]: Deprecated functionality
Usage of `--models`, `--model`, and `-m` is deprecated in favor of `--select` or
`-s`.
[0m16:59:54  Registered adapter: clickhouse=1.9.3
[0m16:59:55  Found 8 models, 54 data tests, 8 sources, 597 macros
[0m16:59:55
[0m16:59:55  Concurrency: 4 threads (target='dev')
[0m16:59:55
[0m16:59:55  1 of 3 START test not_null_stg_categories_CATEGORY_ID .......................... [RUN]
[0m16:59:55  2 of 3 START test not_null_stg_categories_CATEGORY_NAME ........................ [RUN]
[0m16:59:55  3 of 3 START test unique_stg_categories_CATEGORY_ID ............................ [RUN]
[0m16:59:55  1 of 3 ERROR not_null_stg_categories_CATEGORY_ID ............................... [[31mERROR[0m in 0.12s]
[0m16:59:55  2 of 3 ERROR not_null_stg_categories_CATEGORY_NAME ............................. [[31mERROR[0m in 0.17s]
[0m16:59:55  3 of 3 ERROR unique_stg_categories_CATEGORY_ID ................................. [[31mERROR[0m in 0.17s]
[0m16:59:55
[0m16:59:55  Finished running 3 data tests in 0 hours 0 minutes and 0.32 seconds (0.32s).
[0m16:59:55
[0m16:59:55  [31mCompleted with 3 errors, 0 partial successes, and 0 warnings:[0m
[0m16:59:55
[0m16:59:55  [31mFailure in test not_null_stg_categories_CATEGORY_ID (models/ecom_staging/schema.yml)[0m
[0m16:59:55    Database Error in test not_null_stg_categories_CATEGORY_ID (models/ecom_staging/schema.yml)
  HTTPDriver for http://clickhouse:8123 received ClickHouse error code 47
   Code: 47. DB::Exception: Unknown expression identifier 'CATEGORY_ID' in scope SELECT CATEGORY_ID FROM ecom_db_staging.stg_categories WHERE CATEGORY_ID IS NULL. Maybe you meant: ['category_id']. (UNKNOWN_IDENTIFIER) (version 24.8.14.39 (official build))
  compiled code at target/run/ecom_staging/models/ecom_staging/schema.yml/not_null_stg_categories_CATEGORY_ID.sql
[0m16:59:55
[0m16:59:55    compiled code at target/compiled/ecom_staging/models/ecom_staging/schema.yml/not_null_stg_categories_CATEGORY_ID.sql
[0m16:59:55
[0m16:59:55  [31mFailure in test not_null_stg_categories_CATEGORY_NAME (models/ecom_staging/schema.yml)[0m
[0m16:59:55    Database Error in test not_null_stg_categories_CATEGORY_NAME (models/ecom_staging/schema.yml)
  HTTPDriver for http://clickhouse:8123 received ClickHouse error code 47
   Code: 47. DB::Exception: Unknown expression identifier 'CATEGORY_NAME' in scope SELECT CATEGORY_NAME FROM ecom_db_staging.stg_categories WHERE CATEGORY_NAME IS NULL. Maybe you meant: ['category_name']. (UNKNOWN_IDENTIFIER) (version 24.8.14.39 (official build))
  compiled code at target/run/ecom_staging/models/ecom_staging/schema.yml/not_null_stg_categories_CATEGORY_NAME.sql
[0m16:59:55
[0m16:59:55    compiled code at target/compiled/ecom_staging/models/ecom_staging/schema.yml/not_null_stg_categories_CATEGORY_NAME.sql
[0m16:59:55
[0m16:59:55  [31mFailure in test unique_stg_categories_CATEGORY_ID (models/ecom_staging/schema.yml)[0m
[0m16:59:55    Database Error in test unique_stg_categories_CATEGORY_ID (models/ecom_staging/schema.yml)
  HTTPDriver for http://clickhouse:8123 received ClickHouse error code 47
   Code: 47. DB::Exception: Unknown expression identifier 'CATEGORY_ID' in scope SELECT CATEGORY_ID AS unique_field, count(*) AS n_records FROM ecom_db_staging.stg_categories WHERE CATEGORY_ID IS NOT NULL GROUP BY CATEGORY_ID HAVING count(*) > 1. Maybe you meant: ['category_id']. (UNKNOWN_IDENTIFIER) (version 24.8.14.39 (official build))
  compiled code at target/run/ecom_staging/models/ecom_staging/schema.yml/unique_stg_categories_CATEGORY_ID.sql
[0m16:59:55
[0m16:59:55    compiled code at target/compiled/ecom_staging/models/ecom_staging/schema.yml/unique_stg_categories_CATEGORY_ID.sql
[0m16:59:55
[0m16:59:55  Done. PASS=0 WARN=0 ERROR=3 SKIP=0 NO-OP=0 TOTAL=3
[0m16:59:55  [[33mWARNING[0m][DeprecationsSummary]: Deprecated functionality
Summary of encountered deprecations:
- ModelParamUsageDeprecation: 1 occurrence
To see all deprecation instances instead of just the first occurrence of each,
run command again with the `--show-all-deprecations` flag. You may also need to
run with `--no-partial-parse` as some deprecations are only encountered during
parsing.
[2025-09-19T16:59:57.998+0000] {virtualenv.py:131} INFO - Releasing virtualenv lock
[2025-09-19T16:59:57.999+0000] {taskinstance.py:441} INFO - ::group::Post task execution logs
[2025-09-19T16:59:58.038+0000] {taskinstance.py:2905} ERROR - Task failed with exception
Traceback (most recent call last):
  File "/home/airflow/.local/lib/python3.10/site-packages/airflow/models/taskinstance.py", line 465, in _execute_task
    result = _execute_callable(context=context, **execute_callable_kwargs)
  File "/home/airflow/.local/lib/python3.10/site-packages/airflow/models/taskinstance.py", line 432, in _execute_callable
    return execute_callable(context=context, **execute_callable_kwargs)
  File "/home/airflow/.local/lib/python3.10/site-packages/airflow/models/baseoperator.py", line 401, in wrapper
    return func(self, *args, **kwargs)
  File "/home/airflow/.local/lib/python3.10/site-packages/cosmos/operators/virtualenv.py", line 144, in execute
    output = super().execute(context)
  File "/home/airflow/.local/lib/python3.10/site-packages/airflow/models/baseoperator.py", line 401, in wrapper
    return func(self, *args, **kwargs)
  File "/home/airflow/.local/lib/python3.10/site-packages/cosmos/operators/local.py", line 1089, in execute
    result = self.build_and_run_cmd(context=context, cmd_flags=self.add_cmd_flags())
  File "/home/airflow/.local/lib/python3.10/site-packages/cosmos/operators/local.py", line 853, in build_and_run_cmd
    result = self.run_command(
  File "/home/airflow/.local/lib/python3.10/site-packages/cosmos/operators/virtualenv.py", line 129, in run_command
    return super().run_command(cmd, env, context, run_as_async=run_as_async, async_context=async_context)
  File "/home/airflow/.local/lib/python3.10/site-packages/cosmos/operators/local.py", line 650, in run_command
    self.handle_exception(result)
  File "/home/airflow/.local/lib/python3.10/site-packages/cosmos/operators/local.py", line 254, in handle_exception_subprocess
    raise AirflowException(f"dbt command failed. The command returned a non-zero exit code {result.exit_code}.")
airflow.exceptions.AirflowException: dbt command failed. The command returned a non-zero exit code 1.
[2025-09-19T16:59:58.042+0000] {taskinstance.py:1206} INFO - Marking task as FAILED. dag_id=dbt_staging, task_id=dbt_ecom.stg_categories.test, run_id=manual__2025-09-19T16:52:09.172903+00:00, execution_date=20250919T165209, start_date=20250919T165942, end_date=20250919T165958
[2025-09-19T16:59:58.067+0000] {standard_task_runner.py:110} ERROR - Failed to execute job 621 for task dbt_ecom.stg_categories.test (dbt command failed. The command returned a non-zero exit code 1.; 4185)
[2025-09-19T16:59:58.098+0000] {local_task_job_runner.py:243} INFO - Task exited with return code 1
[2025-09-19T16:59:58.159+0000] {taskinstance.py:3503} INFO - 0 downstream tasks scheduled from follow-on schedule check
[2025-09-19T16:59:58.172+0000] {local_task_job_runner.py:222} INFO - ::endgroup::
