[2025-09-13T09:32:14.077+0000] {local_task_job_runner.py:120} INFO - ::group::Pre task execution logs
[2025-09-13T09:32:14.130+0000] {taskinstance.py:2076} INFO - Dependencies all met for dep_context=non-requeueable deps ti=<TaskInstance: dbt_intermediate.intermediate.customer_interactions.test scheduled__2025-09-12T00:00:00+00:00 [queued]>
[2025-09-13T09:32:14.144+0000] {taskinstance.py:2076} INFO - Dependencies all met for dep_context=requeueable deps ti=<TaskInstance: dbt_intermediate.intermediate.customer_interactions.test scheduled__2025-09-12T00:00:00+00:00 [queued]>
[2025-09-13T09:32:14.155+0000] {taskinstance.py:2306} INFO - Starting attempt 1 of 1
[2025-09-13T09:32:14.175+0000] {taskinstance.py:2330} INFO - Executing <Task(DbtTestVirtualenvOperator): intermediate.customer_interactions.test> on 2025-09-12 00:00:00+00:00
[2025-09-13T09:32:14.182+0000] {standard_task_runner.py:64} INFO - Started process 5027 to run task
[2025-09-13T09:32:14.186+0000] {standard_task_runner.py:90} INFO - Running: ['***', 'tasks', 'run', 'dbt_intermediate', 'intermediate.customer_interactions.test', 'scheduled__2025-09-12T00:00:00+00:00', '--job-id', '166', '--raw', '--subdir', 'DAGS_FOLDER/dbt_intermediate.py', '--cfg-path', '/tmp/tmpqlekwpnk']
[2025-09-13T09:32:14.189+0000] {standard_task_runner.py:91} INFO - Job 166: Subtask intermediate.customer_interactions.test
[2025-09-13T09:32:14.349+0000] {task_command.py:426} INFO - Running <TaskInstance: dbt_intermediate.intermediate.customer_interactions.test scheduled__2025-09-12T00:00:00+00:00 [running]> on host e95bde6b8d07
[2025-09-13T09:32:14.617+0000] {taskinstance.py:2648} INFO - Exporting env vars: AIRFLOW_CTX_DAG_OWNER='***' AIRFLOW_CTX_DAG_ID='dbt_intermediate' AIRFLOW_CTX_TASK_ID='intermediate.customer_interactions.test' AIRFLOW_CTX_EXECUTION_DATE='2025-09-12T00:00:00+00:00' AIRFLOW_CTX_TRY_NUMBER='1' AIRFLOW_CTX_DAG_RUN_ID='scheduled__2025-09-12T00:00:00+00:00'
[2025-09-13T09:32:14.619+0000] {taskinstance.py:430} INFO - ::endgroup::
[2025-09-13T09:32:14.634+0000] {baseoperator.py:400} WARNING - DbtTestVirtualenvOperator.execute cannot be called outside TaskInstance!
[2025-09-13T09:32:14.635+0000] {virtualenv.py:120} INFO - Checking if the virtualenv lock /tmp/cosmos_venv_ecom_intermediate/cosmos_virtualenv.lock exists
[2025-09-13T09:32:14.635+0000] {virtualenv.py:178} INFO - Checking for running process with PID 4482
[2025-09-13T09:32:14.636+0000] {virtualenv.py:181} INFO - Process 4482 running: True and has the lock /tmp/cosmos_venv_ecom_intermediate/cosmos_virtualenv.lock.
[2025-09-13T09:32:14.637+0000] {virtualenv.py:122} INFO - Waiting for virtualenv lock to be released
[2025-09-13T09:32:15.638+0000] {virtualenv.py:178} INFO - Checking for running process with PID 4482
[2025-09-13T09:32:15.639+0000] {virtualenv.py:181} INFO - Process 4482 running: True and has the lock /tmp/cosmos_venv_ecom_intermediate/cosmos_virtualenv.lock.
[2025-09-13T09:32:15.640+0000] {virtualenv.py:122} INFO - Waiting for virtualenv lock to be released
[2025-09-13T09:32:16.641+0000] {virtualenv.py:178} INFO - Checking for running process with PID 4482
[2025-09-13T09:32:16.641+0000] {virtualenv.py:181} INFO - Process 4482 running: True and has the lock /tmp/cosmos_venv_ecom_intermediate/cosmos_virtualenv.lock.
[2025-09-13T09:32:16.642+0000] {virtualenv.py:122} INFO - Waiting for virtualenv lock to be released
[2025-09-13T09:32:17.643+0000] {virtualenv.py:178} INFO - Checking for running process with PID 4482
[2025-09-13T09:32:17.644+0000] {virtualenv.py:181} INFO - Process 4482 running: True and has the lock /tmp/cosmos_venv_ecom_intermediate/cosmos_virtualenv.lock.
[2025-09-13T09:32:17.645+0000] {virtualenv.py:122} INFO - Waiting for virtualenv lock to be released
[2025-09-13T09:32:18.647+0000] {virtualenv.py:178} INFO - Checking for running process with PID 4482
[2025-09-13T09:32:18.648+0000] {virtualenv.py:181} INFO - Process 4482 running: True and has the lock /tmp/cosmos_venv_ecom_intermediate/cosmos_virtualenv.lock.
[2025-09-13T09:32:18.649+0000] {virtualenv.py:122} INFO - Waiting for virtualenv lock to be released
[2025-09-13T09:32:19.652+0000] {virtualenv.py:178} INFO - Checking for running process with PID 4482
[2025-09-13T09:32:19.652+0000] {virtualenv.py:181} INFO - Process 4482 running: True and has the lock /tmp/cosmos_venv_ecom_intermediate/cosmos_virtualenv.lock.
[2025-09-13T09:32:19.653+0000] {virtualenv.py:122} INFO - Waiting for virtualenv lock to be released
[2025-09-13T09:32:20.654+0000] {virtualenv.py:178} INFO - Checking for running process with PID 4482
[2025-09-13T09:32:20.655+0000] {virtualenv.py:181} INFO - Process 4482 running: True and has the lock /tmp/cosmos_venv_ecom_intermediate/cosmos_virtualenv.lock.
[2025-09-13T09:32:20.656+0000] {virtualenv.py:122} INFO - Waiting for virtualenv lock to be released
[2025-09-13T09:32:21.657+0000] {virtualenv.py:178} INFO - Checking for running process with PID 4482
[2025-09-13T09:32:21.658+0000] {virtualenv.py:181} INFO - Process 4482 running: True and has the lock /tmp/cosmos_venv_ecom_intermediate/cosmos_virtualenv.lock.
[2025-09-13T09:32:21.658+0000] {virtualenv.py:122} INFO - Waiting for virtualenv lock to be released
[2025-09-13T09:32:22.659+0000] {virtualenv.py:178} INFO - Checking for running process with PID 4482
[2025-09-13T09:32:22.660+0000] {virtualenv.py:181} INFO - Process 4482 running: True and has the lock /tmp/cosmos_venv_ecom_intermediate/cosmos_virtualenv.lock.
[2025-09-13T09:32:22.660+0000] {virtualenv.py:122} INFO - Waiting for virtualenv lock to be released
[2025-09-13T09:32:23.662+0000] {virtualenv.py:178} INFO - Checking for running process with PID 4482
[2025-09-13T09:32:23.663+0000] {virtualenv.py:181} INFO - Process 4482 running: True and has the lock /tmp/cosmos_venv_ecom_intermediate/cosmos_virtualenv.lock.
[2025-09-13T09:32:23.663+0000] {virtualenv.py:122} INFO - Waiting for virtualenv lock to be released
[2025-09-13T09:32:24.665+0000] {virtualenv.py:178} INFO - Checking for running process with PID 4482
[2025-09-13T09:32:24.667+0000] {virtualenv.py:181} INFO - Process 4482 running: True and has the lock /tmp/cosmos_venv_ecom_intermediate/cosmos_virtualenv.lock.
[2025-09-13T09:32:24.668+0000] {virtualenv.py:122} INFO - Waiting for virtualenv lock to be released
[2025-09-13T09:32:25.671+0000] {virtualenv.py:178} INFO - Checking for running process with PID 4745
[2025-09-13T09:32:25.672+0000] {virtualenv.py:181} INFO - Process 4745 running: True and has the lock /tmp/cosmos_venv_ecom_intermediate/cosmos_virtualenv.lock.
[2025-09-13T09:32:25.673+0000] {virtualenv.py:122} INFO - Waiting for virtualenv lock to be released
[2025-09-13T09:32:26.675+0000] {virtualenv.py:178} INFO - Checking for running process with PID 4745
[2025-09-13T09:32:26.676+0000] {virtualenv.py:181} INFO - Process 4745 running: True and has the lock /tmp/cosmos_venv_ecom_intermediate/cosmos_virtualenv.lock.
[2025-09-13T09:32:26.676+0000] {virtualenv.py:122} INFO - Waiting for virtualenv lock to be released
[2025-09-13T09:32:27.678+0000] {virtualenv.py:178} INFO - Checking for running process with PID 4745
[2025-09-13T09:32:27.680+0000] {virtualenv.py:181} INFO - Process 4745 running: True and has the lock /tmp/cosmos_venv_ecom_intermediate/cosmos_virtualenv.lock.
[2025-09-13T09:32:27.680+0000] {virtualenv.py:122} INFO - Waiting for virtualenv lock to be released
[2025-09-13T09:32:28.682+0000] {virtualenv.py:178} INFO - Checking for running process with PID 4745
[2025-09-13T09:32:28.684+0000] {virtualenv.py:181} INFO - Process 4745 running: True and has the lock /tmp/cosmos_venv_ecom_intermediate/cosmos_virtualenv.lock.
[2025-09-13T09:32:28.684+0000] {virtualenv.py:122} INFO - Waiting for virtualenv lock to be released
[2025-09-13T09:32:29.686+0000] {virtualenv.py:178} INFO - Checking for running process with PID 4745
[2025-09-13T09:32:29.687+0000] {virtualenv.py:181} INFO - Process 4745 running: True and has the lock /tmp/cosmos_venv_ecom_intermediate/cosmos_virtualenv.lock.
[2025-09-13T09:32:29.688+0000] {virtualenv.py:122} INFO - Waiting for virtualenv lock to be released
[2025-09-13T09:32:30.690+0000] {virtualenv.py:178} INFO - Checking for running process with PID 4745
[2025-09-13T09:32:30.690+0000] {virtualenv.py:181} INFO - Process 4745 running: True and has the lock /tmp/cosmos_venv_ecom_intermediate/cosmos_virtualenv.lock.
[2025-09-13T09:32:30.691+0000] {virtualenv.py:122} INFO - Waiting for virtualenv lock to be released
[2025-09-13T09:32:31.692+0000] {virtualenv.py:178} INFO - Checking for running process with PID 4745
[2025-09-13T09:32:31.693+0000] {virtualenv.py:181} INFO - Process 4745 running: True and has the lock /tmp/cosmos_venv_ecom_intermediate/cosmos_virtualenv.lock.
[2025-09-13T09:32:31.693+0000] {virtualenv.py:122} INFO - Waiting for virtualenv lock to be released
[2025-09-13T09:32:32.695+0000] {virtualenv.py:178} INFO - Checking for running process with PID 4745
[2025-09-13T09:32:32.696+0000] {virtualenv.py:181} INFO - Process 4745 running: True and has the lock /tmp/cosmos_venv_ecom_intermediate/cosmos_virtualenv.lock.
[2025-09-13T09:32:32.697+0000] {virtualenv.py:122} INFO - Waiting for virtualenv lock to be released
[2025-09-13T09:32:33.699+0000] {virtualenv.py:178} INFO - Checking for running process with PID 4745
[2025-09-13T09:32:33.699+0000] {virtualenv.py:181} INFO - Process 4745 running: True and has the lock /tmp/cosmos_venv_ecom_intermediate/cosmos_virtualenv.lock.
[2025-09-13T09:32:33.700+0000] {virtualenv.py:122} INFO - Waiting for virtualenv lock to be released
[2025-09-13T09:32:34.702+0000] {virtualenv.py:178} INFO - Checking for running process with PID 4745
[2025-09-13T09:32:34.702+0000] {virtualenv.py:181} INFO - Process 4745 running: True and has the lock /tmp/cosmos_venv_ecom_intermediate/cosmos_virtualenv.lock.
[2025-09-13T09:32:34.703+0000] {virtualenv.py:122} INFO - Waiting for virtualenv lock to be released
[2025-09-13T09:32:35.705+0000] {virtualenv.py:178} INFO - Checking for running process with PID 4745
[2025-09-13T09:32:35.706+0000] {virtualenv.py:181} INFO - Process 4745 running: True and has the lock /tmp/cosmos_venv_ecom_intermediate/cosmos_virtualenv.lock.
[2025-09-13T09:32:35.706+0000] {virtualenv.py:122} INFO - Waiting for virtualenv lock to be released
[2025-09-13T09:32:36.708+0000] {virtualenv.py:178} INFO - Checking for running process with PID 4745
[2025-09-13T09:32:36.709+0000] {virtualenv.py:181} INFO - Process 4745 running: True and has the lock /tmp/cosmos_venv_ecom_intermediate/cosmos_virtualenv.lock.
[2025-09-13T09:32:36.710+0000] {virtualenv.py:122} INFO - Waiting for virtualenv lock to be released
[2025-09-13T09:32:37.712+0000] {virtualenv.py:178} INFO - Checking for running process with PID 4745
[2025-09-13T09:32:37.713+0000] {virtualenv.py:181} INFO - Process 4745 running: True and has the lock /tmp/cosmos_venv_ecom_intermediate/cosmos_virtualenv.lock.
[2025-09-13T09:32:37.713+0000] {virtualenv.py:122} INFO - Waiting for virtualenv lock to be released
[2025-09-13T09:32:38.715+0000] {virtualenv.py:178} INFO - Checking for running process with PID 4745
[2025-09-13T09:32:38.716+0000] {virtualenv.py:181} INFO - Process 4745 running: True and has the lock /tmp/cosmos_venv_ecom_intermediate/cosmos_virtualenv.lock.
[2025-09-13T09:32:38.716+0000] {virtualenv.py:122} INFO - Waiting for virtualenv lock to be released
[2025-09-13T09:32:39.718+0000] {virtualenv.py:178} INFO - Checking for running process with PID 4693
[2025-09-13T09:32:39.719+0000] {virtualenv.py:181} INFO - Process 4693 running: True and has the lock /tmp/cosmos_venv_ecom_intermediate/cosmos_virtualenv.lock.
[2025-09-13T09:32:39.720+0000] {virtualenv.py:122} INFO - Waiting for virtualenv lock to be released
[2025-09-13T09:32:40.721+0000] {virtualenv.py:178} INFO - Checking for running process with PID 4693
[2025-09-13T09:32:40.722+0000] {virtualenv.py:181} INFO - Process 4693 running: True and has the lock /tmp/cosmos_venv_ecom_intermediate/cosmos_virtualenv.lock.
[2025-09-13T09:32:40.723+0000] {virtualenv.py:122} INFO - Waiting for virtualenv lock to be released
[2025-09-13T09:32:41.726+0000] {virtualenv.py:178} INFO - Checking for running process with PID 4693
[2025-09-13T09:32:41.727+0000] {virtualenv.py:181} INFO - Process 4693 running: True and has the lock /tmp/cosmos_venv_ecom_intermediate/cosmos_virtualenv.lock.
[2025-09-13T09:32:41.727+0000] {virtualenv.py:122} INFO - Waiting for virtualenv lock to be released
[2025-09-13T09:32:42.729+0000] {virtualenv.py:178} INFO - Checking for running process with PID 4693
[2025-09-13T09:32:42.729+0000] {virtualenv.py:181} INFO - Process 4693 running: True and has the lock /tmp/cosmos_venv_ecom_intermediate/cosmos_virtualenv.lock.
[2025-09-13T09:32:42.730+0000] {virtualenv.py:122} INFO - Waiting for virtualenv lock to be released
[2025-09-13T09:32:43.730+0000] {virtualenv.py:178} INFO - Checking for running process with PID 4693
[2025-09-13T09:32:43.731+0000] {virtualenv.py:181} INFO - Process 4693 running: True and has the lock /tmp/cosmos_venv_ecom_intermediate/cosmos_virtualenv.lock.
[2025-09-13T09:32:43.732+0000] {virtualenv.py:122} INFO - Waiting for virtualenv lock to be released
[2025-09-13T09:32:44.733+0000] {virtualenv.py:178} INFO - Checking for running process with PID 4693
[2025-09-13T09:32:44.735+0000] {virtualenv.py:181} INFO - Process 4693 running: True and has the lock /tmp/cosmos_venv_ecom_intermediate/cosmos_virtualenv.lock.
[2025-09-13T09:32:44.736+0000] {virtualenv.py:122} INFO - Waiting for virtualenv lock to be released
[2025-09-13T09:32:45.740+0000] {virtualenv.py:178} INFO - Checking for running process with PID 4693
[2025-09-13T09:32:45.743+0000] {virtualenv.py:181} INFO - Process 4693 running: True and has the lock /tmp/cosmos_venv_ecom_intermediate/cosmos_virtualenv.lock.
[2025-09-13T09:32:45.744+0000] {virtualenv.py:122} INFO - Waiting for virtualenv lock to be released
[2025-09-13T09:32:46.746+0000] {virtualenv.py:178} INFO - Checking for running process with PID 4693
[2025-09-13T09:32:46.747+0000] {virtualenv.py:181} INFO - Process 4693 running: True and has the lock /tmp/cosmos_venv_ecom_intermediate/cosmos_virtualenv.lock.
[2025-09-13T09:32:46.747+0000] {virtualenv.py:122} INFO - Waiting for virtualenv lock to be released
[2025-09-13T09:32:47.748+0000] {virtualenv.py:178} INFO - Checking for running process with PID 4693
[2025-09-13T09:32:47.749+0000] {virtualenv.py:181} INFO - Process 4693 running: True and has the lock /tmp/cosmos_venv_ecom_intermediate/cosmos_virtualenv.lock.
[2025-09-13T09:32:47.750+0000] {virtualenv.py:122} INFO - Waiting for virtualenv lock to be released
[2025-09-13T09:32:48.752+0000] {virtualenv.py:178} INFO - Checking for running process with PID 4693
[2025-09-13T09:32:48.753+0000] {virtualenv.py:181} INFO - Process 4693 running: True and has the lock /tmp/cosmos_venv_ecom_intermediate/cosmos_virtualenv.lock.
[2025-09-13T09:32:48.753+0000] {virtualenv.py:122} INFO - Waiting for virtualenv lock to be released
[2025-09-13T09:32:49.755+0000] {virtualenv.py:178} INFO - Checking for running process with PID 4693
[2025-09-13T09:32:49.756+0000] {virtualenv.py:181} INFO - Process 4693 running: True and has the lock /tmp/cosmos_venv_ecom_intermediate/cosmos_virtualenv.lock.
[2025-09-13T09:32:49.756+0000] {virtualenv.py:122} INFO - Waiting for virtualenv lock to be released
[2025-09-13T09:32:50.758+0000] {virtualenv.py:178} INFO - Checking for running process with PID 4693
[2025-09-13T09:32:50.759+0000] {virtualenv.py:181} INFO - Process 4693 running: True and has the lock /tmp/cosmos_venv_ecom_intermediate/cosmos_virtualenv.lock.
[2025-09-13T09:32:50.760+0000] {virtualenv.py:122} INFO - Waiting for virtualenv lock to be released
[2025-09-13T09:32:51.762+0000] {virtualenv.py:178} INFO - Checking for running process with PID 4693
[2025-09-13T09:32:51.763+0000] {virtualenv.py:181} INFO - Process 4693 running: True and has the lock /tmp/cosmos_venv_ecom_intermediate/cosmos_virtualenv.lock.
[2025-09-13T09:32:51.764+0000] {virtualenv.py:122} INFO - Waiting for virtualenv lock to be released
[2025-09-13T09:32:52.766+0000] {virtualenv.py:178} INFO - Checking for running process with PID 4693
[2025-09-13T09:32:52.767+0000] {virtualenv.py:181} INFO - Process 4693 running: True and has the lock /tmp/cosmos_venv_ecom_intermediate/cosmos_virtualenv.lock.
[2025-09-13T09:32:52.767+0000] {virtualenv.py:122} INFO - Waiting for virtualenv lock to be released
[2025-09-13T09:32:53.769+0000] {virtualenv.py:178} INFO - Checking for running process with PID 4693
[2025-09-13T09:32:53.770+0000] {virtualenv.py:181} INFO - Process 4693 running: True and has the lock /tmp/cosmos_venv_ecom_intermediate/cosmos_virtualenv.lock.
[2025-09-13T09:32:53.770+0000] {virtualenv.py:122} INFO - Waiting for virtualenv lock to be released
[2025-09-13T09:32:54.772+0000] {virtualenv.py:126} INFO - Acquiring the virtualenv lock
[2025-09-13T09:32:54.773+0000] {virtualenv.py:195} INFO - Acquiring lock at /tmp/cosmos_venv_ecom_intermediate/cosmos_virtualenv.lock with pid 5027
[2025-09-13T09:32:54.773+0000] {virtualenv.py:153} INFO - Creating or updating the virtualenv at `/tmp/cosmos_venv_ecom_intermediate
[2025-09-13T09:32:54.774+0000] {process_utils.py:183} INFO - Executing cmd: /home/***/.local/bin/python -m virtualenv /tmp/cosmos_venv_ecom_intermediate --python=python3
[2025-09-13T09:32:54.776+0000] {process_utils.py:187} INFO - Output:
[2025-09-13T09:32:56.145+0000] {process_utils.py:191} INFO - created virtual environment CPython3.10.14.final.0-64 in 549ms
[2025-09-13T09:32:56.146+0000] {process_utils.py:191} INFO -   creator CPython3Posix(dest=/tmp/cosmos_venv_ecom_intermediate, clear=False, no_vcs_ignore=False, global=False)
[2025-09-13T09:32:56.147+0000] {process_utils.py:191} INFO -   seeder FromAppData(download=False, pip=bundle, setuptools=bundle, wheel=bundle, via=copy, app_data_dir=/home/***/.local/share/virtualenv)
[2025-09-13T09:32:56.148+0000] {process_utils.py:191} INFO -     added seed packages: MarkupSafe==3.0.2, PyYAML==6.0.2, agate==1.9.1, annotated_types==0.7.0, attrs==25.3.0, babel==2.17.0, certifi==2025.8.3, charset_normalizer==3.4.3, click==8.2.1, clickhouse_connect==0.8.18, clickhouse_driver==0.2.9, colorama==0.4.6, daff==1.4.2, dbt_adapters==1.16.7, dbt_clickhouse==1.9.3, dbt_common==1.30.0, dbt_core==1.10.11, dbt_extractor==0.6.0, dbt_protos==1.0.375, dbt_semantic_interfaces==0.9.0, deepdiff==8.6.1, idna==3.10, importlib_metadata==8.7.0, isodate==0.6.1, jinja2==3.1.6, jsonschema==4.25.1, jsonschema_specifications==2025.9.1, leather==0.4.0, lz4==4.4.4, mashumaro==3.14, more_itertools==10.8.0, msgpack==1.1.1, networkx==3.4.2, orderly_set==5.5.0, packaging==25.0, parsedatetime==2.6, pathspec==0.12.1, pip==25.2, protobuf==6.32.1, pydantic==2.11.8, pydantic_core==2.33.2, python_dateutil==2.9.0.post0, python_slugify==8.0.4, pytimeparse==1.1.8, pytz==2025.2, referencing==0.36.2, requests==2.32.5, rpds_py==0.27.1, setuptools==80.9.0, six==1.17.0, snowplow_tracker==1.1.0, sqlparse==0.5.3, text_unidecode==1.3, typing_extensions==4.15.0, typing_inspection==0.4.1, tzlocal==5.3.1, urllib3==2.5.0, wheel==0.45.1, zipp==3.23.0, zstandard==0.24.0
[2025-09-13T09:32:56.149+0000] {process_utils.py:191} INFO -   activators BashActivator,CShellActivator,FishActivator,NushellActivator,PowerShellActivator,PythonActivator
[2025-09-13T09:32:56.226+0000] {process_utils.py:183} INFO - Executing cmd: /tmp/cosmos_venv_ecom_intermediate/bin/pip install dbt-clickhouse
[2025-09-13T09:32:56.228+0000] {process_utils.py:187} INFO - Output:
[2025-09-13T09:32:57.602+0000] {process_utils.py:191} INFO - Requirement already satisfied: dbt-clickhouse in /tmp/cosmos_venv_ecom_intermediate/lib/python3.10/site-packages (1.9.3)
[2025-09-13T09:32:57.604+0000] {process_utils.py:191} INFO - Requirement already satisfied: dbt-core>=1.9 in /tmp/cosmos_venv_ecom_intermediate/lib/python3.10/site-packages (from dbt-clickhouse) (1.10.11)
[2025-09-13T09:32:57.605+0000] {process_utils.py:191} INFO - Requirement already satisfied: clickhouse-connect>=0.6.22 in /tmp/cosmos_venv_ecom_intermediate/lib/python3.10/site-packages (from dbt-clickhouse) (0.8.18)
[2025-09-13T09:32:57.605+0000] {process_utils.py:191} INFO - Requirement already satisfied: clickhouse-driver>=0.2.6 in /tmp/cosmos_venv_ecom_intermediate/lib/python3.10/site-packages (from dbt-clickhouse) (0.2.9)
[2025-09-13T09:32:57.606+0000] {process_utils.py:191} INFO - Requirement already satisfied: setuptools>=0.69 in /tmp/cosmos_venv_ecom_intermediate/lib/python3.10/site-packages (from dbt-clickhouse) (80.9.0)
[2025-09-13T09:32:57.609+0000] {process_utils.py:191} INFO - Requirement already satisfied: certifi in /tmp/cosmos_venv_ecom_intermediate/lib/python3.10/site-packages (from clickhouse-connect>=0.6.22->dbt-clickhouse) (2025.8.3)
[2025-09-13T09:32:57.609+0000] {process_utils.py:191} INFO - Requirement already satisfied: urllib3>=1.26 in /tmp/cosmos_venv_ecom_intermediate/lib/python3.10/site-packages (from clickhouse-connect>=0.6.22->dbt-clickhouse) (2.5.0)
[2025-09-13T09:32:57.610+0000] {process_utils.py:191} INFO - Requirement already satisfied: pytz in /tmp/cosmos_venv_ecom_intermediate/lib/python3.10/site-packages (from clickhouse-connect>=0.6.22->dbt-clickhouse) (2025.2)
[2025-09-13T09:32:57.610+0000] {process_utils.py:191} INFO - Requirement already satisfied: zstandard in /tmp/cosmos_venv_ecom_intermediate/lib/python3.10/site-packages (from clickhouse-connect>=0.6.22->dbt-clickhouse) (0.24.0)
[2025-09-13T09:32:57.610+0000] {process_utils.py:191} INFO - Requirement already satisfied: lz4 in /tmp/cosmos_venv_ecom_intermediate/lib/python3.10/site-packages (from clickhouse-connect>=0.6.22->dbt-clickhouse) (4.4.4)
[2025-09-13T09:32:57.613+0000] {process_utils.py:191} INFO - Requirement already satisfied: tzlocal in /tmp/cosmos_venv_ecom_intermediate/lib/python3.10/site-packages (from clickhouse-driver>=0.2.6->dbt-clickhouse) (5.3.1)
[2025-09-13T09:32:57.617+0000] {process_utils.py:191} INFO - Requirement already satisfied: agate<1.10,>=1.7.0 in /tmp/cosmos_venv_ecom_intermediate/lib/python3.10/site-packages (from dbt-core>=1.9->dbt-clickhouse) (1.9.1)
[2025-09-13T09:32:57.618+0000] {process_utils.py:191} INFO - Requirement already satisfied: Jinja2<4,>=3.1.3 in /tmp/cosmos_venv_ecom_intermediate/lib/python3.10/site-packages (from dbt-core>=1.9->dbt-clickhouse) (3.1.6)
[2025-09-13T09:32:57.619+0000] {process_utils.py:191} INFO - Requirement already satisfied: mashumaro<3.15,>=3.9 in /tmp/cosmos_venv_ecom_intermediate/lib/python3.10/site-packages (from mashumaro[msgpack]<3.15,>=3.9->dbt-core>=1.9->dbt-clickhouse) (3.14)
[2025-09-13T09:32:57.620+0000] {process_utils.py:191} INFO - Requirement already satisfied: click<9.0,>=8.0.2 in /tmp/cosmos_venv_ecom_intermediate/lib/python3.10/site-packages (from dbt-core>=1.9->dbt-clickhouse) (8.2.1)
[2025-09-13T09:32:57.621+0000] {process_utils.py:191} INFO - Requirement already satisfied: jsonschema<5.0,>=4.19.1 in /tmp/cosmos_venv_ecom_intermediate/lib/python3.10/site-packages (from dbt-core>=1.9->dbt-clickhouse) (4.25.1)
[2025-09-13T09:32:57.621+0000] {process_utils.py:191} INFO - Requirement already satisfied: networkx<4.0,>=2.3 in /tmp/cosmos_venv_ecom_intermediate/lib/python3.10/site-packages (from dbt-core>=1.9->dbt-clickhouse) (3.4.2)
[2025-09-13T09:32:57.622+0000] {process_utils.py:191} INFO - Requirement already satisfied: protobuf<7.0,>=6.0 in /tmp/cosmos_venv_ecom_intermediate/lib/python3.10/site-packages (from dbt-core>=1.9->dbt-clickhouse) (6.32.1)
[2025-09-13T09:32:57.622+0000] {process_utils.py:191} INFO - Requirement already satisfied: requests<3.0.0 in /tmp/cosmos_venv_ecom_intermediate/lib/python3.10/site-packages (from dbt-core>=1.9->dbt-clickhouse) (2.32.5)
[2025-09-13T09:32:57.623+0000] {process_utils.py:191} INFO - Requirement already satisfied: snowplow-tracker<2.0,>=1.0.2 in /tmp/cosmos_venv_ecom_intermediate/lib/python3.10/site-packages (from dbt-core>=1.9->dbt-clickhouse) (1.1.0)
[2025-09-13T09:32:57.623+0000] {process_utils.py:191} INFO - Requirement already satisfied: pathspec<0.13,>=0.9 in /tmp/cosmos_venv_ecom_intermediate/lib/python3.10/site-packages (from dbt-core>=1.9->dbt-clickhouse) (0.12.1)
[2025-09-13T09:32:57.624+0000] {process_utils.py:191} INFO - Requirement already satisfied: sqlparse<0.6.0,>=0.5.0 in /tmp/cosmos_venv_ecom_intermediate/lib/python3.10/site-packages (from dbt-core>=1.9->dbt-clickhouse) (0.5.3)
[2025-09-13T09:32:57.625+0000] {process_utils.py:191} INFO - Requirement already satisfied: dbt-extractor<=0.6,>=0.5.0 in /tmp/cosmos_venv_ecom_intermediate/lib/python3.10/site-packages (from dbt-core>=1.9->dbt-clickhouse) (0.6.0)
[2025-09-13T09:32:57.625+0000] {process_utils.py:191} INFO - Requirement already satisfied: dbt-semantic-interfaces<0.10,>=0.9.0 in /tmp/cosmos_venv_ecom_intermediate/lib/python3.10/site-packages (from dbt-core>=1.9->dbt-clickhouse) (0.9.0)
[2025-09-13T09:32:57.626+0000] {process_utils.py:191} INFO - Requirement already satisfied: dbt-common<2.0,>=1.27.0 in /tmp/cosmos_venv_ecom_intermediate/lib/python3.10/site-packages (from dbt-core>=1.9->dbt-clickhouse) (1.30.0)
[2025-09-13T09:32:57.626+0000] {process_utils.py:191} INFO - Requirement already satisfied: dbt-adapters<2.0,>=1.15.5 in /tmp/cosmos_venv_ecom_intermediate/lib/python3.10/site-packages (from dbt-core>=1.9->dbt-clickhouse) (1.16.7)
[2025-09-13T09:32:57.627+0000] {process_utils.py:191} INFO - Requirement already satisfied: dbt-protos<2.0,>=1.0.346 in /tmp/cosmos_venv_ecom_intermediate/lib/python3.10/site-packages (from dbt-core>=1.9->dbt-clickhouse) (1.0.375)
[2025-09-13T09:32:57.628+0000] {process_utils.py:191} INFO - Requirement already satisfied: pydantic<3 in /tmp/cosmos_venv_ecom_intermediate/lib/python3.10/site-packages (from dbt-core>=1.9->dbt-clickhouse) (2.11.8)
[2025-09-13T09:32:57.628+0000] {process_utils.py:191} INFO - Requirement already satisfied: packaging>20.9 in /tmp/cosmos_venv_ecom_intermediate/lib/python3.10/site-packages (from dbt-core>=1.9->dbt-clickhouse) (25.0)
[2025-09-13T09:32:57.629+0000] {process_utils.py:191} INFO - Requirement already satisfied: pyyaml>=6.0 in /tmp/cosmos_venv_ecom_intermediate/lib/python3.10/site-packages (from dbt-core>=1.9->dbt-clickhouse) (6.0.2)
[2025-09-13T09:32:57.630+0000] {process_utils.py:191} INFO - Requirement already satisfied: daff>=1.3.46 in /tmp/cosmos_venv_ecom_intermediate/lib/python3.10/site-packages (from dbt-core>=1.9->dbt-clickhouse) (1.4.2)
[2025-09-13T09:32:57.630+0000] {process_utils.py:191} INFO - Requirement already satisfied: typing-extensions>=4.4 in /tmp/cosmos_venv_ecom_intermediate/lib/python3.10/site-packages (from dbt-core>=1.9->dbt-clickhouse) (4.15.0)
[2025-09-13T09:32:57.633+0000] {process_utils.py:191} INFO - Requirement already satisfied: Babel>=2.0 in /tmp/cosmos_venv_ecom_intermediate/lib/python3.10/site-packages (from agate<1.10,>=1.7.0->dbt-core>=1.9->dbt-clickhouse) (2.17.0)
[2025-09-13T09:32:57.634+0000] {process_utils.py:191} INFO - Requirement already satisfied: isodate>=0.5.4 in /tmp/cosmos_venv_ecom_intermediate/lib/python3.10/site-packages (from agate<1.10,>=1.7.0->dbt-core>=1.9->dbt-clickhouse) (0.6.1)
[2025-09-13T09:32:57.635+0000] {process_utils.py:191} INFO - Requirement already satisfied: leather>=0.3.2 in /tmp/cosmos_venv_ecom_intermediate/lib/python3.10/site-packages (from agate<1.10,>=1.7.0->dbt-core>=1.9->dbt-clickhouse) (0.4.0)
[2025-09-13T09:32:57.636+0000] {process_utils.py:191} INFO - Requirement already satisfied: parsedatetime!=2.5,>=2.1 in /tmp/cosmos_venv_ecom_intermediate/lib/python3.10/site-packages (from agate<1.10,>=1.7.0->dbt-core>=1.9->dbt-clickhouse) (2.6)
[2025-09-13T09:32:57.638+0000] {process_utils.py:191} INFO - Requirement already satisfied: python-slugify>=1.2.1 in /tmp/cosmos_venv_ecom_intermediate/lib/python3.10/site-packages (from agate<1.10,>=1.7.0->dbt-core>=1.9->dbt-clickhouse) (8.0.4)
[2025-09-13T09:32:57.639+0000] {process_utils.py:191} INFO - Requirement already satisfied: pytimeparse>=1.1.5 in /tmp/cosmos_venv_ecom_intermediate/lib/python3.10/site-packages (from agate<1.10,>=1.7.0->dbt-core>=1.9->dbt-clickhouse) (1.1.8)
[2025-09-13T09:32:57.655+0000] {process_utils.py:191} INFO - Requirement already satisfied: colorama<0.5,>=0.3.9 in /tmp/cosmos_venv_ecom_intermediate/lib/python3.10/site-packages (from dbt-common<2.0,>=1.27.0->dbt-core>=1.9->dbt-clickhouse) (0.4.6)
[2025-09-13T09:32:57.657+0000] {process_utils.py:191} INFO - Requirement already satisfied: deepdiff<9.0,>=7.0 in /tmp/cosmos_venv_ecom_intermediate/lib/python3.10/site-packages (from dbt-common<2.0,>=1.27.0->dbt-core>=1.9->dbt-clickhouse) (8.6.1)
[2025-09-13T09:32:57.659+0000] {process_utils.py:191} INFO - Requirement already satisfied: python-dateutil<3.0,>=2.0 in /tmp/cosmos_venv_ecom_intermediate/lib/python3.10/site-packages (from dbt-common<2.0,>=1.27.0->dbt-core>=1.9->dbt-clickhouse) (2.9.0.post0)
[2025-09-13T09:32:57.667+0000] {process_utils.py:191} INFO - Requirement already satisfied: importlib-metadata<9,>=6.0 in /tmp/cosmos_venv_ecom_intermediate/lib/python3.10/site-packages (from dbt-semantic-interfaces<0.10,>=0.9.0->dbt-core>=1.9->dbt-clickhouse) (8.7.0)
[2025-09-13T09:32:57.668+0000] {process_utils.py:191} INFO - Requirement already satisfied: more-itertools<11.0,>=8.0 in /tmp/cosmos_venv_ecom_intermediate/lib/python3.10/site-packages (from dbt-semantic-interfaces<0.10,>=0.9.0->dbt-core>=1.9->dbt-clickhouse) (10.8.0)
[2025-09-13T09:32:57.679+0000] {process_utils.py:191} INFO - Requirement already satisfied: orderly-set<6,>=5.4.1 in /tmp/cosmos_venv_ecom_intermediate/lib/python3.10/site-packages (from deepdiff<9.0,>=7.0->dbt-common<2.0,>=1.27.0->dbt-core>=1.9->dbt-clickhouse) (5.5.0)
[2025-09-13T09:32:57.685+0000] {process_utils.py:191} INFO - Requirement already satisfied: zipp>=3.20 in /tmp/cosmos_venv_ecom_intermediate/lib/python3.10/site-packages (from importlib-metadata<9,>=6.0->dbt-semantic-interfaces<0.10,>=0.9.0->dbt-core>=1.9->dbt-clickhouse) (3.23.0)
[2025-09-13T09:32:57.687+0000] {process_utils.py:191} INFO - Requirement already satisfied: six in /tmp/cosmos_venv_ecom_intermediate/lib/python3.10/site-packages (from isodate>=0.5.4->agate<1.10,>=1.7.0->dbt-core>=1.9->dbt-clickhouse) (1.17.0)
[2025-09-13T09:32:57.689+0000] {process_utils.py:191} INFO - Requirement already satisfied: MarkupSafe>=2.0 in /tmp/cosmos_venv_ecom_intermediate/lib/python3.10/site-packages (from Jinja2<4,>=3.1.3->dbt-core>=1.9->dbt-clickhouse) (3.0.2)
[2025-09-13T09:32:57.695+0000] {process_utils.py:191} INFO - Requirement already satisfied: attrs>=22.2.0 in /tmp/cosmos_venv_ecom_intermediate/lib/python3.10/site-packages (from jsonschema<5.0,>=4.19.1->dbt-core>=1.9->dbt-clickhouse) (25.3.0)
[2025-09-13T09:32:57.696+0000] {process_utils.py:191} INFO - Requirement already satisfied: jsonschema-specifications>=2023.03.6 in /tmp/cosmos_venv_ecom_intermediate/lib/python3.10/site-packages (from jsonschema<5.0,>=4.19.1->dbt-core>=1.9->dbt-clickhouse) (2025.9.1)
[2025-09-13T09:32:57.697+0000] {process_utils.py:191} INFO - Requirement already satisfied: referencing>=0.28.4 in /tmp/cosmos_venv_ecom_intermediate/lib/python3.10/site-packages (from jsonschema<5.0,>=4.19.1->dbt-core>=1.9->dbt-clickhouse) (0.36.2)
[2025-09-13T09:32:57.698+0000] {process_utils.py:191} INFO - Requirement already satisfied: rpds-py>=0.7.1 in /tmp/cosmos_venv_ecom_intermediate/lib/python3.10/site-packages (from jsonschema<5.0,>=4.19.1->dbt-core>=1.9->dbt-clickhouse) (0.27.1)
[2025-09-13T09:32:57.708+0000] {process_utils.py:191} INFO - Requirement already satisfied: msgpack>=0.5.6 in /tmp/cosmos_venv_ecom_intermediate/lib/python3.10/site-packages (from mashumaro[msgpack]<3.15,>=3.9->dbt-core>=1.9->dbt-clickhouse) (1.1.1)
[2025-09-13T09:32:57.733+0000] {process_utils.py:191} INFO - Requirement already satisfied: annotated-types>=0.6.0 in /tmp/cosmos_venv_ecom_intermediate/lib/python3.10/site-packages (from pydantic<3->dbt-core>=1.9->dbt-clickhouse) (0.7.0)
[2025-09-13T09:32:57.734+0000] {process_utils.py:191} INFO - Requirement already satisfied: pydantic-core==2.33.2 in /tmp/cosmos_venv_ecom_intermediate/lib/python3.10/site-packages (from pydantic<3->dbt-core>=1.9->dbt-clickhouse) (2.33.2)
[2025-09-13T09:32:57.736+0000] {process_utils.py:191} INFO - Requirement already satisfied: typing-inspection>=0.4.0 in /tmp/cosmos_venv_ecom_intermediate/lib/python3.10/site-packages (from pydantic<3->dbt-core>=1.9->dbt-clickhouse) (0.4.1)
[2025-09-13T09:32:57.745+0000] {process_utils.py:191} INFO - Requirement already satisfied: charset_normalizer<4,>=2 in /tmp/cosmos_venv_ecom_intermediate/lib/python3.10/site-packages (from requests<3.0.0->dbt-core>=1.9->dbt-clickhouse) (3.4.3)
[2025-09-13T09:32:57.746+0000] {process_utils.py:191} INFO - Requirement already satisfied: idna<4,>=2.5 in /tmp/cosmos_venv_ecom_intermediate/lib/python3.10/site-packages (from requests<3.0.0->dbt-core>=1.9->dbt-clickhouse) (3.10)
[2025-09-13T09:32:57.788+0000] {process_utils.py:191} INFO - Requirement already satisfied: text-unidecode>=1.3 in /tmp/cosmos_venv_ecom_intermediate/lib/python3.10/site-packages (from python-slugify>=1.2.1->agate<1.10,>=1.7.0->dbt-core>=1.9->dbt-clickhouse) (1.3)
[2025-09-13T09:32:57.948+0000] {local.py:470} INFO - Cloning project to writable temp directory /tmp/tmpae98jrjd from /opt/airflow/dags/dbt/ecom_intermediate
[2025-09-13T09:32:57.961+0000] {local.py:490} INFO - Partial parse is enabled and the latest partial parse file is /tmp/cosmos/dbt_intermediate__intermediate/target/partial_parse.msgpack
[2025-09-13T09:32:57.973+0000] {config.py:362} INFO - Using user-supplied profiles.yml at /opt/airflow/dags/dbt/profiles.yml
[2025-09-13T09:32:57.984+0000] {virtualenv.py:99} INFO - Using Python binary from virtualenv: /tmp/cosmos_venv_ecom_intermediate/bin/python
[2025-09-13T09:32:57.985+0000] {local.py:434} INFO - Trying to run the command:
 ['/tmp/cosmos_venv_ecom_intermediate/bin/dbt', 'deps', '--project-dir', '/tmp/tmpae98jrjd', '--profiles-dir', '/opt/***/dags/dbt', '--profile', 'ecom_intermediate', '--target', 'dev']
From /tmp/tmpae98jrjd
[2025-09-13T09:32:57.985+0000] {subprocess.py:56} INFO - Tmp dir root location: 
 /tmp
[2025-09-13T09:32:57.985+0000] {subprocess.py:69} INFO - Running command: ['/tmp/cosmos_venv_ecom_intermediate/bin/dbt', 'deps', '--project-dir', '/tmp/tmpae98jrjd', '--profiles-dir', '/opt/***/dags/dbt', '--profile', 'ecom_intermediate', '--target', 'dev']
[2025-09-13T09:32:57.998+0000] {subprocess.py:80} INFO - Command output:
[2025-09-13T09:33:00.045+0000] {subprocess.py:90} INFO - [0m09:33:00  Running with dbt=1.10.11
[2025-09-13T09:33:00.690+0000] {subprocess.py:90} INFO - [0m09:33:00  Installing dbt-labs/dbt_utils
[2025-09-13T09:33:01.277+0000] {subprocess.py:90} INFO - [0m09:33:01  Installed from version 1.3.0
[2025-09-13T09:33:01.278+0000] {subprocess.py:90} INFO - [0m09:33:01  Updated version available: 1.3.1
[2025-09-13T09:33:01.278+0000] {subprocess.py:90} INFO - [0m09:33:01
[2025-09-13T09:33:01.279+0000] {subprocess.py:90} INFO - [0m09:33:01  Updates available for packages: ['dbt-labs/dbt_utils']
[2025-09-13T09:33:01.279+0000] {subprocess.py:90} INFO - Update your versions in packages.yml, then run dbt deps
[2025-09-13T09:33:03.135+0000] {subprocess.py:94} INFO - Command exited with return code 0
[2025-09-13T09:33:03.136+0000] {local.py:441} INFO - Update your versions in packages.yml, then run dbt deps
[2025-09-13T09:33:03.137+0000] {virtualenv.py:99} INFO - Using Python binary from virtualenv: /tmp/cosmos_venv_ecom_intermediate/bin/python
[2025-09-13T09:33:03.138+0000] {local.py:434} INFO - Trying to run the command:
 ['/tmp/cosmos_venv_ecom_intermediate/bin/dbt', 'test', '--models', 'customer_interactions', '--project-dir', '/tmp/tmpae98jrjd', '--profiles-dir', '/opt/***/dags/dbt', '--profile', 'ecom_intermediate', '--target', 'dev']
From /tmp/tmpae98jrjd
[2025-09-13T09:33:03.138+0000] {subprocess.py:56} INFO - Tmp dir root location: 
 /tmp
[2025-09-13T09:33:03.139+0000] {subprocess.py:69} INFO - Running command: ['/tmp/cosmos_venv_ecom_intermediate/bin/dbt', 'test', '--models', 'customer_interactions', '--project-dir', '/tmp/tmpae98jrjd', '--profiles-dir', '/opt/***/dags/dbt', '--profile', 'ecom_intermediate', '--target', 'dev']
[2025-09-13T09:33:03.153+0000] {subprocess.py:80} INFO - Command output:
[2025-09-13T09:33:05.191+0000] {subprocess.py:90} INFO - [0m09:33:05  Running with dbt=1.10.11
[2025-09-13T09:33:05.194+0000] {subprocess.py:90} INFO - [0m09:33:05  [[33mWARNING[0m]: Deprecated functionality
[2025-09-13T09:33:05.194+0000] {subprocess.py:90} INFO - Usage of `--models`, `--model`, and `-m` is deprecated in favor of `--select` or
[2025-09-13T09:33:05.194+0000] {subprocess.py:90} INFO - `-s`.
[2025-09-13T09:33:05.485+0000] {subprocess.py:90} INFO - [0m09:33:05  Registered adapter: clickhouse=1.9.3
[2025-09-13T09:33:06.405+0000] {subprocess.py:90} INFO - [0m09:33:06  Found 15 models, 50 data tests, 8 sources, 597 macros
[2025-09-13T09:33:06.409+0000] {subprocess.py:90} INFO - [0m09:33:06
[2025-09-13T09:33:06.410+0000] {subprocess.py:90} INFO - [0m09:33:06  Concurrency: 4 threads (target='dev')
[2025-09-13T09:33:06.410+0000] {subprocess.py:90} INFO - [0m09:33:06
[2025-09-13T09:33:06.533+0000] {subprocess.py:90} INFO - [0m09:33:06  1 of 4 START test not_null_customer_interactions_event_id ...................... [RUN]
[2025-09-13T09:33:06.540+0000] {subprocess.py:90} INFO - [0m09:33:06  2 of 4 START test relationships_customer_interactions_customer_id__customer_id__ref_customers_enriched_  [RUN]
[2025-09-13T09:33:06.556+0000] {subprocess.py:90} INFO - [0m09:33:06  3 of 4 START test relationships_customer_interactions_product_id__product_id__ref_products_enriched_  [RUN]
[2025-09-13T09:33:06.567+0000] {subprocess.py:90} INFO - [0m09:33:06  4 of 4 START test unique_customer_interactions_event_id ........................ [RUN]
[2025-09-13T09:33:06.654+0000] {subprocess.py:90} INFO - [0m09:33:06  1 of 4 PASS not_null_customer_interactions_event_id ............................ [[32mPASS[0m in 0.12s]
[2025-09-13T09:33:06.741+0000] {subprocess.py:90} INFO - [0m09:33:06  3 of 4 ERROR relationships_customer_interactions_product_id__product_id__ref_products_enriched_  [[31mERROR[0m in 0.17s]
[2025-09-13T09:33:06.745+0000] {subprocess.py:90} INFO - [0m09:33:06  2 of 4 ERROR relationships_customer_interactions_customer_id__customer_id__ref_customers_enriched_  [[31mERROR[0m in 0.20s]
[2025-09-13T09:33:06.753+0000] {subprocess.py:90} INFO - [0m09:33:06  4 of 4 FAIL 29545 unique_customer_interactions_event_id ........................ [[31mFAIL 29545[0m in 0.18s]
[2025-09-13T09:33:06.760+0000] {subprocess.py:90} INFO - [0m09:33:06
[2025-09-13T09:33:06.760+0000] {subprocess.py:90} INFO - [0m09:33:06  Finished running 4 data tests in 0 hours 0 minutes and 0.35 seconds (0.35s).
[2025-09-13T09:33:06.824+0000] {subprocess.py:90} INFO - [0m09:33:06
[2025-09-13T09:33:06.825+0000] {subprocess.py:90} INFO - [0m09:33:06  [31mCompleted with 3 errors, 0 partial successes, and 0 warnings:[0m
[2025-09-13T09:33:06.826+0000] {subprocess.py:90} INFO - [0m09:33:06
[2025-09-13T09:33:06.827+0000] {subprocess.py:90} INFO - [0m09:33:06  [31mFailure in test relationships_customer_interactions_product_id__product_id__ref_products_enriched_ (models/ecom_intermediate/schema.yml)[0m
[2025-09-13T09:33:06.827+0000] {subprocess.py:90} INFO - [0m09:33:06    Database Error in test relationships_customer_interactions_product_id__product_id__ref_products_enriched_ (models/ecom_intermediate/schema.yml)
[2025-09-13T09:33:06.827+0000] {subprocess.py:90} INFO -   HTTPDriver for http://clickhouse:8123 received ClickHouse error code 60
[2025-09-13T09:33:06.828+0000] {subprocess.py:90} INFO -    Code: 60. DB::Exception: Unknown table expression identifier 'ecom_db_intermediate.products_enriched' in scope parent AS (SELECT product_id AS to_field FROM ecom_db_intermediate.products_enriched). (UNKNOWN_TABLE) (version 24.8.14.39 (official build))
[2025-09-13T09:33:06.828+0000] {subprocess.py:90} INFO -   compiled code at target/run/ecom_intermediate/models/ecom_intermediate/schema.yml/relationships_customer_interac_69b60e13b9ce075ace4c9d7fc0d8057f.sql
[2025-09-13T09:33:06.829+0000] {subprocess.py:90} INFO - [0m09:33:06
[2025-09-13T09:33:06.830+0000] {subprocess.py:90} INFO - [0m09:33:06    compiled code at target/compiled/ecom_intermediate/models/ecom_intermediate/schema.yml/relationships_customer_interac_69b60e13b9ce075ace4c9d7fc0d8057f.sql
[2025-09-13T09:33:06.830+0000] {subprocess.py:90} INFO - [0m09:33:06
[2025-09-13T09:33:06.831+0000] {subprocess.py:90} INFO - [0m09:33:06  [31mFailure in test relationships_customer_interactions_customer_id__customer_id__ref_customers_enriched_ (models/ecom_intermediate/schema.yml)[0m
[2025-09-13T09:33:06.831+0000] {subprocess.py:90} INFO - [0m09:33:06    Database Error in test relationships_customer_interactions_customer_id__customer_id__ref_customers_enriched_ (models/ecom_intermediate/schema.yml)
[2025-09-13T09:33:06.832+0000] {subprocess.py:90} INFO -   HTTPDriver for http://clickhouse:8123 received ClickHouse error code 60
[2025-09-13T09:33:06.832+0000] {subprocess.py:90} INFO -    Code: 60. DB::Exception: Unknown table expression identifier 'ecom_db_intermediate.customers_enriched' in scope parent AS (SELECT customer_id AS to_field FROM ecom_db_intermediate.customers_enriched). (UNKNOWN_TABLE) (version 24.8.14.39 (official build))
[2025-09-13T09:33:06.833+0000] {subprocess.py:90} INFO -   compiled code at target/run/ecom_intermediate/models/ecom_intermediate/schema.yml/relationships_customer_interac_a4153247f830da0ad3c6fa231f46f3a6.sql
[2025-09-13T09:33:06.833+0000] {subprocess.py:90} INFO - [0m09:33:06
[2025-09-13T09:33:06.834+0000] {subprocess.py:90} INFO - [0m09:33:06    compiled code at target/compiled/ecom_intermediate/models/ecom_intermediate/schema.yml/relationships_customer_interac_a4153247f830da0ad3c6fa231f46f3a6.sql
[2025-09-13T09:33:06.834+0000] {subprocess.py:90} INFO - [0m09:33:06
[2025-09-13T09:33:06.834+0000] {subprocess.py:90} INFO - [0m09:33:06  [31mFailure in test unique_customer_interactions_event_id (models/ecom_intermediate/schema.yml)[0m
[2025-09-13T09:33:06.834+0000] {subprocess.py:90} INFO - [0m09:33:06    Got 29545 results, configured to fail if != 0
[2025-09-13T09:33:06.835+0000] {subprocess.py:90} INFO - [0m09:33:06
[2025-09-13T09:33:06.835+0000] {subprocess.py:90} INFO - [0m09:33:06    compiled code at target/compiled/ecom_intermediate/models/ecom_intermediate/schema.yml/unique_customer_interactions_event_id.sql
[2025-09-13T09:33:06.836+0000] {subprocess.py:90} INFO - [0m09:33:06
[2025-09-13T09:33:06.837+0000] {subprocess.py:90} INFO - [0m09:33:06  Done. PASS=1 WARN=0 ERROR=3 SKIP=0 NO-OP=0 TOTAL=4
[2025-09-13T09:33:06.837+0000] {subprocess.py:90} INFO - [0m09:33:06  [[33mWARNING[0m][DeprecationsSummary]: Deprecated functionality
[2025-09-13T09:33:06.838+0000] {subprocess.py:90} INFO - Summary of encountered deprecations:
[2025-09-13T09:33:06.838+0000] {subprocess.py:90} INFO - - ModelParamUsageDeprecation: 1 occurrence
[2025-09-13T09:33:06.838+0000] {subprocess.py:90} INFO - To see all deprecation instances instead of just the first occurrence of each,
[2025-09-13T09:33:06.839+0000] {subprocess.py:90} INFO - run command again with the `--show-all-deprecations` flag. You may also need to
[2025-09-13T09:33:06.839+0000] {subprocess.py:90} INFO - run with `--no-partial-parse` as some deprecations are only encountered during
[2025-09-13T09:33:06.839+0000] {subprocess.py:90} INFO - parsing.
[2025-09-13T09:33:08.704+0000] {subprocess.py:94} INFO - Command exited with return code 1
[2025-09-13T09:33:08.705+0000] {local.py:441} INFO - parsing.
[2025-09-13T09:33:08.720+0000] {local.py:196} WARNING - Artifact schema version: https://schemas.getdbt.com/dbt/manifest/v12.json is above dbt-ol supported version 7. This might cause errors.
[2025-09-13T09:33:08.721+0000] {local.py:196} WARNING - Artifact schema version: https://schemas.getdbt.com/dbt/run-results/v6.json is above dbt-ol supported version 5. This might cause errors.
[2025-09-13T09:33:08.729+0000] {local.py:547} INFO - Inlets: []
[2025-09-13T09:33:08.731+0000] {local.py:548} INFO - Outlets: []
[2025-09-13T09:33:08.732+0000] {local.py:772} INFO - Assigning inlets/outlets without DatasetAlias
[2025-09-13T09:33:08.732+0000] {dag.py:3089} INFO - Sync 1 DAGs
[2025-09-13T09:33:08.792+0000] {dag.py:3947} INFO - Setting next_dagrun for dbt_intermediate to 2025-09-13 00:00:00+00:00, run_after=2025-09-14 00:00:00+00:00
[2025-09-13T09:33:08.863+0000] {local.py:253} ERROR - [0m09:33:05  Running with dbt=1.10.11
[0m09:33:05  [[33mWARNING[0m]: Deprecated functionality
Usage of `--models`, `--model`, and `-m` is deprecated in favor of `--select` or
`-s`.
[0m09:33:05  Registered adapter: clickhouse=1.9.3
[0m09:33:06  Found 15 models, 50 data tests, 8 sources, 597 macros
[0m09:33:06
[0m09:33:06  Concurrency: 4 threads (target='dev')
[0m09:33:06
[0m09:33:06  1 of 4 START test not_null_customer_interactions_event_id ...................... [RUN]
[0m09:33:06  2 of 4 START test relationships_customer_interactions_customer_id__customer_id__ref_customers_enriched_  [RUN]
[0m09:33:06  3 of 4 START test relationships_customer_interactions_product_id__product_id__ref_products_enriched_  [RUN]
[0m09:33:06  4 of 4 START test unique_customer_interactions_event_id ........................ [RUN]
[0m09:33:06  1 of 4 PASS not_null_customer_interactions_event_id ............................ [[32mPASS[0m in 0.12s]
[0m09:33:06  3 of 4 ERROR relationships_customer_interactions_product_id__product_id__ref_products_enriched_  [[31mERROR[0m in 0.17s]
[0m09:33:06  2 of 4 ERROR relationships_customer_interactions_customer_id__customer_id__ref_customers_enriched_  [[31mERROR[0m in 0.20s]
[0m09:33:06  4 of 4 FAIL 29545 unique_customer_interactions_event_id ........................ [[31mFAIL 29545[0m in 0.18s]
[0m09:33:06
[0m09:33:06  Finished running 4 data tests in 0 hours 0 minutes and 0.35 seconds (0.35s).
[0m09:33:06
[0m09:33:06  [31mCompleted with 3 errors, 0 partial successes, and 0 warnings:[0m
[0m09:33:06
[0m09:33:06  [31mFailure in test relationships_customer_interactions_product_id__product_id__ref_products_enriched_ (models/ecom_intermediate/schema.yml)[0m
[0m09:33:06    Database Error in test relationships_customer_interactions_product_id__product_id__ref_products_enriched_ (models/ecom_intermediate/schema.yml)
  HTTPDriver for http://clickhouse:8123 received ClickHouse error code 60
   Code: 60. DB::Exception: Unknown table expression identifier 'ecom_db_intermediate.products_enriched' in scope parent AS (SELECT product_id AS to_field FROM ecom_db_intermediate.products_enriched). (UNKNOWN_TABLE) (version 24.8.14.39 (official build))
  compiled code at target/run/ecom_intermediate/models/ecom_intermediate/schema.yml/relationships_customer_interac_69b60e13b9ce075ace4c9d7fc0d8057f.sql
[0m09:33:06
[0m09:33:06    compiled code at target/compiled/ecom_intermediate/models/ecom_intermediate/schema.yml/relationships_customer_interac_69b60e13b9ce075ace4c9d7fc0d8057f.sql
[0m09:33:06
[0m09:33:06  [31mFailure in test relationships_customer_interactions_customer_id__customer_id__ref_customers_enriched_ (models/ecom_intermediate/schema.yml)[0m
[0m09:33:06    Database Error in test relationships_customer_interactions_customer_id__customer_id__ref_customers_enriched_ (models/ecom_intermediate/schema.yml)
  HTTPDriver for http://clickhouse:8123 received ClickHouse error code 60
   Code: 60. DB::Exception: Unknown table expression identifier 'ecom_db_intermediate.customers_enriched' in scope parent AS (SELECT customer_id AS to_field FROM ecom_db_intermediate.customers_enriched). (UNKNOWN_TABLE) (version 24.8.14.39 (official build))
  compiled code at target/run/ecom_intermediate/models/ecom_intermediate/schema.yml/relationships_customer_interac_a4153247f830da0ad3c6fa231f46f3a6.sql
[0m09:33:06
[0m09:33:06    compiled code at target/compiled/ecom_intermediate/models/ecom_intermediate/schema.yml/relationships_customer_interac_a4153247f830da0ad3c6fa231f46f3a6.sql
[0m09:33:06
[0m09:33:06  [31mFailure in test unique_customer_interactions_event_id (models/ecom_intermediate/schema.yml)[0m
[0m09:33:06    Got 29545 results, configured to fail if != 0
[0m09:33:06
[0m09:33:06    compiled code at target/compiled/ecom_intermediate/models/ecom_intermediate/schema.yml/unique_customer_interactions_event_id.sql
[0m09:33:06
[0m09:33:06  Done. PASS=1 WARN=0 ERROR=3 SKIP=0 NO-OP=0 TOTAL=4
[0m09:33:06  [[33mWARNING[0m][DeprecationsSummary]: Deprecated functionality
Summary of encountered deprecations:
- ModelParamUsageDeprecation: 1 occurrence
To see all deprecation instances instead of just the first occurrence of each,
run command again with the `--show-all-deprecations` flag. You may also need to
run with `--no-partial-parse` as some deprecations are only encountered during
parsing.
[2025-09-13T09:33:08.870+0000] {virtualenv.py:131} INFO - Releasing virtualenv lock
[2025-09-13T09:33:08.871+0000] {taskinstance.py:441} INFO - ::group::Post task execution logs
[2025-09-13T09:33:08.910+0000] {taskinstance.py:2905} ERROR - Task failed with exception
Traceback (most recent call last):
  File "/home/airflow/.local/lib/python3.10/site-packages/airflow/models/taskinstance.py", line 465, in _execute_task
    result = _execute_callable(context=context, **execute_callable_kwargs)
  File "/home/airflow/.local/lib/python3.10/site-packages/airflow/models/taskinstance.py", line 432, in _execute_callable
    return execute_callable(context=context, **execute_callable_kwargs)
  File "/home/airflow/.local/lib/python3.10/site-packages/airflow/models/baseoperator.py", line 401, in wrapper
    return func(self, *args, **kwargs)
  File "/home/airflow/.local/lib/python3.10/site-packages/cosmos/operators/virtualenv.py", line 144, in execute
    output = super().execute(context)
  File "/home/airflow/.local/lib/python3.10/site-packages/airflow/models/baseoperator.py", line 401, in wrapper
    return func(self, *args, **kwargs)
  File "/home/airflow/.local/lib/python3.10/site-packages/cosmos/operators/local.py", line 1089, in execute
    result = self.build_and_run_cmd(context=context, cmd_flags=self.add_cmd_flags())
  File "/home/airflow/.local/lib/python3.10/site-packages/cosmos/operators/local.py", line 853, in build_and_run_cmd
    result = self.run_command(
  File "/home/airflow/.local/lib/python3.10/site-packages/cosmos/operators/virtualenv.py", line 129, in run_command
    return super().run_command(cmd, env, context, run_as_async=run_as_async, async_context=async_context)
  File "/home/airflow/.local/lib/python3.10/site-packages/cosmos/operators/local.py", line 650, in run_command
    self.handle_exception(result)
  File "/home/airflow/.local/lib/python3.10/site-packages/cosmos/operators/local.py", line 254, in handle_exception_subprocess
    raise AirflowException(f"dbt command failed. The command returned a non-zero exit code {result.exit_code}.")
airflow.exceptions.AirflowException: dbt command failed. The command returned a non-zero exit code 1.
[2025-09-13T09:33:08.914+0000] {taskinstance.py:1206} INFO - Marking task as FAILED. dag_id=dbt_intermediate, task_id=intermediate.customer_interactions.test, run_id=scheduled__2025-09-12T00:00:00+00:00, execution_date=20250912T000000, start_date=20250913T093214, end_date=20250913T093308
[2025-09-13T09:33:08.934+0000] {standard_task_runner.py:110} ERROR - Failed to execute job 166 for task intermediate.customer_interactions.test (dbt command failed. The command returned a non-zero exit code 1.; 5027)
[2025-09-13T09:33:08.964+0000] {local_task_job_runner.py:243} INFO - Task exited with return code 1
[2025-09-13T09:33:09.025+0000] {taskinstance.py:3503} INFO - 0 downstream tasks scheduled from follow-on schedule check
[2025-09-13T09:33:09.037+0000] {local_task_job_runner.py:222} INFO - ::endgroup::
