[2025-09-19T16:55:56.760+0000] {local_task_job_runner.py:120} INFO - ::group::Pre task execution logs
[2025-09-19T16:55:56.964+0000] {taskinstance.py:2076} INFO - Dependencies all met for dep_context=non-requeueable deps ti=<TaskInstance: dbt_staging.dbt_ecom.stg_orders.test scheduled__2025-09-18T00:00:00+00:00 [queued]>
[2025-09-19T16:55:56.976+0000] {taskinstance.py:2076} INFO - Dependencies all met for dep_context=requeueable deps ti=<TaskInstance: dbt_staging.dbt_ecom.stg_orders.test scheduled__2025-09-18T00:00:00+00:00 [queued]>
[2025-09-19T16:55:56.977+0000] {taskinstance.py:2306} INFO - Starting attempt 1 of 1
[2025-09-19T16:55:57.005+0000] {taskinstance.py:2330} INFO - Executing <Task(DbtTestVirtualenvOperator): dbt_ecom.stg_orders.test> on 2025-09-18 00:00:00+00:00
[2025-09-19T16:55:57.012+0000] {standard_task_runner.py:64} INFO - Started process 3483 to run task
[2025-09-19T16:55:57.016+0000] {standard_task_runner.py:90} INFO - Running: ['***', 'tasks', 'run', 'dbt_staging', 'dbt_ecom.stg_orders.test', 'scheduled__2025-09-18T00:00:00+00:00', '--job-id', '608', '--raw', '--subdir', 'DAGS_FOLDER/dbt_staging.py', '--cfg-path', '/tmp/tmp7fsh3164']
[2025-09-19T16:55:57.018+0000] {standard_task_runner.py:91} INFO - Job 608: Subtask dbt_ecom.stg_orders.test
[2025-09-19T16:55:57.149+0000] {task_command.py:426} INFO - Running <TaskInstance: dbt_staging.dbt_ecom.stg_orders.test scheduled__2025-09-18T00:00:00+00:00 [running]> on host e95bde6b8d07
[2025-09-19T16:55:57.408+0000] {taskinstance.py:2648} INFO - Exporting env vars: AIRFLOW_CTX_DAG_OWNER='***' AIRFLOW_CTX_DAG_ID='dbt_staging' AIRFLOW_CTX_TASK_ID='dbt_ecom.stg_orders.test' AIRFLOW_CTX_EXECUTION_DATE='2025-09-18T00:00:00+00:00' AIRFLOW_CTX_TRY_NUMBER='1' AIRFLOW_CTX_DAG_RUN_ID='scheduled__2025-09-18T00:00:00+00:00'
[2025-09-19T16:55:57.411+0000] {taskinstance.py:430} INFO - ::endgroup::
[2025-09-19T16:55:57.429+0000] {baseoperator.py:400} WARNING - DbtTestVirtualenvOperator.execute cannot be called outside TaskInstance!
[2025-09-19T16:55:57.430+0000] {virtualenv.py:120} INFO - Checking if the virtualenv lock /tmp/cosmos_venv_ecom/cosmos_virtualenv.lock exists
[2025-09-19T16:55:57.430+0000] {virtualenv.py:126} INFO - Acquiring the virtualenv lock
[2025-09-19T16:55:57.432+0000] {virtualenv.py:195} INFO - Acquiring lock at /tmp/cosmos_venv_ecom/cosmos_virtualenv.lock with pid 3483
[2025-09-19T16:55:57.432+0000] {virtualenv.py:153} INFO - Creating or updating the virtualenv at `/tmp/cosmos_venv_ecom
[2025-09-19T16:55:57.433+0000] {process_utils.py:183} INFO - Executing cmd: /home/***/.local/bin/python -m virtualenv /tmp/cosmos_venv_ecom --python=python3
[2025-09-19T16:55:57.434+0000] {process_utils.py:187} INFO - Output:
[2025-09-19T16:55:58.593+0000] {process_utils.py:191} INFO - created virtual environment CPython3.10.14.final.0-64 in 459ms
[2025-09-19T16:55:58.593+0000] {process_utils.py:191} INFO -   creator CPython3Posix(dest=/tmp/cosmos_venv_ecom, clear=False, no_vcs_ignore=False, global=False)
[2025-09-19T16:55:58.594+0000] {process_utils.py:191} INFO -   seeder FromAppData(download=False, pip=bundle, setuptools=bundle, wheel=bundle, via=copy, app_data_dir=/home/***/.local/share/virtualenv)
[2025-09-19T16:55:58.595+0000] {process_utils.py:191} INFO -     added seed packages: MarkupSafe==3.0.2, PyYAML==6.0.2, agate==1.9.1, annotated_types==0.7.0, attrs==25.3.0, babel==2.17.0, certifi==2025.8.3, charset_normalizer==3.4.3, click==8.2.1, clickhouse_connect==0.8.18, clickhouse_driver==0.2.9, colorama==0.4.6, daff==1.4.2, dbt_adapters==1.16.7, dbt_clickhouse==1.9.3, dbt_common==1.30.0, dbt_core==1.10.11, dbt_extractor==0.6.0, dbt_protos==1.0.375, dbt_semantic_interfaces==0.9.0, deepdiff==8.6.1, idna==3.10, importlib_metadata==8.7.0, isodate==0.6.1, jinja2==3.1.6, jsonschema==4.25.1, jsonschema_specifications==2025.9.1, leather==0.4.0, lz4==4.4.4, mashumaro==3.14, more_itertools==10.8.0, msgpack==1.1.1, networkx==3.4.2, orderly_set==5.5.0, packaging==25.0, parsedatetime==2.6, pathspec==0.12.1, pip==25.2, protobuf==6.32.1, pydantic==2.11.7, pydantic_core==2.33.2, python_dateutil==2.9.0.post0, python_slugify==8.0.4, pytimeparse==1.1.8, pytz==2025.2, referencing==0.36.2, requests==2.32.5, rpds_py==0.27.1, setuptools==80.9.0, six==1.17.0, snowplow_tracker==1.1.0, sqlparse==0.5.3, text_unidecode==1.3, typing_extensions==4.15.0, typing_inspection==0.4.1, tzlocal==5.3.1, urllib3==2.5.0, wheel==0.45.1, zipp==3.23.0, zstandard==0.24.0
[2025-09-19T16:55:58.595+0000] {process_utils.py:191} INFO -   activators BashActivator,CShellActivator,FishActivator,NushellActivator,PowerShellActivator,PythonActivator
[2025-09-19T16:55:58.674+0000] {process_utils.py:183} INFO - Executing cmd: /tmp/cosmos_venv_ecom/bin/pip install dbt-clickhouse
[2025-09-19T16:55:58.675+0000] {process_utils.py:187} INFO - Output:
[2025-09-19T16:55:59.718+0000] {process_utils.py:191} INFO - Requirement already satisfied: dbt-clickhouse in /tmp/cosmos_venv_ecom/lib/python3.10/site-packages (1.9.3)
[2025-09-19T16:55:59.719+0000] {process_utils.py:191} INFO - Requirement already satisfied: dbt-core>=1.9 in /tmp/cosmos_venv_ecom/lib/python3.10/site-packages (from dbt-clickhouse) (1.10.11)
[2025-09-19T16:55:59.720+0000] {process_utils.py:191} INFO - Requirement already satisfied: clickhouse-connect>=0.6.22 in /tmp/cosmos_venv_ecom/lib/python3.10/site-packages (from dbt-clickhouse) (0.8.18)
[2025-09-19T16:55:59.721+0000] {process_utils.py:191} INFO - Requirement already satisfied: clickhouse-driver>=0.2.6 in /tmp/cosmos_venv_ecom/lib/python3.10/site-packages (from dbt-clickhouse) (0.2.9)
[2025-09-19T16:55:59.721+0000] {process_utils.py:191} INFO - Requirement already satisfied: setuptools>=0.69 in /tmp/cosmos_venv_ecom/lib/python3.10/site-packages (from dbt-clickhouse) (80.9.0)
[2025-09-19T16:55:59.723+0000] {process_utils.py:191} INFO - Requirement already satisfied: certifi in /tmp/cosmos_venv_ecom/lib/python3.10/site-packages (from clickhouse-connect>=0.6.22->dbt-clickhouse) (2025.8.3)
[2025-09-19T16:55:59.724+0000] {process_utils.py:191} INFO - Requirement already satisfied: urllib3>=1.26 in /tmp/cosmos_venv_ecom/lib/python3.10/site-packages (from clickhouse-connect>=0.6.22->dbt-clickhouse) (2.5.0)
[2025-09-19T16:55:59.725+0000] {process_utils.py:191} INFO - Requirement already satisfied: pytz in /tmp/cosmos_venv_ecom/lib/python3.10/site-packages (from clickhouse-connect>=0.6.22->dbt-clickhouse) (2025.2)
[2025-09-19T16:55:59.725+0000] {process_utils.py:191} INFO - Requirement already satisfied: zstandard in /tmp/cosmos_venv_ecom/lib/python3.10/site-packages (from clickhouse-connect>=0.6.22->dbt-clickhouse) (0.24.0)
[2025-09-19T16:55:59.726+0000] {process_utils.py:191} INFO - Requirement already satisfied: lz4 in /tmp/cosmos_venv_ecom/lib/python3.10/site-packages (from clickhouse-connect>=0.6.22->dbt-clickhouse) (4.4.4)
[2025-09-19T16:55:59.727+0000] {process_utils.py:191} INFO - Requirement already satisfied: tzlocal in /tmp/cosmos_venv_ecom/lib/python3.10/site-packages (from clickhouse-driver>=0.2.6->dbt-clickhouse) (5.3.1)
[2025-09-19T16:55:59.730+0000] {process_utils.py:191} INFO - Requirement already satisfied: agate<1.10,>=1.7.0 in /tmp/cosmos_venv_ecom/lib/python3.10/site-packages (from dbt-core>=1.9->dbt-clickhouse) (1.9.1)
[2025-09-19T16:55:59.731+0000] {process_utils.py:191} INFO - Requirement already satisfied: Jinja2<4,>=3.1.3 in /tmp/cosmos_venv_ecom/lib/python3.10/site-packages (from dbt-core>=1.9->dbt-clickhouse) (3.1.6)
[2025-09-19T16:55:59.732+0000] {process_utils.py:191} INFO - Requirement already satisfied: mashumaro<3.15,>=3.9 in /tmp/cosmos_venv_ecom/lib/python3.10/site-packages (from mashumaro[msgpack]<3.15,>=3.9->dbt-core>=1.9->dbt-clickhouse) (3.14)
[2025-09-19T16:55:59.733+0000] {process_utils.py:191} INFO - Requirement already satisfied: click<9.0,>=8.0.2 in /tmp/cosmos_venv_ecom/lib/python3.10/site-packages (from dbt-core>=1.9->dbt-clickhouse) (8.2.1)
[2025-09-19T16:55:59.733+0000] {process_utils.py:191} INFO - Requirement already satisfied: jsonschema<5.0,>=4.19.1 in /tmp/cosmos_venv_ecom/lib/python3.10/site-packages (from dbt-core>=1.9->dbt-clickhouse) (4.25.1)
[2025-09-19T16:55:59.734+0000] {process_utils.py:191} INFO - Requirement already satisfied: networkx<4.0,>=2.3 in /tmp/cosmos_venv_ecom/lib/python3.10/site-packages (from dbt-core>=1.9->dbt-clickhouse) (3.4.2)
[2025-09-19T16:55:59.735+0000] {process_utils.py:191} INFO - Requirement already satisfied: protobuf<7.0,>=6.0 in /tmp/cosmos_venv_ecom/lib/python3.10/site-packages (from dbt-core>=1.9->dbt-clickhouse) (6.32.1)
[2025-09-19T16:55:59.735+0000] {process_utils.py:191} INFO - Requirement already satisfied: requests<3.0.0 in /tmp/cosmos_venv_ecom/lib/python3.10/site-packages (from dbt-core>=1.9->dbt-clickhouse) (2.32.5)
[2025-09-19T16:55:59.735+0000] {process_utils.py:191} INFO - Requirement already satisfied: snowplow-tracker<2.0,>=1.0.2 in /tmp/cosmos_venv_ecom/lib/python3.10/site-packages (from dbt-core>=1.9->dbt-clickhouse) (1.1.0)
[2025-09-19T16:55:59.736+0000] {process_utils.py:191} INFO - Requirement already satisfied: pathspec<0.13,>=0.9 in /tmp/cosmos_venv_ecom/lib/python3.10/site-packages (from dbt-core>=1.9->dbt-clickhouse) (0.12.1)
[2025-09-19T16:55:59.736+0000] {process_utils.py:191} INFO - Requirement already satisfied: sqlparse<0.6.0,>=0.5.0 in /tmp/cosmos_venv_ecom/lib/python3.10/site-packages (from dbt-core>=1.9->dbt-clickhouse) (0.5.3)
[2025-09-19T16:55:59.737+0000] {process_utils.py:191} INFO - Requirement already satisfied: dbt-extractor<=0.6,>=0.5.0 in /tmp/cosmos_venv_ecom/lib/python3.10/site-packages (from dbt-core>=1.9->dbt-clickhouse) (0.6.0)
[2025-09-19T16:55:59.738+0000] {process_utils.py:191} INFO - Requirement already satisfied: dbt-semantic-interfaces<0.10,>=0.9.0 in /tmp/cosmos_venv_ecom/lib/python3.10/site-packages (from dbt-core>=1.9->dbt-clickhouse) (0.9.0)
[2025-09-19T16:55:59.738+0000] {process_utils.py:191} INFO - Requirement already satisfied: dbt-common<2.0,>=1.27.0 in /tmp/cosmos_venv_ecom/lib/python3.10/site-packages (from dbt-core>=1.9->dbt-clickhouse) (1.30.0)
[2025-09-19T16:55:59.739+0000] {process_utils.py:191} INFO - Requirement already satisfied: dbt-adapters<2.0,>=1.15.5 in /tmp/cosmos_venv_ecom/lib/python3.10/site-packages (from dbt-core>=1.9->dbt-clickhouse) (1.16.7)
[2025-09-19T16:55:59.739+0000] {process_utils.py:191} INFO - Requirement already satisfied: dbt-protos<2.0,>=1.0.346 in /tmp/cosmos_venv_ecom/lib/python3.10/site-packages (from dbt-core>=1.9->dbt-clickhouse) (1.0.375)
[2025-09-19T16:55:59.740+0000] {process_utils.py:191} INFO - Requirement already satisfied: pydantic<3 in /tmp/cosmos_venv_ecom/lib/python3.10/site-packages (from dbt-core>=1.9->dbt-clickhouse) (2.11.7)
[2025-09-19T16:55:59.740+0000] {process_utils.py:191} INFO - Requirement already satisfied: packaging>20.9 in /tmp/cosmos_venv_ecom/lib/python3.10/site-packages (from dbt-core>=1.9->dbt-clickhouse) (25.0)
[2025-09-19T16:55:59.741+0000] {process_utils.py:191} INFO - Requirement already satisfied: pyyaml>=6.0 in /tmp/cosmos_venv_ecom/lib/python3.10/site-packages (from dbt-core>=1.9->dbt-clickhouse) (6.0.2)
[2025-09-19T16:55:59.741+0000] {process_utils.py:191} INFO - Requirement already satisfied: daff>=1.3.46 in /tmp/cosmos_venv_ecom/lib/python3.10/site-packages (from dbt-core>=1.9->dbt-clickhouse) (1.4.2)
[2025-09-19T16:55:59.742+0000] {process_utils.py:191} INFO - Requirement already satisfied: typing-extensions>=4.4 in /tmp/cosmos_venv_ecom/lib/python3.10/site-packages (from dbt-core>=1.9->dbt-clickhouse) (4.15.0)
[2025-09-19T16:55:59.745+0000] {process_utils.py:191} INFO - Requirement already satisfied: Babel>=2.0 in /tmp/cosmos_venv_ecom/lib/python3.10/site-packages (from agate<1.10,>=1.7.0->dbt-core>=1.9->dbt-clickhouse) (2.17.0)
[2025-09-19T16:55:59.746+0000] {process_utils.py:191} INFO - Requirement already satisfied: isodate>=0.5.4 in /tmp/cosmos_venv_ecom/lib/python3.10/site-packages (from agate<1.10,>=1.7.0->dbt-core>=1.9->dbt-clickhouse) (0.6.1)
[2025-09-19T16:55:59.746+0000] {process_utils.py:191} INFO - Requirement already satisfied: leather>=0.3.2 in /tmp/cosmos_venv_ecom/lib/python3.10/site-packages (from agate<1.10,>=1.7.0->dbt-core>=1.9->dbt-clickhouse) (0.4.0)
[2025-09-19T16:55:59.747+0000] {process_utils.py:191} INFO - Requirement already satisfied: parsedatetime!=2.5,>=2.1 in /tmp/cosmos_venv_ecom/lib/python3.10/site-packages (from agate<1.10,>=1.7.0->dbt-core>=1.9->dbt-clickhouse) (2.6)
[2025-09-19T16:55:59.747+0000] {process_utils.py:191} INFO - Requirement already satisfied: python-slugify>=1.2.1 in /tmp/cosmos_venv_ecom/lib/python3.10/site-packages (from agate<1.10,>=1.7.0->dbt-core>=1.9->dbt-clickhouse) (8.0.4)
[2025-09-19T16:55:59.748+0000] {process_utils.py:191} INFO - Requirement already satisfied: pytimeparse>=1.1.5 in /tmp/cosmos_venv_ecom/lib/python3.10/site-packages (from agate<1.10,>=1.7.0->dbt-core>=1.9->dbt-clickhouse) (1.1.8)
[2025-09-19T16:55:59.759+0000] {process_utils.py:191} INFO - Requirement already satisfied: colorama<0.5,>=0.3.9 in /tmp/cosmos_venv_ecom/lib/python3.10/site-packages (from dbt-common<2.0,>=1.27.0->dbt-core>=1.9->dbt-clickhouse) (0.4.6)
[2025-09-19T16:55:59.760+0000] {process_utils.py:191} INFO - Requirement already satisfied: deepdiff<9.0,>=7.0 in /tmp/cosmos_venv_ecom/lib/python3.10/site-packages (from dbt-common<2.0,>=1.27.0->dbt-core>=1.9->dbt-clickhouse) (8.6.1)
[2025-09-19T16:55:59.762+0000] {process_utils.py:191} INFO - Requirement already satisfied: python-dateutil<3.0,>=2.0 in /tmp/cosmos_venv_ecom/lib/python3.10/site-packages (from dbt-common<2.0,>=1.27.0->dbt-core>=1.9->dbt-clickhouse) (2.9.0.post0)
[2025-09-19T16:55:59.768+0000] {process_utils.py:191} INFO - Requirement already satisfied: importlib-metadata<9,>=6.0 in /tmp/cosmos_venv_ecom/lib/python3.10/site-packages (from dbt-semantic-interfaces<0.10,>=0.9.0->dbt-core>=1.9->dbt-clickhouse) (8.7.0)
[2025-09-19T16:55:59.769+0000] {process_utils.py:191} INFO - Requirement already satisfied: more-itertools<11.0,>=8.0 in /tmp/cosmos_venv_ecom/lib/python3.10/site-packages (from dbt-semantic-interfaces<0.10,>=0.9.0->dbt-core>=1.9->dbt-clickhouse) (10.8.0)
[2025-09-19T16:55:59.777+0000] {process_utils.py:191} INFO - Requirement already satisfied: orderly-set<6,>=5.4.1 in /tmp/cosmos_venv_ecom/lib/python3.10/site-packages (from deepdiff<9.0,>=7.0->dbt-common<2.0,>=1.27.0->dbt-core>=1.9->dbt-clickhouse) (5.5.0)
[2025-09-19T16:55:59.783+0000] {process_utils.py:191} INFO - Requirement already satisfied: zipp>=3.20 in /tmp/cosmos_venv_ecom/lib/python3.10/site-packages (from importlib-metadata<9,>=6.0->dbt-semantic-interfaces<0.10,>=0.9.0->dbt-core>=1.9->dbt-clickhouse) (3.23.0)
[2025-09-19T16:55:59.785+0000] {process_utils.py:191} INFO - Requirement already satisfied: six in /tmp/cosmos_venv_ecom/lib/python3.10/site-packages (from isodate>=0.5.4->agate<1.10,>=1.7.0->dbt-core>=1.9->dbt-clickhouse) (1.17.0)
[2025-09-19T16:55:59.787+0000] {process_utils.py:191} INFO - Requirement already satisfied: MarkupSafe>=2.0 in /tmp/cosmos_venv_ecom/lib/python3.10/site-packages (from Jinja2<4,>=3.1.3->dbt-core>=1.9->dbt-clickhouse) (3.0.2)
[2025-09-19T16:55:59.792+0000] {process_utils.py:191} INFO - Requirement already satisfied: attrs>=22.2.0 in /tmp/cosmos_venv_ecom/lib/python3.10/site-packages (from jsonschema<5.0,>=4.19.1->dbt-core>=1.9->dbt-clickhouse) (25.3.0)
[2025-09-19T16:55:59.792+0000] {process_utils.py:191} INFO - Requirement already satisfied: jsonschema-specifications>=2023.03.6 in /tmp/cosmos_venv_ecom/lib/python3.10/site-packages (from jsonschema<5.0,>=4.19.1->dbt-core>=1.9->dbt-clickhouse) (2025.9.1)
[2025-09-19T16:55:59.793+0000] {process_utils.py:191} INFO - Requirement already satisfied: referencing>=0.28.4 in /tmp/cosmos_venv_ecom/lib/python3.10/site-packages (from jsonschema<5.0,>=4.19.1->dbt-core>=1.9->dbt-clickhouse) (0.36.2)
[2025-09-19T16:55:59.793+0000] {process_utils.py:191} INFO - Requirement already satisfied: rpds-py>=0.7.1 in /tmp/cosmos_venv_ecom/lib/python3.10/site-packages (from jsonschema<5.0,>=4.19.1->dbt-core>=1.9->dbt-clickhouse) (0.27.1)
[2025-09-19T16:55:59.801+0000] {process_utils.py:191} INFO - Requirement already satisfied: msgpack>=0.5.6 in /tmp/cosmos_venv_ecom/lib/python3.10/site-packages (from mashumaro[msgpack]<3.15,>=3.9->dbt-core>=1.9->dbt-clickhouse) (1.1.1)
[2025-09-19T16:55:59.816+0000] {process_utils.py:191} INFO - Requirement already satisfied: annotated-types>=0.6.0 in /tmp/cosmos_venv_ecom/lib/python3.10/site-packages (from pydantic<3->dbt-core>=1.9->dbt-clickhouse) (0.7.0)
[2025-09-19T16:55:59.817+0000] {process_utils.py:191} INFO - Requirement already satisfied: pydantic-core==2.33.2 in /tmp/cosmos_venv_ecom/lib/python3.10/site-packages (from pydantic<3->dbt-core>=1.9->dbt-clickhouse) (2.33.2)
[2025-09-19T16:55:59.818+0000] {process_utils.py:191} INFO - Requirement already satisfied: typing-inspection>=0.4.0 in /tmp/cosmos_venv_ecom/lib/python3.10/site-packages (from pydantic<3->dbt-core>=1.9->dbt-clickhouse) (0.4.1)
[2025-09-19T16:55:59.825+0000] {process_utils.py:191} INFO - Requirement already satisfied: charset_normalizer<4,>=2 in /tmp/cosmos_venv_ecom/lib/python3.10/site-packages (from requests<3.0.0->dbt-core>=1.9->dbt-clickhouse) (3.4.3)
[2025-09-19T16:55:59.826+0000] {process_utils.py:191} INFO - Requirement already satisfied: idna<4,>=2.5 in /tmp/cosmos_venv_ecom/lib/python3.10/site-packages (from requests<3.0.0->dbt-core>=1.9->dbt-clickhouse) (3.10)
[2025-09-19T16:55:59.862+0000] {process_utils.py:191} INFO - Requirement already satisfied: text-unidecode>=1.3 in /tmp/cosmos_venv_ecom/lib/python3.10/site-packages (from python-slugify>=1.2.1->agate<1.10,>=1.7.0->dbt-core>=1.9->dbt-clickhouse) (1.3)
[2025-09-19T16:55:59.970+0000] {local.py:470} INFO - Cloning project to writable temp directory /tmp/tmpe33b8ejl from /opt/airflow/dags/dbt/ecom_staging
[2025-09-19T16:55:59.984+0000] {local.py:490} INFO - Partial parse is enabled and the latest partial parse file is /tmp/cosmos/dbt_staging__dbt_ecom/target/partial_parse.msgpack
[2025-09-19T16:55:59.994+0000] {config.py:362} INFO - Using user-supplied profiles.yml at /opt/airflow/dags/dbt/profiles.yml
[2025-09-19T16:56:00.002+0000] {virtualenv.py:99} INFO - Using Python binary from virtualenv: /tmp/cosmos_venv_ecom/bin/python
[2025-09-19T16:56:00.002+0000] {local.py:434} INFO - Trying to run the command:
 ['/tmp/cosmos_venv_ecom/bin/dbt', 'deps', '--project-dir', '/tmp/tmpe33b8ejl', '--profiles-dir', '/opt/***/dags/dbt', '--profile', 'ecom_staging', '--target', 'dev']
From /tmp/tmpe33b8ejl
[2025-09-19T16:56:00.003+0000] {subprocess.py:56} INFO - Tmp dir root location: 
 /tmp
[2025-09-19T16:56:00.004+0000] {subprocess.py:69} INFO - Running command: ['/tmp/cosmos_venv_ecom/bin/dbt', 'deps', '--project-dir', '/tmp/tmpe33b8ejl', '--profiles-dir', '/opt/***/dags/dbt', '--profile', 'ecom_staging', '--target', 'dev']
[2025-09-19T16:56:00.015+0000] {subprocess.py:80} INFO - Command output:
[2025-09-19T16:56:01.774+0000] {subprocess.py:90} INFO - [0m16:56:01  Running with dbt=1.10.11
[2025-09-19T16:56:02.414+0000] {subprocess.py:90} INFO - [0m16:56:02  Installing dbt-labs/dbt_utils
[2025-09-19T16:56:03.236+0000] {subprocess.py:90} INFO - [0m16:56:03  Installed from version 1.3.0
[2025-09-19T16:56:03.236+0000] {subprocess.py:90} INFO - [0m16:56:03  Updated version available: 1.3.1
[2025-09-19T16:56:03.238+0000] {subprocess.py:90} INFO - [0m16:56:03
[2025-09-19T16:56:03.239+0000] {subprocess.py:90} INFO - [0m16:56:03  Updates available for packages: ['dbt-labs/dbt_utils']
[2025-09-19T16:56:03.239+0000] {subprocess.py:90} INFO - Update your versions in packages.yml, then run dbt deps
[2025-09-19T16:56:04.911+0000] {subprocess.py:94} INFO - Command exited with return code 0
[2025-09-19T16:56:04.911+0000] {local.py:441} INFO - Update your versions in packages.yml, then run dbt deps
[2025-09-19T16:56:04.912+0000] {virtualenv.py:99} INFO - Using Python binary from virtualenv: /tmp/cosmos_venv_ecom/bin/python
[2025-09-19T16:56:04.913+0000] {local.py:434} INFO - Trying to run the command:
 ['/tmp/cosmos_venv_ecom/bin/dbt', 'test', '--models', 'stg_orders', '--project-dir', '/tmp/tmpe33b8ejl', '--profiles-dir', '/opt/***/dags/dbt', '--profile', 'ecom_staging', '--target', 'dev']
From /tmp/tmpe33b8ejl
[2025-09-19T16:56:04.913+0000] {subprocess.py:56} INFO - Tmp dir root location: 
 /tmp
[2025-09-19T16:56:04.914+0000] {subprocess.py:69} INFO - Running command: ['/tmp/cosmos_venv_ecom/bin/dbt', 'test', '--models', 'stg_orders', '--project-dir', '/tmp/tmpe33b8ejl', '--profiles-dir', '/opt/***/dags/dbt', '--profile', 'ecom_staging', '--target', 'dev']
[2025-09-19T16:56:04.925+0000] {subprocess.py:80} INFO - Command output:
[2025-09-19T16:56:06.817+0000] {subprocess.py:90} INFO - [0m16:56:06  Running with dbt=1.10.11
[2025-09-19T16:56:06.818+0000] {subprocess.py:90} INFO - [0m16:56:06  [[33mWARNING[0m]: Deprecated functionality
[2025-09-19T16:56:06.819+0000] {subprocess.py:90} INFO - Usage of `--models`, `--model`, and `-m` is deprecated in favor of `--select` or
[2025-09-19T16:56:06.820+0000] {subprocess.py:90} INFO - `-s`.
[2025-09-19T16:56:07.101+0000] {subprocess.py:90} INFO - [0m16:56:07  Registered adapter: clickhouse=1.9.3
[2025-09-19T16:56:07.825+0000] {subprocess.py:90} INFO - [0m16:56:07  Found 8 models, 54 data tests, 8 sources, 597 macros
[2025-09-19T16:56:07.828+0000] {subprocess.py:90} INFO - [0m16:56:07
[2025-09-19T16:56:07.829+0000] {subprocess.py:90} INFO - [0m16:56:07  Concurrency: 4 threads (target='dev')
[2025-09-19T16:56:07.829+0000] {subprocess.py:90} INFO - [0m16:56:07
[2025-09-19T16:56:07.962+0000] {subprocess.py:90} INFO - [0m16:56:07  1 of 3 START test not_null_stg_orders_CUSTOMER_ID .............................. [RUN]
[2025-09-19T16:56:07.963+0000] {subprocess.py:90} INFO - [0m16:56:07  2 of 3 START test not_null_stg_orders_ORDER_ID ................................. [RUN]
[2025-09-19T16:56:07.963+0000] {subprocess.py:90} INFO - [0m16:56:07  3 of 3 START test unique_stg_orders_ORDER_ID ................................... [RUN]
[2025-09-19T16:56:08.059+0000] {subprocess.py:90} INFO - [0m16:56:08  1 of 3 ERROR not_null_stg_orders_CUSTOMER_ID ................................... [[31mERROR[0m in 0.09s]
[2025-09-19T16:56:08.097+0000] {subprocess.py:90} INFO - [0m16:56:08  3 of 3 ERROR unique_stg_orders_ORDER_ID ........................................ [[31mERROR[0m in 0.13s]
[2025-09-19T16:56:08.101+0000] {subprocess.py:90} INFO - [0m16:56:08  2 of 3 ERROR not_null_stg_orders_ORDER_ID ...................................... [[31mERROR[0m in 0.14s]
[2025-09-19T16:56:08.106+0000] {subprocess.py:90} INFO - [0m16:56:08
[2025-09-19T16:56:08.106+0000] {subprocess.py:90} INFO - [0m16:56:08  Finished running 3 data tests in 0 hours 0 minutes and 0.28 seconds (0.28s).
[2025-09-19T16:56:08.154+0000] {subprocess.py:90} INFO - [0m16:56:08
[2025-09-19T16:56:08.154+0000] {subprocess.py:90} INFO - [0m16:56:08  [31mCompleted with 3 errors, 0 partial successes, and 0 warnings:[0m
[2025-09-19T16:56:08.155+0000] {subprocess.py:90} INFO - [0m16:56:08
[2025-09-19T16:56:08.155+0000] {subprocess.py:90} INFO - [0m16:56:08  [31mFailure in test not_null_stg_orders_CUSTOMER_ID (models/ecom_staging/schema.yml)[0m
[2025-09-19T16:56:08.155+0000] {subprocess.py:90} INFO - [0m16:56:08    Database Error in test not_null_stg_orders_CUSTOMER_ID (models/ecom_staging/schema.yml)
[2025-09-19T16:56:08.156+0000] {subprocess.py:90} INFO -   HTTPDriver for http://clickhouse:8123 received ClickHouse error code 47
[2025-09-19T16:56:08.156+0000] {subprocess.py:90} INFO -    Code: 47. DB::Exception: Unknown expression identifier 'CUSTOMER_ID' in scope SELECT CUSTOMER_ID FROM ecom_db_staging.stg_orders WHERE CUSTOMER_ID IS NULL. Maybe you meant: ['customer_id']. (UNKNOWN_IDENTIFIER) (version 24.8.14.39 (official build))
[2025-09-19T16:56:08.156+0000] {subprocess.py:90} INFO -   compiled code at target/run/ecom_staging/models/ecom_staging/schema.yml/not_null_stg_orders_CUSTOMER_ID.sql
[2025-09-19T16:56:08.157+0000] {subprocess.py:90} INFO - [0m16:56:08
[2025-09-19T16:56:08.157+0000] {subprocess.py:90} INFO - [0m16:56:08    compiled code at target/compiled/ecom_staging/models/ecom_staging/schema.yml/not_null_stg_orders_CUSTOMER_ID.sql
[2025-09-19T16:56:08.157+0000] {subprocess.py:90} INFO - [0m16:56:08
[2025-09-19T16:56:08.158+0000] {subprocess.py:90} INFO - [0m16:56:08  [31mFailure in test unique_stg_orders_ORDER_ID (models/ecom_staging/schema.yml)[0m
[2025-09-19T16:56:08.158+0000] {subprocess.py:90} INFO - [0m16:56:08    Database Error in test unique_stg_orders_ORDER_ID (models/ecom_staging/schema.yml)
[2025-09-19T16:56:08.158+0000] {subprocess.py:90} INFO -   HTTPDriver for http://clickhouse:8123 received ClickHouse error code 47
[2025-09-19T16:56:08.159+0000] {subprocess.py:90} INFO -    Code: 47. DB::Exception: Unknown expression identifier 'ORDER_ID' in scope SELECT ORDER_ID AS unique_field, count(*) AS n_records FROM ecom_db_staging.stg_orders WHERE ORDER_ID IS NOT NULL GROUP BY ORDER_ID HAVING count(*) > 1. Maybe you meant: ['order_id']. (UNKNOWN_IDENTIFIER) (version 24.8.14.39 (official build))
[2025-09-19T16:56:08.159+0000] {subprocess.py:90} INFO -   compiled code at target/run/ecom_staging/models/ecom_staging/schema.yml/unique_stg_orders_ORDER_ID.sql
[2025-09-19T16:56:08.159+0000] {subprocess.py:90} INFO - [0m16:56:08
[2025-09-19T16:56:08.159+0000] {subprocess.py:90} INFO - [0m16:56:08    compiled code at target/compiled/ecom_staging/models/ecom_staging/schema.yml/unique_stg_orders_ORDER_ID.sql
[2025-09-19T16:56:08.160+0000] {subprocess.py:90} INFO - [0m16:56:08
[2025-09-19T16:56:08.160+0000] {subprocess.py:90} INFO - [0m16:56:08  [31mFailure in test not_null_stg_orders_ORDER_ID (models/ecom_staging/schema.yml)[0m
[2025-09-19T16:56:08.160+0000] {subprocess.py:90} INFO - [0m16:56:08    Database Error in test not_null_stg_orders_ORDER_ID (models/ecom_staging/schema.yml)
[2025-09-19T16:56:08.160+0000] {subprocess.py:90} INFO -   HTTPDriver for http://clickhouse:8123 received ClickHouse error code 47
[2025-09-19T16:56:08.161+0000] {subprocess.py:90} INFO -    Code: 47. DB::Exception: Unknown expression identifier 'ORDER_ID' in scope SELECT ORDER_ID FROM ecom_db_staging.stg_orders WHERE ORDER_ID IS NULL. Maybe you meant: ['order_id']. (UNKNOWN_IDENTIFIER) (version 24.8.14.39 (official build))
[2025-09-19T16:56:08.161+0000] {subprocess.py:90} INFO -   compiled code at target/run/ecom_staging/models/ecom_staging/schema.yml/not_null_stg_orders_ORDER_ID.sql
[2025-09-19T16:56:08.161+0000] {subprocess.py:90} INFO - [0m16:56:08
[2025-09-19T16:56:08.162+0000] {subprocess.py:90} INFO - [0m16:56:08    compiled code at target/compiled/ecom_staging/models/ecom_staging/schema.yml/not_null_stg_orders_ORDER_ID.sql
[2025-09-19T16:56:08.162+0000] {subprocess.py:90} INFO - [0m16:56:08
[2025-09-19T16:56:08.162+0000] {subprocess.py:90} INFO - [0m16:56:08  Done. PASS=0 WARN=0 ERROR=3 SKIP=0 NO-OP=0 TOTAL=3
[2025-09-19T16:56:08.162+0000] {subprocess.py:90} INFO - [0m16:56:08  [[33mWARNING[0m][DeprecationsSummary]: Deprecated functionality
[2025-09-19T16:56:08.163+0000] {subprocess.py:90} INFO - Summary of encountered deprecations:
[2025-09-19T16:56:08.163+0000] {subprocess.py:90} INFO - - ModelParamUsageDeprecation: 1 occurrence
[2025-09-19T16:56:08.163+0000] {subprocess.py:90} INFO - To see all deprecation instances instead of just the first occurrence of each,
[2025-09-19T16:56:08.164+0000] {subprocess.py:90} INFO - run command again with the `--show-all-deprecations` flag. You may also need to
[2025-09-19T16:56:08.164+0000] {subprocess.py:90} INFO - run with `--no-partial-parse` as some deprecations are only encountered during
[2025-09-19T16:56:08.164+0000] {subprocess.py:90} INFO - parsing.
[2025-09-19T16:56:09.880+0000] {subprocess.py:94} INFO - Command exited with return code 1
[2025-09-19T16:56:09.881+0000] {local.py:441} INFO - parsing.
[2025-09-19T16:56:09.892+0000] {local.py:196} WARNING - Artifact schema version: https://schemas.getdbt.com/dbt/manifest/v12.json is above dbt-ol supported version 7. This might cause errors.
[2025-09-19T16:56:09.893+0000] {local.py:196} WARNING - Artifact schema version: https://schemas.getdbt.com/dbt/run-results/v6.json is above dbt-ol supported version 5. This might cause errors.
[2025-09-19T16:56:09.899+0000] {local.py:547} INFO - Inlets: []
[2025-09-19T16:56:09.899+0000] {local.py:548} INFO - Outlets: []
[2025-09-19T16:56:09.899+0000] {local.py:772} INFO - Assigning inlets/outlets without DatasetAlias
[2025-09-19T16:56:09.900+0000] {dag.py:3089} INFO - Sync 1 DAGs
[2025-09-19T16:56:10.025+0000] {local.py:253} ERROR - [0m16:56:06  Running with dbt=1.10.11
[0m16:56:06  [[33mWARNING[0m]: Deprecated functionality
Usage of `--models`, `--model`, and `-m` is deprecated in favor of `--select` or
`-s`.
[0m16:56:07  Registered adapter: clickhouse=1.9.3
[0m16:56:07  Found 8 models, 54 data tests, 8 sources, 597 macros
[0m16:56:07
[0m16:56:07  Concurrency: 4 threads (target='dev')
[0m16:56:07
[0m16:56:07  1 of 3 START test not_null_stg_orders_CUSTOMER_ID .............................. [RUN]
[0m16:56:07  2 of 3 START test not_null_stg_orders_ORDER_ID ................................. [RUN]
[0m16:56:07  3 of 3 START test unique_stg_orders_ORDER_ID ................................... [RUN]
[0m16:56:08  1 of 3 ERROR not_null_stg_orders_CUSTOMER_ID ................................... [[31mERROR[0m in 0.09s]
[0m16:56:08  3 of 3 ERROR unique_stg_orders_ORDER_ID ........................................ [[31mERROR[0m in 0.13s]
[0m16:56:08  2 of 3 ERROR not_null_stg_orders_ORDER_ID ...................................... [[31mERROR[0m in 0.14s]
[0m16:56:08
[0m16:56:08  Finished running 3 data tests in 0 hours 0 minutes and 0.28 seconds (0.28s).
[0m16:56:08
[0m16:56:08  [31mCompleted with 3 errors, 0 partial successes, and 0 warnings:[0m
[0m16:56:08
[0m16:56:08  [31mFailure in test not_null_stg_orders_CUSTOMER_ID (models/ecom_staging/schema.yml)[0m
[0m16:56:08    Database Error in test not_null_stg_orders_CUSTOMER_ID (models/ecom_staging/schema.yml)
  HTTPDriver for http://clickhouse:8123 received ClickHouse error code 47
   Code: 47. DB::Exception: Unknown expression identifier 'CUSTOMER_ID' in scope SELECT CUSTOMER_ID FROM ecom_db_staging.stg_orders WHERE CUSTOMER_ID IS NULL. Maybe you meant: ['customer_id']. (UNKNOWN_IDENTIFIER) (version 24.8.14.39 (official build))
  compiled code at target/run/ecom_staging/models/ecom_staging/schema.yml/not_null_stg_orders_CUSTOMER_ID.sql
[0m16:56:08
[0m16:56:08    compiled code at target/compiled/ecom_staging/models/ecom_staging/schema.yml/not_null_stg_orders_CUSTOMER_ID.sql
[0m16:56:08
[0m16:56:08  [31mFailure in test unique_stg_orders_ORDER_ID (models/ecom_staging/schema.yml)[0m
[0m16:56:08    Database Error in test unique_stg_orders_ORDER_ID (models/ecom_staging/schema.yml)
  HTTPDriver for http://clickhouse:8123 received ClickHouse error code 47
   Code: 47. DB::Exception: Unknown expression identifier 'ORDER_ID' in scope SELECT ORDER_ID AS unique_field, count(*) AS n_records FROM ecom_db_staging.stg_orders WHERE ORDER_ID IS NOT NULL GROUP BY ORDER_ID HAVING count(*) > 1. Maybe you meant: ['order_id']. (UNKNOWN_IDENTIFIER) (version 24.8.14.39 (official build))
  compiled code at target/run/ecom_staging/models/ecom_staging/schema.yml/unique_stg_orders_ORDER_ID.sql
[0m16:56:08
[0m16:56:08    compiled code at target/compiled/ecom_staging/models/ecom_staging/schema.yml/unique_stg_orders_ORDER_ID.sql
[0m16:56:08
[0m16:56:08  [31mFailure in test not_null_stg_orders_ORDER_ID (models/ecom_staging/schema.yml)[0m
[0m16:56:08    Database Error in test not_null_stg_orders_ORDER_ID (models/ecom_staging/schema.yml)
  HTTPDriver for http://clickhouse:8123 received ClickHouse error code 47
   Code: 47. DB::Exception: Unknown expression identifier 'ORDER_ID' in scope SELECT ORDER_ID FROM ecom_db_staging.stg_orders WHERE ORDER_ID IS NULL. Maybe you meant: ['order_id']. (UNKNOWN_IDENTIFIER) (version 24.8.14.39 (official build))
  compiled code at target/run/ecom_staging/models/ecom_staging/schema.yml/not_null_stg_orders_ORDER_ID.sql
[0m16:56:08
[0m16:56:08    compiled code at target/compiled/ecom_staging/models/ecom_staging/schema.yml/not_null_stg_orders_ORDER_ID.sql
[0m16:56:08
[0m16:56:08  Done. PASS=0 WARN=0 ERROR=3 SKIP=0 NO-OP=0 TOTAL=3
[0m16:56:08  [[33mWARNING[0m][DeprecationsSummary]: Deprecated functionality
Summary of encountered deprecations:
- ModelParamUsageDeprecation: 1 occurrence
To see all deprecation instances instead of just the first occurrence of each,
run command again with the `--show-all-deprecations` flag. You may also need to
run with `--no-partial-parse` as some deprecations are only encountered during
parsing.
[2025-09-19T16:56:10.033+0000] {virtualenv.py:131} INFO - Releasing virtualenv lock
[2025-09-19T16:56:10.034+0000] {taskinstance.py:441} INFO - ::group::Post task execution logs
[2025-09-19T16:56:10.069+0000] {taskinstance.py:2905} ERROR - Task failed with exception
Traceback (most recent call last):
  File "/home/airflow/.local/lib/python3.10/site-packages/airflow/models/taskinstance.py", line 465, in _execute_task
    result = _execute_callable(context=context, **execute_callable_kwargs)
  File "/home/airflow/.local/lib/python3.10/site-packages/airflow/models/taskinstance.py", line 432, in _execute_callable
    return execute_callable(context=context, **execute_callable_kwargs)
  File "/home/airflow/.local/lib/python3.10/site-packages/airflow/models/baseoperator.py", line 401, in wrapper
    return func(self, *args, **kwargs)
  File "/home/airflow/.local/lib/python3.10/site-packages/cosmos/operators/virtualenv.py", line 144, in execute
    output = super().execute(context)
  File "/home/airflow/.local/lib/python3.10/site-packages/airflow/models/baseoperator.py", line 401, in wrapper
    return func(self, *args, **kwargs)
  File "/home/airflow/.local/lib/python3.10/site-packages/cosmos/operators/local.py", line 1089, in execute
    result = self.build_and_run_cmd(context=context, cmd_flags=self.add_cmd_flags())
  File "/home/airflow/.local/lib/python3.10/site-packages/cosmos/operators/local.py", line 853, in build_and_run_cmd
    result = self.run_command(
  File "/home/airflow/.local/lib/python3.10/site-packages/cosmos/operators/virtualenv.py", line 129, in run_command
    return super().run_command(cmd, env, context, run_as_async=run_as_async, async_context=async_context)
  File "/home/airflow/.local/lib/python3.10/site-packages/cosmos/operators/local.py", line 650, in run_command
    self.handle_exception(result)
  File "/home/airflow/.local/lib/python3.10/site-packages/cosmos/operators/local.py", line 254, in handle_exception_subprocess
    raise AirflowException(f"dbt command failed. The command returned a non-zero exit code {result.exit_code}.")
airflow.exceptions.AirflowException: dbt command failed. The command returned a non-zero exit code 1.
[2025-09-19T16:56:10.074+0000] {taskinstance.py:1206} INFO - Marking task as FAILED. dag_id=dbt_staging, task_id=dbt_ecom.stg_orders.test, run_id=scheduled__2025-09-18T00:00:00+00:00, execution_date=20250918T000000, start_date=20250919T165556, end_date=20250919T165610
[2025-09-19T16:56:10.093+0000] {standard_task_runner.py:110} ERROR - Failed to execute job 608 for task dbt_ecom.stg_orders.test (dbt command failed. The command returned a non-zero exit code 1.; 3483)
[2025-09-19T16:56:10.118+0000] {local_task_job_runner.py:243} INFO - Task exited with return code 1
[2025-09-19T16:56:10.184+0000] {taskinstance.py:3503} INFO - 0 downstream tasks scheduled from follow-on schedule check
[2025-09-19T16:56:10.193+0000] {local_task_job_runner.py:222} INFO - ::endgroup::
