[2025-09-22T07:57:58.930+0000] {local_task_job_runner.py:120} INFO - ::group::Pre task execution logs
[2025-09-22T07:57:59.209+0000] {taskinstance.py:2076} INFO - Dependencies all met for dep_context=non-requeueable deps ti=<TaskInstance: dbt_staging.dbt_ecom.stg_order_items.test scheduled__2025-09-21T00:00:00+00:00 [queued]>
[2025-09-22T07:57:59.232+0000] {taskinstance.py:2076} INFO - Dependencies all met for dep_context=requeueable deps ti=<TaskInstance: dbt_staging.dbt_ecom.stg_order_items.test scheduled__2025-09-21T00:00:00+00:00 [queued]>
[2025-09-22T07:57:59.236+0000] {taskinstance.py:2306} INFO - Starting attempt 1 of 1
[2025-09-22T07:57:59.275+0000] {taskinstance.py:2330} INFO - Executing <Task(DbtTestVirtualenvOperator): dbt_ecom.stg_order_items.test> on 2025-09-21 00:00:00+00:00
[2025-09-22T07:57:59.285+0000] {standard_task_runner.py:64} INFO - Started process 948 to run task
[2025-09-22T07:57:59.290+0000] {standard_task_runner.py:90} INFO - Running: ['***', 'tasks', 'run', 'dbt_staging', 'dbt_ecom.stg_order_items.test', 'scheduled__2025-09-21T00:00:00+00:00', '--job-id', '645', '--raw', '--subdir', 'DAGS_FOLDER/dbt_staging.py', '--cfg-path', '/tmp/tmp7qi0ht7q']
[2025-09-22T07:57:59.295+0000] {standard_task_runner.py:91} INFO - Job 645: Subtask dbt_ecom.stg_order_items.test
[2025-09-22T07:57:59.643+0000] {task_command.py:426} INFO - Running <TaskInstance: dbt_staging.dbt_ecom.stg_order_items.test scheduled__2025-09-21T00:00:00+00:00 [running]> on host e95bde6b8d07
[2025-09-22T07:58:00.049+0000] {taskinstance.py:2648} INFO - Exporting env vars: AIRFLOW_CTX_DAG_OWNER='***' AIRFLOW_CTX_DAG_ID='dbt_staging' AIRFLOW_CTX_TASK_ID='dbt_ecom.stg_order_items.test' AIRFLOW_CTX_EXECUTION_DATE='2025-09-21T00:00:00+00:00' AIRFLOW_CTX_TRY_NUMBER='1' AIRFLOW_CTX_DAG_RUN_ID='scheduled__2025-09-21T00:00:00+00:00'
[2025-09-22T07:58:00.052+0000] {taskinstance.py:430} INFO - ::endgroup::
[2025-09-22T07:58:00.074+0000] {baseoperator.py:400} WARNING - DbtTestVirtualenvOperator.execute cannot be called outside TaskInstance!
[2025-09-22T07:58:00.075+0000] {virtualenv.py:120} INFO - Checking if the virtualenv lock /tmp/cosmos_venv_ecom/cosmos_virtualenv.lock exists
[2025-09-22T07:58:00.075+0000] {virtualenv.py:178} INFO - Checking for running process with PID 863
[2025-09-22T07:58:00.076+0000] {virtualenv.py:181} INFO - Process 863 running: True and has the lock /tmp/cosmos_venv_ecom/cosmos_virtualenv.lock.
[2025-09-22T07:58:00.077+0000] {virtualenv.py:122} INFO - Waiting for virtualenv lock to be released
[2025-09-22T07:58:01.078+0000] {virtualenv.py:178} INFO - Checking for running process with PID 863
[2025-09-22T07:58:01.078+0000] {virtualenv.py:181} INFO - Process 863 running: True and has the lock /tmp/cosmos_venv_ecom/cosmos_virtualenv.lock.
[2025-09-22T07:58:01.079+0000] {virtualenv.py:122} INFO - Waiting for virtualenv lock to be released
[2025-09-22T07:58:02.081+0000] {virtualenv.py:178} INFO - Checking for running process with PID 863
[2025-09-22T07:58:02.082+0000] {virtualenv.py:181} INFO - Process 863 running: True and has the lock /tmp/cosmos_venv_ecom/cosmos_virtualenv.lock.
[2025-09-22T07:58:02.083+0000] {virtualenv.py:122} INFO - Waiting for virtualenv lock to be released
[2025-09-22T07:58:03.084+0000] {virtualenv.py:178} INFO - Checking for running process with PID 863
[2025-09-22T07:58:03.085+0000] {virtualenv.py:181} INFO - Process 863 running: True and has the lock /tmp/cosmos_venv_ecom/cosmos_virtualenv.lock.
[2025-09-22T07:58:03.086+0000] {virtualenv.py:122} INFO - Waiting for virtualenv lock to be released
[2025-09-22T07:58:04.088+0000] {virtualenv.py:178} INFO - Checking for running process with PID 863
[2025-09-22T07:58:04.089+0000] {virtualenv.py:181} INFO - Process 863 running: True and has the lock /tmp/cosmos_venv_ecom/cosmos_virtualenv.lock.
[2025-09-22T07:58:04.089+0000] {virtualenv.py:122} INFO - Waiting for virtualenv lock to be released
[2025-09-22T07:58:05.091+0000] {virtualenv.py:178} INFO - Checking for running process with PID 863
[2025-09-22T07:58:05.092+0000] {virtualenv.py:181} INFO - Process 863 running: True and has the lock /tmp/cosmos_venv_ecom/cosmos_virtualenv.lock.
[2025-09-22T07:58:05.092+0000] {virtualenv.py:122} INFO - Waiting for virtualenv lock to be released
[2025-09-22T07:58:06.094+0000] {virtualenv.py:178} INFO - Checking for running process with PID 863
[2025-09-22T07:58:06.094+0000] {virtualenv.py:181} INFO - Process 863 running: True and has the lock /tmp/cosmos_venv_ecom/cosmos_virtualenv.lock.
[2025-09-22T07:58:06.095+0000] {virtualenv.py:122} INFO - Waiting for virtualenv lock to be released
[2025-09-22T07:58:07.097+0000] {virtualenv.py:178} INFO - Checking for running process with PID 863
[2025-09-22T07:58:07.100+0000] {virtualenv.py:181} INFO - Process 863 running: True and has the lock /tmp/cosmos_venv_ecom/cosmos_virtualenv.lock.
[2025-09-22T07:58:07.101+0000] {virtualenv.py:122} INFO - Waiting for virtualenv lock to be released
[2025-09-22T07:58:08.103+0000] {virtualenv.py:178} INFO - Checking for running process with PID 863
[2025-09-22T07:58:08.105+0000] {virtualenv.py:181} INFO - Process 863 running: True and has the lock /tmp/cosmos_venv_ecom/cosmos_virtualenv.lock.
[2025-09-22T07:58:08.105+0000] {virtualenv.py:122} INFO - Waiting for virtualenv lock to be released
[2025-09-22T07:58:09.107+0000] {virtualenv.py:178} INFO - Checking for running process with PID 863
[2025-09-22T07:58:09.107+0000] {virtualenv.py:181} INFO - Process 863 running: True and has the lock /tmp/cosmos_venv_ecom/cosmos_virtualenv.lock.
[2025-09-22T07:58:09.108+0000] {virtualenv.py:122} INFO - Waiting for virtualenv lock to be released
[2025-09-22T07:58:10.109+0000] {virtualenv.py:178} INFO - Checking for running process with PID 863
[2025-09-22T07:58:10.110+0000] {virtualenv.py:181} INFO - Process 863 running: True and has the lock /tmp/cosmos_venv_ecom/cosmos_virtualenv.lock.
[2025-09-22T07:58:10.110+0000] {virtualenv.py:122} INFO - Waiting for virtualenv lock to be released
[2025-09-22T07:58:11.112+0000] {virtualenv.py:178} INFO - Checking for running process with PID 863
[2025-09-22T07:58:11.113+0000] {virtualenv.py:181} INFO - Process 863 running: True and has the lock /tmp/cosmos_venv_ecom/cosmos_virtualenv.lock.
[2025-09-22T07:58:11.114+0000] {virtualenv.py:122} INFO - Waiting for virtualenv lock to be released
[2025-09-22T07:58:12.115+0000] {virtualenv.py:178} INFO - Checking for running process with PID 863
[2025-09-22T07:58:12.116+0000] {virtualenv.py:181} INFO - Process 863 running: True and has the lock /tmp/cosmos_venv_ecom/cosmos_virtualenv.lock.
[2025-09-22T07:58:12.117+0000] {virtualenv.py:122} INFO - Waiting for virtualenv lock to be released
[2025-09-22T07:58:13.118+0000] {virtualenv.py:178} INFO - Checking for running process with PID 863
[2025-09-22T07:58:13.122+0000] {virtualenv.py:181} INFO - Process 863 running: True and has the lock /tmp/cosmos_venv_ecom/cosmos_virtualenv.lock.
[2025-09-22T07:58:13.123+0000] {virtualenv.py:122} INFO - Waiting for virtualenv lock to be released
[2025-09-22T07:58:14.124+0000] {virtualenv.py:126} INFO - Acquiring the virtualenv lock
[2025-09-22T07:58:14.125+0000] {virtualenv.py:195} INFO - Acquiring lock at /tmp/cosmos_venv_ecom/cosmos_virtualenv.lock with pid 948
[2025-09-22T07:58:14.126+0000] {virtualenv.py:153} INFO - Creating or updating the virtualenv at `/tmp/cosmos_venv_ecom
[2025-09-22T07:58:14.127+0000] {process_utils.py:183} INFO - Executing cmd: /home/***/.local/bin/python -m virtualenv /tmp/cosmos_venv_ecom --python=python3
[2025-09-22T07:58:14.128+0000] {process_utils.py:187} INFO - Output:
[2025-09-22T07:58:15.852+0000] {process_utils.py:191} INFO - created virtual environment CPython3.10.14.final.0-64 in 640ms
[2025-09-22T07:58:15.853+0000] {process_utils.py:191} INFO -   creator CPython3Posix(dest=/tmp/cosmos_venv_ecom, clear=False, no_vcs_ignore=False, global=False)
[2025-09-22T07:58:15.854+0000] {process_utils.py:191} INFO -   seeder FromAppData(download=False, pip=bundle, setuptools=bundle, wheel=bundle, via=copy, app_data_dir=/home/***/.local/share/virtualenv)
[2025-09-22T07:58:15.856+0000] {process_utils.py:191} INFO -     added seed packages: MarkupSafe==3.0.2, PyYAML==6.0.2, agate==1.9.1, annotated_types==0.7.0, attrs==25.3.0, babel==2.17.0, certifi==2025.8.3, charset_normalizer==3.4.3, click==8.2.1, clickhouse_connect==0.8.18, clickhouse_driver==0.2.9, colorama==0.4.6, daff==1.4.2, dbt_adapters==1.16.7, dbt_clickhouse==1.9.3, dbt_common==1.30.0, dbt_core==1.10.11, dbt_extractor==0.6.0, dbt_protos==1.0.375, dbt_semantic_interfaces==0.9.0, deepdiff==8.6.1, idna==3.10, importlib_metadata==8.7.0, isodate==0.6.1, jinja2==3.1.6, jsonschema==4.25.1, jsonschema_specifications==2025.9.1, leather==0.4.0, lz4==4.4.4, mashumaro==3.14, more_itertools==10.8.0, msgpack==1.1.1, networkx==3.4.2, orderly_set==5.5.0, packaging==25.0, parsedatetime==2.6, pathspec==0.12.1, pip==25.2, protobuf==6.32.1, pydantic==2.11.7, pydantic_core==2.33.2, python_dateutil==2.9.0.post0, python_slugify==8.0.4, pytimeparse==1.1.8, pytz==2025.2, referencing==0.36.2, requests==2.32.5, rpds_py==0.27.1, setuptools==80.9.0, six==1.17.0, snowplow_tracker==1.1.0, sqlparse==0.5.3, text_unidecode==1.3, typing_extensions==4.15.0, typing_inspection==0.4.1, tzlocal==5.3.1, urllib3==2.5.0, wheel==0.45.1, zipp==3.23.0, zstandard==0.24.0
[2025-09-22T07:58:15.858+0000] {process_utils.py:191} INFO -   activators BashActivator,CShellActivator,FishActivator,NushellActivator,PowerShellActivator,PythonActivator
[2025-09-22T07:58:15.959+0000] {process_utils.py:183} INFO - Executing cmd: /tmp/cosmos_venv_ecom/bin/pip install dbt-clickhouse
[2025-09-22T07:58:15.960+0000] {process_utils.py:187} INFO - Output:
[2025-09-22T07:58:17.547+0000] {process_utils.py:191} INFO - Requirement already satisfied: dbt-clickhouse in /tmp/cosmos_venv_ecom/lib/python3.10/site-packages (1.9.3)
[2025-09-22T07:58:17.550+0000] {process_utils.py:191} INFO - Requirement already satisfied: dbt-core>=1.9 in /tmp/cosmos_venv_ecom/lib/python3.10/site-packages (from dbt-clickhouse) (1.10.11)
[2025-09-22T07:58:17.551+0000] {process_utils.py:191} INFO - Requirement already satisfied: clickhouse-connect>=0.6.22 in /tmp/cosmos_venv_ecom/lib/python3.10/site-packages (from dbt-clickhouse) (0.8.18)
[2025-09-22T07:58:17.552+0000] {process_utils.py:191} INFO - Requirement already satisfied: clickhouse-driver>=0.2.6 in /tmp/cosmos_venv_ecom/lib/python3.10/site-packages (from dbt-clickhouse) (0.2.9)
[2025-09-22T07:58:17.552+0000] {process_utils.py:191} INFO - Requirement already satisfied: setuptools>=0.69 in /tmp/cosmos_venv_ecom/lib/python3.10/site-packages (from dbt-clickhouse) (80.9.0)
[2025-09-22T07:58:17.553+0000] {process_utils.py:191} INFO - Requirement already satisfied: certifi in /tmp/cosmos_venv_ecom/lib/python3.10/site-packages (from clickhouse-connect>=0.6.22->dbt-clickhouse) (2025.8.3)
[2025-09-22T07:58:17.554+0000] {process_utils.py:191} INFO - Requirement already satisfied: urllib3>=1.26 in /tmp/cosmos_venv_ecom/lib/python3.10/site-packages (from clickhouse-connect>=0.6.22->dbt-clickhouse) (2.5.0)
[2025-09-22T07:58:17.555+0000] {process_utils.py:191} INFO - Requirement already satisfied: pytz in /tmp/cosmos_venv_ecom/lib/python3.10/site-packages (from clickhouse-connect>=0.6.22->dbt-clickhouse) (2025.2)
[2025-09-22T07:58:17.555+0000] {process_utils.py:191} INFO - Requirement already satisfied: zstandard in /tmp/cosmos_venv_ecom/lib/python3.10/site-packages (from clickhouse-connect>=0.6.22->dbt-clickhouse) (0.24.0)
[2025-09-22T07:58:17.556+0000] {process_utils.py:191} INFO - Requirement already satisfied: lz4 in /tmp/cosmos_venv_ecom/lib/python3.10/site-packages (from clickhouse-connect>=0.6.22->dbt-clickhouse) (4.4.4)
[2025-09-22T07:58:17.557+0000] {process_utils.py:191} INFO - Requirement already satisfied: tzlocal in /tmp/cosmos_venv_ecom/lib/python3.10/site-packages (from clickhouse-driver>=0.2.6->dbt-clickhouse) (5.3.1)
[2025-09-22T07:58:17.563+0000] {process_utils.py:191} INFO - Requirement already satisfied: agate<1.10,>=1.7.0 in /tmp/cosmos_venv_ecom/lib/python3.10/site-packages (from dbt-core>=1.9->dbt-clickhouse) (1.9.1)
[2025-09-22T07:58:17.564+0000] {process_utils.py:191} INFO - Requirement already satisfied: Jinja2<4,>=3.1.3 in /tmp/cosmos_venv_ecom/lib/python3.10/site-packages (from dbt-core>=1.9->dbt-clickhouse) (3.1.6)
[2025-09-22T07:58:17.566+0000] {process_utils.py:191} INFO - Requirement already satisfied: mashumaro<3.15,>=3.9 in /tmp/cosmos_venv_ecom/lib/python3.10/site-packages (from mashumaro[msgpack]<3.15,>=3.9->dbt-core>=1.9->dbt-clickhouse) (3.14)
[2025-09-22T07:58:17.567+0000] {process_utils.py:191} INFO - Requirement already satisfied: click<9.0,>=8.0.2 in /tmp/cosmos_venv_ecom/lib/python3.10/site-packages (from dbt-core>=1.9->dbt-clickhouse) (8.2.1)
[2025-09-22T07:58:17.568+0000] {process_utils.py:191} INFO - Requirement already satisfied: jsonschema<5.0,>=4.19.1 in /tmp/cosmos_venv_ecom/lib/python3.10/site-packages (from dbt-core>=1.9->dbt-clickhouse) (4.25.1)
[2025-09-22T07:58:17.569+0000] {process_utils.py:191} INFO - Requirement already satisfied: networkx<4.0,>=2.3 in /tmp/cosmos_venv_ecom/lib/python3.10/site-packages (from dbt-core>=1.9->dbt-clickhouse) (3.4.2)
[2025-09-22T07:58:17.569+0000] {process_utils.py:191} INFO - Requirement already satisfied: protobuf<7.0,>=6.0 in /tmp/cosmos_venv_ecom/lib/python3.10/site-packages (from dbt-core>=1.9->dbt-clickhouse) (6.32.1)
[2025-09-22T07:58:17.570+0000] {process_utils.py:191} INFO - Requirement already satisfied: requests<3.0.0 in /tmp/cosmos_venv_ecom/lib/python3.10/site-packages (from dbt-core>=1.9->dbt-clickhouse) (2.32.5)
[2025-09-22T07:58:17.571+0000] {process_utils.py:191} INFO - Requirement already satisfied: snowplow-tracker<2.0,>=1.0.2 in /tmp/cosmos_venv_ecom/lib/python3.10/site-packages (from dbt-core>=1.9->dbt-clickhouse) (1.1.0)
[2025-09-22T07:58:17.572+0000] {process_utils.py:191} INFO - Requirement already satisfied: pathspec<0.13,>=0.9 in /tmp/cosmos_venv_ecom/lib/python3.10/site-packages (from dbt-core>=1.9->dbt-clickhouse) (0.12.1)
[2025-09-22T07:58:17.572+0000] {process_utils.py:191} INFO - Requirement already satisfied: sqlparse<0.6.0,>=0.5.0 in /tmp/cosmos_venv_ecom/lib/python3.10/site-packages (from dbt-core>=1.9->dbt-clickhouse) (0.5.3)
[2025-09-22T07:58:17.573+0000] {process_utils.py:191} INFO - Requirement already satisfied: dbt-extractor<=0.6,>=0.5.0 in /tmp/cosmos_venv_ecom/lib/python3.10/site-packages (from dbt-core>=1.9->dbt-clickhouse) (0.6.0)
[2025-09-22T07:58:17.574+0000] {process_utils.py:191} INFO - Requirement already satisfied: dbt-semantic-interfaces<0.10,>=0.9.0 in /tmp/cosmos_venv_ecom/lib/python3.10/site-packages (from dbt-core>=1.9->dbt-clickhouse) (0.9.0)
[2025-09-22T07:58:17.574+0000] {process_utils.py:191} INFO - Requirement already satisfied: dbt-common<2.0,>=1.27.0 in /tmp/cosmos_venv_ecom/lib/python3.10/site-packages (from dbt-core>=1.9->dbt-clickhouse) (1.30.0)
[2025-09-22T07:58:17.575+0000] {process_utils.py:191} INFO - Requirement already satisfied: dbt-adapters<2.0,>=1.15.5 in /tmp/cosmos_venv_ecom/lib/python3.10/site-packages (from dbt-core>=1.9->dbt-clickhouse) (1.16.7)
[2025-09-22T07:58:17.575+0000] {process_utils.py:191} INFO - Requirement already satisfied: dbt-protos<2.0,>=1.0.346 in /tmp/cosmos_venv_ecom/lib/python3.10/site-packages (from dbt-core>=1.9->dbt-clickhouse) (1.0.375)
[2025-09-22T07:58:17.576+0000] {process_utils.py:191} INFO - Requirement already satisfied: pydantic<3 in /tmp/cosmos_venv_ecom/lib/python3.10/site-packages (from dbt-core>=1.9->dbt-clickhouse) (2.11.7)
[2025-09-22T07:58:17.577+0000] {process_utils.py:191} INFO - Requirement already satisfied: packaging>20.9 in /tmp/cosmos_venv_ecom/lib/python3.10/site-packages (from dbt-core>=1.9->dbt-clickhouse) (25.0)
[2025-09-22T07:58:17.578+0000] {process_utils.py:191} INFO - Requirement already satisfied: pyyaml>=6.0 in /tmp/cosmos_venv_ecom/lib/python3.10/site-packages (from dbt-core>=1.9->dbt-clickhouse) (6.0.2)
[2025-09-22T07:58:17.579+0000] {process_utils.py:191} INFO - Requirement already satisfied: daff>=1.3.46 in /tmp/cosmos_venv_ecom/lib/python3.10/site-packages (from dbt-core>=1.9->dbt-clickhouse) (1.4.2)
[2025-09-22T07:58:17.580+0000] {process_utils.py:191} INFO - Requirement already satisfied: typing-extensions>=4.4 in /tmp/cosmos_venv_ecom/lib/python3.10/site-packages (from dbt-core>=1.9->dbt-clickhouse) (4.15.0)
[2025-09-22T07:58:17.585+0000] {process_utils.py:191} INFO - Requirement already satisfied: Babel>=2.0 in /tmp/cosmos_venv_ecom/lib/python3.10/site-packages (from agate<1.10,>=1.7.0->dbt-core>=1.9->dbt-clickhouse) (2.17.0)
[2025-09-22T07:58:17.586+0000] {process_utils.py:191} INFO - Requirement already satisfied: isodate>=0.5.4 in /tmp/cosmos_venv_ecom/lib/python3.10/site-packages (from agate<1.10,>=1.7.0->dbt-core>=1.9->dbt-clickhouse) (0.6.1)
[2025-09-22T07:58:17.587+0000] {process_utils.py:191} INFO - Requirement already satisfied: leather>=0.3.2 in /tmp/cosmos_venv_ecom/lib/python3.10/site-packages (from agate<1.10,>=1.7.0->dbt-core>=1.9->dbt-clickhouse) (0.4.0)
[2025-09-22T07:58:17.587+0000] {process_utils.py:191} INFO - Requirement already satisfied: parsedatetime!=2.5,>=2.1 in /tmp/cosmos_venv_ecom/lib/python3.10/site-packages (from agate<1.10,>=1.7.0->dbt-core>=1.9->dbt-clickhouse) (2.6)
[2025-09-22T07:58:17.588+0000] {process_utils.py:191} INFO - Requirement already satisfied: python-slugify>=1.2.1 in /tmp/cosmos_venv_ecom/lib/python3.10/site-packages (from agate<1.10,>=1.7.0->dbt-core>=1.9->dbt-clickhouse) (8.0.4)
[2025-09-22T07:58:17.589+0000] {process_utils.py:191} INFO - Requirement already satisfied: pytimeparse>=1.1.5 in /tmp/cosmos_venv_ecom/lib/python3.10/site-packages (from agate<1.10,>=1.7.0->dbt-core>=1.9->dbt-clickhouse) (1.1.8)
[2025-09-22T07:58:17.602+0000] {process_utils.py:191} INFO - Requirement already satisfied: colorama<0.5,>=0.3.9 in /tmp/cosmos_venv_ecom/lib/python3.10/site-packages (from dbt-common<2.0,>=1.27.0->dbt-core>=1.9->dbt-clickhouse) (0.4.6)
[2025-09-22T07:58:17.603+0000] {process_utils.py:191} INFO - Requirement already satisfied: deepdiff<9.0,>=7.0 in /tmp/cosmos_venv_ecom/lib/python3.10/site-packages (from dbt-common<2.0,>=1.27.0->dbt-core>=1.9->dbt-clickhouse) (8.6.1)
[2025-09-22T07:58:17.606+0000] {process_utils.py:191} INFO - Requirement already satisfied: python-dateutil<3.0,>=2.0 in /tmp/cosmos_venv_ecom/lib/python3.10/site-packages (from dbt-common<2.0,>=1.27.0->dbt-core>=1.9->dbt-clickhouse) (2.9.0.post0)
[2025-09-22T07:58:17.613+0000] {process_utils.py:191} INFO - Requirement already satisfied: importlib-metadata<9,>=6.0 in /tmp/cosmos_venv_ecom/lib/python3.10/site-packages (from dbt-semantic-interfaces<0.10,>=0.9.0->dbt-core>=1.9->dbt-clickhouse) (8.7.0)
[2025-09-22T07:58:17.615+0000] {process_utils.py:191} INFO - Requirement already satisfied: more-itertools<11.0,>=8.0 in /tmp/cosmos_venv_ecom/lib/python3.10/site-packages (from dbt-semantic-interfaces<0.10,>=0.9.0->dbt-core>=1.9->dbt-clickhouse) (10.8.0)
[2025-09-22T07:58:17.624+0000] {process_utils.py:191} INFO - Requirement already satisfied: orderly-set<6,>=5.4.1 in /tmp/cosmos_venv_ecom/lib/python3.10/site-packages (from deepdiff<9.0,>=7.0->dbt-common<2.0,>=1.27.0->dbt-core>=1.9->dbt-clickhouse) (5.5.0)
[2025-09-22T07:58:17.634+0000] {process_utils.py:191} INFO - Requirement already satisfied: zipp>=3.20 in /tmp/cosmos_venv_ecom/lib/python3.10/site-packages (from importlib-metadata<9,>=6.0->dbt-semantic-interfaces<0.10,>=0.9.0->dbt-core>=1.9->dbt-clickhouse) (3.23.0)
[2025-09-22T07:58:17.636+0000] {process_utils.py:191} INFO - Requirement already satisfied: six in /tmp/cosmos_venv_ecom/lib/python3.10/site-packages (from isodate>=0.5.4->agate<1.10,>=1.7.0->dbt-core>=1.9->dbt-clickhouse) (1.17.0)
[2025-09-22T07:58:17.639+0000] {process_utils.py:191} INFO - Requirement already satisfied: MarkupSafe>=2.0 in /tmp/cosmos_venv_ecom/lib/python3.10/site-packages (from Jinja2<4,>=3.1.3->dbt-core>=1.9->dbt-clickhouse) (3.0.2)
[2025-09-22T07:58:17.645+0000] {process_utils.py:191} INFO - Requirement already satisfied: attrs>=22.2.0 in /tmp/cosmos_venv_ecom/lib/python3.10/site-packages (from jsonschema<5.0,>=4.19.1->dbt-core>=1.9->dbt-clickhouse) (25.3.0)
[2025-09-22T07:58:17.646+0000] {process_utils.py:191} INFO - Requirement already satisfied: jsonschema-specifications>=2023.03.6 in /tmp/cosmos_venv_ecom/lib/python3.10/site-packages (from jsonschema<5.0,>=4.19.1->dbt-core>=1.9->dbt-clickhouse) (2025.9.1)
[2025-09-22T07:58:17.647+0000] {process_utils.py:191} INFO - Requirement already satisfied: referencing>=0.28.4 in /tmp/cosmos_venv_ecom/lib/python3.10/site-packages (from jsonschema<5.0,>=4.19.1->dbt-core>=1.9->dbt-clickhouse) (0.36.2)
[2025-09-22T07:58:17.647+0000] {process_utils.py:191} INFO - Requirement already satisfied: rpds-py>=0.7.1 in /tmp/cosmos_venv_ecom/lib/python3.10/site-packages (from jsonschema<5.0,>=4.19.1->dbt-core>=1.9->dbt-clickhouse) (0.27.1)
[2025-09-22T07:58:17.658+0000] {process_utils.py:191} INFO - Requirement already satisfied: msgpack>=0.5.6 in /tmp/cosmos_venv_ecom/lib/python3.10/site-packages (from mashumaro[msgpack]<3.15,>=3.9->dbt-core>=1.9->dbt-clickhouse) (1.1.1)
[2025-09-22T07:58:17.677+0000] {process_utils.py:191} INFO - Requirement already satisfied: annotated-types>=0.6.0 in /tmp/cosmos_venv_ecom/lib/python3.10/site-packages (from pydantic<3->dbt-core>=1.9->dbt-clickhouse) (0.7.0)
[2025-09-22T07:58:17.678+0000] {process_utils.py:191} INFO - Requirement already satisfied: pydantic-core==2.33.2 in /tmp/cosmos_venv_ecom/lib/python3.10/site-packages (from pydantic<3->dbt-core>=1.9->dbt-clickhouse) (2.33.2)
[2025-09-22T07:58:17.680+0000] {process_utils.py:191} INFO - Requirement already satisfied: typing-inspection>=0.4.0 in /tmp/cosmos_venv_ecom/lib/python3.10/site-packages (from pydantic<3->dbt-core>=1.9->dbt-clickhouse) (0.4.1)
[2025-09-22T07:58:17.689+0000] {process_utils.py:191} INFO - Requirement already satisfied: charset_normalizer<4,>=2 in /tmp/cosmos_venv_ecom/lib/python3.10/site-packages (from requests<3.0.0->dbt-core>=1.9->dbt-clickhouse) (3.4.3)
[2025-09-22T07:58:17.690+0000] {process_utils.py:191} INFO - Requirement already satisfied: idna<4,>=2.5 in /tmp/cosmos_venv_ecom/lib/python3.10/site-packages (from requests<3.0.0->dbt-core>=1.9->dbt-clickhouse) (3.10)
[2025-09-22T07:58:17.739+0000] {process_utils.py:191} INFO - Requirement already satisfied: text-unidecode>=1.3 in /tmp/cosmos_venv_ecom/lib/python3.10/site-packages (from python-slugify>=1.2.1->agate<1.10,>=1.7.0->dbt-core>=1.9->dbt-clickhouse) (1.3)
[2025-09-22T07:58:17.883+0000] {local.py:470} INFO - Cloning project to writable temp directory /tmp/tmpzh2dg628 from /opt/airflow/dags/dbt/ecom_staging
[2025-09-22T07:58:17.899+0000] {local.py:490} INFO - Partial parse is enabled and the latest partial parse file is /tmp/cosmos/dbt_staging__dbt_ecom/target/partial_parse.msgpack
[2025-09-22T07:58:17.914+0000] {config.py:362} INFO - Using user-supplied profiles.yml at /opt/airflow/dags/dbt/profiles.yml
[2025-09-22T07:58:17.923+0000] {virtualenv.py:99} INFO - Using Python binary from virtualenv: /tmp/cosmos_venv_ecom/bin/python
[2025-09-22T07:58:17.923+0000] {local.py:434} INFO - Trying to run the command:
 ['/tmp/cosmos_venv_ecom/bin/dbt', 'deps', '--project-dir', '/tmp/tmpzh2dg628', '--profiles-dir', '/opt/***/dags/dbt', '--profile', 'ecom_staging', '--target', 'dev']
From /tmp/tmpzh2dg628
[2025-09-22T07:58:17.924+0000] {subprocess.py:56} INFO - Tmp dir root location: 
 /tmp
[2025-09-22T07:58:17.925+0000] {subprocess.py:69} INFO - Running command: ['/tmp/cosmos_venv_ecom/bin/dbt', 'deps', '--project-dir', '/tmp/tmpzh2dg628', '--profiles-dir', '/opt/***/dags/dbt', '--profile', 'ecom_staging', '--target', 'dev']
[2025-09-22T07:58:17.936+0000] {subprocess.py:80} INFO - Command output:
[2025-09-22T07:58:20.417+0000] {subprocess.py:90} INFO - [0m07:58:20  Running with dbt=1.10.11
[2025-09-22T07:58:21.475+0000] {subprocess.py:90} INFO - [0m07:58:21  Installing dbt-labs/dbt_utils
[2025-09-22T07:58:22.316+0000] {subprocess.py:90} INFO - [0m07:58:22  Installed from version 1.3.0
[2025-09-22T07:58:22.317+0000] {subprocess.py:90} INFO - [0m07:58:22  Updated version available: 1.3.1
[2025-09-22T07:58:22.318+0000] {subprocess.py:90} INFO - [0m07:58:22
[2025-09-22T07:58:22.319+0000] {subprocess.py:90} INFO - [0m07:58:22  Updates available for packages: ['dbt-labs/dbt_utils']
[2025-09-22T07:58:22.319+0000] {subprocess.py:90} INFO - Update your versions in packages.yml, then run dbt deps
[2025-09-22T07:58:24.025+0000] {subprocess.py:94} INFO - Command exited with return code 0
[2025-09-22T07:58:24.026+0000] {local.py:441} INFO - Update your versions in packages.yml, then run dbt deps
[2025-09-22T07:58:24.026+0000] {virtualenv.py:99} INFO - Using Python binary from virtualenv: /tmp/cosmos_venv_ecom/bin/python
[2025-09-22T07:58:24.027+0000] {local.py:434} INFO - Trying to run the command:
 ['/tmp/cosmos_venv_ecom/bin/dbt', 'test', '--models', 'stg_order_items', '--project-dir', '/tmp/tmpzh2dg628', '--profiles-dir', '/opt/***/dags/dbt', '--profile', 'ecom_staging', '--target', 'dev']
From /tmp/tmpzh2dg628
[2025-09-22T07:58:24.028+0000] {subprocess.py:56} INFO - Tmp dir root location: 
 /tmp
[2025-09-22T07:58:24.028+0000] {subprocess.py:69} INFO - Running command: ['/tmp/cosmos_venv_ecom/bin/dbt', 'test', '--models', 'stg_order_items', '--project-dir', '/tmp/tmpzh2dg628', '--profiles-dir', '/opt/***/dags/dbt', '--profile', 'ecom_staging', '--target', 'dev']
[2025-09-22T07:58:24.039+0000] {subprocess.py:80} INFO - Command output:
[2025-09-22T07:58:26.207+0000] {subprocess.py:90} INFO - [0m07:58:26  Running with dbt=1.10.11
[2025-09-22T07:58:26.209+0000] {subprocess.py:90} INFO - [0m07:58:26  [[33mWARNING[0m]: Deprecated functionality
[2025-09-22T07:58:26.209+0000] {subprocess.py:90} INFO - Usage of `--models`, `--model`, and `-m` is deprecated in favor of `--select` or
[2025-09-22T07:58:26.210+0000] {subprocess.py:90} INFO - `-s`.
[2025-09-22T07:58:26.626+0000] {subprocess.py:90} INFO - [0m07:58:26  Registered adapter: clickhouse=1.9.3
[2025-09-22T07:58:27.460+0000] {subprocess.py:90} INFO - [0m07:58:27  Found 8 models, 47 data tests, 8 sources, 597 macros
[2025-09-22T07:58:27.464+0000] {subprocess.py:90} INFO - [0m07:58:27
[2025-09-22T07:58:27.465+0000] {subprocess.py:90} INFO - [0m07:58:27  Concurrency: 4 threads (target='dev')
[2025-09-22T07:58:27.465+0000] {subprocess.py:90} INFO - [0m07:58:27
[2025-09-22T07:58:27.582+0000] {subprocess.py:90} INFO - [0m07:58:27  1 of 3 START test not_null_stg_order_items_ORDER_ID ............................ [RUN]
[2025-09-22T07:58:27.585+0000] {subprocess.py:90} INFO - [0m07:58:27  2 of 3 START test not_null_stg_order_items_ORDER_ITEM_ID ....................... [RUN]
[2025-09-22T07:58:27.586+0000] {subprocess.py:90} INFO - [0m07:58:27  3 of 3 START test not_null_stg_order_items_PRODUCT_ID .......................... [RUN]
[2025-09-22T07:58:27.679+0000] {subprocess.py:90} INFO - [0m07:58:27  1 of 3 ERROR not_null_stg_order_items_ORDER_ID ................................. [[31mERROR[0m in 0.10s]
[2025-09-22T07:58:27.714+0000] {subprocess.py:90} INFO - [0m07:58:27  2 of 3 ERROR not_null_stg_order_items_ORDER_ITEM_ID ............................ [[31mERROR[0m in 0.13s]
[2025-09-22T07:58:27.723+0000] {subprocess.py:90} INFO - [0m07:58:27  3 of 3 ERROR not_null_stg_order_items_PRODUCT_ID ............................... [[31mERROR[0m in 0.14s]
[2025-09-22T07:58:27.729+0000] {subprocess.py:90} INFO - [0m07:58:27
[2025-09-22T07:58:27.729+0000] {subprocess.py:90} INFO - [0m07:58:27  Finished running 3 data tests in 0 hours 0 minutes and 0.26 seconds (0.26s).
[2025-09-22T07:58:27.783+0000] {subprocess.py:90} INFO - [0m07:58:27
[2025-09-22T07:58:27.784+0000] {subprocess.py:90} INFO - [0m07:58:27  [31mCompleted with 3 errors, 0 partial successes, and 0 warnings:[0m
[2025-09-22T07:58:27.785+0000] {subprocess.py:90} INFO - [0m07:58:27
[2025-09-22T07:58:27.786+0000] {subprocess.py:90} INFO - [0m07:58:27  [31mFailure in test not_null_stg_order_items_ORDER_ID (models/ecom_staging/schema.yml)[0m
[2025-09-22T07:58:27.786+0000] {subprocess.py:90} INFO - [0m07:58:27    Database Error in test not_null_stg_order_items_ORDER_ID (models/ecom_staging/schema.yml)
[2025-09-22T07:58:27.786+0000] {subprocess.py:90} INFO -   HTTPDriver for http://clickhouse:8123 received ClickHouse error code 47
[2025-09-22T07:58:27.787+0000] {subprocess.py:90} INFO -    Code: 47. DB::Exception: Unknown expression identifier 'ORDER_ID' in scope SELECT ORDER_ID FROM ecom_db_staging.stg_order_items WHERE ORDER_ID IS NULL. Maybe you meant: ['order_id']. (UNKNOWN_IDENTIFIER) (version 24.8.14.39 (official build))
[2025-09-22T07:58:27.788+0000] {subprocess.py:90} INFO -   compiled code at target/run/ecom_staging/models/ecom_staging/schema.yml/not_null_stg_order_items_ORDER_ID.sql
[2025-09-22T07:58:27.788+0000] {subprocess.py:90} INFO - [0m07:58:27
[2025-09-22T07:58:27.789+0000] {subprocess.py:90} INFO - [0m07:58:27    compiled code at target/compiled/ecom_staging/models/ecom_staging/schema.yml/not_null_stg_order_items_ORDER_ID.sql
[2025-09-22T07:58:27.789+0000] {subprocess.py:90} INFO - [0m07:58:27
[2025-09-22T07:58:27.789+0000] {subprocess.py:90} INFO - [0m07:58:27  [31mFailure in test not_null_stg_order_items_ORDER_ITEM_ID (models/ecom_staging/schema.yml)[0m
[2025-09-22T07:58:27.790+0000] {subprocess.py:90} INFO - [0m07:58:27    Database Error in test not_null_stg_order_items_ORDER_ITEM_ID (models/ecom_staging/schema.yml)
[2025-09-22T07:58:27.790+0000] {subprocess.py:90} INFO -   HTTPDriver for http://clickhouse:8123 received ClickHouse error code 47
[2025-09-22T07:58:27.791+0000] {subprocess.py:90} INFO -    Code: 47. DB::Exception: Unknown expression identifier 'ORDER_ITEM_ID' in scope SELECT ORDER_ITEM_ID FROM ecom_db_staging.stg_order_items WHERE ORDER_ITEM_ID IS NULL. Maybe you meant: ['order_item_id']. (UNKNOWN_IDENTIFIER) (version 24.8.14.39 (official build))
[2025-09-22T07:58:27.791+0000] {subprocess.py:90} INFO -   compiled code at target/run/ecom_staging/models/ecom_staging/schema.yml/not_null_stg_order_items_ORDER_ITEM_ID.sql
[2025-09-22T07:58:27.791+0000] {subprocess.py:90} INFO - [0m07:58:27
[2025-09-22T07:58:27.792+0000] {subprocess.py:90} INFO - [0m07:58:27    compiled code at target/compiled/ecom_staging/models/ecom_staging/schema.yml/not_null_stg_order_items_ORDER_ITEM_ID.sql
[2025-09-22T07:58:27.792+0000] {subprocess.py:90} INFO - [0m07:58:27
[2025-09-22T07:58:27.792+0000] {subprocess.py:90} INFO - [0m07:58:27  [31mFailure in test not_null_stg_order_items_PRODUCT_ID (models/ecom_staging/schema.yml)[0m
[2025-09-22T07:58:27.793+0000] {subprocess.py:90} INFO - [0m07:58:27    Database Error in test not_null_stg_order_items_PRODUCT_ID (models/ecom_staging/schema.yml)
[2025-09-22T07:58:27.793+0000] {subprocess.py:90} INFO -   HTTPDriver for http://clickhouse:8123 received ClickHouse error code 47
[2025-09-22T07:58:27.793+0000] {subprocess.py:90} INFO -    Code: 47. DB::Exception: Unknown expression identifier 'PRODUCT_ID' in scope SELECT PRODUCT_ID FROM ecom_db_staging.stg_order_items WHERE PRODUCT_ID IS NULL. Maybe you meant: ['product_id']. (UNKNOWN_IDENTIFIER) (version 24.8.14.39 (official build))
[2025-09-22T07:58:27.794+0000] {subprocess.py:90} INFO -   compiled code at target/run/ecom_staging/models/ecom_staging/schema.yml/not_null_stg_order_items_PRODUCT_ID.sql
[2025-09-22T07:58:27.794+0000] {subprocess.py:90} INFO - [0m07:58:27
[2025-09-22T07:58:27.794+0000] {subprocess.py:90} INFO - [0m07:58:27    compiled code at target/compiled/ecom_staging/models/ecom_staging/schema.yml/not_null_stg_order_items_PRODUCT_ID.sql
[2025-09-22T07:58:27.795+0000] {subprocess.py:90} INFO - [0m07:58:27
[2025-09-22T07:58:27.795+0000] {subprocess.py:90} INFO - [0m07:58:27  Done. PASS=0 WARN=0 ERROR=3 SKIP=0 NO-OP=0 TOTAL=3
[2025-09-22T07:58:27.795+0000] {subprocess.py:90} INFO - [0m07:58:27  [[33mWARNING[0m][DeprecationsSummary]: Deprecated functionality
[2025-09-22T07:58:27.796+0000] {subprocess.py:90} INFO - Summary of encountered deprecations:
[2025-09-22T07:58:27.796+0000] {subprocess.py:90} INFO - - ModelParamUsageDeprecation: 1 occurrence
[2025-09-22T07:58:27.796+0000] {subprocess.py:90} INFO - To see all deprecation instances instead of just the first occurrence of each,
[2025-09-22T07:58:27.796+0000] {subprocess.py:90} INFO - run command again with the `--show-all-deprecations` flag. You may also need to
[2025-09-22T07:58:27.796+0000] {subprocess.py:90} INFO - run with `--no-partial-parse` as some deprecations are only encountered during
[2025-09-22T07:58:27.797+0000] {subprocess.py:90} INFO - parsing.
[2025-09-22T07:58:29.519+0000] {subprocess.py:94} INFO - Command exited with return code 1
[2025-09-22T07:58:29.520+0000] {local.py:441} INFO - parsing.
[2025-09-22T07:58:29.533+0000] {local.py:196} WARNING - Artifact schema version: https://schemas.getdbt.com/dbt/manifest/v12.json is above dbt-ol supported version 7. This might cause errors.
[2025-09-22T07:58:29.534+0000] {local.py:196} WARNING - Artifact schema version: https://schemas.getdbt.com/dbt/run-results/v6.json is above dbt-ol supported version 5. This might cause errors.
[2025-09-22T07:58:29.542+0000] {local.py:547} INFO - Inlets: []
[2025-09-22T07:58:29.542+0000] {local.py:548} INFO - Outlets: []
[2025-09-22T07:58:29.542+0000] {local.py:772} INFO - Assigning inlets/outlets without DatasetAlias
[2025-09-22T07:58:29.543+0000] {dag.py:3089} INFO - Sync 1 DAGs
[2025-09-22T07:58:29.641+0000] {dag.py:3947} INFO - Setting next_dagrun for dbt_staging to 2025-09-22 00:00:00+00:00, run_after=2025-09-23 00:00:00+00:00
[2025-09-22T07:58:29.705+0000] {local.py:253} ERROR - [0m07:58:26  Running with dbt=1.10.11
[0m07:58:26  [[33mWARNING[0m]: Deprecated functionality
Usage of `--models`, `--model`, and `-m` is deprecated in favor of `--select` or
`-s`.
[0m07:58:26  Registered adapter: clickhouse=1.9.3
[0m07:58:27  Found 8 models, 47 data tests, 8 sources, 597 macros
[0m07:58:27
[0m07:58:27  Concurrency: 4 threads (target='dev')
[0m07:58:27
[0m07:58:27  1 of 3 START test not_null_stg_order_items_ORDER_ID ............................ [RUN]
[0m07:58:27  2 of 3 START test not_null_stg_order_items_ORDER_ITEM_ID ....................... [RUN]
[0m07:58:27  3 of 3 START test not_null_stg_order_items_PRODUCT_ID .......................... [RUN]
[0m07:58:27  1 of 3 ERROR not_null_stg_order_items_ORDER_ID ................................. [[31mERROR[0m in 0.10s]
[0m07:58:27  2 of 3 ERROR not_null_stg_order_items_ORDER_ITEM_ID ............................ [[31mERROR[0m in 0.13s]
[0m07:58:27  3 of 3 ERROR not_null_stg_order_items_PRODUCT_ID ............................... [[31mERROR[0m in 0.14s]
[0m07:58:27
[0m07:58:27  Finished running 3 data tests in 0 hours 0 minutes and 0.26 seconds (0.26s).
[0m07:58:27
[0m07:58:27  [31mCompleted with 3 errors, 0 partial successes, and 0 warnings:[0m
[0m07:58:27
[0m07:58:27  [31mFailure in test not_null_stg_order_items_ORDER_ID (models/ecom_staging/schema.yml)[0m
[0m07:58:27    Database Error in test not_null_stg_order_items_ORDER_ID (models/ecom_staging/schema.yml)
  HTTPDriver for http://clickhouse:8123 received ClickHouse error code 47
   Code: 47. DB::Exception: Unknown expression identifier 'ORDER_ID' in scope SELECT ORDER_ID FROM ecom_db_staging.stg_order_items WHERE ORDER_ID IS NULL. Maybe you meant: ['order_id']. (UNKNOWN_IDENTIFIER) (version 24.8.14.39 (official build))
  compiled code at target/run/ecom_staging/models/ecom_staging/schema.yml/not_null_stg_order_items_ORDER_ID.sql
[0m07:58:27
[0m07:58:27    compiled code at target/compiled/ecom_staging/models/ecom_staging/schema.yml/not_null_stg_order_items_ORDER_ID.sql
[0m07:58:27
[0m07:58:27  [31mFailure in test not_null_stg_order_items_ORDER_ITEM_ID (models/ecom_staging/schema.yml)[0m
[0m07:58:27    Database Error in test not_null_stg_order_items_ORDER_ITEM_ID (models/ecom_staging/schema.yml)
  HTTPDriver for http://clickhouse:8123 received ClickHouse error code 47
   Code: 47. DB::Exception: Unknown expression identifier 'ORDER_ITEM_ID' in scope SELECT ORDER_ITEM_ID FROM ecom_db_staging.stg_order_items WHERE ORDER_ITEM_ID IS NULL. Maybe you meant: ['order_item_id']. (UNKNOWN_IDENTIFIER) (version 24.8.14.39 (official build))
  compiled code at target/run/ecom_staging/models/ecom_staging/schema.yml/not_null_stg_order_items_ORDER_ITEM_ID.sql
[0m07:58:27
[0m07:58:27    compiled code at target/compiled/ecom_staging/models/ecom_staging/schema.yml/not_null_stg_order_items_ORDER_ITEM_ID.sql
[0m07:58:27
[0m07:58:27  [31mFailure in test not_null_stg_order_items_PRODUCT_ID (models/ecom_staging/schema.yml)[0m
[0m07:58:27    Database Error in test not_null_stg_order_items_PRODUCT_ID (models/ecom_staging/schema.yml)
  HTTPDriver for http://clickhouse:8123 received ClickHouse error code 47
   Code: 47. DB::Exception: Unknown expression identifier 'PRODUCT_ID' in scope SELECT PRODUCT_ID FROM ecom_db_staging.stg_order_items WHERE PRODUCT_ID IS NULL. Maybe you meant: ['product_id']. (UNKNOWN_IDENTIFIER) (version 24.8.14.39 (official build))
  compiled code at target/run/ecom_staging/models/ecom_staging/schema.yml/not_null_stg_order_items_PRODUCT_ID.sql
[0m07:58:27
[0m07:58:27    compiled code at target/compiled/ecom_staging/models/ecom_staging/schema.yml/not_null_stg_order_items_PRODUCT_ID.sql
[0m07:58:27
[0m07:58:27  Done. PASS=0 WARN=0 ERROR=3 SKIP=0 NO-OP=0 TOTAL=3
[0m07:58:27  [[33mWARNING[0m][DeprecationsSummary]: Deprecated functionality
Summary of encountered deprecations:
- ModelParamUsageDeprecation: 1 occurrence
To see all deprecation instances instead of just the first occurrence of each,
run command again with the `--show-all-deprecations` flag. You may also need to
run with `--no-partial-parse` as some deprecations are only encountered during
parsing.
[2025-09-22T07:58:29.713+0000] {virtualenv.py:131} INFO - Releasing virtualenv lock
[2025-09-22T07:58:29.714+0000] {taskinstance.py:441} INFO - ::group::Post task execution logs
[2025-09-22T07:58:29.754+0000] {taskinstance.py:2905} ERROR - Task failed with exception
Traceback (most recent call last):
  File "/home/airflow/.local/lib/python3.10/site-packages/airflow/models/taskinstance.py", line 465, in _execute_task
    result = _execute_callable(context=context, **execute_callable_kwargs)
  File "/home/airflow/.local/lib/python3.10/site-packages/airflow/models/taskinstance.py", line 432, in _execute_callable
    return execute_callable(context=context, **execute_callable_kwargs)
  File "/home/airflow/.local/lib/python3.10/site-packages/airflow/models/baseoperator.py", line 401, in wrapper
    return func(self, *args, **kwargs)
  File "/home/airflow/.local/lib/python3.10/site-packages/cosmos/operators/virtualenv.py", line 144, in execute
    output = super().execute(context)
  File "/home/airflow/.local/lib/python3.10/site-packages/airflow/models/baseoperator.py", line 401, in wrapper
    return func(self, *args, **kwargs)
  File "/home/airflow/.local/lib/python3.10/site-packages/cosmos/operators/local.py", line 1089, in execute
    result = self.build_and_run_cmd(context=context, cmd_flags=self.add_cmd_flags())
  File "/home/airflow/.local/lib/python3.10/site-packages/cosmos/operators/local.py", line 853, in build_and_run_cmd
    result = self.run_command(
  File "/home/airflow/.local/lib/python3.10/site-packages/cosmos/operators/virtualenv.py", line 129, in run_command
    return super().run_command(cmd, env, context, run_as_async=run_as_async, async_context=async_context)
  File "/home/airflow/.local/lib/python3.10/site-packages/cosmos/operators/local.py", line 650, in run_command
    self.handle_exception(result)
  File "/home/airflow/.local/lib/python3.10/site-packages/cosmos/operators/local.py", line 254, in handle_exception_subprocess
    raise AirflowException(f"dbt command failed. The command returned a non-zero exit code {result.exit_code}.")
airflow.exceptions.AirflowException: dbt command failed. The command returned a non-zero exit code 1.
[2025-09-22T07:58:29.757+0000] {taskinstance.py:1206} INFO - Marking task as FAILED. dag_id=dbt_staging, task_id=dbt_ecom.stg_order_items.test, run_id=scheduled__2025-09-21T00:00:00+00:00, execution_date=20250921T000000, start_date=20250922T075759, end_date=20250922T075829
[2025-09-22T07:58:29.784+0000] {standard_task_runner.py:110} ERROR - Failed to execute job 645 for task dbt_ecom.stg_order_items.test (dbt command failed. The command returned a non-zero exit code 1.; 948)
[2025-09-22T07:58:29.813+0000] {local_task_job_runner.py:243} INFO - Task exited with return code 1
[2025-09-22T07:58:29.873+0000] {taskinstance.py:3503} INFO - 0 downstream tasks scheduled from follow-on schedule check
[2025-09-22T07:58:29.875+0000] {local_task_job_runner.py:222} INFO - ::endgroup::
[2025-09-22T08:15:24.021+0000] {local_task_job_runner.py:120} INFO - ::group::Pre task execution logs
[2025-09-22T08:15:24.316+0000] {taskinstance.py:2076} INFO - Dependencies all met for dep_context=non-requeueable deps ti=<TaskInstance: dbt_staging.dbt_ecom.stg_order_items.test scheduled__2025-09-21T00:00:00+00:00 [queued]>
[2025-09-22T08:15:24.331+0000] {taskinstance.py:2076} INFO - Dependencies all met for dep_context=requeueable deps ti=<TaskInstance: dbt_staging.dbt_ecom.stg_order_items.test scheduled__2025-09-21T00:00:00+00:00 [queued]>
[2025-09-22T08:15:24.331+0000] {taskinstance.py:2306} INFO - Starting attempt 1 of 1
[2025-09-22T08:15:24.365+0000] {taskinstance.py:2330} INFO - Executing <Task(DbtTestVirtualenvOperator): dbt_ecom.stg_order_items.test> on 2025-09-21 00:00:00+00:00
[2025-09-22T08:15:24.375+0000] {standard_task_runner.py:64} INFO - Started process 2496 to run task
[2025-09-22T08:15:24.380+0000] {standard_task_runner.py:90} INFO - Running: ['***', 'tasks', 'run', 'dbt_staging', 'dbt_ecom.stg_order_items.test', 'scheduled__2025-09-21T00:00:00+00:00', '--job-id', '655', '--raw', '--subdir', 'DAGS_FOLDER/dbt_staging.py', '--cfg-path', '/tmp/tmp9fxr4kh1']
[2025-09-22T08:15:24.383+0000] {standard_task_runner.py:91} INFO - Job 655: Subtask dbt_ecom.stg_order_items.test
[2025-09-22T08:15:24.634+0000] {task_command.py:426} INFO - Running <TaskInstance: dbt_staging.dbt_ecom.stg_order_items.test scheduled__2025-09-21T00:00:00+00:00 [running]> on host e95bde6b8d07
[2025-09-22T08:15:25.052+0000] {taskinstance.py:2648} INFO - Exporting env vars: AIRFLOW_CTX_DAG_OWNER='***' AIRFLOW_CTX_DAG_ID='dbt_staging' AIRFLOW_CTX_TASK_ID='dbt_ecom.stg_order_items.test' AIRFLOW_CTX_EXECUTION_DATE='2025-09-21T00:00:00+00:00' AIRFLOW_CTX_TRY_NUMBER='1' AIRFLOW_CTX_DAG_RUN_ID='scheduled__2025-09-21T00:00:00+00:00'
[2025-09-22T08:15:25.054+0000] {taskinstance.py:430} INFO - ::endgroup::
[2025-09-22T08:15:25.067+0000] {baseoperator.py:400} WARNING - DbtTestVirtualenvOperator.execute cannot be called outside TaskInstance!
[2025-09-22T08:15:25.068+0000] {virtualenv.py:120} INFO - Checking if the virtualenv lock /tmp/cosmos_venv_ecom/cosmos_virtualenv.lock exists
[2025-09-22T08:15:25.069+0000] {virtualenv.py:178} INFO - Checking for running process with PID 2492
[2025-09-22T08:15:25.070+0000] {virtualenv.py:181} INFO - Process 2492 running: True and has the lock /tmp/cosmos_venv_ecom/cosmos_virtualenv.lock.
[2025-09-22T08:15:25.070+0000] {virtualenv.py:122} INFO - Waiting for virtualenv lock to be released
[2025-09-22T08:15:26.072+0000] {virtualenv.py:178} INFO - Checking for running process with PID 2492
[2025-09-22T08:15:26.073+0000] {virtualenv.py:181} INFO - Process 2492 running: True and has the lock /tmp/cosmos_venv_ecom/cosmos_virtualenv.lock.
[2025-09-22T08:15:26.073+0000] {virtualenv.py:122} INFO - Waiting for virtualenv lock to be released
[2025-09-22T08:15:27.075+0000] {virtualenv.py:178} INFO - Checking for running process with PID 2492
[2025-09-22T08:15:27.076+0000] {virtualenv.py:181} INFO - Process 2492 running: True and has the lock /tmp/cosmos_venv_ecom/cosmos_virtualenv.lock.
[2025-09-22T08:15:27.077+0000] {virtualenv.py:122} INFO - Waiting for virtualenv lock to be released
[2025-09-22T08:15:28.078+0000] {virtualenv.py:178} INFO - Checking for running process with PID 2492
[2025-09-22T08:15:28.079+0000] {virtualenv.py:181} INFO - Process 2492 running: True and has the lock /tmp/cosmos_venv_ecom/cosmos_virtualenv.lock.
[2025-09-22T08:15:28.079+0000] {virtualenv.py:122} INFO - Waiting for virtualenv lock to be released
[2025-09-22T08:15:29.081+0000] {virtualenv.py:178} INFO - Checking for running process with PID 2492
[2025-09-22T08:15:29.082+0000] {virtualenv.py:181} INFO - Process 2492 running: True and has the lock /tmp/cosmos_venv_ecom/cosmos_virtualenv.lock.
[2025-09-22T08:15:29.083+0000] {virtualenv.py:122} INFO - Waiting for virtualenv lock to be released
[2025-09-22T08:15:30.085+0000] {virtualenv.py:178} INFO - Checking for running process with PID 2492
[2025-09-22T08:15:30.086+0000] {virtualenv.py:181} INFO - Process 2492 running: True and has the lock /tmp/cosmos_venv_ecom/cosmos_virtualenv.lock.
[2025-09-22T08:15:30.086+0000] {virtualenv.py:122} INFO - Waiting for virtualenv lock to be released
[2025-09-22T08:15:31.088+0000] {virtualenv.py:178} INFO - Checking for running process with PID 2492
[2025-09-22T08:15:31.088+0000] {virtualenv.py:181} INFO - Process 2492 running: True and has the lock /tmp/cosmos_venv_ecom/cosmos_virtualenv.lock.
[2025-09-22T08:15:31.089+0000] {virtualenv.py:122} INFO - Waiting for virtualenv lock to be released
[2025-09-22T08:15:32.090+0000] {virtualenv.py:178} INFO - Checking for running process with PID 2492
[2025-09-22T08:15:32.091+0000] {virtualenv.py:181} INFO - Process 2492 running: True and has the lock /tmp/cosmos_venv_ecom/cosmos_virtualenv.lock.
[2025-09-22T08:15:32.092+0000] {virtualenv.py:122} INFO - Waiting for virtualenv lock to be released
[2025-09-22T08:15:33.093+0000] {virtualenv.py:178} INFO - Checking for running process with PID 2492
[2025-09-22T08:15:33.094+0000] {virtualenv.py:181} INFO - Process 2492 running: True and has the lock /tmp/cosmos_venv_ecom/cosmos_virtualenv.lock.
[2025-09-22T08:15:33.095+0000] {virtualenv.py:122} INFO - Waiting for virtualenv lock to be released
[2025-09-22T08:15:34.097+0000] {virtualenv.py:178} INFO - Checking for running process with PID 2492
[2025-09-22T08:15:34.098+0000] {virtualenv.py:181} INFO - Process 2492 running: True and has the lock /tmp/cosmos_venv_ecom/cosmos_virtualenv.lock.
[2025-09-22T08:15:34.099+0000] {virtualenv.py:122} INFO - Waiting for virtualenv lock to be released
[2025-09-22T08:15:35.101+0000] {virtualenv.py:178} INFO - Checking for running process with PID 2492
[2025-09-22T08:15:35.102+0000] {virtualenv.py:181} INFO - Process 2492 running: True and has the lock /tmp/cosmos_venv_ecom/cosmos_virtualenv.lock.
[2025-09-22T08:15:35.103+0000] {virtualenv.py:122} INFO - Waiting for virtualenv lock to be released
[2025-09-22T08:15:36.105+0000] {virtualenv.py:178} INFO - Checking for running process with PID 2492
[2025-09-22T08:15:36.106+0000] {virtualenv.py:181} INFO - Process 2492 running: True and has the lock /tmp/cosmos_venv_ecom/cosmos_virtualenv.lock.
[2025-09-22T08:15:36.106+0000] {virtualenv.py:122} INFO - Waiting for virtualenv lock to be released
[2025-09-22T08:15:37.107+0000] {virtualenv.py:178} INFO - Checking for running process with PID 2492
[2025-09-22T08:15:37.108+0000] {virtualenv.py:181} INFO - Process 2492 running: True and has the lock /tmp/cosmos_venv_ecom/cosmos_virtualenv.lock.
[2025-09-22T08:15:37.109+0000] {virtualenv.py:122} INFO - Waiting for virtualenv lock to be released
[2025-09-22T08:15:38.111+0000] {virtualenv.py:178} INFO - Checking for running process with PID 2492
[2025-09-22T08:15:38.111+0000] {virtualenv.py:181} INFO - Process 2492 running: True and has the lock /tmp/cosmos_venv_ecom/cosmos_virtualenv.lock.
[2025-09-22T08:15:38.112+0000] {virtualenv.py:122} INFO - Waiting for virtualenv lock to be released
[2025-09-22T08:15:39.113+0000] {virtualenv.py:126} INFO - Acquiring the virtualenv lock
[2025-09-22T08:15:39.115+0000] {virtualenv.py:195} INFO - Acquiring lock at /tmp/cosmos_venv_ecom/cosmos_virtualenv.lock with pid 2496
[2025-09-22T08:15:39.116+0000] {virtualenv.py:153} INFO - Creating or updating the virtualenv at `/tmp/cosmos_venv_ecom
[2025-09-22T08:15:39.117+0000] {process_utils.py:183} INFO - Executing cmd: /home/***/.local/bin/python -m virtualenv /tmp/cosmos_venv_ecom --python=python3
[2025-09-22T08:15:39.118+0000] {process_utils.py:187} INFO - Output:
[2025-09-22T08:15:40.602+0000] {process_utils.py:191} INFO - created virtual environment CPython3.10.14.final.0-64 in 576ms
[2025-09-22T08:15:40.603+0000] {process_utils.py:191} INFO -   creator CPython3Posix(dest=/tmp/cosmos_venv_ecom, clear=False, no_vcs_ignore=False, global=False)
[2025-09-22T08:15:40.604+0000] {process_utils.py:191} INFO -   seeder FromAppData(download=False, pip=bundle, setuptools=bundle, wheel=bundle, via=copy, app_data_dir=/home/***/.local/share/virtualenv)
[2025-09-22T08:15:40.605+0000] {process_utils.py:191} INFO -     added seed packages: MarkupSafe==3.0.2, PyYAML==6.0.2, agate==1.9.1, annotated_types==0.7.0, attrs==25.3.0, babel==2.17.0, certifi==2025.8.3, charset_normalizer==3.4.3, click==8.2.1, clickhouse_connect==0.8.18, clickhouse_driver==0.2.9, colorama==0.4.6, daff==1.4.2, dbt_adapters==1.16.7, dbt_clickhouse==1.9.3, dbt_common==1.30.0, dbt_core==1.10.11, dbt_extractor==0.6.0, dbt_protos==1.0.375, dbt_semantic_interfaces==0.9.0, deepdiff==8.6.1, idna==3.10, importlib_metadata==8.7.0, isodate==0.6.1, jinja2==3.1.6, jsonschema==4.25.1, jsonschema_specifications==2025.9.1, leather==0.4.0, lz4==4.4.4, mashumaro==3.14, more_itertools==10.8.0, msgpack==1.1.1, networkx==3.4.2, orderly_set==5.5.0, packaging==25.0, parsedatetime==2.6, pathspec==0.12.1, pip==25.2, protobuf==6.32.1, pydantic==2.11.7, pydantic_core==2.33.2, python_dateutil==2.9.0.post0, python_slugify==8.0.4, pytimeparse==1.1.8, pytz==2025.2, referencing==0.36.2, requests==2.32.5, rpds_py==0.27.1, setuptools==80.9.0, six==1.17.0, snowplow_tracker==1.1.0, sqlparse==0.5.3, text_unidecode==1.3, typing_extensions==4.15.0, typing_inspection==0.4.1, tzlocal==5.3.1, urllib3==2.5.0, wheel==0.45.1, zipp==3.23.0, zstandard==0.24.0
[2025-09-22T08:15:40.605+0000] {process_utils.py:191} INFO -   activators BashActivator,CShellActivator,FishActivator,NushellActivator,PowerShellActivator,PythonActivator
[2025-09-22T08:15:40.666+0000] {process_utils.py:183} INFO - Executing cmd: /tmp/cosmos_venv_ecom/bin/pip install dbt-clickhouse
[2025-09-22T08:15:40.667+0000] {process_utils.py:187} INFO - Output:
[2025-09-22T08:15:42.057+0000] {process_utils.py:191} INFO - Requirement already satisfied: dbt-clickhouse in /tmp/cosmos_venv_ecom/lib/python3.10/site-packages (1.9.3)
[2025-09-22T08:15:42.059+0000] {process_utils.py:191} INFO - Requirement already satisfied: dbt-core>=1.9 in /tmp/cosmos_venv_ecom/lib/python3.10/site-packages (from dbt-clickhouse) (1.10.11)
[2025-09-22T08:15:42.059+0000] {process_utils.py:191} INFO - Requirement already satisfied: clickhouse-connect>=0.6.22 in /tmp/cosmos_venv_ecom/lib/python3.10/site-packages (from dbt-clickhouse) (0.8.18)
[2025-09-22T08:15:42.060+0000] {process_utils.py:191} INFO - Requirement already satisfied: clickhouse-driver>=0.2.6 in /tmp/cosmos_venv_ecom/lib/python3.10/site-packages (from dbt-clickhouse) (0.2.9)
[2025-09-22T08:15:42.061+0000] {process_utils.py:191} INFO - Requirement already satisfied: setuptools>=0.69 in /tmp/cosmos_venv_ecom/lib/python3.10/site-packages (from dbt-clickhouse) (80.9.0)
[2025-09-22T08:15:42.064+0000] {process_utils.py:191} INFO - Requirement already satisfied: certifi in /tmp/cosmos_venv_ecom/lib/python3.10/site-packages (from clickhouse-connect>=0.6.22->dbt-clickhouse) (2025.8.3)
[2025-09-22T08:15:42.065+0000] {process_utils.py:191} INFO - Requirement already satisfied: urllib3>=1.26 in /tmp/cosmos_venv_ecom/lib/python3.10/site-packages (from clickhouse-connect>=0.6.22->dbt-clickhouse) (2.5.0)
[2025-09-22T08:15:42.066+0000] {process_utils.py:191} INFO - Requirement already satisfied: pytz in /tmp/cosmos_venv_ecom/lib/python3.10/site-packages (from clickhouse-connect>=0.6.22->dbt-clickhouse) (2025.2)
[2025-09-22T08:15:42.066+0000] {process_utils.py:191} INFO - Requirement already satisfied: zstandard in /tmp/cosmos_venv_ecom/lib/python3.10/site-packages (from clickhouse-connect>=0.6.22->dbt-clickhouse) (0.24.0)
[2025-09-22T08:15:42.066+0000] {process_utils.py:191} INFO - Requirement already satisfied: lz4 in /tmp/cosmos_venv_ecom/lib/python3.10/site-packages (from clickhouse-connect>=0.6.22->dbt-clickhouse) (4.4.4)
[2025-09-22T08:15:42.069+0000] {process_utils.py:191} INFO - Requirement already satisfied: tzlocal in /tmp/cosmos_venv_ecom/lib/python3.10/site-packages (from clickhouse-driver>=0.2.6->dbt-clickhouse) (5.3.1)
[2025-09-22T08:15:42.073+0000] {process_utils.py:191} INFO - Requirement already satisfied: agate<1.10,>=1.7.0 in /tmp/cosmos_venv_ecom/lib/python3.10/site-packages (from dbt-core>=1.9->dbt-clickhouse) (1.9.1)
[2025-09-22T08:15:42.074+0000] {process_utils.py:191} INFO - Requirement already satisfied: Jinja2<4,>=3.1.3 in /tmp/cosmos_venv_ecom/lib/python3.10/site-packages (from dbt-core>=1.9->dbt-clickhouse) (3.1.6)
[2025-09-22T08:15:42.076+0000] {process_utils.py:191} INFO - Requirement already satisfied: mashumaro<3.15,>=3.9 in /tmp/cosmos_venv_ecom/lib/python3.10/site-packages (from mashumaro[msgpack]<3.15,>=3.9->dbt-core>=1.9->dbt-clickhouse) (3.14)
[2025-09-22T08:15:42.078+0000] {process_utils.py:191} INFO - Requirement already satisfied: click<9.0,>=8.0.2 in /tmp/cosmos_venv_ecom/lib/python3.10/site-packages (from dbt-core>=1.9->dbt-clickhouse) (8.2.1)
[2025-09-22T08:15:42.078+0000] {process_utils.py:191} INFO - Requirement already satisfied: jsonschema<5.0,>=4.19.1 in /tmp/cosmos_venv_ecom/lib/python3.10/site-packages (from dbt-core>=1.9->dbt-clickhouse) (4.25.1)
[2025-09-22T08:15:42.079+0000] {process_utils.py:191} INFO - Requirement already satisfied: networkx<4.0,>=2.3 in /tmp/cosmos_venv_ecom/lib/python3.10/site-packages (from dbt-core>=1.9->dbt-clickhouse) (3.4.2)
[2025-09-22T08:15:42.079+0000] {process_utils.py:191} INFO - Requirement already satisfied: protobuf<7.0,>=6.0 in /tmp/cosmos_venv_ecom/lib/python3.10/site-packages (from dbt-core>=1.9->dbt-clickhouse) (6.32.1)
[2025-09-22T08:15:42.080+0000] {process_utils.py:191} INFO - Requirement already satisfied: requests<3.0.0 in /tmp/cosmos_venv_ecom/lib/python3.10/site-packages (from dbt-core>=1.9->dbt-clickhouse) (2.32.5)
[2025-09-22T08:15:42.080+0000] {process_utils.py:191} INFO - Requirement already satisfied: snowplow-tracker<2.0,>=1.0.2 in /tmp/cosmos_venv_ecom/lib/python3.10/site-packages (from dbt-core>=1.9->dbt-clickhouse) (1.1.0)
[2025-09-22T08:15:42.081+0000] {process_utils.py:191} INFO - Requirement already satisfied: pathspec<0.13,>=0.9 in /tmp/cosmos_venv_ecom/lib/python3.10/site-packages (from dbt-core>=1.9->dbt-clickhouse) (0.12.1)
[2025-09-22T08:15:42.082+0000] {process_utils.py:191} INFO - Requirement already satisfied: sqlparse<0.6.0,>=0.5.0 in /tmp/cosmos_venv_ecom/lib/python3.10/site-packages (from dbt-core>=1.9->dbt-clickhouse) (0.5.3)
[2025-09-22T08:15:42.083+0000] {process_utils.py:191} INFO - Requirement already satisfied: dbt-extractor<=0.6,>=0.5.0 in /tmp/cosmos_venv_ecom/lib/python3.10/site-packages (from dbt-core>=1.9->dbt-clickhouse) (0.6.0)
[2025-09-22T08:15:42.084+0000] {process_utils.py:191} INFO - Requirement already satisfied: dbt-semantic-interfaces<0.10,>=0.9.0 in /tmp/cosmos_venv_ecom/lib/python3.10/site-packages (from dbt-core>=1.9->dbt-clickhouse) (0.9.0)
[2025-09-22T08:15:42.085+0000] {process_utils.py:191} INFO - Requirement already satisfied: dbt-common<2.0,>=1.27.0 in /tmp/cosmos_venv_ecom/lib/python3.10/site-packages (from dbt-core>=1.9->dbt-clickhouse) (1.30.0)
[2025-09-22T08:15:42.085+0000] {process_utils.py:191} INFO - Requirement already satisfied: dbt-adapters<2.0,>=1.15.5 in /tmp/cosmos_venv_ecom/lib/python3.10/site-packages (from dbt-core>=1.9->dbt-clickhouse) (1.16.7)
[2025-09-22T08:15:42.086+0000] {process_utils.py:191} INFO - Requirement already satisfied: dbt-protos<2.0,>=1.0.346 in /tmp/cosmos_venv_ecom/lib/python3.10/site-packages (from dbt-core>=1.9->dbt-clickhouse) (1.0.375)
[2025-09-22T08:15:42.087+0000] {process_utils.py:191} INFO - Requirement already satisfied: pydantic<3 in /tmp/cosmos_venv_ecom/lib/python3.10/site-packages (from dbt-core>=1.9->dbt-clickhouse) (2.11.7)
[2025-09-22T08:15:42.087+0000] {process_utils.py:191} INFO - Requirement already satisfied: packaging>20.9 in /tmp/cosmos_venv_ecom/lib/python3.10/site-packages (from dbt-core>=1.9->dbt-clickhouse) (25.0)
[2025-09-22T08:15:42.089+0000] {process_utils.py:191} INFO - Requirement already satisfied: pyyaml>=6.0 in /tmp/cosmos_venv_ecom/lib/python3.10/site-packages (from dbt-core>=1.9->dbt-clickhouse) (6.0.2)
[2025-09-22T08:15:42.090+0000] {process_utils.py:191} INFO - Requirement already satisfied: daff>=1.3.46 in /tmp/cosmos_venv_ecom/lib/python3.10/site-packages (from dbt-core>=1.9->dbt-clickhouse) (1.4.2)
[2025-09-22T08:15:42.090+0000] {process_utils.py:191} INFO - Requirement already satisfied: typing-extensions>=4.4 in /tmp/cosmos_venv_ecom/lib/python3.10/site-packages (from dbt-core>=1.9->dbt-clickhouse) (4.15.0)
[2025-09-22T08:15:42.094+0000] {process_utils.py:191} INFO - Requirement already satisfied: Babel>=2.0 in /tmp/cosmos_venv_ecom/lib/python3.10/site-packages (from agate<1.10,>=1.7.0->dbt-core>=1.9->dbt-clickhouse) (2.17.0)
[2025-09-22T08:15:42.096+0000] {process_utils.py:191} INFO - Requirement already satisfied: isodate>=0.5.4 in /tmp/cosmos_venv_ecom/lib/python3.10/site-packages (from agate<1.10,>=1.7.0->dbt-core>=1.9->dbt-clickhouse) (0.6.1)
[2025-09-22T08:15:42.097+0000] {process_utils.py:191} INFO - Requirement already satisfied: leather>=0.3.2 in /tmp/cosmos_venv_ecom/lib/python3.10/site-packages (from agate<1.10,>=1.7.0->dbt-core>=1.9->dbt-clickhouse) (0.4.0)
[2025-09-22T08:15:42.099+0000] {process_utils.py:191} INFO - Requirement already satisfied: parsedatetime!=2.5,>=2.1 in /tmp/cosmos_venv_ecom/lib/python3.10/site-packages (from agate<1.10,>=1.7.0->dbt-core>=1.9->dbt-clickhouse) (2.6)
[2025-09-22T08:15:42.100+0000] {process_utils.py:191} INFO - Requirement already satisfied: python-slugify>=1.2.1 in /tmp/cosmos_venv_ecom/lib/python3.10/site-packages (from agate<1.10,>=1.7.0->dbt-core>=1.9->dbt-clickhouse) (8.0.4)
[2025-09-22T08:15:42.101+0000] {process_utils.py:191} INFO - Requirement already satisfied: pytimeparse>=1.1.5 in /tmp/cosmos_venv_ecom/lib/python3.10/site-packages (from agate<1.10,>=1.7.0->dbt-core>=1.9->dbt-clickhouse) (1.1.8)
[2025-09-22T08:15:42.118+0000] {process_utils.py:191} INFO - Requirement already satisfied: colorama<0.5,>=0.3.9 in /tmp/cosmos_venv_ecom/lib/python3.10/site-packages (from dbt-common<2.0,>=1.27.0->dbt-core>=1.9->dbt-clickhouse) (0.4.6)
[2025-09-22T08:15:42.119+0000] {process_utils.py:191} INFO - Requirement already satisfied: deepdiff<9.0,>=7.0 in /tmp/cosmos_venv_ecom/lib/python3.10/site-packages (from dbt-common<2.0,>=1.27.0->dbt-core>=1.9->dbt-clickhouse) (8.6.1)
[2025-09-22T08:15:42.121+0000] {process_utils.py:191} INFO - Requirement already satisfied: python-dateutil<3.0,>=2.0 in /tmp/cosmos_venv_ecom/lib/python3.10/site-packages (from dbt-common<2.0,>=1.27.0->dbt-core>=1.9->dbt-clickhouse) (2.9.0.post0)
[2025-09-22T08:15:42.128+0000] {process_utils.py:191} INFO - Requirement already satisfied: importlib-metadata<9,>=6.0 in /tmp/cosmos_venv_ecom/lib/python3.10/site-packages (from dbt-semantic-interfaces<0.10,>=0.9.0->dbt-core>=1.9->dbt-clickhouse) (8.7.0)
[2025-09-22T08:15:42.130+0000] {process_utils.py:191} INFO - Requirement already satisfied: more-itertools<11.0,>=8.0 in /tmp/cosmos_venv_ecom/lib/python3.10/site-packages (from dbt-semantic-interfaces<0.10,>=0.9.0->dbt-core>=1.9->dbt-clickhouse) (10.8.0)
[2025-09-22T08:15:42.141+0000] {process_utils.py:191} INFO - Requirement already satisfied: orderly-set<6,>=5.4.1 in /tmp/cosmos_venv_ecom/lib/python3.10/site-packages (from deepdiff<9.0,>=7.0->dbt-common<2.0,>=1.27.0->dbt-core>=1.9->dbt-clickhouse) (5.5.0)
[2025-09-22T08:15:42.149+0000] {process_utils.py:191} INFO - Requirement already satisfied: zipp>=3.20 in /tmp/cosmos_venv_ecom/lib/python3.10/site-packages (from importlib-metadata<9,>=6.0->dbt-semantic-interfaces<0.10,>=0.9.0->dbt-core>=1.9->dbt-clickhouse) (3.23.0)
[2025-09-22T08:15:42.152+0000] {process_utils.py:191} INFO - Requirement already satisfied: six in /tmp/cosmos_venv_ecom/lib/python3.10/site-packages (from isodate>=0.5.4->agate<1.10,>=1.7.0->dbt-core>=1.9->dbt-clickhouse) (1.17.0)
[2025-09-22T08:15:42.155+0000] {process_utils.py:191} INFO - Requirement already satisfied: MarkupSafe>=2.0 in /tmp/cosmos_venv_ecom/lib/python3.10/site-packages (from Jinja2<4,>=3.1.3->dbt-core>=1.9->dbt-clickhouse) (3.0.2)
[2025-09-22T08:15:42.160+0000] {process_utils.py:191} INFO - Requirement already satisfied: attrs>=22.2.0 in /tmp/cosmos_venv_ecom/lib/python3.10/site-packages (from jsonschema<5.0,>=4.19.1->dbt-core>=1.9->dbt-clickhouse) (25.3.0)
[2025-09-22T08:15:42.161+0000] {process_utils.py:191} INFO - Requirement already satisfied: jsonschema-specifications>=2023.03.6 in /tmp/cosmos_venv_ecom/lib/python3.10/site-packages (from jsonschema<5.0,>=4.19.1->dbt-core>=1.9->dbt-clickhouse) (2025.9.1)
[2025-09-22T08:15:42.166+0000] {process_utils.py:191} INFO - Requirement already satisfied: referencing>=0.28.4 in /tmp/cosmos_venv_ecom/lib/python3.10/site-packages (from jsonschema<5.0,>=4.19.1->dbt-core>=1.9->dbt-clickhouse) (0.36.2)
[2025-09-22T08:15:42.166+0000] {process_utils.py:191} INFO - Requirement already satisfied: rpds-py>=0.7.1 in /tmp/cosmos_venv_ecom/lib/python3.10/site-packages (from jsonschema<5.0,>=4.19.1->dbt-core>=1.9->dbt-clickhouse) (0.27.1)
[2025-09-22T08:15:42.172+0000] {process_utils.py:191} INFO - Requirement already satisfied: msgpack>=0.5.6 in /tmp/cosmos_venv_ecom/lib/python3.10/site-packages (from mashumaro[msgpack]<3.15,>=3.9->dbt-core>=1.9->dbt-clickhouse) (1.1.1)
[2025-09-22T08:15:42.193+0000] {process_utils.py:191} INFO - Requirement already satisfied: annotated-types>=0.6.0 in /tmp/cosmos_venv_ecom/lib/python3.10/site-packages (from pydantic<3->dbt-core>=1.9->dbt-clickhouse) (0.7.0)
[2025-09-22T08:15:42.194+0000] {process_utils.py:191} INFO - Requirement already satisfied: pydantic-core==2.33.2 in /tmp/cosmos_venv_ecom/lib/python3.10/site-packages (from pydantic<3->dbt-core>=1.9->dbt-clickhouse) (2.33.2)
[2025-09-22T08:15:42.196+0000] {process_utils.py:191} INFO - Requirement already satisfied: typing-inspection>=0.4.0 in /tmp/cosmos_venv_ecom/lib/python3.10/site-packages (from pydantic<3->dbt-core>=1.9->dbt-clickhouse) (0.4.1)
[2025-09-22T08:15:42.205+0000] {process_utils.py:191} INFO - Requirement already satisfied: charset_normalizer<4,>=2 in /tmp/cosmos_venv_ecom/lib/python3.10/site-packages (from requests<3.0.0->dbt-core>=1.9->dbt-clickhouse) (3.4.3)
[2025-09-22T08:15:42.205+0000] {process_utils.py:191} INFO - Requirement already satisfied: idna<4,>=2.5 in /tmp/cosmos_venv_ecom/lib/python3.10/site-packages (from requests<3.0.0->dbt-core>=1.9->dbt-clickhouse) (3.10)
[2025-09-22T08:15:42.249+0000] {process_utils.py:191} INFO - Requirement already satisfied: text-unidecode>=1.3 in /tmp/cosmos_venv_ecom/lib/python3.10/site-packages (from python-slugify>=1.2.1->agate<1.10,>=1.7.0->dbt-core>=1.9->dbt-clickhouse) (1.3)
[2025-09-22T08:15:42.394+0000] {local.py:470} INFO - Cloning project to writable temp directory /tmp/tmp315vcppg from /opt/airflow/dags/dbt/ecom_staging
[2025-09-22T08:15:42.411+0000] {local.py:490} INFO - Partial parse is enabled and the latest partial parse file is /tmp/cosmos/dbt_staging__dbt_ecom/target/partial_parse.msgpack
[2025-09-22T08:15:42.421+0000] {config.py:362} INFO - Using user-supplied profiles.yml at /opt/airflow/dags/dbt/profiles.yml
[2025-09-22T08:15:42.434+0000] {virtualenv.py:99} INFO - Using Python binary from virtualenv: /tmp/cosmos_venv_ecom/bin/python
[2025-09-22T08:15:42.434+0000] {local.py:434} INFO - Trying to run the command:
 ['/tmp/cosmos_venv_ecom/bin/dbt', 'deps', '--project-dir', '/tmp/tmp315vcppg', '--profiles-dir', '/opt/***/dags/dbt', '--profile', 'ecom_staging', '--target', 'dev']
From /tmp/tmp315vcppg
[2025-09-22T08:15:42.435+0000] {subprocess.py:56} INFO - Tmp dir root location: 
 /tmp
[2025-09-22T08:15:42.435+0000] {subprocess.py:69} INFO - Running command: ['/tmp/cosmos_venv_ecom/bin/dbt', 'deps', '--project-dir', '/tmp/tmp315vcppg', '--profiles-dir', '/opt/***/dags/dbt', '--profile', 'ecom_staging', '--target', 'dev']
[2025-09-22T08:15:42.445+0000] {subprocess.py:80} INFO - Command output:
[2025-09-22T08:15:44.852+0000] {subprocess.py:90} INFO - [0m08:15:44  Running with dbt=1.10.11
[2025-09-22T08:15:45.690+0000] {subprocess.py:90} INFO - [0m08:15:45  Installing dbt-labs/dbt_utils
[2025-09-22T08:15:46.400+0000] {subprocess.py:90} INFO - [0m08:15:46  Installed from version 1.3.0
[2025-09-22T08:15:46.401+0000] {subprocess.py:90} INFO - [0m08:15:46  Updated version available: 1.3.1
[2025-09-22T08:15:46.401+0000] {subprocess.py:90} INFO - [0m08:15:46
[2025-09-22T08:15:46.402+0000] {subprocess.py:90} INFO - [0m08:15:46  Updates available for packages: ['dbt-labs/dbt_utils']
[2025-09-22T08:15:46.403+0000] {subprocess.py:90} INFO - Update your versions in packages.yml, then run dbt deps
[2025-09-22T08:15:48.178+0000] {subprocess.py:94} INFO - Command exited with return code 0
[2025-09-22T08:15:48.179+0000] {local.py:441} INFO - Update your versions in packages.yml, then run dbt deps
[2025-09-22T08:15:48.179+0000] {virtualenv.py:99} INFO - Using Python binary from virtualenv: /tmp/cosmos_venv_ecom/bin/python
[2025-09-22T08:15:48.180+0000] {local.py:434} INFO - Trying to run the command:
 ['/tmp/cosmos_venv_ecom/bin/dbt', 'test', '--models', 'stg_order_items', '--project-dir', '/tmp/tmp315vcppg', '--profiles-dir', '/opt/***/dags/dbt', '--profile', 'ecom_staging', '--target', 'dev']
From /tmp/tmp315vcppg
[2025-09-22T08:15:48.180+0000] {subprocess.py:56} INFO - Tmp dir root location: 
 /tmp
[2025-09-22T08:15:48.181+0000] {subprocess.py:69} INFO - Running command: ['/tmp/cosmos_venv_ecom/bin/dbt', 'test', '--models', 'stg_order_items', '--project-dir', '/tmp/tmp315vcppg', '--profiles-dir', '/opt/***/dags/dbt', '--profile', 'ecom_staging', '--target', 'dev']
[2025-09-22T08:15:48.191+0000] {subprocess.py:80} INFO - Command output:
[2025-09-22T08:15:50.428+0000] {subprocess.py:90} INFO - [0m08:15:50  Running with dbt=1.10.11
[2025-09-22T08:15:50.431+0000] {subprocess.py:90} INFO - [0m08:15:50  [[33mWARNING[0m]: Deprecated functionality
[2025-09-22T08:15:50.431+0000] {subprocess.py:90} INFO - Usage of `--models`, `--model`, and `-m` is deprecated in favor of `--select` or
[2025-09-22T08:15:50.432+0000] {subprocess.py:90} INFO - `-s`.
[2025-09-22T08:15:50.725+0000] {subprocess.py:90} INFO - [0m08:15:50  Registered adapter: clickhouse=1.9.3
[2025-09-22T08:15:51.497+0000] {subprocess.py:90} INFO - [0m08:15:51  Found 8 models, 46 data tests, 8 sources, 597 macros
[2025-09-22T08:15:51.500+0000] {subprocess.py:90} INFO - [0m08:15:51
[2025-09-22T08:15:51.501+0000] {subprocess.py:90} INFO - [0m08:15:51  Concurrency: 4 threads (target='dev')
[2025-09-22T08:15:51.502+0000] {subprocess.py:90} INFO - [0m08:15:51
[2025-09-22T08:15:51.642+0000] {subprocess.py:90} INFO - [0m08:15:51  1 of 3 START test not_null_stg_order_items_order_id ............................ [RUN]
[2025-09-22T08:15:51.643+0000] {subprocess.py:90} INFO - [0m08:15:51  2 of 3 START test not_null_stg_order_items_order_item_id ....................... [RUN]
[2025-09-22T08:15:51.647+0000] {subprocess.py:90} INFO - [0m08:15:51  3 of 3 START test not_null_stg_order_items_product_id .......................... [RUN]
[2025-09-22T08:15:51.766+0000] {subprocess.py:90} INFO - [0m08:15:51  1 of 3 PASS not_null_stg_order_items_order_id .................................. [[32mPASS[0m in 0.12s]
[2025-09-22T08:15:51.816+0000] {subprocess.py:90} INFO - [0m08:15:51  2 of 3 PASS not_null_stg_order_items_order_item_id ............................. [[32mPASS[0m in 0.17s]
[2025-09-22T08:15:51.822+0000] {subprocess.py:90} INFO - [0m08:15:51  3 of 3 PASS not_null_stg_order_items_product_id ................................ [[32mPASS[0m in 0.17s]
[2025-09-22T08:15:51.829+0000] {subprocess.py:90} INFO - [0m08:15:51
[2025-09-22T08:15:51.829+0000] {subprocess.py:90} INFO - [0m08:15:51  Finished running 3 data tests in 0 hours 0 minutes and 0.33 seconds (0.33s).
[2025-09-22T08:15:51.896+0000] {subprocess.py:90} INFO - [0m08:15:51
[2025-09-22T08:15:51.897+0000] {subprocess.py:90} INFO - [0m08:15:51  [32mCompleted successfully[0m
[2025-09-22T08:15:51.897+0000] {subprocess.py:90} INFO - [0m08:15:51
[2025-09-22T08:15:51.898+0000] {subprocess.py:90} INFO - [0m08:15:51  Done. PASS=3 WARN=0 ERROR=0 SKIP=0 NO-OP=0 TOTAL=3
[2025-09-22T08:15:51.898+0000] {subprocess.py:90} INFO - [0m08:15:51  [[33mWARNING[0m][DeprecationsSummary]: Deprecated functionality
[2025-09-22T08:15:51.898+0000] {subprocess.py:90} INFO - Summary of encountered deprecations:
[2025-09-22T08:15:51.899+0000] {subprocess.py:90} INFO - - ModelParamUsageDeprecation: 1 occurrence
[2025-09-22T08:15:51.900+0000] {subprocess.py:90} INFO - To see all deprecation instances instead of just the first occurrence of each,
[2025-09-22T08:15:51.900+0000] {subprocess.py:90} INFO - run command again with the `--show-all-deprecations` flag. You may also need to
[2025-09-22T08:15:51.900+0000] {subprocess.py:90} INFO - run with `--no-partial-parse` as some deprecations are only encountered during
[2025-09-22T08:15:51.901+0000] {subprocess.py:90} INFO - parsing.
[2025-09-22T08:15:53.548+0000] {subprocess.py:94} INFO - Command exited with return code 0
[2025-09-22T08:15:53.549+0000] {local.py:441} INFO - parsing.
[2025-09-22T08:15:53.565+0000] {local.py:196} WARNING - Artifact schema version: https://schemas.getdbt.com/dbt/manifest/v12.json is above dbt-ol supported version 7. This might cause errors.
[2025-09-22T08:15:53.566+0000] {local.py:196} WARNING - Artifact schema version: https://schemas.getdbt.com/dbt/run-results/v6.json is above dbt-ol supported version 5. This might cause errors.
[2025-09-22T08:15:53.575+0000] {local.py:547} INFO - Inlets: []
[2025-09-22T08:15:53.576+0000] {local.py:548} INFO - Outlets: []
[2025-09-22T08:15:53.577+0000] {local.py:772} INFO - Assigning inlets/outlets without DatasetAlias
[2025-09-22T08:15:53.578+0000] {dag.py:3089} INFO - Sync 1 DAGs
[2025-09-22T08:15:53.722+0000] {virtualenv.py:131} INFO - Releasing virtualenv lock
[2025-09-22T08:15:53.723+0000] {virtualenv.py:145} INFO - None
[2025-09-22T08:15:53.724+0000] {taskinstance.py:441} INFO - ::group::Post task execution logs
[2025-09-22T08:15:53.767+0000] {taskinstance.py:1206} INFO - Marking task as SUCCESS. dag_id=dbt_staging, task_id=dbt_ecom.stg_order_items.test, run_id=scheduled__2025-09-21T00:00:00+00:00, execution_date=20250921T000000, start_date=20250922T081524, end_date=20250922T081553
[2025-09-22T08:15:53.809+0000] {local_task_job_runner.py:243} INFO - Task exited with return code 0
[2025-09-22T08:15:53.866+0000] {taskinstance.py:3503} INFO - 0 downstream tasks scheduled from follow-on schedule check
[2025-09-22T08:15:53.868+0000] {local_task_job_runner.py:222} INFO - ::endgroup::
