[2025-09-19T09:57:42.171+0000] {local_task_job_runner.py:120} INFO - ::group::Pre task execution logs
[2025-09-19T09:57:42.595+0000] {taskinstance.py:2076} INFO - Dependencies all met for dep_context=non-requeueable deps ti=<TaskInstance: dbt_intermediate.intermediate.subcategories_enriched.test scheduled__2025-09-18T00:00:00+00:00 [queued]>
[2025-09-19T09:57:42.616+0000] {taskinstance.py:2076} INFO - Dependencies all met for dep_context=requeueable deps ti=<TaskInstance: dbt_intermediate.intermediate.subcategories_enriched.test scheduled__2025-09-18T00:00:00+00:00 [queued]>
[2025-09-19T09:57:42.627+0000] {taskinstance.py:2306} INFO - Starting attempt 1 of 1
[2025-09-19T09:57:42.666+0000] {taskinstance.py:2330} INFO - Executing <Task(DbtTestVirtualenvOperator): intermediate.subcategories_enriched.test> on 2025-09-18 00:00:00+00:00
[2025-09-19T09:57:42.673+0000] {standard_task_runner.py:64} INFO - Started process 414 to run task
[2025-09-19T09:57:42.682+0000] {standard_task_runner.py:90} INFO - Running: ['***', 'tasks', 'run', 'dbt_intermediate', 'intermediate.subcategories_enriched.test', 'scheduled__2025-09-18T00:00:00+00:00', '--job-id', '512', '--raw', '--subdir', 'DAGS_FOLDER/dbt_intermediate.py', '--cfg-path', '/tmp/tmpofqc2ngj']
[2025-09-19T09:57:42.687+0000] {standard_task_runner.py:91} INFO - Job 512: Subtask intermediate.subcategories_enriched.test
[2025-09-19T09:57:43.009+0000] {task_command.py:426} INFO - Running <TaskInstance: dbt_intermediate.intermediate.subcategories_enriched.test scheduled__2025-09-18T00:00:00+00:00 [running]> on host e95bde6b8d07
[2025-09-19T09:57:43.376+0000] {taskinstance.py:2648} INFO - Exporting env vars: AIRFLOW_CTX_DAG_OWNER='***' AIRFLOW_CTX_DAG_ID='dbt_intermediate' AIRFLOW_CTX_TASK_ID='intermediate.subcategories_enriched.test' AIRFLOW_CTX_EXECUTION_DATE='2025-09-18T00:00:00+00:00' AIRFLOW_CTX_TRY_NUMBER='1' AIRFLOW_CTX_DAG_RUN_ID='scheduled__2025-09-18T00:00:00+00:00'
[2025-09-19T09:57:43.378+0000] {taskinstance.py:430} INFO - ::endgroup::
[2025-09-19T09:57:43.400+0000] {baseoperator.py:400} WARNING - DbtTestVirtualenvOperator.execute cannot be called outside TaskInstance!
[2025-09-19T09:57:43.401+0000] {virtualenv.py:120} INFO - Checking if the virtualenv lock /tmp/cosmos_venv_ecom_intermediate/cosmos_virtualenv.lock exists
[2025-09-19T09:57:43.401+0000] {virtualenv.py:178} INFO - Checking for running process with PID 322
[2025-09-19T09:57:43.402+0000] {virtualenv.py:181} INFO - Process 322 running: True and has the lock /tmp/cosmos_venv_ecom_intermediate/cosmos_virtualenv.lock.
[2025-09-19T09:57:43.403+0000] {virtualenv.py:122} INFO - Waiting for virtualenv lock to be released
[2025-09-19T09:57:44.404+0000] {virtualenv.py:178} INFO - Checking for running process with PID 322
[2025-09-19T09:57:44.405+0000] {virtualenv.py:181} INFO - Process 322 running: True and has the lock /tmp/cosmos_venv_ecom_intermediate/cosmos_virtualenv.lock.
[2025-09-19T09:57:44.406+0000] {virtualenv.py:122} INFO - Waiting for virtualenv lock to be released
[2025-09-19T09:57:45.408+0000] {virtualenv.py:178} INFO - Checking for running process with PID 322
[2025-09-19T09:57:45.409+0000] {virtualenv.py:181} INFO - Process 322 running: True and has the lock /tmp/cosmos_venv_ecom_intermediate/cosmos_virtualenv.lock.
[2025-09-19T09:57:45.409+0000] {virtualenv.py:122} INFO - Waiting for virtualenv lock to be released
[2025-09-19T09:57:46.411+0000] {virtualenv.py:178} INFO - Checking for running process with PID 322
[2025-09-19T09:57:46.411+0000] {virtualenv.py:181} INFO - Process 322 running: True and has the lock /tmp/cosmos_venv_ecom_intermediate/cosmos_virtualenv.lock.
[2025-09-19T09:57:46.412+0000] {virtualenv.py:122} INFO - Waiting for virtualenv lock to be released
[2025-09-19T09:57:47.413+0000] {virtualenv.py:178} INFO - Checking for running process with PID 322
[2025-09-19T09:57:47.414+0000] {virtualenv.py:181} INFO - Process 322 running: True and has the lock /tmp/cosmos_venv_ecom_intermediate/cosmos_virtualenv.lock.
[2025-09-19T09:57:47.415+0000] {virtualenv.py:122} INFO - Waiting for virtualenv lock to be released
[2025-09-19T09:57:48.417+0000] {virtualenv.py:178} INFO - Checking for running process with PID 322
[2025-09-19T09:57:48.418+0000] {virtualenv.py:181} INFO - Process 322 running: True and has the lock /tmp/cosmos_venv_ecom_intermediate/cosmos_virtualenv.lock.
[2025-09-19T09:57:48.418+0000] {virtualenv.py:122} INFO - Waiting for virtualenv lock to be released
[2025-09-19T09:57:49.420+0000] {virtualenv.py:178} INFO - Checking for running process with PID 322
[2025-09-19T09:57:49.421+0000] {virtualenv.py:181} INFO - Process 322 running: True and has the lock /tmp/cosmos_venv_ecom_intermediate/cosmos_virtualenv.lock.
[2025-09-19T09:57:49.422+0000] {virtualenv.py:122} INFO - Waiting for virtualenv lock to be released
[2025-09-19T09:57:50.423+0000] {virtualenv.py:178} INFO - Checking for running process with PID 322
[2025-09-19T09:57:50.424+0000] {virtualenv.py:181} INFO - Process 322 running: True and has the lock /tmp/cosmos_venv_ecom_intermediate/cosmos_virtualenv.lock.
[2025-09-19T09:57:50.425+0000] {virtualenv.py:122} INFO - Waiting for virtualenv lock to be released
[2025-09-19T09:57:51.427+0000] {virtualenv.py:178} INFO - Checking for running process with PID 322
[2025-09-19T09:57:51.428+0000] {virtualenv.py:181} INFO - Process 322 running: True and has the lock /tmp/cosmos_venv_ecom_intermediate/cosmos_virtualenv.lock.
[2025-09-19T09:57:51.431+0000] {virtualenv.py:122} INFO - Waiting for virtualenv lock to be released
[2025-09-19T09:57:52.432+0000] {virtualenv.py:178} INFO - Checking for running process with PID 322
[2025-09-19T09:57:52.433+0000] {virtualenv.py:181} INFO - Process 322 running: True and has the lock /tmp/cosmos_venv_ecom_intermediate/cosmos_virtualenv.lock.
[2025-09-19T09:57:52.433+0000] {virtualenv.py:122} INFO - Waiting for virtualenv lock to be released
[2025-09-19T09:57:53.435+0000] {virtualenv.py:178} INFO - Checking for running process with PID 322
[2025-09-19T09:57:53.436+0000] {virtualenv.py:181} INFO - Process 322 running: True and has the lock /tmp/cosmos_venv_ecom_intermediate/cosmos_virtualenv.lock.
[2025-09-19T09:57:53.436+0000] {virtualenv.py:122} INFO - Waiting for virtualenv lock to be released
[2025-09-19T09:57:54.438+0000] {virtualenv.py:178} INFO - Checking for running process with PID 325
[2025-09-19T09:57:54.439+0000] {virtualenv.py:181} INFO - Process 325 running: True and has the lock /tmp/cosmos_venv_ecom_intermediate/cosmos_virtualenv.lock.
[2025-09-19T09:57:54.439+0000] {virtualenv.py:122} INFO - Waiting for virtualenv lock to be released
[2025-09-19T09:57:55.441+0000] {virtualenv.py:178} INFO - Checking for running process with PID 325
[2025-09-19T09:57:55.442+0000] {virtualenv.py:181} INFO - Process 325 running: True and has the lock /tmp/cosmos_venv_ecom_intermediate/cosmos_virtualenv.lock.
[2025-09-19T09:57:55.447+0000] {virtualenv.py:122} INFO - Waiting for virtualenv lock to be released
[2025-09-19T09:57:56.449+0000] {virtualenv.py:178} INFO - Checking for running process with PID 325
[2025-09-19T09:57:56.450+0000] {virtualenv.py:181} INFO - Process 325 running: True and has the lock /tmp/cosmos_venv_ecom_intermediate/cosmos_virtualenv.lock.
[2025-09-19T09:57:56.450+0000] {virtualenv.py:122} INFO - Waiting for virtualenv lock to be released
[2025-09-19T09:57:57.452+0000] {virtualenv.py:178} INFO - Checking for running process with PID 325
[2025-09-19T09:57:57.453+0000] {virtualenv.py:181} INFO - Process 325 running: True and has the lock /tmp/cosmos_venv_ecom_intermediate/cosmos_virtualenv.lock.
[2025-09-19T09:57:57.453+0000] {virtualenv.py:122} INFO - Waiting for virtualenv lock to be released
[2025-09-19T09:57:58.178+0000] {local_task_job_runner.py:313} WARNING - State of this instance has been externally set to failed. Terminating instance.
[2025-09-19T09:57:58.178+0000] {local_task_job_runner.py:222} INFO - ::endgroup::
[2025-09-19T09:57:58.180+0000] {process_utils.py:132} INFO - Sending 15 to group 414. PIDs of all processes in the group: [414]
[2025-09-19T09:57:58.181+0000] {process_utils.py:87} INFO - Sending the signal 15 to group 414
[2025-09-19T09:57:58.181+0000] {taskinstance.py:2611} ERROR - Received SIGTERM. Terminating subprocesses.
[2025-09-19T09:57:58.182+0000] {virtualenv.py:131} INFO - Releasing virtualenv lock
[2025-09-19T09:57:58.182+0000] {virtualenv.py:210} WARNING - Lockfile owned by process of pid 325, while operator has pid 414
[2025-09-19T09:57:58.183+0000] {taskinstance.py:441} INFO - ::group::Post task execution logs
[2025-09-19T09:57:58.273+0000] {process_utils.py:80} INFO - Process psutil.Process(pid=414, status='terminated', exitcode=0, started='09:57:42') (414) terminated with exit code 0
[2025-09-19T10:00:58.480+0000] {local_task_job_runner.py:120} INFO - ::group::Pre task execution logs
[2025-09-19T10:00:58.707+0000] {taskinstance.py:2076} INFO - Dependencies all met for dep_context=non-requeueable deps ti=<TaskInstance: dbt_intermediate.intermediate.subcategories_enriched.test scheduled__2025-09-18T00:00:00+00:00 [queued]>
[2025-09-19T10:00:58.718+0000] {taskinstance.py:2076} INFO - Dependencies all met for dep_context=requeueable deps ti=<TaskInstance: dbt_intermediate.intermediate.subcategories_enriched.test scheduled__2025-09-18T00:00:00+00:00 [queued]>
[2025-09-19T10:00:58.719+0000] {taskinstance.py:2306} INFO - Starting attempt 1 of 1
[2025-09-19T10:00:58.735+0000] {taskinstance.py:2330} INFO - Executing <Task(DbtTestVirtualenvOperator): intermediate.subcategories_enriched.test> on 2025-09-18 00:00:00+00:00
[2025-09-19T10:00:58.743+0000] {standard_task_runner.py:64} INFO - Started process 680 to run task
[2025-09-19T10:00:58.747+0000] {standard_task_runner.py:90} INFO - Running: ['***', 'tasks', 'run', 'dbt_intermediate', 'intermediate.subcategories_enriched.test', 'scheduled__2025-09-18T00:00:00+00:00', '--job-id', '522', '--raw', '--subdir', 'DAGS_FOLDER/dbt_intermediate.py', '--cfg-path', '/tmp/tmp692iazaa']
[2025-09-19T10:00:58.750+0000] {standard_task_runner.py:91} INFO - Job 522: Subtask intermediate.subcategories_enriched.test
[2025-09-19T10:00:58.954+0000] {task_command.py:426} INFO - Running <TaskInstance: dbt_intermediate.intermediate.subcategories_enriched.test scheduled__2025-09-18T00:00:00+00:00 [running]> on host e95bde6b8d07
[2025-09-19T10:00:59.329+0000] {taskinstance.py:2648} INFO - Exporting env vars: AIRFLOW_CTX_DAG_OWNER='***' AIRFLOW_CTX_DAG_ID='dbt_intermediate' AIRFLOW_CTX_TASK_ID='intermediate.subcategories_enriched.test' AIRFLOW_CTX_EXECUTION_DATE='2025-09-18T00:00:00+00:00' AIRFLOW_CTX_TRY_NUMBER='1' AIRFLOW_CTX_DAG_RUN_ID='scheduled__2025-09-18T00:00:00+00:00'
[2025-09-19T10:00:59.332+0000] {taskinstance.py:430} INFO - ::endgroup::
[2025-09-19T10:00:59.347+0000] {baseoperator.py:400} WARNING - DbtTestVirtualenvOperator.execute cannot be called outside TaskInstance!
[2025-09-19T10:00:59.348+0000] {virtualenv.py:120} INFO - Checking if the virtualenv lock /tmp/cosmos_venv_ecom_intermediate/cosmos_virtualenv.lock exists
[2025-09-19T10:00:59.349+0000] {virtualenv.py:178} INFO - Checking for running process with PID 607
[2025-09-19T10:00:59.349+0000] {virtualenv.py:181} INFO - Process 607 running: True and has the lock /tmp/cosmos_venv_ecom_intermediate/cosmos_virtualenv.lock.
[2025-09-19T10:00:59.350+0000] {virtualenv.py:122} INFO - Waiting for virtualenv lock to be released
[2025-09-19T10:01:00.351+0000] {virtualenv.py:178} INFO - Checking for running process with PID 607
[2025-09-19T10:01:00.352+0000] {virtualenv.py:181} INFO - Process 607 running: True and has the lock /tmp/cosmos_venv_ecom_intermediate/cosmos_virtualenv.lock.
[2025-09-19T10:01:00.353+0000] {virtualenv.py:122} INFO - Waiting for virtualenv lock to be released
[2025-09-19T10:01:01.355+0000] {virtualenv.py:178} INFO - Checking for running process with PID 607
[2025-09-19T10:01:01.356+0000] {virtualenv.py:181} INFO - Process 607 running: True and has the lock /tmp/cosmos_venv_ecom_intermediate/cosmos_virtualenv.lock.
[2025-09-19T10:01:01.356+0000] {virtualenv.py:122} INFO - Waiting for virtualenv lock to be released
[2025-09-19T10:01:02.358+0000] {virtualenv.py:178} INFO - Checking for running process with PID 607
[2025-09-19T10:01:02.359+0000] {virtualenv.py:181} INFO - Process 607 running: True and has the lock /tmp/cosmos_venv_ecom_intermediate/cosmos_virtualenv.lock.
[2025-09-19T10:01:02.359+0000] {virtualenv.py:122} INFO - Waiting for virtualenv lock to be released
[2025-09-19T10:01:03.361+0000] {virtualenv.py:178} INFO - Checking for running process with PID 607
[2025-09-19T10:01:03.364+0000] {virtualenv.py:181} INFO - Process 607 running: True and has the lock /tmp/cosmos_venv_ecom_intermediate/cosmos_virtualenv.lock.
[2025-09-19T10:01:03.365+0000] {virtualenv.py:122} INFO - Waiting for virtualenv lock to be released
[2025-09-19T10:01:04.364+0000] {virtualenv.py:178} INFO - Checking for running process with PID 607
[2025-09-19T10:01:04.367+0000] {virtualenv.py:181} INFO - Process 607 running: True and has the lock /tmp/cosmos_venv_ecom_intermediate/cosmos_virtualenv.lock.
[2025-09-19T10:01:04.372+0000] {virtualenv.py:122} INFO - Waiting for virtualenv lock to be released
[2025-09-19T10:01:05.375+0000] {virtualenv.py:178} INFO - Checking for running process with PID 607
[2025-09-19T10:01:05.375+0000] {virtualenv.py:181} INFO - Process 607 running: True and has the lock /tmp/cosmos_venv_ecom_intermediate/cosmos_virtualenv.lock.
[2025-09-19T10:01:05.376+0000] {virtualenv.py:122} INFO - Waiting for virtualenv lock to be released
[2025-09-19T10:01:06.377+0000] {virtualenv.py:178} INFO - Checking for running process with PID 607
[2025-09-19T10:01:06.378+0000] {virtualenv.py:181} INFO - Process 607 running: True and has the lock /tmp/cosmos_venv_ecom_intermediate/cosmos_virtualenv.lock.
[2025-09-19T10:01:06.378+0000] {virtualenv.py:122} INFO - Waiting for virtualenv lock to be released
[2025-09-19T10:01:07.379+0000] {virtualenv.py:178} INFO - Checking for running process with PID 607
[2025-09-19T10:01:07.383+0000] {virtualenv.py:181} INFO - Process 607 running: True and has the lock /tmp/cosmos_venv_ecom_intermediate/cosmos_virtualenv.lock.
[2025-09-19T10:01:07.389+0000] {virtualenv.py:122} INFO - Waiting for virtualenv lock to be released
[2025-09-19T10:01:08.395+0000] {virtualenv.py:178} INFO - Checking for running process with PID 607
[2025-09-19T10:01:08.396+0000] {virtualenv.py:181} INFO - Process 607 running: True and has the lock /tmp/cosmos_venv_ecom_intermediate/cosmos_virtualenv.lock.
[2025-09-19T10:01:08.396+0000] {virtualenv.py:122} INFO - Waiting for virtualenv lock to be released
[2025-09-19T10:01:09.398+0000] {virtualenv.py:178} INFO - Checking for running process with PID 607
[2025-09-19T10:01:09.398+0000] {virtualenv.py:181} INFO - Process 607 running: True and has the lock /tmp/cosmos_venv_ecom_intermediate/cosmos_virtualenv.lock.
[2025-09-19T10:01:09.399+0000] {virtualenv.py:122} INFO - Waiting for virtualenv lock to be released
[2025-09-19T10:01:10.401+0000] {virtualenv.py:178} INFO - Checking for running process with PID 607
[2025-09-19T10:01:10.402+0000] {virtualenv.py:181} INFO - Process 607 running: True and has the lock /tmp/cosmos_venv_ecom_intermediate/cosmos_virtualenv.lock.
[2025-09-19T10:01:10.403+0000] {virtualenv.py:122} INFO - Waiting for virtualenv lock to be released
[2025-09-19T10:01:11.404+0000] {virtualenv.py:126} INFO - Acquiring the virtualenv lock
[2025-09-19T10:01:11.405+0000] {virtualenv.py:195} INFO - Acquiring lock at /tmp/cosmos_venv_ecom_intermediate/cosmos_virtualenv.lock with pid 680
[2025-09-19T10:01:11.406+0000] {virtualenv.py:153} INFO - Creating or updating the virtualenv at `/tmp/cosmos_venv_ecom_intermediate
[2025-09-19T10:01:11.406+0000] {process_utils.py:183} INFO - Executing cmd: /home/***/.local/bin/python -m virtualenv /tmp/cosmos_venv_ecom_intermediate --python=python3
[2025-09-19T10:01:11.408+0000] {process_utils.py:187} INFO - Output:
[2025-09-19T10:01:13.174+0000] {process_utils.py:191} INFO - created virtual environment CPython3.10.14.final.0-64 in 597ms
[2025-09-19T10:01:13.175+0000] {process_utils.py:191} INFO -   creator CPython3Posix(dest=/tmp/cosmos_venv_ecom_intermediate, clear=False, no_vcs_ignore=False, global=False)
[2025-09-19T10:01:13.176+0000] {process_utils.py:191} INFO -   seeder FromAppData(download=False, pip=bundle, setuptools=bundle, wheel=bundle, via=copy, app_data_dir=/home/***/.local/share/virtualenv)
[2025-09-19T10:01:13.180+0000] {process_utils.py:191} INFO -     added seed packages: MarkupSafe==3.0.2, PyYAML==6.0.2, agate==1.9.1, annotated_types==0.7.0, attrs==25.3.0, babel==2.17.0, certifi==2025.8.3, charset_normalizer==3.4.3, click==8.2.1, clickhouse_connect==0.8.18, clickhouse_driver==0.2.9, colorama==0.4.6, daff==1.4.2, dbt_adapters==1.16.7, dbt_clickhouse==1.9.3, dbt_common==1.30.0, dbt_core==1.10.11, dbt_extractor==0.6.0, dbt_protos==1.0.375, dbt_semantic_interfaces==0.9.0, deepdiff==8.6.1, idna==3.10, importlib_metadata==8.7.0, isodate==0.6.1, jinja2==3.1.6, jsonschema==4.25.1, jsonschema_specifications==2025.9.1, leather==0.4.0, lz4==4.4.4, mashumaro==3.14, more_itertools==10.8.0, msgpack==1.1.1, networkx==3.4.2, orderly_set==5.5.0, packaging==25.0, parsedatetime==2.6, pathspec==0.12.1, pip==25.2, protobuf==6.32.1, pydantic==2.11.8, pydantic_core==2.33.2, python_dateutil==2.9.0.post0, python_slugify==8.0.4, pytimeparse==1.1.8, pytz==2025.2, referencing==0.36.2, requests==2.32.5, rpds_py==0.27.1, setuptools==80.9.0, six==1.17.0, snowplow_tracker==1.1.0, sqlparse==0.5.3, text_unidecode==1.3, typing_extensions==4.15.0, typing_inspection==0.4.1, tzlocal==5.3.1, urllib3==2.5.0, wheel==0.45.1, zipp==3.23.0, zstandard==0.24.0
[2025-09-19T10:01:13.181+0000] {process_utils.py:191} INFO -   activators BashActivator,CShellActivator,FishActivator,NushellActivator,PowerShellActivator,PythonActivator
[2025-09-19T10:01:13.304+0000] {process_utils.py:183} INFO - Executing cmd: /tmp/cosmos_venv_ecom_intermediate/bin/pip install dbt-clickhouse
[2025-09-19T10:01:13.305+0000] {process_utils.py:187} INFO - Output:
[2025-09-19T10:01:15.211+0000] {process_utils.py:191} INFO - Requirement already satisfied: dbt-clickhouse in /tmp/cosmos_venv_ecom_intermediate/lib/python3.10/site-packages (1.9.3)
[2025-09-19T10:01:15.214+0000] {process_utils.py:191} INFO - Requirement already satisfied: dbt-core>=1.9 in /tmp/cosmos_venv_ecom_intermediate/lib/python3.10/site-packages (from dbt-clickhouse) (1.10.11)
[2025-09-19T10:01:15.215+0000] {process_utils.py:191} INFO - Requirement already satisfied: clickhouse-connect>=0.6.22 in /tmp/cosmos_venv_ecom_intermediate/lib/python3.10/site-packages (from dbt-clickhouse) (0.8.18)
[2025-09-19T10:01:15.216+0000] {process_utils.py:191} INFO - Requirement already satisfied: clickhouse-driver>=0.2.6 in /tmp/cosmos_venv_ecom_intermediate/lib/python3.10/site-packages (from dbt-clickhouse) (0.2.9)
[2025-09-19T10:01:15.219+0000] {process_utils.py:191} INFO - Requirement already satisfied: setuptools>=0.69 in /tmp/cosmos_venv_ecom_intermediate/lib/python3.10/site-packages (from dbt-clickhouse) (80.9.0)
[2025-09-19T10:01:15.220+0000] {process_utils.py:191} INFO - Requirement already satisfied: certifi in /tmp/cosmos_venv_ecom_intermediate/lib/python3.10/site-packages (from clickhouse-connect>=0.6.22->dbt-clickhouse) (2025.8.3)
[2025-09-19T10:01:15.223+0000] {process_utils.py:191} INFO - Requirement already satisfied: urllib3>=1.26 in /tmp/cosmos_venv_ecom_intermediate/lib/python3.10/site-packages (from clickhouse-connect>=0.6.22->dbt-clickhouse) (2.5.0)
[2025-09-19T10:01:15.223+0000] {process_utils.py:191} INFO - Requirement already satisfied: pytz in /tmp/cosmos_venv_ecom_intermediate/lib/python3.10/site-packages (from clickhouse-connect>=0.6.22->dbt-clickhouse) (2025.2)
[2025-09-19T10:01:15.224+0000] {process_utils.py:191} INFO - Requirement already satisfied: zstandard in /tmp/cosmos_venv_ecom_intermediate/lib/python3.10/site-packages (from clickhouse-connect>=0.6.22->dbt-clickhouse) (0.24.0)
[2025-09-19T10:01:15.226+0000] {process_utils.py:191} INFO - Requirement already satisfied: lz4 in /tmp/cosmos_venv_ecom_intermediate/lib/python3.10/site-packages (from clickhouse-connect>=0.6.22->dbt-clickhouse) (4.4.4)
[2025-09-19T10:01:15.227+0000] {process_utils.py:191} INFO - Requirement already satisfied: tzlocal in /tmp/cosmos_venv_ecom_intermediate/lib/python3.10/site-packages (from clickhouse-driver>=0.2.6->dbt-clickhouse) (5.3.1)
[2025-09-19T10:01:15.229+0000] {process_utils.py:191} INFO - Requirement already satisfied: agate<1.10,>=1.7.0 in /tmp/cosmos_venv_ecom_intermediate/lib/python3.10/site-packages (from dbt-core>=1.9->dbt-clickhouse) (1.9.1)
[2025-09-19T10:01:15.230+0000] {process_utils.py:191} INFO - Requirement already satisfied: Jinja2<4,>=3.1.3 in /tmp/cosmos_venv_ecom_intermediate/lib/python3.10/site-packages (from dbt-core>=1.9->dbt-clickhouse) (3.1.6)
[2025-09-19T10:01:15.231+0000] {process_utils.py:191} INFO - Requirement already satisfied: mashumaro<3.15,>=3.9 in /tmp/cosmos_venv_ecom_intermediate/lib/python3.10/site-packages (from mashumaro[msgpack]<3.15,>=3.9->dbt-core>=1.9->dbt-clickhouse) (3.14)
[2025-09-19T10:01:15.232+0000] {process_utils.py:191} INFO - Requirement already satisfied: click<9.0,>=8.0.2 in /tmp/cosmos_venv_ecom_intermediate/lib/python3.10/site-packages (from dbt-core>=1.9->dbt-clickhouse) (8.2.1)
[2025-09-19T10:01:15.232+0000] {process_utils.py:191} INFO - Requirement already satisfied: jsonschema<5.0,>=4.19.1 in /tmp/cosmos_venv_ecom_intermediate/lib/python3.10/site-packages (from dbt-core>=1.9->dbt-clickhouse) (4.25.1)
[2025-09-19T10:01:15.233+0000] {process_utils.py:191} INFO - Requirement already satisfied: networkx<4.0,>=2.3 in /tmp/cosmos_venv_ecom_intermediate/lib/python3.10/site-packages (from dbt-core>=1.9->dbt-clickhouse) (3.4.2)
[2025-09-19T10:01:15.233+0000] {process_utils.py:191} INFO - Requirement already satisfied: protobuf<7.0,>=6.0 in /tmp/cosmos_venv_ecom_intermediate/lib/python3.10/site-packages (from dbt-core>=1.9->dbt-clickhouse) (6.32.1)
[2025-09-19T10:01:15.234+0000] {process_utils.py:191} INFO - Requirement already satisfied: requests<3.0.0 in /tmp/cosmos_venv_ecom_intermediate/lib/python3.10/site-packages (from dbt-core>=1.9->dbt-clickhouse) (2.32.5)
[2025-09-19T10:01:15.235+0000] {process_utils.py:191} INFO - Requirement already satisfied: snowplow-tracker<2.0,>=1.0.2 in /tmp/cosmos_venv_ecom_intermediate/lib/python3.10/site-packages (from dbt-core>=1.9->dbt-clickhouse) (1.1.0)
[2025-09-19T10:01:15.236+0000] {process_utils.py:191} INFO - Requirement already satisfied: pathspec<0.13,>=0.9 in /tmp/cosmos_venv_ecom_intermediate/lib/python3.10/site-packages (from dbt-core>=1.9->dbt-clickhouse) (0.12.1)
[2025-09-19T10:01:15.237+0000] {process_utils.py:191} INFO - Requirement already satisfied: sqlparse<0.6.0,>=0.5.0 in /tmp/cosmos_venv_ecom_intermediate/lib/python3.10/site-packages (from dbt-core>=1.9->dbt-clickhouse) (0.5.3)
[2025-09-19T10:01:15.238+0000] {process_utils.py:191} INFO - Requirement already satisfied: dbt-extractor<=0.6,>=0.5.0 in /tmp/cosmos_venv_ecom_intermediate/lib/python3.10/site-packages (from dbt-core>=1.9->dbt-clickhouse) (0.6.0)
[2025-09-19T10:01:15.239+0000] {process_utils.py:191} INFO - Requirement already satisfied: dbt-semantic-interfaces<0.10,>=0.9.0 in /tmp/cosmos_venv_ecom_intermediate/lib/python3.10/site-packages (from dbt-core>=1.9->dbt-clickhouse) (0.9.0)
[2025-09-19T10:01:15.240+0000] {process_utils.py:191} INFO - Requirement already satisfied: dbt-common<2.0,>=1.27.0 in /tmp/cosmos_venv_ecom_intermediate/lib/python3.10/site-packages (from dbt-core>=1.9->dbt-clickhouse) (1.30.0)
[2025-09-19T10:01:15.240+0000] {process_utils.py:191} INFO - Requirement already satisfied: dbt-adapters<2.0,>=1.15.5 in /tmp/cosmos_venv_ecom_intermediate/lib/python3.10/site-packages (from dbt-core>=1.9->dbt-clickhouse) (1.16.7)
[2025-09-19T10:01:15.241+0000] {process_utils.py:191} INFO - Requirement already satisfied: dbt-protos<2.0,>=1.0.346 in /tmp/cosmos_venv_ecom_intermediate/lib/python3.10/site-packages (from dbt-core>=1.9->dbt-clickhouse) (1.0.375)
[2025-09-19T10:01:15.242+0000] {process_utils.py:191} INFO - Requirement already satisfied: pydantic<3 in /tmp/cosmos_venv_ecom_intermediate/lib/python3.10/site-packages (from dbt-core>=1.9->dbt-clickhouse) (2.11.8)
[2025-09-19T10:01:15.243+0000] {process_utils.py:191} INFO - Requirement already satisfied: packaging>20.9 in /tmp/cosmos_venv_ecom_intermediate/lib/python3.10/site-packages (from dbt-core>=1.9->dbt-clickhouse) (25.0)
[2025-09-19T10:01:15.244+0000] {process_utils.py:191} INFO - Requirement already satisfied: pyyaml>=6.0 in /tmp/cosmos_venv_ecom_intermediate/lib/python3.10/site-packages (from dbt-core>=1.9->dbt-clickhouse) (6.0.2)
[2025-09-19T10:01:15.245+0000] {process_utils.py:191} INFO - Requirement already satisfied: daff>=1.3.46 in /tmp/cosmos_venv_ecom_intermediate/lib/python3.10/site-packages (from dbt-core>=1.9->dbt-clickhouse) (1.4.2)
[2025-09-19T10:01:15.246+0000] {process_utils.py:191} INFO - Requirement already satisfied: typing-extensions>=4.4 in /tmp/cosmos_venv_ecom_intermediate/lib/python3.10/site-packages (from dbt-core>=1.9->dbt-clickhouse) (4.15.0)
[2025-09-19T10:01:15.251+0000] {process_utils.py:191} INFO - Requirement already satisfied: Babel>=2.0 in /tmp/cosmos_venv_ecom_intermediate/lib/python3.10/site-packages (from agate<1.10,>=1.7.0->dbt-core>=1.9->dbt-clickhouse) (2.17.0)
[2025-09-19T10:01:15.252+0000] {process_utils.py:191} INFO - Requirement already satisfied: isodate>=0.5.4 in /tmp/cosmos_venv_ecom_intermediate/lib/python3.10/site-packages (from agate<1.10,>=1.7.0->dbt-core>=1.9->dbt-clickhouse) (0.6.1)
[2025-09-19T10:01:15.252+0000] {process_utils.py:191} INFO - Requirement already satisfied: leather>=0.3.2 in /tmp/cosmos_venv_ecom_intermediate/lib/python3.10/site-packages (from agate<1.10,>=1.7.0->dbt-core>=1.9->dbt-clickhouse) (0.4.0)
[2025-09-19T10:01:15.253+0000] {process_utils.py:191} INFO - Requirement already satisfied: parsedatetime!=2.5,>=2.1 in /tmp/cosmos_venv_ecom_intermediate/lib/python3.10/site-packages (from agate<1.10,>=1.7.0->dbt-core>=1.9->dbt-clickhouse) (2.6)
[2025-09-19T10:01:15.253+0000] {process_utils.py:191} INFO - Requirement already satisfied: python-slugify>=1.2.1 in /tmp/cosmos_venv_ecom_intermediate/lib/python3.10/site-packages (from agate<1.10,>=1.7.0->dbt-core>=1.9->dbt-clickhouse) (8.0.4)
[2025-09-19T10:01:15.254+0000] {process_utils.py:191} INFO - Requirement already satisfied: pytimeparse>=1.1.5 in /tmp/cosmos_venv_ecom_intermediate/lib/python3.10/site-packages (from agate<1.10,>=1.7.0->dbt-core>=1.9->dbt-clickhouse) (1.1.8)
[2025-09-19T10:01:15.270+0000] {process_utils.py:191} INFO - Requirement already satisfied: colorama<0.5,>=0.3.9 in /tmp/cosmos_venv_ecom_intermediate/lib/python3.10/site-packages (from dbt-common<2.0,>=1.27.0->dbt-core>=1.9->dbt-clickhouse) (0.4.6)
[2025-09-19T10:01:15.272+0000] {process_utils.py:191} INFO - Requirement already satisfied: deepdiff<9.0,>=7.0 in /tmp/cosmos_venv_ecom_intermediate/lib/python3.10/site-packages (from dbt-common<2.0,>=1.27.0->dbt-core>=1.9->dbt-clickhouse) (8.6.1)
[2025-09-19T10:01:15.275+0000] {process_utils.py:191} INFO - Requirement already satisfied: python-dateutil<3.0,>=2.0 in /tmp/cosmos_venv_ecom_intermediate/lib/python3.10/site-packages (from dbt-common<2.0,>=1.27.0->dbt-core>=1.9->dbt-clickhouse) (2.9.0.post0)
[2025-09-19T10:01:15.284+0000] {process_utils.py:191} INFO - Requirement already satisfied: importlib-metadata<9,>=6.0 in /tmp/cosmos_venv_ecom_intermediate/lib/python3.10/site-packages (from dbt-semantic-interfaces<0.10,>=0.9.0->dbt-core>=1.9->dbt-clickhouse) (8.7.0)
[2025-09-19T10:01:15.286+0000] {process_utils.py:191} INFO - Requirement already satisfied: more-itertools<11.0,>=8.0 in /tmp/cosmos_venv_ecom_intermediate/lib/python3.10/site-packages (from dbt-semantic-interfaces<0.10,>=0.9.0->dbt-core>=1.9->dbt-clickhouse) (10.8.0)
[2025-09-19T10:01:15.295+0000] {process_utils.py:191} INFO - Requirement already satisfied: orderly-set<6,>=5.4.1 in /tmp/cosmos_venv_ecom_intermediate/lib/python3.10/site-packages (from deepdiff<9.0,>=7.0->dbt-common<2.0,>=1.27.0->dbt-core>=1.9->dbt-clickhouse) (5.5.0)
[2025-09-19T10:01:15.304+0000] {process_utils.py:191} INFO - Requirement already satisfied: zipp>=3.20 in /tmp/cosmos_venv_ecom_intermediate/lib/python3.10/site-packages (from importlib-metadata<9,>=6.0->dbt-semantic-interfaces<0.10,>=0.9.0->dbt-core>=1.9->dbt-clickhouse) (3.23.0)
[2025-09-19T10:01:15.306+0000] {process_utils.py:191} INFO - Requirement already satisfied: six in /tmp/cosmos_venv_ecom_intermediate/lib/python3.10/site-packages (from isodate>=0.5.4->agate<1.10,>=1.7.0->dbt-core>=1.9->dbt-clickhouse) (1.17.0)
[2025-09-19T10:01:15.309+0000] {process_utils.py:191} INFO - Requirement already satisfied: MarkupSafe>=2.0 in /tmp/cosmos_venv_ecom_intermediate/lib/python3.10/site-packages (from Jinja2<4,>=3.1.3->dbt-core>=1.9->dbt-clickhouse) (3.0.2)
[2025-09-19T10:01:15.314+0000] {process_utils.py:191} INFO - Requirement already satisfied: attrs>=22.2.0 in /tmp/cosmos_venv_ecom_intermediate/lib/python3.10/site-packages (from jsonschema<5.0,>=4.19.1->dbt-core>=1.9->dbt-clickhouse) (25.3.0)
[2025-09-19T10:01:15.314+0000] {process_utils.py:191} INFO - Requirement already satisfied: jsonschema-specifications>=2023.03.6 in /tmp/cosmos_venv_ecom_intermediate/lib/python3.10/site-packages (from jsonschema<5.0,>=4.19.1->dbt-core>=1.9->dbt-clickhouse) (2025.9.1)
[2025-09-19T10:01:15.315+0000] {process_utils.py:191} INFO - Requirement already satisfied: referencing>=0.28.4 in /tmp/cosmos_venv_ecom_intermediate/lib/python3.10/site-packages (from jsonschema<5.0,>=4.19.1->dbt-core>=1.9->dbt-clickhouse) (0.36.2)
[2025-09-19T10:01:15.316+0000] {process_utils.py:191} INFO - Requirement already satisfied: rpds-py>=0.7.1 in /tmp/cosmos_venv_ecom_intermediate/lib/python3.10/site-packages (from jsonschema<5.0,>=4.19.1->dbt-core>=1.9->dbt-clickhouse) (0.27.1)
[2025-09-19T10:01:15.325+0000] {process_utils.py:191} INFO - Requirement already satisfied: msgpack>=0.5.6 in /tmp/cosmos_venv_ecom_intermediate/lib/python3.10/site-packages (from mashumaro[msgpack]<3.15,>=3.9->dbt-core>=1.9->dbt-clickhouse) (1.1.1)
[2025-09-19T10:01:15.343+0000] {process_utils.py:191} INFO - Requirement already satisfied: annotated-types>=0.6.0 in /tmp/cosmos_venv_ecom_intermediate/lib/python3.10/site-packages (from pydantic<3->dbt-core>=1.9->dbt-clickhouse) (0.7.0)
[2025-09-19T10:01:15.344+0000] {process_utils.py:191} INFO - Requirement already satisfied: pydantic-core==2.33.2 in /tmp/cosmos_venv_ecom_intermediate/lib/python3.10/site-packages (from pydantic<3->dbt-core>=1.9->dbt-clickhouse) (2.33.2)
[2025-09-19T10:01:15.346+0000] {process_utils.py:191} INFO - Requirement already satisfied: typing-inspection>=0.4.0 in /tmp/cosmos_venv_ecom_intermediate/lib/python3.10/site-packages (from pydantic<3->dbt-core>=1.9->dbt-clickhouse) (0.4.1)
[2025-09-19T10:01:15.358+0000] {process_utils.py:191} INFO - Requirement already satisfied: charset_normalizer<4,>=2 in /tmp/cosmos_venv_ecom_intermediate/lib/python3.10/site-packages (from requests<3.0.0->dbt-core>=1.9->dbt-clickhouse) (3.4.3)
[2025-09-19T10:01:15.360+0000] {process_utils.py:191} INFO - Requirement already satisfied: idna<4,>=2.5 in /tmp/cosmos_venv_ecom_intermediate/lib/python3.10/site-packages (from requests<3.0.0->dbt-core>=1.9->dbt-clickhouse) (3.10)
[2025-09-19T10:01:15.411+0000] {process_utils.py:191} INFO - Requirement already satisfied: text-unidecode>=1.3 in /tmp/cosmos_venv_ecom_intermediate/lib/python3.10/site-packages (from python-slugify>=1.2.1->agate<1.10,>=1.7.0->dbt-core>=1.9->dbt-clickhouse) (1.3)
[2025-09-19T10:01:15.595+0000] {local.py:470} INFO - Cloning project to writable temp directory /tmp/tmpmdab0tc9 from /opt/airflow/dags/dbt/ecom_intermediate
[2025-09-19T10:01:15.609+0000] {local.py:490} INFO - Partial parse is enabled and the latest partial parse file is /tmp/cosmos/dbt_intermediate__intermediate/target/partial_parse.msgpack
[2025-09-19T10:01:15.622+0000] {config.py:362} INFO - Using user-supplied profiles.yml at /opt/airflow/dags/dbt/profiles.yml
[2025-09-19T10:01:15.632+0000] {virtualenv.py:99} INFO - Using Python binary from virtualenv: /tmp/cosmos_venv_ecom_intermediate/bin/python
[2025-09-19T10:01:15.633+0000] {local.py:434} INFO - Trying to run the command:
 ['/tmp/cosmos_venv_ecom_intermediate/bin/dbt', 'deps', '--project-dir', '/tmp/tmpmdab0tc9', '--profiles-dir', '/opt/***/dags/dbt', '--profile', 'ecom_intermediate', '--target', 'dev']
From /tmp/tmpmdab0tc9
[2025-09-19T10:01:15.634+0000] {subprocess.py:56} INFO - Tmp dir root location: 
 /tmp
[2025-09-19T10:01:15.634+0000] {subprocess.py:69} INFO - Running command: ['/tmp/cosmos_venv_ecom_intermediate/bin/dbt', 'deps', '--project-dir', '/tmp/tmpmdab0tc9', '--profiles-dir', '/opt/***/dags/dbt', '--profile', 'ecom_intermediate', '--target', 'dev']
[2025-09-19T10:01:15.649+0000] {subprocess.py:80} INFO - Command output:
[2025-09-19T10:01:18.176+0000] {subprocess.py:90} INFO - [0m10:01:18  Running with dbt=1.10.11
[2025-09-19T10:01:18.873+0000] {subprocess.py:90} INFO - [0m10:01:18  Installing dbt-labs/dbt_utils
[2025-09-19T10:01:19.572+0000] {subprocess.py:90} INFO - [0m10:01:19  Installed from version 1.3.0
[2025-09-19T10:01:19.572+0000] {subprocess.py:90} INFO - [0m10:01:19  Updated version available: 1.3.1
[2025-09-19T10:01:19.573+0000] {subprocess.py:90} INFO - [0m10:01:19
[2025-09-19T10:01:19.574+0000] {subprocess.py:90} INFO - [0m10:01:19  Updates available for packages: ['dbt-labs/dbt_utils']
[2025-09-19T10:01:19.574+0000] {subprocess.py:90} INFO - Update your versions in packages.yml, then run dbt deps
[2025-09-19T10:01:21.240+0000] {subprocess.py:94} INFO - Command exited with return code 0
[2025-09-19T10:01:21.241+0000] {local.py:441} INFO - Update your versions in packages.yml, then run dbt deps
[2025-09-19T10:01:21.242+0000] {virtualenv.py:99} INFO - Using Python binary from virtualenv: /tmp/cosmos_venv_ecom_intermediate/bin/python
[2025-09-19T10:01:21.243+0000] {local.py:434} INFO - Trying to run the command:
 ['/tmp/cosmos_venv_ecom_intermediate/bin/dbt', 'test', '--models', 'subcategories_enriched', '--project-dir', '/tmp/tmpmdab0tc9', '--profiles-dir', '/opt/***/dags/dbt', '--profile', 'ecom_intermediate', '--target', 'dev']
From /tmp/tmpmdab0tc9
[2025-09-19T10:01:21.243+0000] {subprocess.py:56} INFO - Tmp dir root location: 
 /tmp
[2025-09-19T10:01:21.244+0000] {subprocess.py:69} INFO - Running command: ['/tmp/cosmos_venv_ecom_intermediate/bin/dbt', 'test', '--models', 'subcategories_enriched', '--project-dir', '/tmp/tmpmdab0tc9', '--profiles-dir', '/opt/***/dags/dbt', '--profile', 'ecom_intermediate', '--target', 'dev']
[2025-09-19T10:01:21.254+0000] {subprocess.py:80} INFO - Command output:
[2025-09-19T10:01:23.267+0000] {subprocess.py:90} INFO - [0m10:01:23  Running with dbt=1.10.11
[2025-09-19T10:01:23.270+0000] {subprocess.py:90} INFO - [0m10:01:23  [[33mWARNING[0m]: Deprecated functionality
[2025-09-19T10:01:23.271+0000] {subprocess.py:90} INFO - Usage of `--models`, `--model`, and `-m` is deprecated in favor of `--select` or
[2025-09-19T10:01:23.271+0000] {subprocess.py:90} INFO - `-s`.
[2025-09-19T10:01:23.570+0000] {subprocess.py:90} INFO - [0m10:01:23  Registered adapter: clickhouse=1.9.3
[2025-09-19T10:01:24.598+0000] {subprocess.py:90} INFO - [0m10:01:24  Found 15 models, 50 data tests, 8 sources, 597 macros
[2025-09-19T10:01:24.601+0000] {subprocess.py:90} INFO - [0m10:01:24
[2025-09-19T10:01:24.601+0000] {subprocess.py:90} INFO - [0m10:01:24  Concurrency: 4 threads (target='dev')
[2025-09-19T10:01:24.602+0000] {subprocess.py:90} INFO - [0m10:01:24
[2025-09-19T10:01:24.732+0000] {subprocess.py:90} INFO - [0m10:01:24  1 of 3 START test not_null_subcategories_enriched_subcategory_id ............... [RUN]
[2025-09-19T10:01:24.733+0000] {subprocess.py:90} INFO - [0m10:01:24  2 of 3 START test relationships_subcategories_enriched_category_id__category_id__ref_categories_enriched_  [RUN]
[2025-09-19T10:01:24.734+0000] {subprocess.py:90} INFO - [0m10:01:24  3 of 3 START test unique_subcategories_enriched_subcategory_id ................. [RUN]
[2025-09-19T10:01:24.833+0000] {subprocess.py:90} INFO - [0m10:01:24  1 of 3 PASS not_null_subcategories_enriched_subcategory_id ..................... [[32mPASS[0m in 0.10s]
[2025-09-19T10:01:24.896+0000] {subprocess.py:90} INFO - [0m10:01:24  3 of 3 FAIL 25 unique_subcategories_enriched_subcategory_id .................... [[31mFAIL 25[0m in 0.16s]
[2025-09-19T10:01:24.925+0000] {subprocess.py:90} INFO - [0m10:01:24  2 of 3 PASS relationships_subcategories_enriched_category_id__category_id__ref_categories_enriched_  [[32mPASS[0m in 0.19s]
[2025-09-19T10:01:24.931+0000] {subprocess.py:90} INFO - [0m10:01:24
[2025-09-19T10:01:24.932+0000] {subprocess.py:90} INFO - [0m10:01:24  Finished running 3 data tests in 0 hours 0 minutes and 0.33 seconds (0.33s).
[2025-09-19T10:01:25.008+0000] {subprocess.py:90} INFO - [0m10:01:25
[2025-09-19T10:01:25.009+0000] {subprocess.py:90} INFO - [0m10:01:25  [31mCompleted with 1 error, 0 partial successes, and 0 warnings:[0m
[2025-09-19T10:01:25.010+0000] {subprocess.py:90} INFO - [0m10:01:25
[2025-09-19T10:01:25.010+0000] {subprocess.py:90} INFO - [0m10:01:25  [31mFailure in test unique_subcategories_enriched_subcategory_id (models/ecom_intermediate/schema.yml)[0m
[2025-09-19T10:01:25.011+0000] {subprocess.py:90} INFO - [0m10:01:25    Got 25 results, configured to fail if != 0
[2025-09-19T10:01:25.011+0000] {subprocess.py:90} INFO - [0m10:01:25
[2025-09-19T10:01:25.012+0000] {subprocess.py:90} INFO - [0m10:01:25    compiled code at target/compiled/ecom_intermediate/models/ecom_intermediate/schema.yml/unique_subcategories_enriched_subcategory_id.sql
[2025-09-19T10:01:25.012+0000] {subprocess.py:90} INFO - [0m10:01:25
[2025-09-19T10:01:25.013+0000] {subprocess.py:90} INFO - [0m10:01:25  Done. PASS=2 WARN=0 ERROR=1 SKIP=0 NO-OP=0 TOTAL=3
[2025-09-19T10:01:25.013+0000] {subprocess.py:90} INFO - [0m10:01:25  [[33mWARNING[0m][DeprecationsSummary]: Deprecated functionality
[2025-09-19T10:01:25.014+0000] {subprocess.py:90} INFO - Summary of encountered deprecations:
[2025-09-19T10:01:25.014+0000] {subprocess.py:90} INFO - - ModelParamUsageDeprecation: 1 occurrence
[2025-09-19T10:01:25.015+0000] {subprocess.py:90} INFO - To see all deprecation instances instead of just the first occurrence of each,
[2025-09-19T10:01:25.015+0000] {subprocess.py:90} INFO - run command again with the `--show-all-deprecations` flag. You may also need to
[2025-09-19T10:01:25.016+0000] {subprocess.py:90} INFO - run with `--no-partial-parse` as some deprecations are only encountered during
[2025-09-19T10:01:25.016+0000] {subprocess.py:90} INFO - parsing.
[2025-09-19T10:01:26.719+0000] {subprocess.py:94} INFO - Command exited with return code 1
[2025-09-19T10:01:26.720+0000] {local.py:441} INFO - parsing.
[2025-09-19T10:01:26.737+0000] {local.py:196} WARNING - Artifact schema version: https://schemas.getdbt.com/dbt/manifest/v12.json is above dbt-ol supported version 7. This might cause errors.
[2025-09-19T10:01:26.738+0000] {local.py:196} WARNING - Artifact schema version: https://schemas.getdbt.com/dbt/run-results/v6.json is above dbt-ol supported version 5. This might cause errors.
[2025-09-19T10:01:26.747+0000] {local.py:547} INFO - Inlets: []
[2025-09-19T10:01:26.747+0000] {local.py:548} INFO - Outlets: []
[2025-09-19T10:01:26.748+0000] {local.py:772} INFO - Assigning inlets/outlets without DatasetAlias
[2025-09-19T10:01:26.749+0000] {dag.py:3089} INFO - Sync 1 DAGs
[2025-09-19T10:01:26.901+0000] {local.py:253} ERROR - [0m10:01:23  Running with dbt=1.10.11
[0m10:01:23  [[33mWARNING[0m]: Deprecated functionality
Usage of `--models`, `--model`, and `-m` is deprecated in favor of `--select` or
`-s`.
[0m10:01:23  Registered adapter: clickhouse=1.9.3
[0m10:01:24  Found 15 models, 50 data tests, 8 sources, 597 macros
[0m10:01:24
[0m10:01:24  Concurrency: 4 threads (target='dev')
[0m10:01:24
[0m10:01:24  1 of 3 START test not_null_subcategories_enriched_subcategory_id ............... [RUN]
[0m10:01:24  2 of 3 START test relationships_subcategories_enriched_category_id__category_id__ref_categories_enriched_  [RUN]
[0m10:01:24  3 of 3 START test unique_subcategories_enriched_subcategory_id ................. [RUN]
[0m10:01:24  1 of 3 PASS not_null_subcategories_enriched_subcategory_id ..................... [[32mPASS[0m in 0.10s]
[0m10:01:24  3 of 3 FAIL 25 unique_subcategories_enriched_subcategory_id .................... [[31mFAIL 25[0m in 0.16s]
[0m10:01:24  2 of 3 PASS relationships_subcategories_enriched_category_id__category_id__ref_categories_enriched_  [[32mPASS[0m in 0.19s]
[0m10:01:24
[0m10:01:24  Finished running 3 data tests in 0 hours 0 minutes and 0.33 seconds (0.33s).
[0m10:01:25
[0m10:01:25  [31mCompleted with 1 error, 0 partial successes, and 0 warnings:[0m
[0m10:01:25
[0m10:01:25  [31mFailure in test unique_subcategories_enriched_subcategory_id (models/ecom_intermediate/schema.yml)[0m
[0m10:01:25    Got 25 results, configured to fail if != 0
[0m10:01:25
[0m10:01:25    compiled code at target/compiled/ecom_intermediate/models/ecom_intermediate/schema.yml/unique_subcategories_enriched_subcategory_id.sql
[0m10:01:25
[0m10:01:25  Done. PASS=2 WARN=0 ERROR=1 SKIP=0 NO-OP=0 TOTAL=3
[0m10:01:25  [[33mWARNING[0m][DeprecationsSummary]: Deprecated functionality
Summary of encountered deprecations:
- ModelParamUsageDeprecation: 1 occurrence
To see all deprecation instances instead of just the first occurrence of each,
run command again with the `--show-all-deprecations` flag. You may also need to
run with `--no-partial-parse` as some deprecations are only encountered during
parsing.
[2025-09-19T10:01:26.909+0000] {virtualenv.py:131} INFO - Releasing virtualenv lock
[2025-09-19T10:01:26.910+0000] {taskinstance.py:441} INFO - ::group::Post task execution logs
[2025-09-19T10:01:26.951+0000] {taskinstance.py:2905} ERROR - Task failed with exception
Traceback (most recent call last):
  File "/home/airflow/.local/lib/python3.10/site-packages/airflow/models/taskinstance.py", line 465, in _execute_task
    result = _execute_callable(context=context, **execute_callable_kwargs)
  File "/home/airflow/.local/lib/python3.10/site-packages/airflow/models/taskinstance.py", line 432, in _execute_callable
    return execute_callable(context=context, **execute_callable_kwargs)
  File "/home/airflow/.local/lib/python3.10/site-packages/airflow/models/baseoperator.py", line 401, in wrapper
    return func(self, *args, **kwargs)
  File "/home/airflow/.local/lib/python3.10/site-packages/cosmos/operators/virtualenv.py", line 144, in execute
    output = super().execute(context)
  File "/home/airflow/.local/lib/python3.10/site-packages/airflow/models/baseoperator.py", line 401, in wrapper
    return func(self, *args, **kwargs)
  File "/home/airflow/.local/lib/python3.10/site-packages/cosmos/operators/local.py", line 1089, in execute
    result = self.build_and_run_cmd(context=context, cmd_flags=self.add_cmd_flags())
  File "/home/airflow/.local/lib/python3.10/site-packages/cosmos/operators/local.py", line 853, in build_and_run_cmd
    result = self.run_command(
  File "/home/airflow/.local/lib/python3.10/site-packages/cosmos/operators/virtualenv.py", line 129, in run_command
    return super().run_command(cmd, env, context, run_as_async=run_as_async, async_context=async_context)
  File "/home/airflow/.local/lib/python3.10/site-packages/cosmos/operators/local.py", line 650, in run_command
    self.handle_exception(result)
  File "/home/airflow/.local/lib/python3.10/site-packages/cosmos/operators/local.py", line 254, in handle_exception_subprocess
    raise AirflowException(f"dbt command failed. The command returned a non-zero exit code {result.exit_code}.")
airflow.exceptions.AirflowException: dbt command failed. The command returned a non-zero exit code 1.
[2025-09-19T10:01:26.955+0000] {taskinstance.py:1206} INFO - Marking task as FAILED. dag_id=dbt_intermediate, task_id=intermediate.subcategories_enriched.test, run_id=scheduled__2025-09-18T00:00:00+00:00, execution_date=20250918T000000, start_date=20250919T100058, end_date=20250919T100126
[2025-09-19T10:01:26.976+0000] {standard_task_runner.py:110} ERROR - Failed to execute job 522 for task intermediate.subcategories_enriched.test (dbt command failed. The command returned a non-zero exit code 1.; 680)
[2025-09-19T10:01:26.992+0000] {local_task_job_runner.py:243} INFO - Task exited with return code 1
[2025-09-19T10:01:27.095+0000] {taskinstance.py:3503} INFO - 0 downstream tasks scheduled from follow-on schedule check
[2025-09-19T10:01:27.113+0000] {local_task_job_runner.py:222} INFO - ::endgroup::
