[2025-09-14T14:48:28.554+0000] {local_task_job_runner.py:120} INFO - ::group::Pre task execution logs
[2025-09-14T14:48:28.787+0000] {taskinstance.py:2076} INFO - Dependencies all met for dep_context=non-requeueable deps ti=<TaskInstance: dbt_marts.marts.fct_customer_reviews.test manual__2025-09-14T14:34:20.423414+00:00 [queued]>
[2025-09-14T14:48:28.798+0000] {taskinstance.py:2076} INFO - Dependencies all met for dep_context=requeueable deps ti=<TaskInstance: dbt_marts.marts.fct_customer_reviews.test manual__2025-09-14T14:34:20.423414+00:00 [queued]>
[2025-09-14T14:48:28.809+0000] {taskinstance.py:2306} INFO - Starting attempt 1 of 1
[2025-09-14T14:48:28.834+0000] {taskinstance.py:2330} INFO - Executing <Task(DbtTestVirtualenvOperator): marts.fct_customer_reviews.test> on 2025-09-14 14:34:20.423414+00:00
[2025-09-14T14:48:28.841+0000] {standard_task_runner.py:64} INFO - Started process 9607 to run task
[2025-09-14T14:48:28.844+0000] {standard_task_runner.py:90} INFO - Running: ['***', 'tasks', 'run', 'dbt_marts', 'marts.fct_customer_reviews.test', 'manual__2025-09-14T14:34:20.423414+00:00', '--job-id', '416', '--raw', '--subdir', 'DAGS_FOLDER/dbt_marts.py', '--cfg-path', '/tmp/tmpnnxqwlc4']
[2025-09-14T14:48:28.848+0000] {standard_task_runner.py:91} INFO - Job 416: Subtask marts.fct_customer_reviews.test
[2025-09-14T14:48:29.002+0000] {task_command.py:426} INFO - Running <TaskInstance: dbt_marts.marts.fct_customer_reviews.test manual__2025-09-14T14:34:20.423414+00:00 [running]> on host e95bde6b8d07
[2025-09-14T14:48:29.233+0000] {taskinstance.py:2648} INFO - Exporting env vars: AIRFLOW_CTX_DAG_OWNER='***' AIRFLOW_CTX_DAG_ID='dbt_marts' AIRFLOW_CTX_TASK_ID='marts.fct_customer_reviews.test' AIRFLOW_CTX_EXECUTION_DATE='2025-09-14T14:34:20.423414+00:00' AIRFLOW_CTX_TRY_NUMBER='1' AIRFLOW_CTX_DAG_RUN_ID='manual__2025-09-14T14:34:20.423414+00:00'
[2025-09-14T14:48:29.234+0000] {taskinstance.py:430} INFO - ::endgroup::
[2025-09-14T14:48:29.248+0000] {baseoperator.py:400} WARNING - DbtTestVirtualenvOperator.execute cannot be called outside TaskInstance!
[2025-09-14T14:48:29.249+0000] {virtualenv.py:120} INFO - Checking if the virtualenv lock /tmp/cosmos_venv_ecom_marts/cosmos_virtualenv.lock exists
[2025-09-14T14:48:29.249+0000] {virtualenv.py:126} INFO - Acquiring the virtualenv lock
[2025-09-14T14:48:29.250+0000] {virtualenv.py:195} INFO - Acquiring lock at /tmp/cosmos_venv_ecom_marts/cosmos_virtualenv.lock with pid 9607
[2025-09-14T14:48:29.250+0000] {virtualenv.py:153} INFO - Creating or updating the virtualenv at `/tmp/cosmos_venv_ecom_marts
[2025-09-14T14:48:29.251+0000] {process_utils.py:183} INFO - Executing cmd: /home/***/.local/bin/python -m virtualenv /tmp/cosmos_venv_ecom_marts --python=python3
[2025-09-14T14:48:29.252+0000] {process_utils.py:187} INFO - Output:
[2025-09-14T14:48:30.530+0000] {process_utils.py:191} INFO - created virtual environment CPython3.10.14.final.0-64 in 440ms
[2025-09-14T14:48:30.530+0000] {process_utils.py:191} INFO -   creator CPython3Posix(dest=/tmp/cosmos_venv_ecom_marts, clear=False, no_vcs_ignore=False, global=False)
[2025-09-14T14:48:30.531+0000] {process_utils.py:191} INFO -   seeder FromAppData(download=False, pip=bundle, setuptools=bundle, wheel=bundle, via=copy, app_data_dir=/home/***/.local/share/virtualenv)
[2025-09-14T14:48:30.532+0000] {process_utils.py:191} INFO -     added seed packages: MarkupSafe==3.0.2, PyYAML==6.0.2, agate==1.9.1, annotated_types==0.7.0, attrs==25.3.0, babel==2.17.0, certifi==2025.8.3, charset_normalizer==3.4.3, click==8.2.1, clickhouse_connect==0.8.18, clickhouse_driver==0.2.9, colorama==0.4.6, daff==1.4.2, dbt_adapters==1.16.7, dbt_clickhouse==1.9.3, dbt_common==1.30.0, dbt_core==1.10.11, dbt_extractor==0.6.0, dbt_protos==1.0.375, dbt_semantic_interfaces==0.9.0, deepdiff==8.6.1, idna==3.10, importlib_metadata==8.7.0, isodate==0.6.1, jinja2==3.1.6, jsonschema==4.25.1, jsonschema_specifications==2025.9.1, leather==0.4.0, lz4==4.4.4, mashumaro==3.14, more_itertools==10.8.0, msgpack==1.1.1, networkx==3.4.2, orderly_set==5.5.0, packaging==25.0, parsedatetime==2.6, pathspec==0.12.1, pip==25.2, protobuf==6.32.1, pydantic==2.11.9, pydantic_core==2.33.2, python_dateutil==2.9.0.post0, python_slugify==8.0.4, pytimeparse==1.1.8, pytz==2025.2, referencing==0.36.2, requests==2.32.5, rpds_py==0.27.1, setuptools==80.9.0, six==1.17.0, snowplow_tracker==1.1.0, sqlparse==0.5.3, text_unidecode==1.3, typing_extensions==4.15.0, typing_inspection==0.4.1, tzlocal==5.3.1, urllib3==2.5.0, wheel==0.45.1, zipp==3.23.0, zstandard==0.24.0
[2025-09-14T14:48:30.532+0000] {process_utils.py:191} INFO -   activators BashActivator,CShellActivator,FishActivator,NushellActivator,PowerShellActivator,PythonActivator
[2025-09-14T14:48:30.593+0000] {process_utils.py:183} INFO - Executing cmd: /tmp/cosmos_venv_ecom_marts/bin/pip install dbt-clickhouse
[2025-09-14T14:48:30.594+0000] {process_utils.py:187} INFO - Output:
[2025-09-14T14:48:31.940+0000] {process_utils.py:191} INFO - Requirement already satisfied: dbt-clickhouse in /tmp/cosmos_venv_ecom_marts/lib/python3.10/site-packages (1.9.3)
[2025-09-14T14:48:31.942+0000] {process_utils.py:191} INFO - Requirement already satisfied: dbt-core>=1.9 in /tmp/cosmos_venv_ecom_marts/lib/python3.10/site-packages (from dbt-clickhouse) (1.10.11)
[2025-09-14T14:48:31.943+0000] {process_utils.py:191} INFO - Requirement already satisfied: clickhouse-connect>=0.6.22 in /tmp/cosmos_venv_ecom_marts/lib/python3.10/site-packages (from dbt-clickhouse) (0.8.18)
[2025-09-14T14:48:31.944+0000] {process_utils.py:191} INFO - Requirement already satisfied: clickhouse-driver>=0.2.6 in /tmp/cosmos_venv_ecom_marts/lib/python3.10/site-packages (from dbt-clickhouse) (0.2.9)
[2025-09-14T14:48:31.945+0000] {process_utils.py:191} INFO - Requirement already satisfied: setuptools>=0.69 in /tmp/cosmos_venv_ecom_marts/lib/python3.10/site-packages (from dbt-clickhouse) (80.9.0)
[2025-09-14T14:48:31.948+0000] {process_utils.py:191} INFO - Requirement already satisfied: certifi in /tmp/cosmos_venv_ecom_marts/lib/python3.10/site-packages (from clickhouse-connect>=0.6.22->dbt-clickhouse) (2025.8.3)
[2025-09-14T14:48:31.949+0000] {process_utils.py:191} INFO - Requirement already satisfied: urllib3>=1.26 in /tmp/cosmos_venv_ecom_marts/lib/python3.10/site-packages (from clickhouse-connect>=0.6.22->dbt-clickhouse) (2.5.0)
[2025-09-14T14:48:31.949+0000] {process_utils.py:191} INFO - Requirement already satisfied: pytz in /tmp/cosmos_venv_ecom_marts/lib/python3.10/site-packages (from clickhouse-connect>=0.6.22->dbt-clickhouse) (2025.2)
[2025-09-14T14:48:31.950+0000] {process_utils.py:191} INFO - Requirement already satisfied: zstandard in /tmp/cosmos_venv_ecom_marts/lib/python3.10/site-packages (from clickhouse-connect>=0.6.22->dbt-clickhouse) (0.24.0)
[2025-09-14T14:48:31.950+0000] {process_utils.py:191} INFO - Requirement already satisfied: lz4 in /tmp/cosmos_venv_ecom_marts/lib/python3.10/site-packages (from clickhouse-connect>=0.6.22->dbt-clickhouse) (4.4.4)
[2025-09-14T14:48:31.953+0000] {process_utils.py:191} INFO - Requirement already satisfied: tzlocal in /tmp/cosmos_venv_ecom_marts/lib/python3.10/site-packages (from clickhouse-driver>=0.2.6->dbt-clickhouse) (5.3.1)
[2025-09-14T14:48:31.957+0000] {process_utils.py:191} INFO - Requirement already satisfied: agate<1.10,>=1.7.0 in /tmp/cosmos_venv_ecom_marts/lib/python3.10/site-packages (from dbt-core>=1.9->dbt-clickhouse) (1.9.1)
[2025-09-14T14:48:31.958+0000] {process_utils.py:191} INFO - Requirement already satisfied: Jinja2<4,>=3.1.3 in /tmp/cosmos_venv_ecom_marts/lib/python3.10/site-packages (from dbt-core>=1.9->dbt-clickhouse) (3.1.6)
[2025-09-14T14:48:31.959+0000] {process_utils.py:191} INFO - Requirement already satisfied: mashumaro<3.15,>=3.9 in /tmp/cosmos_venv_ecom_marts/lib/python3.10/site-packages (from mashumaro[msgpack]<3.15,>=3.9->dbt-core>=1.9->dbt-clickhouse) (3.14)
[2025-09-14T14:48:31.960+0000] {process_utils.py:191} INFO - Requirement already satisfied: click<9.0,>=8.0.2 in /tmp/cosmos_venv_ecom_marts/lib/python3.10/site-packages (from dbt-core>=1.9->dbt-clickhouse) (8.2.1)
[2025-09-14T14:48:31.961+0000] {process_utils.py:191} INFO - Requirement already satisfied: jsonschema<5.0,>=4.19.1 in /tmp/cosmos_venv_ecom_marts/lib/python3.10/site-packages (from dbt-core>=1.9->dbt-clickhouse) (4.25.1)
[2025-09-14T14:48:31.962+0000] {process_utils.py:191} INFO - Requirement already satisfied: networkx<4.0,>=2.3 in /tmp/cosmos_venv_ecom_marts/lib/python3.10/site-packages (from dbt-core>=1.9->dbt-clickhouse) (3.4.2)
[2025-09-14T14:48:31.962+0000] {process_utils.py:191} INFO - Requirement already satisfied: protobuf<7.0,>=6.0 in /tmp/cosmos_venv_ecom_marts/lib/python3.10/site-packages (from dbt-core>=1.9->dbt-clickhouse) (6.32.1)
[2025-09-14T14:48:31.963+0000] {process_utils.py:191} INFO - Requirement already satisfied: requests<3.0.0 in /tmp/cosmos_venv_ecom_marts/lib/python3.10/site-packages (from dbt-core>=1.9->dbt-clickhouse) (2.32.5)
[2025-09-14T14:48:31.963+0000] {process_utils.py:191} INFO - Requirement already satisfied: snowplow-tracker<2.0,>=1.0.2 in /tmp/cosmos_venv_ecom_marts/lib/python3.10/site-packages (from dbt-core>=1.9->dbt-clickhouse) (1.1.0)
[2025-09-14T14:48:31.964+0000] {process_utils.py:191} INFO - Requirement already satisfied: pathspec<0.13,>=0.9 in /tmp/cosmos_venv_ecom_marts/lib/python3.10/site-packages (from dbt-core>=1.9->dbt-clickhouse) (0.12.1)
[2025-09-14T14:48:31.965+0000] {process_utils.py:191} INFO - Requirement already satisfied: sqlparse<0.6.0,>=0.5.0 in /tmp/cosmos_venv_ecom_marts/lib/python3.10/site-packages (from dbt-core>=1.9->dbt-clickhouse) (0.5.3)
[2025-09-14T14:48:31.966+0000] {process_utils.py:191} INFO - Requirement already satisfied: dbt-extractor<=0.6,>=0.5.0 in /tmp/cosmos_venv_ecom_marts/lib/python3.10/site-packages (from dbt-core>=1.9->dbt-clickhouse) (0.6.0)
[2025-09-14T14:48:31.967+0000] {process_utils.py:191} INFO - Requirement already satisfied: dbt-semantic-interfaces<0.10,>=0.9.0 in /tmp/cosmos_venv_ecom_marts/lib/python3.10/site-packages (from dbt-core>=1.9->dbt-clickhouse) (0.9.0)
[2025-09-14T14:48:31.967+0000] {process_utils.py:191} INFO - Requirement already satisfied: dbt-common<2.0,>=1.27.0 in /tmp/cosmos_venv_ecom_marts/lib/python3.10/site-packages (from dbt-core>=1.9->dbt-clickhouse) (1.30.0)
[2025-09-14T14:48:31.968+0000] {process_utils.py:191} INFO - Requirement already satisfied: dbt-adapters<2.0,>=1.15.5 in /tmp/cosmos_venv_ecom_marts/lib/python3.10/site-packages (from dbt-core>=1.9->dbt-clickhouse) (1.16.7)
[2025-09-14T14:48:31.969+0000] {process_utils.py:191} INFO - Requirement already satisfied: dbt-protos<2.0,>=1.0.346 in /tmp/cosmos_venv_ecom_marts/lib/python3.10/site-packages (from dbt-core>=1.9->dbt-clickhouse) (1.0.375)
[2025-09-14T14:48:31.969+0000] {process_utils.py:191} INFO - Requirement already satisfied: pydantic<3 in /tmp/cosmos_venv_ecom_marts/lib/python3.10/site-packages (from dbt-core>=1.9->dbt-clickhouse) (2.11.9)
[2025-09-14T14:48:31.970+0000] {process_utils.py:191} INFO - Requirement already satisfied: packaging>20.9 in /tmp/cosmos_venv_ecom_marts/lib/python3.10/site-packages (from dbt-core>=1.9->dbt-clickhouse) (25.0)
[2025-09-14T14:48:31.970+0000] {process_utils.py:191} INFO - Requirement already satisfied: pyyaml>=6.0 in /tmp/cosmos_venv_ecom_marts/lib/python3.10/site-packages (from dbt-core>=1.9->dbt-clickhouse) (6.0.2)
[2025-09-14T14:48:31.971+0000] {process_utils.py:191} INFO - Requirement already satisfied: daff>=1.3.46 in /tmp/cosmos_venv_ecom_marts/lib/python3.10/site-packages (from dbt-core>=1.9->dbt-clickhouse) (1.4.2)
[2025-09-14T14:48:31.972+0000] {process_utils.py:191} INFO - Requirement already satisfied: typing-extensions>=4.4 in /tmp/cosmos_venv_ecom_marts/lib/python3.10/site-packages (from dbt-core>=1.9->dbt-clickhouse) (4.15.0)
[2025-09-14T14:48:31.975+0000] {process_utils.py:191} INFO - Requirement already satisfied: Babel>=2.0 in /tmp/cosmos_venv_ecom_marts/lib/python3.10/site-packages (from agate<1.10,>=1.7.0->dbt-core>=1.9->dbt-clickhouse) (2.17.0)
[2025-09-14T14:48:31.976+0000] {process_utils.py:191} INFO - Requirement already satisfied: isodate>=0.5.4 in /tmp/cosmos_venv_ecom_marts/lib/python3.10/site-packages (from agate<1.10,>=1.7.0->dbt-core>=1.9->dbt-clickhouse) (0.6.1)
[2025-09-14T14:48:31.977+0000] {process_utils.py:191} INFO - Requirement already satisfied: leather>=0.3.2 in /tmp/cosmos_venv_ecom_marts/lib/python3.10/site-packages (from agate<1.10,>=1.7.0->dbt-core>=1.9->dbt-clickhouse) (0.4.0)
[2025-09-14T14:48:31.977+0000] {process_utils.py:191} INFO - Requirement already satisfied: parsedatetime!=2.5,>=2.1 in /tmp/cosmos_venv_ecom_marts/lib/python3.10/site-packages (from agate<1.10,>=1.7.0->dbt-core>=1.9->dbt-clickhouse) (2.6)
[2025-09-14T14:48:31.978+0000] {process_utils.py:191} INFO - Requirement already satisfied: python-slugify>=1.2.1 in /tmp/cosmos_venv_ecom_marts/lib/python3.10/site-packages (from agate<1.10,>=1.7.0->dbt-core>=1.9->dbt-clickhouse) (8.0.4)
[2025-09-14T14:48:31.978+0000] {process_utils.py:191} INFO - Requirement already satisfied: pytimeparse>=1.1.5 in /tmp/cosmos_venv_ecom_marts/lib/python3.10/site-packages (from agate<1.10,>=1.7.0->dbt-core>=1.9->dbt-clickhouse) (1.1.8)
[2025-09-14T14:48:31.992+0000] {process_utils.py:191} INFO - Requirement already satisfied: colorama<0.5,>=0.3.9 in /tmp/cosmos_venv_ecom_marts/lib/python3.10/site-packages (from dbt-common<2.0,>=1.27.0->dbt-core>=1.9->dbt-clickhouse) (0.4.6)
[2025-09-14T14:48:31.993+0000] {process_utils.py:191} INFO - Requirement already satisfied: deepdiff<9.0,>=7.0 in /tmp/cosmos_venv_ecom_marts/lib/python3.10/site-packages (from dbt-common<2.0,>=1.27.0->dbt-core>=1.9->dbt-clickhouse) (8.6.1)
[2025-09-14T14:48:31.996+0000] {process_utils.py:191} INFO - Requirement already satisfied: python-dateutil<3.0,>=2.0 in /tmp/cosmos_venv_ecom_marts/lib/python3.10/site-packages (from dbt-common<2.0,>=1.27.0->dbt-core>=1.9->dbt-clickhouse) (2.9.0.post0)
[2025-09-14T14:48:32.006+0000] {process_utils.py:191} INFO - Requirement already satisfied: importlib-metadata<9,>=6.0 in /tmp/cosmos_venv_ecom_marts/lib/python3.10/site-packages (from dbt-semantic-interfaces<0.10,>=0.9.0->dbt-core>=1.9->dbt-clickhouse) (8.7.0)
[2025-09-14T14:48:32.009+0000] {process_utils.py:191} INFO - Requirement already satisfied: more-itertools<11.0,>=8.0 in /tmp/cosmos_venv_ecom_marts/lib/python3.10/site-packages (from dbt-semantic-interfaces<0.10,>=0.9.0->dbt-core>=1.9->dbt-clickhouse) (10.8.0)
[2025-09-14T14:48:32.020+0000] {process_utils.py:191} INFO - Requirement already satisfied: orderly-set<6,>=5.4.1 in /tmp/cosmos_venv_ecom_marts/lib/python3.10/site-packages (from deepdiff<9.0,>=7.0->dbt-common<2.0,>=1.27.0->dbt-core>=1.9->dbt-clickhouse) (5.5.0)
[2025-09-14T14:48:32.027+0000] {process_utils.py:191} INFO - Requirement already satisfied: zipp>=3.20 in /tmp/cosmos_venv_ecom_marts/lib/python3.10/site-packages (from importlib-metadata<9,>=6.0->dbt-semantic-interfaces<0.10,>=0.9.0->dbt-core>=1.9->dbt-clickhouse) (3.23.0)
[2025-09-14T14:48:32.030+0000] {process_utils.py:191} INFO - Requirement already satisfied: six in /tmp/cosmos_venv_ecom_marts/lib/python3.10/site-packages (from isodate>=0.5.4->agate<1.10,>=1.7.0->dbt-core>=1.9->dbt-clickhouse) (1.17.0)
[2025-09-14T14:48:32.032+0000] {process_utils.py:191} INFO - Requirement already satisfied: MarkupSafe>=2.0 in /tmp/cosmos_venv_ecom_marts/lib/python3.10/site-packages (from Jinja2<4,>=3.1.3->dbt-core>=1.9->dbt-clickhouse) (3.0.2)
[2025-09-14T14:48:32.037+0000] {process_utils.py:191} INFO - Requirement already satisfied: attrs>=22.2.0 in /tmp/cosmos_venv_ecom_marts/lib/python3.10/site-packages (from jsonschema<5.0,>=4.19.1->dbt-core>=1.9->dbt-clickhouse) (25.3.0)
[2025-09-14T14:48:32.038+0000] {process_utils.py:191} INFO - Requirement already satisfied: jsonschema-specifications>=2023.03.6 in /tmp/cosmos_venv_ecom_marts/lib/python3.10/site-packages (from jsonschema<5.0,>=4.19.1->dbt-core>=1.9->dbt-clickhouse) (2025.9.1)
[2025-09-14T14:48:32.039+0000] {process_utils.py:191} INFO - Requirement already satisfied: referencing>=0.28.4 in /tmp/cosmos_venv_ecom_marts/lib/python3.10/site-packages (from jsonschema<5.0,>=4.19.1->dbt-core>=1.9->dbt-clickhouse) (0.36.2)
[2025-09-14T14:48:32.040+0000] {process_utils.py:191} INFO - Requirement already satisfied: rpds-py>=0.7.1 in /tmp/cosmos_venv_ecom_marts/lib/python3.10/site-packages (from jsonschema<5.0,>=4.19.1->dbt-core>=1.9->dbt-clickhouse) (0.27.1)
[2025-09-14T14:48:32.048+0000] {process_utils.py:191} INFO - Requirement already satisfied: msgpack>=0.5.6 in /tmp/cosmos_venv_ecom_marts/lib/python3.10/site-packages (from mashumaro[msgpack]<3.15,>=3.9->dbt-core>=1.9->dbt-clickhouse) (1.1.1)
[2025-09-14T14:48:32.068+0000] {process_utils.py:191} INFO - Requirement already satisfied: annotated-types>=0.6.0 in /tmp/cosmos_venv_ecom_marts/lib/python3.10/site-packages (from pydantic<3->dbt-core>=1.9->dbt-clickhouse) (0.7.0)
[2025-09-14T14:48:32.068+0000] {process_utils.py:191} INFO - Requirement already satisfied: pydantic-core==2.33.2 in /tmp/cosmos_venv_ecom_marts/lib/python3.10/site-packages (from pydantic<3->dbt-core>=1.9->dbt-clickhouse) (2.33.2)
[2025-09-14T14:48:32.072+0000] {process_utils.py:191} INFO - Requirement already satisfied: typing-inspection>=0.4.0 in /tmp/cosmos_venv_ecom_marts/lib/python3.10/site-packages (from pydantic<3->dbt-core>=1.9->dbt-clickhouse) (0.4.1)
[2025-09-14T14:48:32.081+0000] {process_utils.py:191} INFO - Requirement already satisfied: charset_normalizer<4,>=2 in /tmp/cosmos_venv_ecom_marts/lib/python3.10/site-packages (from requests<3.0.0->dbt-core>=1.9->dbt-clickhouse) (3.4.3)
[2025-09-14T14:48:32.083+0000] {process_utils.py:191} INFO - Requirement already satisfied: idna<4,>=2.5 in /tmp/cosmos_venv_ecom_marts/lib/python3.10/site-packages (from requests<3.0.0->dbt-core>=1.9->dbt-clickhouse) (3.10)
[2025-09-14T14:48:32.129+0000] {process_utils.py:191} INFO - Requirement already satisfied: text-unidecode>=1.3 in /tmp/cosmos_venv_ecom_marts/lib/python3.10/site-packages (from python-slugify>=1.2.1->agate<1.10,>=1.7.0->dbt-core>=1.9->dbt-clickhouse) (1.3)
[2025-09-14T14:48:32.292+0000] {local.py:470} INFO - Cloning project to writable temp directory /tmp/tmp23pa68k2 from /opt/airflow/dags/dbt/ecom_marts
[2025-09-14T14:48:32.308+0000] {local.py:490} INFO - Partial parse is enabled and the latest partial parse file is /tmp/cosmos/dbt_marts__marts/target/partial_parse.msgpack
[2025-09-14T14:48:32.318+0000] {config.py:362} INFO - Using user-supplied profiles.yml at /opt/airflow/dags/dbt/profiles.yml
[2025-09-14T14:48:32.330+0000] {virtualenv.py:99} INFO - Using Python binary from virtualenv: /tmp/cosmos_venv_ecom_marts/bin/python
[2025-09-14T14:48:32.330+0000] {local.py:434} INFO - Trying to run the command:
 ['/tmp/cosmos_venv_ecom_marts/bin/dbt', 'deps', '--project-dir', '/tmp/tmp23pa68k2', '--profiles-dir', '/opt/***/dags/dbt', '--profile', 'ecom_marts', '--target', 'dev']
From /tmp/tmp23pa68k2
[2025-09-14T14:48:32.331+0000] {subprocess.py:56} INFO - Tmp dir root location: 
 /tmp
[2025-09-14T14:48:32.331+0000] {subprocess.py:69} INFO - Running command: ['/tmp/cosmos_venv_ecom_marts/bin/dbt', 'deps', '--project-dir', '/tmp/tmp23pa68k2', '--profiles-dir', '/opt/***/dags/dbt', '--profile', 'ecom_marts', '--target', 'dev']
[2025-09-14T14:48:32.344+0000] {subprocess.py:80} INFO - Command output:
[2025-09-14T14:48:34.388+0000] {subprocess.py:90} INFO - [0m14:48:34  Running with dbt=1.10.11
[2025-09-14T14:48:35.717+0000] {subprocess.py:90} INFO - [0m14:48:35  Installing dbt-labs/dbt_utils
[2025-09-14T14:48:36.681+0000] {subprocess.py:90} INFO - [0m14:48:36  Installed from version 1.3.0
[2025-09-14T14:48:36.682+0000] {subprocess.py:90} INFO - [0m14:48:36  Updated version available: 1.3.1
[2025-09-14T14:48:36.683+0000] {subprocess.py:90} INFO - [0m14:48:36
[2025-09-14T14:48:36.684+0000] {subprocess.py:90} INFO - [0m14:48:36  Updates available for packages: ['dbt-labs/dbt_utils']
[2025-09-14T14:48:36.684+0000] {subprocess.py:90} INFO - Update your versions in packages.yml, then run dbt deps
[2025-09-14T14:48:39.107+0000] {subprocess.py:94} INFO - Command exited with return code 0
[2025-09-14T14:48:39.107+0000] {local.py:441} INFO - Update your versions in packages.yml, then run dbt deps
[2025-09-14T14:48:39.108+0000] {virtualenv.py:99} INFO - Using Python binary from virtualenv: /tmp/cosmos_venv_ecom_marts/bin/python
[2025-09-14T14:48:39.109+0000] {local.py:434} INFO - Trying to run the command:
 ['/tmp/cosmos_venv_ecom_marts/bin/dbt', 'test', '--models', 'fct_customer_reviews', '--project-dir', '/tmp/tmp23pa68k2', '--profiles-dir', '/opt/***/dags/dbt', '--profile', 'ecom_marts', '--target', 'dev']
From /tmp/tmp23pa68k2
[2025-09-14T14:48:39.109+0000] {subprocess.py:56} INFO - Tmp dir root location: 
 /tmp
[2025-09-14T14:48:39.110+0000] {subprocess.py:69} INFO - Running command: ['/tmp/cosmos_venv_ecom_marts/bin/dbt', 'test', '--models', 'fct_customer_reviews', '--project-dir', '/tmp/tmp23pa68k2', '--profiles-dir', '/opt/***/dags/dbt', '--profile', 'ecom_marts', '--target', 'dev']
[2025-09-14T14:48:39.126+0000] {subprocess.py:80} INFO - Command output:
[2025-09-14T14:48:41.391+0000] {subprocess.py:90} INFO - [0m14:48:41  Running with dbt=1.10.11
[2025-09-14T14:48:41.393+0000] {subprocess.py:90} INFO - [0m14:48:41  [[33mWARNING[0m]: Deprecated functionality
[2025-09-14T14:48:41.393+0000] {subprocess.py:90} INFO - Usage of `--models`, `--model`, and `-m` is deprecated in favor of `--select` or
[2025-09-14T14:48:41.394+0000] {subprocess.py:90} INFO - `-s`.
[2025-09-14T14:48:41.739+0000] {subprocess.py:90} INFO - [0m14:48:41  Registered adapter: clickhouse=1.9.3
[2025-09-14T14:48:42.816+0000] {subprocess.py:90} INFO - [0m14:48:42  Found 14 models, 38 data tests, 15 sources, 597 macros
[2025-09-14T14:48:42.820+0000] {subprocess.py:90} INFO - [0m14:48:42
[2025-09-14T14:48:42.821+0000] {subprocess.py:90} INFO - [0m14:48:42  Concurrency: 4 threads (target='dev')
[2025-09-14T14:48:42.821+0000] {subprocess.py:90} INFO - [0m14:48:42
[2025-09-14T14:48:42.978+0000] {subprocess.py:90} INFO - [0m14:48:42  1 of 5 START test not_null_fct_customer_reviews_customer_id .................... [RUN]
[2025-09-14T14:48:42.979+0000] {subprocess.py:90} INFO - [0m14:48:42  2 of 5 START test not_null_fct_customer_reviews_order_id ....................... [RUN]
[2025-09-14T14:48:42.980+0000] {subprocess.py:90} INFO - [0m14:48:42  3 of 5 START test not_null_fct_customer_reviews_product_id ..................... [RUN]
[2025-09-14T14:48:42.982+0000] {subprocess.py:90} INFO - [0m14:48:42  4 of 5 START test relationships_fct_customer_reviews_customer_id__customer_id__ref_dim_customers_  [RUN]
[2025-09-14T14:48:43.102+0000] {subprocess.py:90} INFO - [0m14:48:43  1 of 5 PASS not_null_fct_customer_reviews_customer_id .......................... [[32mPASS[0m in 0.12s]
[2025-09-14T14:48:43.118+0000] {subprocess.py:90} INFO - [0m14:48:43  5 of 5 START test relationships_fct_customer_reviews_product_id__product_id__ref_dim_products_  [RUN]
[2025-09-14T14:48:43.189+0000] {subprocess.py:90} INFO - [0m14:48:43  2 of 5 PASS not_null_fct_customer_reviews_order_id ............................. [[32mPASS[0m in 0.21s]
[2025-09-14T14:48:43.194+0000] {subprocess.py:90} INFO - [0m14:48:43  3 of 5 PASS not_null_fct_customer_reviews_product_id ........................... [[32mPASS[0m in 0.21s]
[2025-09-14T14:48:43.201+0000] {subprocess.py:90} INFO - [0m14:48:43  5 of 5 ERROR relationships_fct_customer_reviews_product_id__product_id__ref_dim_products_  [[31mERROR[0m in 0.08s]
[2025-09-14T14:48:44.048+0000] {subprocess.py:90} INFO - [0m14:48:44  4 of 5 PASS relationships_fct_customer_reviews_customer_id__customer_id__ref_dim_customers_  [[32mPASS[0m in 1.06s]
[2025-09-14T14:48:44.053+0000] {subprocess.py:90} INFO - [0m14:48:44
[2025-09-14T14:48:44.053+0000] {subprocess.py:90} INFO - [0m14:48:44  Finished running 5 data tests in 0 hours 0 minutes and 1.23 seconds (1.23s).
[2025-09-14T14:48:44.114+0000] {subprocess.py:90} INFO - [0m14:48:44
[2025-09-14T14:48:44.115+0000] {subprocess.py:90} INFO - [0m14:48:44  [31mCompleted with 1 error, 0 partial successes, and 0 warnings:[0m
[2025-09-14T14:48:44.116+0000] {subprocess.py:90} INFO - [0m14:48:44
[2025-09-14T14:48:44.116+0000] {subprocess.py:90} INFO - [0m14:48:44  [31mFailure in test relationships_fct_customer_reviews_product_id__product_id__ref_dim_products_ (models/ecom_marts/schema.yml)[0m
[2025-09-14T14:48:44.117+0000] {subprocess.py:90} INFO - [0m14:48:44    Database Error in test relationships_fct_customer_reviews_product_id__product_id__ref_dim_products_ (models/ecom_marts/schema.yml)
[2025-09-14T14:48:44.117+0000] {subprocess.py:90} INFO -   HTTPDriver for http://clickhouse:8123 received ClickHouse error code 47
[2025-09-14T14:48:44.118+0000] {subprocess.py:90} INFO -    Code: 47. DB::Exception: Unknown expression identifier 'product_id' in scope parent AS (SELECT product_id AS to_field FROM ecom_db_marts.dim_products). Maybe you meant: ['product_name']. (UNKNOWN_IDENTIFIER) (version 24.8.14.39 (official build))
[2025-09-14T14:48:44.118+0000] {subprocess.py:90} INFO -   compiled code at target/run/ecom_marts/models/ecom_marts/schema.yml/relationships_fct_customer_rev_24bc9207f5ce87b0cd593516a407a4da.sql
[2025-09-14T14:48:44.118+0000] {subprocess.py:90} INFO - [0m14:48:44
[2025-09-14T14:48:44.119+0000] {subprocess.py:90} INFO - [0m14:48:44    compiled code at target/compiled/ecom_marts/models/ecom_marts/schema.yml/relationships_fct_customer_rev_24bc9207f5ce87b0cd593516a407a4da.sql
[2025-09-14T14:48:44.119+0000] {subprocess.py:90} INFO - [0m14:48:44
[2025-09-14T14:48:44.119+0000] {subprocess.py:90} INFO - [0m14:48:44  Done. PASS=4 WARN=0 ERROR=1 SKIP=0 NO-OP=0 TOTAL=5
[2025-09-14T14:48:44.120+0000] {subprocess.py:90} INFO - [0m14:48:44  [[33mWARNING[0m][DeprecationsSummary]: Deprecated functionality
[2025-09-14T14:48:44.120+0000] {subprocess.py:90} INFO - Summary of encountered deprecations:
[2025-09-14T14:48:44.120+0000] {subprocess.py:90} INFO - - ModelParamUsageDeprecation: 1 occurrence
[2025-09-14T14:48:44.120+0000] {subprocess.py:90} INFO - To see all deprecation instances instead of just the first occurrence of each,
[2025-09-14T14:48:44.121+0000] {subprocess.py:90} INFO - run command again with the `--show-all-deprecations` flag. You may also need to
[2025-09-14T14:48:44.121+0000] {subprocess.py:90} INFO - run with `--no-partial-parse` as some deprecations are only encountered during
[2025-09-14T14:48:44.121+0000] {subprocess.py:90} INFO - parsing.
[2025-09-14T14:48:46.189+0000] {subprocess.py:94} INFO - Command exited with return code 1
[2025-09-14T14:48:46.190+0000] {local.py:441} INFO - parsing.
[2025-09-14T14:48:46.206+0000] {local.py:196} WARNING - Artifact schema version: https://schemas.getdbt.com/dbt/manifest/v12.json is above dbt-ol supported version 7. This might cause errors.
[2025-09-14T14:48:46.207+0000] {local.py:196} WARNING - Artifact schema version: https://schemas.getdbt.com/dbt/run-results/v6.json is above dbt-ol supported version 5. This might cause errors.
[2025-09-14T14:48:46.213+0000] {local.py:547} INFO - Inlets: []
[2025-09-14T14:48:46.214+0000] {local.py:548} INFO - Outlets: []
[2025-09-14T14:48:46.214+0000] {local.py:772} INFO - Assigning inlets/outlets without DatasetAlias
[2025-09-14T14:48:46.215+0000] {dag.py:3089} INFO - Sync 1 DAGs
[2025-09-14T14:48:46.278+0000] {dag.py:3947} INFO - Setting next_dagrun for dbt_marts to 2025-09-14 00:00:00+00:00, run_after=2025-09-15 00:00:00+00:00
[2025-09-14T14:48:46.361+0000] {local.py:253} ERROR - [0m14:48:41  Running with dbt=1.10.11
[0m14:48:41  [[33mWARNING[0m]: Deprecated functionality
Usage of `--models`, `--model`, and `-m` is deprecated in favor of `--select` or
`-s`.
[0m14:48:41  Registered adapter: clickhouse=1.9.3
[0m14:48:42  Found 14 models, 38 data tests, 15 sources, 597 macros
[0m14:48:42
[0m14:48:42  Concurrency: 4 threads (target='dev')
[0m14:48:42
[0m14:48:42  1 of 5 START test not_null_fct_customer_reviews_customer_id .................... [RUN]
[0m14:48:42  2 of 5 START test not_null_fct_customer_reviews_order_id ....................... [RUN]
[0m14:48:42  3 of 5 START test not_null_fct_customer_reviews_product_id ..................... [RUN]
[0m14:48:42  4 of 5 START test relationships_fct_customer_reviews_customer_id__customer_id__ref_dim_customers_  [RUN]
[0m14:48:43  1 of 5 PASS not_null_fct_customer_reviews_customer_id .......................... [[32mPASS[0m in 0.12s]
[0m14:48:43  5 of 5 START test relationships_fct_customer_reviews_product_id__product_id__ref_dim_products_  [RUN]
[0m14:48:43  2 of 5 PASS not_null_fct_customer_reviews_order_id ............................. [[32mPASS[0m in 0.21s]
[0m14:48:43  3 of 5 PASS not_null_fct_customer_reviews_product_id ........................... [[32mPASS[0m in 0.21s]
[0m14:48:43  5 of 5 ERROR relationships_fct_customer_reviews_product_id__product_id__ref_dim_products_  [[31mERROR[0m in 0.08s]
[0m14:48:44  4 of 5 PASS relationships_fct_customer_reviews_customer_id__customer_id__ref_dim_customers_  [[32mPASS[0m in 1.06s]
[0m14:48:44
[0m14:48:44  Finished running 5 data tests in 0 hours 0 minutes and 1.23 seconds (1.23s).
[0m14:48:44
[0m14:48:44  [31mCompleted with 1 error, 0 partial successes, and 0 warnings:[0m
[0m14:48:44
[0m14:48:44  [31mFailure in test relationships_fct_customer_reviews_product_id__product_id__ref_dim_products_ (models/ecom_marts/schema.yml)[0m
[0m14:48:44    Database Error in test relationships_fct_customer_reviews_product_id__product_id__ref_dim_products_ (models/ecom_marts/schema.yml)
  HTTPDriver for http://clickhouse:8123 received ClickHouse error code 47
   Code: 47. DB::Exception: Unknown expression identifier 'product_id' in scope parent AS (SELECT product_id AS to_field FROM ecom_db_marts.dim_products). Maybe you meant: ['product_name']. (UNKNOWN_IDENTIFIER) (version 24.8.14.39 (official build))
  compiled code at target/run/ecom_marts/models/ecom_marts/schema.yml/relationships_fct_customer_rev_24bc9207f5ce87b0cd593516a407a4da.sql
[0m14:48:44
[0m14:48:44    compiled code at target/compiled/ecom_marts/models/ecom_marts/schema.yml/relationships_fct_customer_rev_24bc9207f5ce87b0cd593516a407a4da.sql
[0m14:48:44
[0m14:48:44  Done. PASS=4 WARN=0 ERROR=1 SKIP=0 NO-OP=0 TOTAL=5
[0m14:48:44  [[33mWARNING[0m][DeprecationsSummary]: Deprecated functionality
Summary of encountered deprecations:
- ModelParamUsageDeprecation: 1 occurrence
To see all deprecation instances instead of just the first occurrence of each,
run command again with the `--show-all-deprecations` flag. You may also need to
run with `--no-partial-parse` as some deprecations are only encountered during
parsing.
[2025-09-14T14:48:46.373+0000] {virtualenv.py:131} INFO - Releasing virtualenv lock
[2025-09-14T14:48:46.374+0000] {taskinstance.py:441} INFO - ::group::Post task execution logs
[2025-09-14T14:48:46.474+0000] {local_task_job_runner.py:243} INFO - Task exited with return code 0
[2025-09-14T14:48:46.559+0000] {taskinstance.py:3503} INFO - 0 downstream tasks scheduled from follow-on schedule check
[2025-09-14T14:48:46.578+0000] {local_task_job_runner.py:222} INFO - ::endgroup::
