[2025-09-22T08:28:56.184+0000] {local_task_job_runner.py:120} INFO - ::group::Pre task execution logs
[2025-09-22T08:28:56.510+0000] {taskinstance.py:2076} INFO - Dependencies all met for dep_context=non-requeueable deps ti=<TaskInstance: dbt_intermediate.intermediate.subcategories_enriched.test manual__2025-09-22T08:28:03.359463+00:00 [queued]>
[2025-09-22T08:28:56.522+0000] {taskinstance.py:2076} INFO - Dependencies all met for dep_context=requeueable deps ti=<TaskInstance: dbt_intermediate.intermediate.subcategories_enriched.test manual__2025-09-22T08:28:03.359463+00:00 [queued]>
[2025-09-22T08:28:56.534+0000] {taskinstance.py:2306} INFO - Starting attempt 1 of 1
[2025-09-22T08:28:56.555+0000] {taskinstance.py:2330} INFO - Executing <Task(DbtTestVirtualenvOperator): intermediate.subcategories_enriched.test> on 2025-09-22 08:28:03.359463+00:00
[2025-09-22T08:28:56.562+0000] {standard_task_runner.py:64} INFO - Started process 5156 to run task
[2025-09-22T08:28:56.567+0000] {standard_task_runner.py:90} INFO - Running: ['***', 'tasks', 'run', 'dbt_intermediate', 'intermediate.subcategories_enriched.test', 'manual__2025-09-22T08:28:03.359463+00:00', '--job-id', '711', '--raw', '--subdir', 'DAGS_FOLDER/dbt_intermediate.py', '--cfg-path', '/tmp/tmpzdrbzo3u']
[2025-09-22T08:28:56.570+0000] {standard_task_runner.py:91} INFO - Job 711: Subtask intermediate.subcategories_enriched.test
[2025-09-22T08:28:56.779+0000] {task_command.py:426} INFO - Running <TaskInstance: dbt_intermediate.intermediate.subcategories_enriched.test manual__2025-09-22T08:28:03.359463+00:00 [running]> on host e95bde6b8d07
[2025-09-22T08:28:57.055+0000] {taskinstance.py:2648} INFO - Exporting env vars: AIRFLOW_CTX_DAG_OWNER='***' AIRFLOW_CTX_DAG_ID='dbt_intermediate' AIRFLOW_CTX_TASK_ID='intermediate.subcategories_enriched.test' AIRFLOW_CTX_EXECUTION_DATE='2025-09-22T08:28:03.359463+00:00' AIRFLOW_CTX_TRY_NUMBER='1' AIRFLOW_CTX_DAG_RUN_ID='manual__2025-09-22T08:28:03.359463+00:00'
[2025-09-22T08:28:57.058+0000] {taskinstance.py:430} INFO - ::endgroup::
[2025-09-22T08:28:57.073+0000] {baseoperator.py:400} WARNING - DbtTestVirtualenvOperator.execute cannot be called outside TaskInstance!
[2025-09-22T08:28:57.074+0000] {virtualenv.py:120} INFO - Checking if the virtualenv lock /opt/***/cosmos_venvs/ecom_intermediate/cosmos_virtualenv.lock exists
[2025-09-22T08:28:57.074+0000] {virtualenv.py:178} INFO - Checking for running process with PID 4943
[2025-09-22T08:28:57.075+0000] {virtualenv.py:181} INFO - Process 4943 running: True and has the lock /opt/***/cosmos_venvs/ecom_intermediate/cosmos_virtualenv.lock.
[2025-09-22T08:28:57.075+0000] {virtualenv.py:122} INFO - Waiting for virtualenv lock to be released
[2025-09-22T08:28:58.075+0000] {virtualenv.py:178} INFO - Checking for running process with PID 4943
[2025-09-22T08:28:58.077+0000] {virtualenv.py:181} INFO - Process 4943 running: True and has the lock /opt/***/cosmos_venvs/ecom_intermediate/cosmos_virtualenv.lock.
[2025-09-22T08:28:58.080+0000] {virtualenv.py:122} INFO - Waiting for virtualenv lock to be released
[2025-09-22T08:28:59.084+0000] {virtualenv.py:178} INFO - Checking for running process with PID 4943
[2025-09-22T08:28:59.085+0000] {virtualenv.py:181} INFO - Process 4943 running: True and has the lock /opt/***/cosmos_venvs/ecom_intermediate/cosmos_virtualenv.lock.
[2025-09-22T08:28:59.086+0000] {virtualenv.py:122} INFO - Waiting for virtualenv lock to be released
[2025-09-22T08:29:00.087+0000] {virtualenv.py:178} INFO - Checking for running process with PID 4943
[2025-09-22T08:29:00.088+0000] {virtualenv.py:181} INFO - Process 4943 running: True and has the lock /opt/***/cosmos_venvs/ecom_intermediate/cosmos_virtualenv.lock.
[2025-09-22T08:29:00.089+0000] {virtualenv.py:122} INFO - Waiting for virtualenv lock to be released
[2025-09-22T08:29:01.091+0000] {virtualenv.py:178} INFO - Checking for running process with PID 4943
[2025-09-22T08:29:01.092+0000] {virtualenv.py:181} INFO - Process 4943 running: True and has the lock /opt/***/cosmos_venvs/ecom_intermediate/cosmos_virtualenv.lock.
[2025-09-22T08:29:01.093+0000] {virtualenv.py:122} INFO - Waiting for virtualenv lock to be released
[2025-09-22T08:29:02.095+0000] {virtualenv.py:178} INFO - Checking for running process with PID 4943
[2025-09-22T08:29:02.096+0000] {virtualenv.py:181} INFO - Process 4943 running: True and has the lock /opt/***/cosmos_venvs/ecom_intermediate/cosmos_virtualenv.lock.
[2025-09-22T08:29:02.097+0000] {virtualenv.py:122} INFO - Waiting for virtualenv lock to be released
[2025-09-22T08:29:03.099+0000] {virtualenv.py:178} INFO - Checking for running process with PID 4943
[2025-09-22T08:29:03.100+0000] {virtualenv.py:181} INFO - Process 4943 running: True and has the lock /opt/***/cosmos_venvs/ecom_intermediate/cosmos_virtualenv.lock.
[2025-09-22T08:29:03.101+0000] {virtualenv.py:122} INFO - Waiting for virtualenv lock to be released
[2025-09-22T08:29:04.103+0000] {virtualenv.py:178} INFO - Checking for running process with PID 4943
[2025-09-22T08:29:04.104+0000] {virtualenv.py:181} INFO - Process 4943 running: True and has the lock /opt/***/cosmos_venvs/ecom_intermediate/cosmos_virtualenv.lock.
[2025-09-22T08:29:04.105+0000] {virtualenv.py:122} INFO - Waiting for virtualenv lock to be released
[2025-09-22T08:29:05.107+0000] {virtualenv.py:178} INFO - Checking for running process with PID 4943
[2025-09-22T08:29:05.108+0000] {virtualenv.py:181} INFO - Process 4943 running: True and has the lock /opt/***/cosmos_venvs/ecom_intermediate/cosmos_virtualenv.lock.
[2025-09-22T08:29:05.109+0000] {virtualenv.py:122} INFO - Waiting for virtualenv lock to be released
[2025-09-22T08:29:06.111+0000] {virtualenv.py:178} INFO - Checking for running process with PID 4943
[2025-09-22T08:29:06.112+0000] {virtualenv.py:181} INFO - Process 4943 running: True and has the lock /opt/***/cosmos_venvs/ecom_intermediate/cosmos_virtualenv.lock.
[2025-09-22T08:29:06.113+0000] {virtualenv.py:122} INFO - Waiting for virtualenv lock to be released
[2025-09-22T08:29:07.115+0000] {virtualenv.py:178} INFO - Checking for running process with PID 4943
[2025-09-22T08:29:07.116+0000] {virtualenv.py:181} INFO - Process 4943 running: True and has the lock /opt/***/cosmos_venvs/ecom_intermediate/cosmos_virtualenv.lock.
[2025-09-22T08:29:07.116+0000] {virtualenv.py:122} INFO - Waiting for virtualenv lock to be released
[2025-09-22T08:29:08.118+0000] {virtualenv.py:178} INFO - Checking for running process with PID 4943
[2025-09-22T08:29:08.119+0000] {virtualenv.py:181} INFO - Process 4943 running: True and has the lock /opt/***/cosmos_venvs/ecom_intermediate/cosmos_virtualenv.lock.
[2025-09-22T08:29:08.120+0000] {virtualenv.py:122} INFO - Waiting for virtualenv lock to be released
[2025-09-22T08:29:09.124+0000] {virtualenv.py:178} INFO - Checking for running process with PID 4943
[2025-09-22T08:29:09.125+0000] {virtualenv.py:181} INFO - Process 4943 running: True and has the lock /opt/***/cosmos_venvs/ecom_intermediate/cosmos_virtualenv.lock.
[2025-09-22T08:29:09.126+0000] {virtualenv.py:122} INFO - Waiting for virtualenv lock to be released
[2025-09-22T08:29:10.127+0000] {virtualenv.py:178} INFO - Checking for running process with PID 5022
[2025-09-22T08:29:10.129+0000] {virtualenv.py:181} INFO - Process 5022 running: True and has the lock /opt/***/cosmos_venvs/ecom_intermediate/cosmos_virtualenv.lock.
[2025-09-22T08:29:10.131+0000] {virtualenv.py:122} INFO - Waiting for virtualenv lock to be released
[2025-09-22T08:29:11.134+0000] {virtualenv.py:178} INFO - Checking for running process with PID 5022
[2025-09-22T08:29:11.135+0000] {virtualenv.py:181} INFO - Process 5022 running: True and has the lock /opt/***/cosmos_venvs/ecom_intermediate/cosmos_virtualenv.lock.
[2025-09-22T08:29:11.136+0000] {virtualenv.py:122} INFO - Waiting for virtualenv lock to be released
[2025-09-22T08:29:12.136+0000] {virtualenv.py:178} INFO - Checking for running process with PID 5022
[2025-09-22T08:29:12.137+0000] {virtualenv.py:181} INFO - Process 5022 running: True and has the lock /opt/***/cosmos_venvs/ecom_intermediate/cosmos_virtualenv.lock.
[2025-09-22T08:29:12.138+0000] {virtualenv.py:122} INFO - Waiting for virtualenv lock to be released
[2025-09-22T08:29:13.140+0000] {virtualenv.py:178} INFO - Checking for running process with PID 5022
[2025-09-22T08:29:13.140+0000] {virtualenv.py:181} INFO - Process 5022 running: True and has the lock /opt/***/cosmos_venvs/ecom_intermediate/cosmos_virtualenv.lock.
[2025-09-22T08:29:13.141+0000] {virtualenv.py:122} INFO - Waiting for virtualenv lock to be released
[2025-09-22T08:29:14.142+0000] {virtualenv.py:178} INFO - Checking for running process with PID 5022
[2025-09-22T08:29:14.143+0000] {virtualenv.py:181} INFO - Process 5022 running: True and has the lock /opt/***/cosmos_venvs/ecom_intermediate/cosmos_virtualenv.lock.
[2025-09-22T08:29:14.143+0000] {virtualenv.py:122} INFO - Waiting for virtualenv lock to be released
[2025-09-22T08:29:15.145+0000] {virtualenv.py:178} INFO - Checking for running process with PID 5022
[2025-09-22T08:29:15.146+0000] {virtualenv.py:181} INFO - Process 5022 running: True and has the lock /opt/***/cosmos_venvs/ecom_intermediate/cosmos_virtualenv.lock.
[2025-09-22T08:29:15.147+0000] {virtualenv.py:122} INFO - Waiting for virtualenv lock to be released
[2025-09-22T08:29:16.149+0000] {virtualenv.py:178} INFO - Checking for running process with PID 5022
[2025-09-22T08:29:16.150+0000] {virtualenv.py:181} INFO - Process 5022 running: True and has the lock /opt/***/cosmos_venvs/ecom_intermediate/cosmos_virtualenv.lock.
[2025-09-22T08:29:16.150+0000] {virtualenv.py:122} INFO - Waiting for virtualenv lock to be released
[2025-09-22T08:29:17.152+0000] {virtualenv.py:178} INFO - Checking for running process with PID 5022
[2025-09-22T08:29:17.152+0000] {virtualenv.py:181} INFO - Process 5022 running: True and has the lock /opt/***/cosmos_venvs/ecom_intermediate/cosmos_virtualenv.lock.
[2025-09-22T08:29:17.153+0000] {virtualenv.py:122} INFO - Waiting for virtualenv lock to be released
[2025-09-22T08:29:18.158+0000] {virtualenv.py:178} INFO - Checking for running process with PID 5022
[2025-09-22T08:29:18.159+0000] {virtualenv.py:181} INFO - Process 5022 running: True and has the lock /opt/***/cosmos_venvs/ecom_intermediate/cosmos_virtualenv.lock.
[2025-09-22T08:29:18.161+0000] {virtualenv.py:122} INFO - Waiting for virtualenv lock to be released
[2025-09-22T08:29:19.162+0000] {virtualenv.py:178} INFO - Checking for running process with PID 5022
[2025-09-22T08:29:19.163+0000] {virtualenv.py:181} INFO - Process 5022 running: True and has the lock /opt/***/cosmos_venvs/ecom_intermediate/cosmos_virtualenv.lock.
[2025-09-22T08:29:19.164+0000] {virtualenv.py:122} INFO - Waiting for virtualenv lock to be released
[2025-09-22T08:29:20.166+0000] {virtualenv.py:178} INFO - Checking for running process with PID 5022
[2025-09-22T08:29:20.166+0000] {virtualenv.py:181} INFO - Process 5022 running: True and has the lock /opt/***/cosmos_venvs/ecom_intermediate/cosmos_virtualenv.lock.
[2025-09-22T08:29:20.167+0000] {virtualenv.py:122} INFO - Waiting for virtualenv lock to be released
[2025-09-22T08:29:21.169+0000] {virtualenv.py:178} INFO - Checking for running process with PID 5022
[2025-09-22T08:29:21.170+0000] {virtualenv.py:181} INFO - Process 5022 running: True and has the lock /opt/***/cosmos_venvs/ecom_intermediate/cosmos_virtualenv.lock.
[2025-09-22T08:29:21.171+0000] {virtualenv.py:122} INFO - Waiting for virtualenv lock to be released
[2025-09-22T08:29:22.173+0000] {virtualenv.py:178} INFO - Checking for running process with PID 5022
[2025-09-22T08:29:22.174+0000] {virtualenv.py:181} INFO - Process 5022 running: True and has the lock /opt/***/cosmos_venvs/ecom_intermediate/cosmos_virtualenv.lock.
[2025-09-22T08:29:22.174+0000] {virtualenv.py:122} INFO - Waiting for virtualenv lock to be released
[2025-09-22T08:29:23.176+0000] {virtualenv.py:178} INFO - Checking for running process with PID 5022
[2025-09-22T08:29:23.177+0000] {virtualenv.py:181} INFO - Process 5022 running: True and has the lock /opt/***/cosmos_venvs/ecom_intermediate/cosmos_virtualenv.lock.
[2025-09-22T08:29:23.177+0000] {virtualenv.py:122} INFO - Waiting for virtualenv lock to be released
[2025-09-22T08:29:24.179+0000] {virtualenv.py:178} INFO - Checking for running process with PID 5022
[2025-09-22T08:29:24.180+0000] {virtualenv.py:181} INFO - Process 5022 running: True and has the lock /opt/***/cosmos_venvs/ecom_intermediate/cosmos_virtualenv.lock.
[2025-09-22T08:29:24.180+0000] {virtualenv.py:122} INFO - Waiting for virtualenv lock to be released
[2025-09-22T08:29:25.182+0000] {virtualenv.py:178} INFO - Checking for running process with PID 5022
[2025-09-22T08:29:25.183+0000] {virtualenv.py:181} INFO - Process 5022 running: True and has the lock /opt/***/cosmos_venvs/ecom_intermediate/cosmos_virtualenv.lock.
[2025-09-22T08:29:25.183+0000] {virtualenv.py:122} INFO - Waiting for virtualenv lock to be released
[2025-09-22T08:29:26.185+0000] {virtualenv.py:126} INFO - Acquiring the virtualenv lock
[2025-09-22T08:29:26.186+0000] {virtualenv.py:195} INFO - Acquiring lock at /opt/***/cosmos_venvs/ecom_intermediate/cosmos_virtualenv.lock with pid 5156
[2025-09-22T08:29:26.186+0000] {virtualenv.py:153} INFO - Creating or updating the virtualenv at `/opt/***/cosmos_venvs/ecom_intermediate
[2025-09-22T08:29:26.186+0000] {process_utils.py:183} INFO - Executing cmd: /home/***/.local/bin/python -m virtualenv /opt/***/cosmos_venvs/ecom_intermediate --python=python3
[2025-09-22T08:29:26.187+0000] {process_utils.py:187} INFO - Output:
[2025-09-22T08:29:27.389+0000] {process_utils.py:191} INFO - created virtual environment CPython3.10.14.final.0-64 in 434ms
[2025-09-22T08:29:27.390+0000] {process_utils.py:191} INFO -   creator CPython3Posix(dest=/opt/***/cosmos_venvs/ecom_intermediate, clear=False, no_vcs_ignore=False, global=False)
[2025-09-22T08:29:27.391+0000] {process_utils.py:191} INFO -   seeder FromAppData(download=False, pip=bundle, setuptools=bundle, wheel=bundle, via=copy, app_data_dir=/home/***/.local/share/virtualenv)
[2025-09-22T08:29:27.392+0000] {process_utils.py:191} INFO -     added seed packages: MarkupSafe==3.0.2, PyYAML==6.0.2, agate==1.9.1, annotated_types==0.7.0, attrs==25.3.0, babel==2.17.0, certifi==2025.8.3, charset_normalizer==3.4.3, click==8.3.0, clickhouse_connect==0.9.1, clickhouse_driver==0.2.9, colorama==0.4.6, daff==1.4.2, dbt_adapters==1.16.7, dbt_clickhouse==1.9.3, dbt_common==1.31.0, dbt_core==1.10.11, dbt_extractor==0.6.0, dbt_protos==1.0.375, dbt_semantic_interfaces==0.9.0, deepdiff==8.6.1, idna==3.10, importlib_metadata==8.7.0, isodate==0.6.1, jinja2==3.1.6, jsonschema==4.25.1, jsonschema_specifications==2025.9.1, leather==0.4.0, lz4==4.4.4, mashumaro==3.14, more_itertools==10.8.0, msgpack==1.1.1, networkx==3.4.2, orderly_set==5.5.0, packaging==25.0, parsedatetime==2.6, pathspec==0.12.1, pip==25.2, protobuf==6.32.1, pydantic==2.11.9, pydantic_core==2.33.2, python_dateutil==2.9.0.post0, python_slugify==8.0.4, pytimeparse==1.1.8, pytz==2025.2, referencing==0.36.2, requests==2.32.5, rpds_py==0.27.1, setuptools==80.9.0, six==1.17.0, snowplow_tracker==1.1.0, sqlparse==0.5.3, text_unidecode==1.3, typing_extensions==4.15.0, typing_inspection==0.4.1, tzlocal==5.3.1, urllib3==2.5.0, wheel==0.45.1, zipp==3.23.0, zstandard==0.25.0
[2025-09-22T08:29:27.392+0000] {process_utils.py:191} INFO -   activators BashActivator,CShellActivator,FishActivator,NushellActivator,PowerShellActivator,PythonActivator
[2025-09-22T08:29:27.449+0000] {process_utils.py:183} INFO - Executing cmd: /opt/***/cosmos_venvs/ecom_intermediate/bin/pip install dbt-clickhouse
[2025-09-22T08:29:27.451+0000] {process_utils.py:187} INFO - Output:
[2025-09-22T08:29:29.003+0000] {process_utils.py:191} INFO - Requirement already satisfied: dbt-clickhouse in ./cosmos_venvs/ecom_intermediate/lib/python3.10/site-packages (1.9.3)
[2025-09-22T08:29:29.006+0000] {process_utils.py:191} INFO - Requirement already satisfied: dbt-core>=1.9 in ./cosmos_venvs/ecom_intermediate/lib/python3.10/site-packages (from dbt-clickhouse) (1.10.11)
[2025-09-22T08:29:29.007+0000] {process_utils.py:191} INFO - Requirement already satisfied: clickhouse-connect>=0.6.22 in ./cosmos_venvs/ecom_intermediate/lib/python3.10/site-packages (from dbt-clickhouse) (0.9.1)
[2025-09-22T08:29:29.008+0000] {process_utils.py:191} INFO - Requirement already satisfied: clickhouse-driver>=0.2.6 in ./cosmos_venvs/ecom_intermediate/lib/python3.10/site-packages (from dbt-clickhouse) (0.2.9)
[2025-09-22T08:29:29.009+0000] {process_utils.py:191} INFO - Requirement already satisfied: setuptools>=0.69 in ./cosmos_venvs/ecom_intermediate/lib/python3.10/site-packages (from dbt-clickhouse) (80.9.0)
[2025-09-22T08:29:29.011+0000] {process_utils.py:191} INFO - Requirement already satisfied: certifi in ./cosmos_venvs/ecom_intermediate/lib/python3.10/site-packages (from clickhouse-connect>=0.6.22->dbt-clickhouse) (2025.8.3)
[2025-09-22T08:29:29.012+0000] {process_utils.py:191} INFO - Requirement already satisfied: urllib3>=1.26 in ./cosmos_venvs/ecom_intermediate/lib/python3.10/site-packages (from clickhouse-connect>=0.6.22->dbt-clickhouse) (2.5.0)
[2025-09-22T08:29:29.013+0000] {process_utils.py:191} INFO - Requirement already satisfied: pytz in ./cosmos_venvs/ecom_intermediate/lib/python3.10/site-packages (from clickhouse-connect>=0.6.22->dbt-clickhouse) (2025.2)
[2025-09-22T08:29:29.013+0000] {process_utils.py:191} INFO - Requirement already satisfied: zstandard in ./cosmos_venvs/ecom_intermediate/lib/python3.10/site-packages (from clickhouse-connect>=0.6.22->dbt-clickhouse) (0.25.0)
[2025-09-22T08:29:29.014+0000] {process_utils.py:191} INFO - Requirement already satisfied: lz4 in ./cosmos_venvs/ecom_intermediate/lib/python3.10/site-packages (from clickhouse-connect>=0.6.22->dbt-clickhouse) (4.4.4)
[2025-09-22T08:29:29.016+0000] {process_utils.py:191} INFO - Requirement already satisfied: tzlocal in ./cosmos_venvs/ecom_intermediate/lib/python3.10/site-packages (from clickhouse-driver>=0.2.6->dbt-clickhouse) (5.3.1)
[2025-09-22T08:29:29.019+0000] {process_utils.py:191} INFO - Requirement already satisfied: agate<1.10,>=1.7.0 in ./cosmos_venvs/ecom_intermediate/lib/python3.10/site-packages (from dbt-core>=1.9->dbt-clickhouse) (1.9.1)
[2025-09-22T08:29:29.020+0000] {process_utils.py:191} INFO - Requirement already satisfied: Jinja2<4,>=3.1.3 in ./cosmos_venvs/ecom_intermediate/lib/python3.10/site-packages (from dbt-core>=1.9->dbt-clickhouse) (3.1.6)
[2025-09-22T08:29:29.021+0000] {process_utils.py:191} INFO - Requirement already satisfied: mashumaro<3.15,>=3.9 in ./cosmos_venvs/ecom_intermediate/lib/python3.10/site-packages (from mashumaro[msgpack]<3.15,>=3.9->dbt-core>=1.9->dbt-clickhouse) (3.14)
[2025-09-22T08:29:29.022+0000] {process_utils.py:191} INFO - Requirement already satisfied: click<9.0,>=8.0.2 in ./cosmos_venvs/ecom_intermediate/lib/python3.10/site-packages (from dbt-core>=1.9->dbt-clickhouse) (8.3.0)
[2025-09-22T08:29:29.023+0000] {process_utils.py:191} INFO - Requirement already satisfied: jsonschema<5.0,>=4.19.1 in ./cosmos_venvs/ecom_intermediate/lib/python3.10/site-packages (from dbt-core>=1.9->dbt-clickhouse) (4.25.1)
[2025-09-22T08:29:29.023+0000] {process_utils.py:191} INFO - Requirement already satisfied: networkx<4.0,>=2.3 in ./cosmos_venvs/ecom_intermediate/lib/python3.10/site-packages (from dbt-core>=1.9->dbt-clickhouse) (3.4.2)
[2025-09-22T08:29:29.024+0000] {process_utils.py:191} INFO - Requirement already satisfied: protobuf<7.0,>=6.0 in ./cosmos_venvs/ecom_intermediate/lib/python3.10/site-packages (from dbt-core>=1.9->dbt-clickhouse) (6.32.1)
[2025-09-22T08:29:29.025+0000] {process_utils.py:191} INFO - Requirement already satisfied: requests<3.0.0 in ./cosmos_venvs/ecom_intermediate/lib/python3.10/site-packages (from dbt-core>=1.9->dbt-clickhouse) (2.32.5)
[2025-09-22T08:29:29.025+0000] {process_utils.py:191} INFO - Requirement already satisfied: snowplow-tracker<2.0,>=1.0.2 in ./cosmos_venvs/ecom_intermediate/lib/python3.10/site-packages (from dbt-core>=1.9->dbt-clickhouse) (1.1.0)
[2025-09-22T08:29:29.026+0000] {process_utils.py:191} INFO - Requirement already satisfied: pathspec<0.13,>=0.9 in ./cosmos_venvs/ecom_intermediate/lib/python3.10/site-packages (from dbt-core>=1.9->dbt-clickhouse) (0.12.1)
[2025-09-22T08:29:29.027+0000] {process_utils.py:191} INFO - Requirement already satisfied: sqlparse<0.6.0,>=0.5.0 in ./cosmos_venvs/ecom_intermediate/lib/python3.10/site-packages (from dbt-core>=1.9->dbt-clickhouse) (0.5.3)
[2025-09-22T08:29:29.028+0000] {process_utils.py:191} INFO - Requirement already satisfied: dbt-extractor<=0.6,>=0.5.0 in ./cosmos_venvs/ecom_intermediate/lib/python3.10/site-packages (from dbt-core>=1.9->dbt-clickhouse) (0.6.0)
[2025-09-22T08:29:29.028+0000] {process_utils.py:191} INFO - Requirement already satisfied: dbt-semantic-interfaces<0.10,>=0.9.0 in ./cosmos_venvs/ecom_intermediate/lib/python3.10/site-packages (from dbt-core>=1.9->dbt-clickhouse) (0.9.0)
[2025-09-22T08:29:29.029+0000] {process_utils.py:191} INFO - Requirement already satisfied: dbt-common<2.0,>=1.27.0 in ./cosmos_venvs/ecom_intermediate/lib/python3.10/site-packages (from dbt-core>=1.9->dbt-clickhouse) (1.31.0)
[2025-09-22T08:29:29.030+0000] {process_utils.py:191} INFO - Requirement already satisfied: dbt-adapters<2.0,>=1.15.5 in ./cosmos_venvs/ecom_intermediate/lib/python3.10/site-packages (from dbt-core>=1.9->dbt-clickhouse) (1.16.7)
[2025-09-22T08:29:29.030+0000] {process_utils.py:191} INFO - Requirement already satisfied: dbt-protos<2.0,>=1.0.346 in ./cosmos_venvs/ecom_intermediate/lib/python3.10/site-packages (from dbt-core>=1.9->dbt-clickhouse) (1.0.375)
[2025-09-22T08:29:29.031+0000] {process_utils.py:191} INFO - Requirement already satisfied: pydantic<3 in ./cosmos_venvs/ecom_intermediate/lib/python3.10/site-packages (from dbt-core>=1.9->dbt-clickhouse) (2.11.9)
[2025-09-22T08:29:29.031+0000] {process_utils.py:191} INFO - Requirement already satisfied: packaging>20.9 in ./cosmos_venvs/ecom_intermediate/lib/python3.10/site-packages (from dbt-core>=1.9->dbt-clickhouse) (25.0)
[2025-09-22T08:29:29.032+0000] {process_utils.py:191} INFO - Requirement already satisfied: pyyaml>=6.0 in ./cosmos_venvs/ecom_intermediate/lib/python3.10/site-packages (from dbt-core>=1.9->dbt-clickhouse) (6.0.2)
[2025-09-22T08:29:29.033+0000] {process_utils.py:191} INFO - Requirement already satisfied: daff>=1.3.46 in ./cosmos_venvs/ecom_intermediate/lib/python3.10/site-packages (from dbt-core>=1.9->dbt-clickhouse) (1.4.2)
[2025-09-22T08:29:29.033+0000] {process_utils.py:191} INFO - Requirement already satisfied: typing-extensions>=4.4 in ./cosmos_venvs/ecom_intermediate/lib/python3.10/site-packages (from dbt-core>=1.9->dbt-clickhouse) (4.15.0)
[2025-09-22T08:29:29.036+0000] {process_utils.py:191} INFO - Requirement already satisfied: Babel>=2.0 in ./cosmos_venvs/ecom_intermediate/lib/python3.10/site-packages (from agate<1.10,>=1.7.0->dbt-core>=1.9->dbt-clickhouse) (2.17.0)
[2025-09-22T08:29:29.037+0000] {process_utils.py:191} INFO - Requirement already satisfied: isodate>=0.5.4 in ./cosmos_venvs/ecom_intermediate/lib/python3.10/site-packages (from agate<1.10,>=1.7.0->dbt-core>=1.9->dbt-clickhouse) (0.6.1)
[2025-09-22T08:29:29.038+0000] {process_utils.py:191} INFO - Requirement already satisfied: leather>=0.3.2 in ./cosmos_venvs/ecom_intermediate/lib/python3.10/site-packages (from agate<1.10,>=1.7.0->dbt-core>=1.9->dbt-clickhouse) (0.4.0)
[2025-09-22T08:29:29.039+0000] {process_utils.py:191} INFO - Requirement already satisfied: parsedatetime!=2.5,>=2.1 in ./cosmos_venvs/ecom_intermediate/lib/python3.10/site-packages (from agate<1.10,>=1.7.0->dbt-core>=1.9->dbt-clickhouse) (2.6)
[2025-09-22T08:29:29.039+0000] {process_utils.py:191} INFO - Requirement already satisfied: python-slugify>=1.2.1 in ./cosmos_venvs/ecom_intermediate/lib/python3.10/site-packages (from agate<1.10,>=1.7.0->dbt-core>=1.9->dbt-clickhouse) (8.0.4)
[2025-09-22T08:29:29.040+0000] {process_utils.py:191} INFO - Requirement already satisfied: pytimeparse>=1.1.5 in ./cosmos_venvs/ecom_intermediate/lib/python3.10/site-packages (from agate<1.10,>=1.7.0->dbt-core>=1.9->dbt-clickhouse) (1.1.8)
[2025-09-22T08:29:29.051+0000] {process_utils.py:191} INFO - Requirement already satisfied: colorama<0.5,>=0.3.9 in ./cosmos_venvs/ecom_intermediate/lib/python3.10/site-packages (from dbt-common<2.0,>=1.27.0->dbt-core>=1.9->dbt-clickhouse) (0.4.6)
[2025-09-22T08:29:29.052+0000] {process_utils.py:191} INFO - Requirement already satisfied: deepdiff<9.0,>=7.0 in ./cosmos_venvs/ecom_intermediate/lib/python3.10/site-packages (from dbt-common<2.0,>=1.27.0->dbt-core>=1.9->dbt-clickhouse) (8.6.1)
[2025-09-22T08:29:29.054+0000] {process_utils.py:191} INFO - Requirement already satisfied: python-dateutil<3.0,>=2.0 in ./cosmos_venvs/ecom_intermediate/lib/python3.10/site-packages (from dbt-common<2.0,>=1.27.0->dbt-core>=1.9->dbt-clickhouse) (2.9.0.post0)
[2025-09-22T08:29:29.061+0000] {process_utils.py:191} INFO - Requirement already satisfied: importlib-metadata<9,>=6.0 in ./cosmos_venvs/ecom_intermediate/lib/python3.10/site-packages (from dbt-semantic-interfaces<0.10,>=0.9.0->dbt-core>=1.9->dbt-clickhouse) (8.7.0)
[2025-09-22T08:29:29.062+0000] {process_utils.py:191} INFO - Requirement already satisfied: more-itertools<11.0,>=8.0 in ./cosmos_venvs/ecom_intermediate/lib/python3.10/site-packages (from dbt-semantic-interfaces<0.10,>=0.9.0->dbt-core>=1.9->dbt-clickhouse) (10.8.0)
[2025-09-22T08:29:29.075+0000] {process_utils.py:191} INFO - Requirement already satisfied: orderly-set<6,>=5.4.1 in ./cosmos_venvs/ecom_intermediate/lib/python3.10/site-packages (from deepdiff<9.0,>=7.0->dbt-common<2.0,>=1.27.0->dbt-core>=1.9->dbt-clickhouse) (5.5.0)
[2025-09-22T08:29:29.085+0000] {process_utils.py:191} INFO - Requirement already satisfied: zipp>=3.20 in ./cosmos_venvs/ecom_intermediate/lib/python3.10/site-packages (from importlib-metadata<9,>=6.0->dbt-semantic-interfaces<0.10,>=0.9.0->dbt-core>=1.9->dbt-clickhouse) (3.23.0)
[2025-09-22T08:29:29.087+0000] {process_utils.py:191} INFO - Requirement already satisfied: six in ./cosmos_venvs/ecom_intermediate/lib/python3.10/site-packages (from isodate>=0.5.4->agate<1.10,>=1.7.0->dbt-core>=1.9->dbt-clickhouse) (1.17.0)
[2025-09-22T08:29:29.090+0000] {process_utils.py:191} INFO - Requirement already satisfied: MarkupSafe>=2.0 in ./cosmos_venvs/ecom_intermediate/lib/python3.10/site-packages (from Jinja2<4,>=3.1.3->dbt-core>=1.9->dbt-clickhouse) (3.0.2)
[2025-09-22T08:29:29.097+0000] {process_utils.py:191} INFO - Requirement already satisfied: attrs>=22.2.0 in ./cosmos_venvs/ecom_intermediate/lib/python3.10/site-packages (from jsonschema<5.0,>=4.19.1->dbt-core>=1.9->dbt-clickhouse) (25.3.0)
[2025-09-22T08:29:29.099+0000] {process_utils.py:191} INFO - Requirement already satisfied: jsonschema-specifications>=2023.03.6 in ./cosmos_venvs/ecom_intermediate/lib/python3.10/site-packages (from jsonschema<5.0,>=4.19.1->dbt-core>=1.9->dbt-clickhouse) (2025.9.1)
[2025-09-22T08:29:29.100+0000] {process_utils.py:191} INFO - Requirement already satisfied: referencing>=0.28.4 in ./cosmos_venvs/ecom_intermediate/lib/python3.10/site-packages (from jsonschema<5.0,>=4.19.1->dbt-core>=1.9->dbt-clickhouse) (0.36.2)
[2025-09-22T08:29:29.101+0000] {process_utils.py:191} INFO - Requirement already satisfied: rpds-py>=0.7.1 in ./cosmos_venvs/ecom_intermediate/lib/python3.10/site-packages (from jsonschema<5.0,>=4.19.1->dbt-core>=1.9->dbt-clickhouse) (0.27.1)
[2025-09-22T08:29:29.110+0000] {process_utils.py:191} INFO - Requirement already satisfied: msgpack>=0.5.6 in ./cosmos_venvs/ecom_intermediate/lib/python3.10/site-packages (from mashumaro[msgpack]<3.15,>=3.9->dbt-core>=1.9->dbt-clickhouse) (1.1.1)
[2025-09-22T08:29:29.132+0000] {process_utils.py:191} INFO - Requirement already satisfied: annotated-types>=0.6.0 in ./cosmos_venvs/ecom_intermediate/lib/python3.10/site-packages (from pydantic<3->dbt-core>=1.9->dbt-clickhouse) (0.7.0)
[2025-09-22T08:29:29.137+0000] {process_utils.py:191} INFO - Requirement already satisfied: pydantic-core==2.33.2 in ./cosmos_venvs/ecom_intermediate/lib/python3.10/site-packages (from pydantic<3->dbt-core>=1.9->dbt-clickhouse) (2.33.2)
[2025-09-22T08:29:29.137+0000] {process_utils.py:191} INFO - Requirement already satisfied: typing-inspection>=0.4.0 in ./cosmos_venvs/ecom_intermediate/lib/python3.10/site-packages (from pydantic<3->dbt-core>=1.9->dbt-clickhouse) (0.4.1)
[2025-09-22T08:29:29.147+0000] {process_utils.py:191} INFO - Requirement already satisfied: charset_normalizer<4,>=2 in ./cosmos_venvs/ecom_intermediate/lib/python3.10/site-packages (from requests<3.0.0->dbt-core>=1.9->dbt-clickhouse) (3.4.3)
[2025-09-22T08:29:29.148+0000] {process_utils.py:191} INFO - Requirement already satisfied: idna<4,>=2.5 in ./cosmos_venvs/ecom_intermediate/lib/python3.10/site-packages (from requests<3.0.0->dbt-core>=1.9->dbt-clickhouse) (3.10)
[2025-09-22T08:29:29.204+0000] {process_utils.py:191} INFO - Requirement already satisfied: text-unidecode>=1.3 in ./cosmos_venvs/ecom_intermediate/lib/python3.10/site-packages (from python-slugify>=1.2.1->agate<1.10,>=1.7.0->dbt-core>=1.9->dbt-clickhouse) (1.3)
[2025-09-22T08:29:29.404+0000] {local.py:470} INFO - Cloning project to writable temp directory /tmp/tmp_jomt04e from /opt/airflow/dags/dbt/ecom_intermediate
[2025-09-22T08:29:29.412+0000] {local.py:490} INFO - Partial parse is enabled and the latest partial parse file is /tmp/cosmos/dbt_intermediate__intermediate/target/partial_parse.msgpack
[2025-09-22T08:29:29.423+0000] {config.py:362} INFO - Using user-supplied profiles.yml at /opt/airflow/dags/dbt/profiles.yml
[2025-09-22T08:29:29.430+0000] {virtualenv.py:99} INFO - Using Python binary from virtualenv: /opt/***/cosmos_venvs/ecom_intermediate/bin/python
[2025-09-22T08:29:29.430+0000] {local.py:434} INFO - Trying to run the command:
 ['/opt/***/cosmos_venvs/ecom_intermediate/bin/dbt', 'deps', '--project-dir', '/tmp/tmp_jomt04e', '--profiles-dir', '/opt/***/dags/dbt', '--profile', 'ecom_intermediate', '--target', 'dev']
From /tmp/tmp_jomt04e
[2025-09-22T08:29:29.431+0000] {subprocess.py:56} INFO - Tmp dir root location: 
 /tmp
[2025-09-22T08:29:29.431+0000] {subprocess.py:69} INFO - Running command: ['/opt/***/cosmos_venvs/ecom_intermediate/bin/dbt', 'deps', '--project-dir', '/tmp/tmp_jomt04e', '--profiles-dir', '/opt/***/dags/dbt', '--profile', 'ecom_intermediate', '--target', 'dev']
[2025-09-22T08:29:29.442+0000] {subprocess.py:80} INFO - Command output:
[2025-09-22T08:29:31.812+0000] {subprocess.py:90} INFO - [0m08:29:31  Running with dbt=1.10.11
[2025-09-22T08:29:32.870+0000] {subprocess.py:90} INFO - [0m08:29:32  Installing dbt-labs/dbt_utils
[2025-09-22T08:29:33.613+0000] {subprocess.py:90} INFO - [0m08:29:33  Installed from version 1.3.0
[2025-09-22T08:29:33.614+0000] {subprocess.py:90} INFO - [0m08:29:33  Updated version available: 1.3.1
[2025-09-22T08:29:33.615+0000] {subprocess.py:90} INFO - [0m08:29:33
[2025-09-22T08:29:33.615+0000] {subprocess.py:90} INFO - [0m08:29:33  Updates available for packages: ['dbt-labs/dbt_utils']
[2025-09-22T08:29:33.615+0000] {subprocess.py:90} INFO - Update your versions in packages.yml, then run dbt deps
[2025-09-22T08:29:35.454+0000] {subprocess.py:94} INFO - Command exited with return code 0
[2025-09-22T08:29:35.455+0000] {local.py:441} INFO - Update your versions in packages.yml, then run dbt deps
[2025-09-22T08:29:35.456+0000] {virtualenv.py:99} INFO - Using Python binary from virtualenv: /opt/***/cosmos_venvs/ecom_intermediate/bin/python
[2025-09-22T08:29:35.456+0000] {local.py:434} INFO - Trying to run the command:
 ['/opt/***/cosmos_venvs/ecom_intermediate/bin/dbt', 'test', '--models', 'subcategories_enriched', '--project-dir', '/tmp/tmp_jomt04e', '--profiles-dir', '/opt/***/dags/dbt', '--profile', 'ecom_intermediate', '--target', 'dev']
From /tmp/tmp_jomt04e
[2025-09-22T08:29:35.457+0000] {subprocess.py:56} INFO - Tmp dir root location: 
 /tmp
[2025-09-22T08:29:35.457+0000] {subprocess.py:69} INFO - Running command: ['/opt/***/cosmos_venvs/ecom_intermediate/bin/dbt', 'test', '--models', 'subcategories_enriched', '--project-dir', '/tmp/tmp_jomt04e', '--profiles-dir', '/opt/***/dags/dbt', '--profile', 'ecom_intermediate', '--target', 'dev']
[2025-09-22T08:29:35.470+0000] {subprocess.py:80} INFO - Command output:
[2025-09-22T08:29:37.888+0000] {subprocess.py:90} INFO - [0m08:29:37  Running with dbt=1.10.11
[2025-09-22T08:29:37.891+0000] {subprocess.py:90} INFO - [0m08:29:37  [[33mWARNING[0m]: Deprecated functionality
[2025-09-22T08:29:37.893+0000] {subprocess.py:90} INFO - Usage of `--models`, `--model`, and `-m` is deprecated in favor of `--select` or
[2025-09-22T08:29:37.893+0000] {subprocess.py:90} INFO - `-s`.
[2025-09-22T08:29:38.630+0000] {subprocess.py:90} INFO - [0m08:29:38  Registered adapter: clickhouse=1.9.3
[2025-09-22T08:29:39.942+0000] {subprocess.py:90} INFO - [0m08:29:39  Found 15 models, 50 data tests, 8 sources, 597 macros
[2025-09-22T08:29:39.944+0000] {subprocess.py:90} INFO - [0m08:29:39
[2025-09-22T08:29:39.945+0000] {subprocess.py:90} INFO - [0m08:29:39  Concurrency: 4 threads (target='dev')
[2025-09-22T08:29:39.946+0000] {subprocess.py:90} INFO - [0m08:29:39
[2025-09-22T08:29:40.086+0000] {subprocess.py:90} INFO - [0m08:29:40  1 of 3 START test not_null_subcategories_enriched_subcategory_id ............... [RUN]
[2025-09-22T08:29:40.087+0000] {subprocess.py:90} INFO - [0m08:29:40  2 of 3 START test relationships_subcategories_enriched_category_id__category_id__ref_categories_enriched_  [RUN]
[2025-09-22T08:29:40.088+0000] {subprocess.py:90} INFO - [0m08:29:40  3 of 3 START test unique_subcategories_enriched_subcategory_id ................. [RUN]
[2025-09-22T08:29:40.206+0000] {subprocess.py:90} INFO - [0m08:29:40  1 of 3 PASS not_null_subcategories_enriched_subcategory_id ..................... [[32mPASS[0m in 0.12s]
[2025-09-22T08:29:40.270+0000] {subprocess.py:90} INFO - [0m08:29:40  3 of 3 FAIL 25 unique_subcategories_enriched_subcategory_id .................... [[31mFAIL 25[0m in 0.18s]
[2025-09-22T08:29:40.272+0000] {subprocess.py:90} INFO - [0m08:29:40  2 of 3 PASS relationships_subcategories_enriched_category_id__category_id__ref_categories_enriched_  [[32mPASS[0m in 0.18s]
[2025-09-22T08:29:40.279+0000] {subprocess.py:90} INFO - [0m08:29:40
[2025-09-22T08:29:40.280+0000] {subprocess.py:90} INFO - [0m08:29:40  Finished running 3 data tests in 0 hours 0 minutes and 0.33 seconds (0.33s).
[2025-09-22T08:29:40.359+0000] {subprocess.py:90} INFO - [0m08:29:40
[2025-09-22T08:29:40.359+0000] {subprocess.py:90} INFO - [0m08:29:40  [31mCompleted with 1 error, 0 partial successes, and 0 warnings:[0m
[2025-09-22T08:29:40.360+0000] {subprocess.py:90} INFO - [0m08:29:40
[2025-09-22T08:29:40.362+0000] {subprocess.py:90} INFO - [0m08:29:40  [31mFailure in test unique_subcategories_enriched_subcategory_id (models/ecom_intermediate/schema.yml)[0m
[2025-09-22T08:29:40.363+0000] {subprocess.py:90} INFO - [0m08:29:40    Got 25 results, configured to fail if != 0
[2025-09-22T08:29:40.364+0000] {subprocess.py:90} INFO - [0m08:29:40
[2025-09-22T08:29:40.365+0000] {subprocess.py:90} INFO - [0m08:29:40    compiled code at target/compiled/ecom_intermediate/models/ecom_intermediate/schema.yml/unique_subcategories_enriched_subcategory_id.sql
[2025-09-22T08:29:40.365+0000] {subprocess.py:90} INFO - [0m08:29:40
[2025-09-22T08:29:40.366+0000] {subprocess.py:90} INFO - [0m08:29:40  Done. PASS=2 WARN=0 ERROR=1 SKIP=0 NO-OP=0 TOTAL=3
[2025-09-22T08:29:40.367+0000] {subprocess.py:90} INFO - [0m08:29:40  [[33mWARNING[0m][DeprecationsSummary]: Deprecated functionality
[2025-09-22T08:29:40.368+0000] {subprocess.py:90} INFO - Summary of encountered deprecations:
[2025-09-22T08:29:40.368+0000] {subprocess.py:90} INFO - - ModelParamUsageDeprecation: 1 occurrence
[2025-09-22T08:29:40.369+0000] {subprocess.py:90} INFO - To see all deprecation instances instead of just the first occurrence of each,
[2025-09-22T08:29:40.369+0000] {subprocess.py:90} INFO - run command again with the `--show-all-deprecations` flag. You may also need to
[2025-09-22T08:29:40.369+0000] {subprocess.py:90} INFO - run with `--no-partial-parse` as some deprecations are only encountered during
[2025-09-22T08:29:40.369+0000] {subprocess.py:90} INFO - parsing.
[2025-09-22T08:29:42.162+0000] {subprocess.py:94} INFO - Command exited with return code 1
[2025-09-22T08:29:42.163+0000] {local.py:441} INFO - parsing.
[2025-09-22T08:29:42.179+0000] {local.py:196} WARNING - Artifact schema version: https://schemas.getdbt.com/dbt/manifest/v12.json is above dbt-ol supported version 7. This might cause errors.
[2025-09-22T08:29:42.179+0000] {local.py:196} WARNING - Artifact schema version: https://schemas.getdbt.com/dbt/run-results/v6.json is above dbt-ol supported version 5. This might cause errors.
[2025-09-22T08:29:42.185+0000] {local.py:547} INFO - Inlets: []
[2025-09-22T08:29:42.186+0000] {local.py:548} INFO - Outlets: []
[2025-09-22T08:29:42.186+0000] {local.py:772} INFO - Assigning inlets/outlets without DatasetAlias
[2025-09-22T08:29:42.187+0000] {dag.py:3089} INFO - Sync 1 DAGs
[2025-09-22T08:29:42.338+0000] {local.py:253} ERROR - [0m08:29:37  Running with dbt=1.10.11
[0m08:29:37  [[33mWARNING[0m]: Deprecated functionality
Usage of `--models`, `--model`, and `-m` is deprecated in favor of `--select` or
`-s`.
[0m08:29:38  Registered adapter: clickhouse=1.9.3
[0m08:29:39  Found 15 models, 50 data tests, 8 sources, 597 macros
[0m08:29:39
[0m08:29:39  Concurrency: 4 threads (target='dev')
[0m08:29:39
[0m08:29:40  1 of 3 START test not_null_subcategories_enriched_subcategory_id ............... [RUN]
[0m08:29:40  2 of 3 START test relationships_subcategories_enriched_category_id__category_id__ref_categories_enriched_  [RUN]
[0m08:29:40  3 of 3 START test unique_subcategories_enriched_subcategory_id ................. [RUN]
[0m08:29:40  1 of 3 PASS not_null_subcategories_enriched_subcategory_id ..................... [[32mPASS[0m in 0.12s]
[0m08:29:40  3 of 3 FAIL 25 unique_subcategories_enriched_subcategory_id .................... [[31mFAIL 25[0m in 0.18s]
[0m08:29:40  2 of 3 PASS relationships_subcategories_enriched_category_id__category_id__ref_categories_enriched_  [[32mPASS[0m in 0.18s]
[0m08:29:40
[0m08:29:40  Finished running 3 data tests in 0 hours 0 minutes and 0.33 seconds (0.33s).
[0m08:29:40
[0m08:29:40  [31mCompleted with 1 error, 0 partial successes, and 0 warnings:[0m
[0m08:29:40
[0m08:29:40  [31mFailure in test unique_subcategories_enriched_subcategory_id (models/ecom_intermediate/schema.yml)[0m
[0m08:29:40    Got 25 results, configured to fail if != 0
[0m08:29:40
[0m08:29:40    compiled code at target/compiled/ecom_intermediate/models/ecom_intermediate/schema.yml/unique_subcategories_enriched_subcategory_id.sql
[0m08:29:40
[0m08:29:40  Done. PASS=2 WARN=0 ERROR=1 SKIP=0 NO-OP=0 TOTAL=3
[0m08:29:40  [[33mWARNING[0m][DeprecationsSummary]: Deprecated functionality
Summary of encountered deprecations:
- ModelParamUsageDeprecation: 1 occurrence
To see all deprecation instances instead of just the first occurrence of each,
run command again with the `--show-all-deprecations` flag. You may also need to
run with `--no-partial-parse` as some deprecations are only encountered during
parsing.
[2025-09-22T08:29:42.348+0000] {virtualenv.py:131} INFO - Releasing virtualenv lock
[2025-09-22T08:29:42.349+0000] {taskinstance.py:441} INFO - ::group::Post task execution logs
[2025-09-22T08:29:42.397+0000] {taskinstance.py:2905} ERROR - Task failed with exception
Traceback (most recent call last):
  File "/home/airflow/.local/lib/python3.10/site-packages/airflow/models/taskinstance.py", line 465, in _execute_task
    result = _execute_callable(context=context, **execute_callable_kwargs)
  File "/home/airflow/.local/lib/python3.10/site-packages/airflow/models/taskinstance.py", line 432, in _execute_callable
    return execute_callable(context=context, **execute_callable_kwargs)
  File "/home/airflow/.local/lib/python3.10/site-packages/airflow/models/baseoperator.py", line 401, in wrapper
    return func(self, *args, **kwargs)
  File "/home/airflow/.local/lib/python3.10/site-packages/cosmos/operators/virtualenv.py", line 144, in execute
    output = super().execute(context)
  File "/home/airflow/.local/lib/python3.10/site-packages/airflow/models/baseoperator.py", line 401, in wrapper
    return func(self, *args, **kwargs)
  File "/home/airflow/.local/lib/python3.10/site-packages/cosmos/operators/local.py", line 1089, in execute
    result = self.build_and_run_cmd(context=context, cmd_flags=self.add_cmd_flags())
  File "/home/airflow/.local/lib/python3.10/site-packages/cosmos/operators/local.py", line 853, in build_and_run_cmd
    result = self.run_command(
  File "/home/airflow/.local/lib/python3.10/site-packages/cosmos/operators/virtualenv.py", line 129, in run_command
    return super().run_command(cmd, env, context, run_as_async=run_as_async, async_context=async_context)
  File "/home/airflow/.local/lib/python3.10/site-packages/cosmos/operators/local.py", line 650, in run_command
    self.handle_exception(result)
  File "/home/airflow/.local/lib/python3.10/site-packages/cosmos/operators/local.py", line 254, in handle_exception_subprocess
    raise AirflowException(f"dbt command failed. The command returned a non-zero exit code {result.exit_code}.")
airflow.exceptions.AirflowException: dbt command failed. The command returned a non-zero exit code 1.
[2025-09-22T08:29:42.402+0000] {taskinstance.py:1206} INFO - Marking task as FAILED. dag_id=dbt_intermediate, task_id=intermediate.subcategories_enriched.test, run_id=manual__2025-09-22T08:28:03.359463+00:00, execution_date=20250922T082803, start_date=20250922T082856, end_date=20250922T082942
[2025-09-22T08:29:42.446+0000] {standard_task_runner.py:110} ERROR - Failed to execute job 711 for task intermediate.subcategories_enriched.test (dbt command failed. The command returned a non-zero exit code 1.; 5156)
[2025-09-22T08:29:42.479+0000] {local_task_job_runner.py:243} INFO - Task exited with return code 1
[2025-09-22T08:29:42.566+0000] {taskinstance.py:3503} INFO - 0 downstream tasks scheduled from follow-on schedule check
[2025-09-22T08:29:42.590+0000] {local_task_job_runner.py:222} INFO - ::endgroup::
