[2025-09-14T14:05:10.797+0000] {local_task_job_runner.py:120} INFO - ::group::Pre task execution logs
[2025-09-14T14:05:11.040+0000] {taskinstance.py:2076} INFO - Dependencies all met for dep_context=non-requeueable deps ti=<TaskInstance: dbt_intermediate.intermediate.products_enriched.test manual__2025-09-14T13:59:04.380229+00:00 [queued]>
[2025-09-14T14:05:11.054+0000] {taskinstance.py:2076} INFO - Dependencies all met for dep_context=requeueable deps ti=<TaskInstance: dbt_intermediate.intermediate.products_enriched.test manual__2025-09-14T13:59:04.380229+00:00 [queued]>
[2025-09-14T14:05:11.065+0000] {taskinstance.py:2306} INFO - Starting attempt 1 of 1
[2025-09-14T14:05:11.083+0000] {taskinstance.py:2330} INFO - Executing <Task(DbtTestVirtualenvOperator): intermediate.products_enriched.test> on 2025-09-14 13:59:04.380229+00:00
[2025-09-14T14:05:11.091+0000] {standard_task_runner.py:64} INFO - Started process 4928 to run task
[2025-09-14T14:05:11.096+0000] {standard_task_runner.py:90} INFO - Running: ['***', 'tasks', 'run', 'dbt_intermediate', 'intermediate.products_enriched.test', 'manual__2025-09-14T13:59:04.380229+00:00', '--job-id', '349', '--raw', '--subdir', 'DAGS_FOLDER/dbt_intermediate.py', '--cfg-path', '/tmp/tmp3zke479c']
[2025-09-14T14:05:11.099+0000] {standard_task_runner.py:91} INFO - Job 349: Subtask intermediate.products_enriched.test
[2025-09-14T14:05:11.307+0000] {task_command.py:426} INFO - Running <TaskInstance: dbt_intermediate.intermediate.products_enriched.test manual__2025-09-14T13:59:04.380229+00:00 [running]> on host e95bde6b8d07
[2025-09-14T14:05:11.624+0000] {taskinstance.py:2648} INFO - Exporting env vars: AIRFLOW_CTX_DAG_OWNER='***' AIRFLOW_CTX_DAG_ID='dbt_intermediate' AIRFLOW_CTX_TASK_ID='intermediate.products_enriched.test' AIRFLOW_CTX_EXECUTION_DATE='2025-09-14T13:59:04.380229+00:00' AIRFLOW_CTX_TRY_NUMBER='1' AIRFLOW_CTX_DAG_RUN_ID='manual__2025-09-14T13:59:04.380229+00:00'
[2025-09-14T14:05:11.626+0000] {taskinstance.py:430} INFO - ::endgroup::
[2025-09-14T14:05:11.641+0000] {baseoperator.py:400} WARNING - DbtTestVirtualenvOperator.execute cannot be called outside TaskInstance!
[2025-09-14T14:05:11.642+0000] {virtualenv.py:120} INFO - Checking if the virtualenv lock /tmp/cosmos_venv_ecom_intermediate/cosmos_virtualenv.lock exists
[2025-09-14T14:05:11.643+0000] {virtualenv.py:178} INFO - Checking for running process with PID 4842
[2025-09-14T14:05:11.644+0000] {virtualenv.py:181} INFO - Process 4842 running: True and has the lock /tmp/cosmos_venv_ecom_intermediate/cosmos_virtualenv.lock.
[2025-09-14T14:05:11.644+0000] {virtualenv.py:122} INFO - Waiting for virtualenv lock to be released
[2025-09-14T14:05:12.646+0000] {virtualenv.py:178} INFO - Checking for running process with PID 4842
[2025-09-14T14:05:12.646+0000] {virtualenv.py:181} INFO - Process 4842 running: True and has the lock /tmp/cosmos_venv_ecom_intermediate/cosmos_virtualenv.lock.
[2025-09-14T14:05:12.647+0000] {virtualenv.py:122} INFO - Waiting for virtualenv lock to be released
[2025-09-14T14:05:13.649+0000] {virtualenv.py:178} INFO - Checking for running process with PID 4842
[2025-09-14T14:05:13.650+0000] {virtualenv.py:181} INFO - Process 4842 running: True and has the lock /tmp/cosmos_venv_ecom_intermediate/cosmos_virtualenv.lock.
[2025-09-14T14:05:13.651+0000] {virtualenv.py:122} INFO - Waiting for virtualenv lock to be released
[2025-09-14T14:05:14.652+0000] {virtualenv.py:178} INFO - Checking for running process with PID 4842
[2025-09-14T14:05:14.653+0000] {virtualenv.py:181} INFO - Process 4842 running: True and has the lock /tmp/cosmos_venv_ecom_intermediate/cosmos_virtualenv.lock.
[2025-09-14T14:05:14.654+0000] {virtualenv.py:122} INFO - Waiting for virtualenv lock to be released
[2025-09-14T14:05:15.656+0000] {virtualenv.py:178} INFO - Checking for running process with PID 4842
[2025-09-14T14:05:15.656+0000] {virtualenv.py:181} INFO - Process 4842 running: True and has the lock /tmp/cosmos_venv_ecom_intermediate/cosmos_virtualenv.lock.
[2025-09-14T14:05:15.657+0000] {virtualenv.py:122} INFO - Waiting for virtualenv lock to be released
[2025-09-14T14:05:16.658+0000] {virtualenv.py:178} INFO - Checking for running process with PID 4842
[2025-09-14T14:05:16.659+0000] {virtualenv.py:181} INFO - Process 4842 running: True and has the lock /tmp/cosmos_venv_ecom_intermediate/cosmos_virtualenv.lock.
[2025-09-14T14:05:16.660+0000] {virtualenv.py:122} INFO - Waiting for virtualenv lock to be released
[2025-09-14T14:05:17.662+0000] {virtualenv.py:178} INFO - Checking for running process with PID 4842
[2025-09-14T14:05:17.667+0000] {virtualenv.py:181} INFO - Process 4842 running: True and has the lock /tmp/cosmos_venv_ecom_intermediate/cosmos_virtualenv.lock.
[2025-09-14T14:05:17.669+0000] {virtualenv.py:122} INFO - Waiting for virtualenv lock to be released
[2025-09-14T14:05:18.671+0000] {virtualenv.py:178} INFO - Checking for running process with PID 4842
[2025-09-14T14:05:18.674+0000] {virtualenv.py:181} INFO - Process 4842 running: True and has the lock /tmp/cosmos_venv_ecom_intermediate/cosmos_virtualenv.lock.
[2025-09-14T14:05:18.675+0000] {virtualenv.py:122} INFO - Waiting for virtualenv lock to be released
[2025-09-14T14:05:19.677+0000] {virtualenv.py:178} INFO - Checking for running process with PID 4842
[2025-09-14T14:05:19.678+0000] {virtualenv.py:181} INFO - Process 4842 running: True and has the lock /tmp/cosmos_venv_ecom_intermediate/cosmos_virtualenv.lock.
[2025-09-14T14:05:19.679+0000] {virtualenv.py:122} INFO - Waiting for virtualenv lock to be released
[2025-09-14T14:05:20.681+0000] {virtualenv.py:178} INFO - Checking for running process with PID 4842
[2025-09-14T14:05:20.681+0000] {virtualenv.py:181} INFO - Process 4842 running: True and has the lock /tmp/cosmos_venv_ecom_intermediate/cosmos_virtualenv.lock.
[2025-09-14T14:05:20.682+0000] {virtualenv.py:122} INFO - Waiting for virtualenv lock to be released
[2025-09-14T14:05:21.684+0000] {virtualenv.py:178} INFO - Checking for running process with PID 4842
[2025-09-14T14:05:21.685+0000] {virtualenv.py:181} INFO - Process 4842 running: True and has the lock /tmp/cosmos_venv_ecom_intermediate/cosmos_virtualenv.lock.
[2025-09-14T14:05:21.686+0000] {virtualenv.py:122} INFO - Waiting for virtualenv lock to be released
[2025-09-14T14:05:22.689+0000] {virtualenv.py:178} INFO - Checking for running process with PID 4842
[2025-09-14T14:05:22.690+0000] {virtualenv.py:181} INFO - Process 4842 running: True and has the lock /tmp/cosmos_venv_ecom_intermediate/cosmos_virtualenv.lock.
[2025-09-14T14:05:22.690+0000] {virtualenv.py:122} INFO - Waiting for virtualenv lock to be released
[2025-09-14T14:05:23.692+0000] {virtualenv.py:178} INFO - Checking for running process with PID 4842
[2025-09-14T14:05:23.693+0000] {virtualenv.py:181} INFO - Process 4842 running: True and has the lock /tmp/cosmos_venv_ecom_intermediate/cosmos_virtualenv.lock.
[2025-09-14T14:05:23.693+0000] {virtualenv.py:122} INFO - Waiting for virtualenv lock to be released
[2025-09-14T14:05:24.695+0000] {virtualenv.py:178} INFO - Checking for running process with PID 4842
[2025-09-14T14:05:24.696+0000] {virtualenv.py:181} INFO - Process 4842 running: True and has the lock /tmp/cosmos_venv_ecom_intermediate/cosmos_virtualenv.lock.
[2025-09-14T14:05:24.696+0000] {virtualenv.py:122} INFO - Waiting for virtualenv lock to be released
[2025-09-14T14:05:25.698+0000] {virtualenv.py:126} INFO - Acquiring the virtualenv lock
[2025-09-14T14:05:25.699+0000] {virtualenv.py:195} INFO - Acquiring lock at /tmp/cosmos_venv_ecom_intermediate/cosmos_virtualenv.lock with pid 4928
[2025-09-14T14:05:25.700+0000] {virtualenv.py:153} INFO - Creating or updating the virtualenv at `/tmp/cosmos_venv_ecom_intermediate
[2025-09-14T14:05:25.701+0000] {process_utils.py:183} INFO - Executing cmd: /home/***/.local/bin/python -m virtualenv /tmp/cosmos_venv_ecom_intermediate --python=python3
[2025-09-14T14:05:25.702+0000] {process_utils.py:187} INFO - Output:
[2025-09-14T14:05:26.924+0000] {process_utils.py:191} INFO - created virtual environment CPython3.10.14.final.0-64 in 464ms
[2025-09-14T14:05:26.925+0000] {process_utils.py:191} INFO -   creator CPython3Posix(dest=/tmp/cosmos_venv_ecom_intermediate, clear=False, no_vcs_ignore=False, global=False)
[2025-09-14T14:05:26.928+0000] {process_utils.py:191} INFO -   seeder FromAppData(download=False, pip=bundle, setuptools=bundle, wheel=bundle, via=copy, app_data_dir=/home/***/.local/share/virtualenv)
[2025-09-14T14:05:26.930+0000] {process_utils.py:191} INFO -     added seed packages: MarkupSafe==3.0.2, PyYAML==6.0.2, agate==1.9.1, annotated_types==0.7.0, attrs==25.3.0, babel==2.17.0, certifi==2025.8.3, charset_normalizer==3.4.3, click==8.2.1, clickhouse_connect==0.8.18, clickhouse_driver==0.2.9, colorama==0.4.6, daff==1.4.2, dbt_adapters==1.16.7, dbt_clickhouse==1.9.3, dbt_common==1.30.0, dbt_core==1.10.11, dbt_extractor==0.6.0, dbt_protos==1.0.375, dbt_semantic_interfaces==0.9.0, deepdiff==8.6.1, idna==3.10, importlib_metadata==8.7.0, isodate==0.6.1, jinja2==3.1.6, jsonschema==4.25.1, jsonschema_specifications==2025.9.1, leather==0.4.0, lz4==4.4.4, mashumaro==3.14, more_itertools==10.8.0, msgpack==1.1.1, networkx==3.4.2, orderly_set==5.5.0, packaging==25.0, parsedatetime==2.6, pathspec==0.12.1, pip==25.2, protobuf==6.32.1, pydantic==2.11.8, pydantic_core==2.33.2, python_dateutil==2.9.0.post0, python_slugify==8.0.4, pytimeparse==1.1.8, pytz==2025.2, referencing==0.36.2, requests==2.32.5, rpds_py==0.27.1, setuptools==80.9.0, six==1.17.0, snowplow_tracker==1.1.0, sqlparse==0.5.3, text_unidecode==1.3, typing_extensions==4.15.0, typing_inspection==0.4.1, tzlocal==5.3.1, urllib3==2.5.0, wheel==0.45.1, zipp==3.23.0, zstandard==0.24.0
[2025-09-14T14:05:26.931+0000] {process_utils.py:191} INFO -   activators BashActivator,CShellActivator,FishActivator,NushellActivator,PowerShellActivator,PythonActivator
[2025-09-14T14:05:27.056+0000] {process_utils.py:183} INFO - Executing cmd: /tmp/cosmos_venv_ecom_intermediate/bin/pip install dbt-clickhouse
[2025-09-14T14:05:27.058+0000] {process_utils.py:187} INFO - Output:
[2025-09-14T14:05:28.453+0000] {process_utils.py:191} INFO - Requirement already satisfied: dbt-clickhouse in /tmp/cosmos_venv_ecom_intermediate/lib/python3.10/site-packages (1.9.3)
[2025-09-14T14:05:28.455+0000] {process_utils.py:191} INFO - Requirement already satisfied: dbt-core>=1.9 in /tmp/cosmos_venv_ecom_intermediate/lib/python3.10/site-packages (from dbt-clickhouse) (1.10.11)
[2025-09-14T14:05:28.456+0000] {process_utils.py:191} INFO - Requirement already satisfied: clickhouse-connect>=0.6.22 in /tmp/cosmos_venv_ecom_intermediate/lib/python3.10/site-packages (from dbt-clickhouse) (0.8.18)
[2025-09-14T14:05:28.456+0000] {process_utils.py:191} INFO - Requirement already satisfied: clickhouse-driver>=0.2.6 in /tmp/cosmos_venv_ecom_intermediate/lib/python3.10/site-packages (from dbt-clickhouse) (0.2.9)
[2025-09-14T14:05:28.456+0000] {process_utils.py:191} INFO - Requirement already satisfied: setuptools>=0.69 in /tmp/cosmos_venv_ecom_intermediate/lib/python3.10/site-packages (from dbt-clickhouse) (80.9.0)
[2025-09-14T14:05:28.459+0000] {process_utils.py:191} INFO - Requirement already satisfied: certifi in /tmp/cosmos_venv_ecom_intermediate/lib/python3.10/site-packages (from clickhouse-connect>=0.6.22->dbt-clickhouse) (2025.8.3)
[2025-09-14T14:05:28.459+0000] {process_utils.py:191} INFO - Requirement already satisfied: urllib3>=1.26 in /tmp/cosmos_venv_ecom_intermediate/lib/python3.10/site-packages (from clickhouse-connect>=0.6.22->dbt-clickhouse) (2.5.0)
[2025-09-14T14:05:28.460+0000] {process_utils.py:191} INFO - Requirement already satisfied: pytz in /tmp/cosmos_venv_ecom_intermediate/lib/python3.10/site-packages (from clickhouse-connect>=0.6.22->dbt-clickhouse) (2025.2)
[2025-09-14T14:05:28.460+0000] {process_utils.py:191} INFO - Requirement already satisfied: zstandard in /tmp/cosmos_venv_ecom_intermediate/lib/python3.10/site-packages (from clickhouse-connect>=0.6.22->dbt-clickhouse) (0.24.0)
[2025-09-14T14:05:28.461+0000] {process_utils.py:191} INFO - Requirement already satisfied: lz4 in /tmp/cosmos_venv_ecom_intermediate/lib/python3.10/site-packages (from clickhouse-connect>=0.6.22->dbt-clickhouse) (4.4.4)
[2025-09-14T14:05:28.463+0000] {process_utils.py:191} INFO - Requirement already satisfied: tzlocal in /tmp/cosmos_venv_ecom_intermediate/lib/python3.10/site-packages (from clickhouse-driver>=0.2.6->dbt-clickhouse) (5.3.1)
[2025-09-14T14:05:28.465+0000] {process_utils.py:191} INFO - Requirement already satisfied: agate<1.10,>=1.7.0 in /tmp/cosmos_venv_ecom_intermediate/lib/python3.10/site-packages (from dbt-core>=1.9->dbt-clickhouse) (1.9.1)
[2025-09-14T14:05:28.466+0000] {process_utils.py:191} INFO - Requirement already satisfied: Jinja2<4,>=3.1.3 in /tmp/cosmos_venv_ecom_intermediate/lib/python3.10/site-packages (from dbt-core>=1.9->dbt-clickhouse) (3.1.6)
[2025-09-14T14:05:28.467+0000] {process_utils.py:191} INFO - Requirement already satisfied: mashumaro<3.15,>=3.9 in /tmp/cosmos_venv_ecom_intermediate/lib/python3.10/site-packages (from mashumaro[msgpack]<3.15,>=3.9->dbt-core>=1.9->dbt-clickhouse) (3.14)
[2025-09-14T14:05:28.468+0000] {process_utils.py:191} INFO - Requirement already satisfied: click<9.0,>=8.0.2 in /tmp/cosmos_venv_ecom_intermediate/lib/python3.10/site-packages (from dbt-core>=1.9->dbt-clickhouse) (8.2.1)
[2025-09-14T14:05:28.468+0000] {process_utils.py:191} INFO - Requirement already satisfied: jsonschema<5.0,>=4.19.1 in /tmp/cosmos_venv_ecom_intermediate/lib/python3.10/site-packages (from dbt-core>=1.9->dbt-clickhouse) (4.25.1)
[2025-09-14T14:05:28.469+0000] {process_utils.py:191} INFO - Requirement already satisfied: networkx<4.0,>=2.3 in /tmp/cosmos_venv_ecom_intermediate/lib/python3.10/site-packages (from dbt-core>=1.9->dbt-clickhouse) (3.4.2)
[2025-09-14T14:05:28.469+0000] {process_utils.py:191} INFO - Requirement already satisfied: protobuf<7.0,>=6.0 in /tmp/cosmos_venv_ecom_intermediate/lib/python3.10/site-packages (from dbt-core>=1.9->dbt-clickhouse) (6.32.1)
[2025-09-14T14:05:28.470+0000] {process_utils.py:191} INFO - Requirement already satisfied: requests<3.0.0 in /tmp/cosmos_venv_ecom_intermediate/lib/python3.10/site-packages (from dbt-core>=1.9->dbt-clickhouse) (2.32.5)
[2025-09-14T14:05:28.471+0000] {process_utils.py:191} INFO - Requirement already satisfied: snowplow-tracker<2.0,>=1.0.2 in /tmp/cosmos_venv_ecom_intermediate/lib/python3.10/site-packages (from dbt-core>=1.9->dbt-clickhouse) (1.1.0)
[2025-09-14T14:05:28.471+0000] {process_utils.py:191} INFO - Requirement already satisfied: pathspec<0.13,>=0.9 in /tmp/cosmos_venv_ecom_intermediate/lib/python3.10/site-packages (from dbt-core>=1.9->dbt-clickhouse) (0.12.1)
[2025-09-14T14:05:28.472+0000] {process_utils.py:191} INFO - Requirement already satisfied: sqlparse<0.6.0,>=0.5.0 in /tmp/cosmos_venv_ecom_intermediate/lib/python3.10/site-packages (from dbt-core>=1.9->dbt-clickhouse) (0.5.3)
[2025-09-14T14:05:28.472+0000] {process_utils.py:191} INFO - Requirement already satisfied: dbt-extractor<=0.6,>=0.5.0 in /tmp/cosmos_venv_ecom_intermediate/lib/python3.10/site-packages (from dbt-core>=1.9->dbt-clickhouse) (0.6.0)
[2025-09-14T14:05:28.473+0000] {process_utils.py:191} INFO - Requirement already satisfied: dbt-semantic-interfaces<0.10,>=0.9.0 in /tmp/cosmos_venv_ecom_intermediate/lib/python3.10/site-packages (from dbt-core>=1.9->dbt-clickhouse) (0.9.0)
[2025-09-14T14:05:28.474+0000] {process_utils.py:191} INFO - Requirement already satisfied: dbt-common<2.0,>=1.27.0 in /tmp/cosmos_venv_ecom_intermediate/lib/python3.10/site-packages (from dbt-core>=1.9->dbt-clickhouse) (1.30.0)
[2025-09-14T14:05:28.475+0000] {process_utils.py:191} INFO - Requirement already satisfied: dbt-adapters<2.0,>=1.15.5 in /tmp/cosmos_venv_ecom_intermediate/lib/python3.10/site-packages (from dbt-core>=1.9->dbt-clickhouse) (1.16.7)
[2025-09-14T14:05:28.475+0000] {process_utils.py:191} INFO - Requirement already satisfied: dbt-protos<2.0,>=1.0.346 in /tmp/cosmos_venv_ecom_intermediate/lib/python3.10/site-packages (from dbt-core>=1.9->dbt-clickhouse) (1.0.375)
[2025-09-14T14:05:28.476+0000] {process_utils.py:191} INFO - Requirement already satisfied: pydantic<3 in /tmp/cosmos_venv_ecom_intermediate/lib/python3.10/site-packages (from dbt-core>=1.9->dbt-clickhouse) (2.11.8)
[2025-09-14T14:05:28.476+0000] {process_utils.py:191} INFO - Requirement already satisfied: packaging>20.9 in /tmp/cosmos_venv_ecom_intermediate/lib/python3.10/site-packages (from dbt-core>=1.9->dbt-clickhouse) (25.0)
[2025-09-14T14:05:28.477+0000] {process_utils.py:191} INFO - Requirement already satisfied: pyyaml>=6.0 in /tmp/cosmos_venv_ecom_intermediate/lib/python3.10/site-packages (from dbt-core>=1.9->dbt-clickhouse) (6.0.2)
[2025-09-14T14:05:28.477+0000] {process_utils.py:191} INFO - Requirement already satisfied: daff>=1.3.46 in /tmp/cosmos_venv_ecom_intermediate/lib/python3.10/site-packages (from dbt-core>=1.9->dbt-clickhouse) (1.4.2)
[2025-09-14T14:05:28.478+0000] {process_utils.py:191} INFO - Requirement already satisfied: typing-extensions>=4.4 in /tmp/cosmos_venv_ecom_intermediate/lib/python3.10/site-packages (from dbt-core>=1.9->dbt-clickhouse) (4.15.0)
[2025-09-14T14:05:28.481+0000] {process_utils.py:191} INFO - Requirement already satisfied: Babel>=2.0 in /tmp/cosmos_venv_ecom_intermediate/lib/python3.10/site-packages (from agate<1.10,>=1.7.0->dbt-core>=1.9->dbt-clickhouse) (2.17.0)
[2025-09-14T14:05:28.482+0000] {process_utils.py:191} INFO - Requirement already satisfied: isodate>=0.5.4 in /tmp/cosmos_venv_ecom_intermediate/lib/python3.10/site-packages (from agate<1.10,>=1.7.0->dbt-core>=1.9->dbt-clickhouse) (0.6.1)
[2025-09-14T14:05:28.482+0000] {process_utils.py:191} INFO - Requirement already satisfied: leather>=0.3.2 in /tmp/cosmos_venv_ecom_intermediate/lib/python3.10/site-packages (from agate<1.10,>=1.7.0->dbt-core>=1.9->dbt-clickhouse) (0.4.0)
[2025-09-14T14:05:28.483+0000] {process_utils.py:191} INFO - Requirement already satisfied: parsedatetime!=2.5,>=2.1 in /tmp/cosmos_venv_ecom_intermediate/lib/python3.10/site-packages (from agate<1.10,>=1.7.0->dbt-core>=1.9->dbt-clickhouse) (2.6)
[2025-09-14T14:05:28.483+0000] {process_utils.py:191} INFO - Requirement already satisfied: python-slugify>=1.2.1 in /tmp/cosmos_venv_ecom_intermediate/lib/python3.10/site-packages (from agate<1.10,>=1.7.0->dbt-core>=1.9->dbt-clickhouse) (8.0.4)
[2025-09-14T14:05:28.484+0000] {process_utils.py:191} INFO - Requirement already satisfied: pytimeparse>=1.1.5 in /tmp/cosmos_venv_ecom_intermediate/lib/python3.10/site-packages (from agate<1.10,>=1.7.0->dbt-core>=1.9->dbt-clickhouse) (1.1.8)
[2025-09-14T14:05:28.493+0000] {process_utils.py:191} INFO - Requirement already satisfied: colorama<0.5,>=0.3.9 in /tmp/cosmos_venv_ecom_intermediate/lib/python3.10/site-packages (from dbt-common<2.0,>=1.27.0->dbt-core>=1.9->dbt-clickhouse) (0.4.6)
[2025-09-14T14:05:28.494+0000] {process_utils.py:191} INFO - Requirement already satisfied: deepdiff<9.0,>=7.0 in /tmp/cosmos_venv_ecom_intermediate/lib/python3.10/site-packages (from dbt-common<2.0,>=1.27.0->dbt-core>=1.9->dbt-clickhouse) (8.6.1)
[2025-09-14T14:05:28.496+0000] {process_utils.py:191} INFO - Requirement already satisfied: python-dateutil<3.0,>=2.0 in /tmp/cosmos_venv_ecom_intermediate/lib/python3.10/site-packages (from dbt-common<2.0,>=1.27.0->dbt-core>=1.9->dbt-clickhouse) (2.9.0.post0)
[2025-09-14T14:05:28.502+0000] {process_utils.py:191} INFO - Requirement already satisfied: importlib-metadata<9,>=6.0 in /tmp/cosmos_venv_ecom_intermediate/lib/python3.10/site-packages (from dbt-semantic-interfaces<0.10,>=0.9.0->dbt-core>=1.9->dbt-clickhouse) (8.7.0)
[2025-09-14T14:05:28.503+0000] {process_utils.py:191} INFO - Requirement already satisfied: more-itertools<11.0,>=8.0 in /tmp/cosmos_venv_ecom_intermediate/lib/python3.10/site-packages (from dbt-semantic-interfaces<0.10,>=0.9.0->dbt-core>=1.9->dbt-clickhouse) (10.8.0)
[2025-09-14T14:05:28.510+0000] {process_utils.py:191} INFO - Requirement already satisfied: orderly-set<6,>=5.4.1 in /tmp/cosmos_venv_ecom_intermediate/lib/python3.10/site-packages (from deepdiff<9.0,>=7.0->dbt-common<2.0,>=1.27.0->dbt-core>=1.9->dbt-clickhouse) (5.5.0)
[2025-09-14T14:05:28.515+0000] {process_utils.py:191} INFO - Requirement already satisfied: zipp>=3.20 in /tmp/cosmos_venv_ecom_intermediate/lib/python3.10/site-packages (from importlib-metadata<9,>=6.0->dbt-semantic-interfaces<0.10,>=0.9.0->dbt-core>=1.9->dbt-clickhouse) (3.23.0)
[2025-09-14T14:05:28.517+0000] {process_utils.py:191} INFO - Requirement already satisfied: six in /tmp/cosmos_venv_ecom_intermediate/lib/python3.10/site-packages (from isodate>=0.5.4->agate<1.10,>=1.7.0->dbt-core>=1.9->dbt-clickhouse) (1.17.0)
[2025-09-14T14:05:28.519+0000] {process_utils.py:191} INFO - Requirement already satisfied: MarkupSafe>=2.0 in /tmp/cosmos_venv_ecom_intermediate/lib/python3.10/site-packages (from Jinja2<4,>=3.1.3->dbt-core>=1.9->dbt-clickhouse) (3.0.2)
[2025-09-14T14:05:28.522+0000] {process_utils.py:191} INFO - Requirement already satisfied: attrs>=22.2.0 in /tmp/cosmos_venv_ecom_intermediate/lib/python3.10/site-packages (from jsonschema<5.0,>=4.19.1->dbt-core>=1.9->dbt-clickhouse) (25.3.0)
[2025-09-14T14:05:28.523+0000] {process_utils.py:191} INFO - Requirement already satisfied: jsonschema-specifications>=2023.03.6 in /tmp/cosmos_venv_ecom_intermediate/lib/python3.10/site-packages (from jsonschema<5.0,>=4.19.1->dbt-core>=1.9->dbt-clickhouse) (2025.9.1)
[2025-09-14T14:05:28.523+0000] {process_utils.py:191} INFO - Requirement already satisfied: referencing>=0.28.4 in /tmp/cosmos_venv_ecom_intermediate/lib/python3.10/site-packages (from jsonschema<5.0,>=4.19.1->dbt-core>=1.9->dbt-clickhouse) (0.36.2)
[2025-09-14T14:05:28.524+0000] {process_utils.py:191} INFO - Requirement already satisfied: rpds-py>=0.7.1 in /tmp/cosmos_venv_ecom_intermediate/lib/python3.10/site-packages (from jsonschema<5.0,>=4.19.1->dbt-core>=1.9->dbt-clickhouse) (0.27.1)
[2025-09-14T14:05:28.530+0000] {process_utils.py:191} INFO - Requirement already satisfied: msgpack>=0.5.6 in /tmp/cosmos_venv_ecom_intermediate/lib/python3.10/site-packages (from mashumaro[msgpack]<3.15,>=3.9->dbt-core>=1.9->dbt-clickhouse) (1.1.1)
[2025-09-14T14:05:28.542+0000] {process_utils.py:191} INFO - Requirement already satisfied: annotated-types>=0.6.0 in /tmp/cosmos_venv_ecom_intermediate/lib/python3.10/site-packages (from pydantic<3->dbt-core>=1.9->dbt-clickhouse) (0.7.0)
[2025-09-14T14:05:28.543+0000] {process_utils.py:191} INFO - Requirement already satisfied: pydantic-core==2.33.2 in /tmp/cosmos_venv_ecom_intermediate/lib/python3.10/site-packages (from pydantic<3->dbt-core>=1.9->dbt-clickhouse) (2.33.2)
[2025-09-14T14:05:28.544+0000] {process_utils.py:191} INFO - Requirement already satisfied: typing-inspection>=0.4.0 in /tmp/cosmos_venv_ecom_intermediate/lib/python3.10/site-packages (from pydantic<3->dbt-core>=1.9->dbt-clickhouse) (0.4.1)
[2025-09-14T14:05:28.550+0000] {process_utils.py:191} INFO - Requirement already satisfied: charset_normalizer<4,>=2 in /tmp/cosmos_venv_ecom_intermediate/lib/python3.10/site-packages (from requests<3.0.0->dbt-core>=1.9->dbt-clickhouse) (3.4.3)
[2025-09-14T14:05:28.551+0000] {process_utils.py:191} INFO - Requirement already satisfied: idna<4,>=2.5 in /tmp/cosmos_venv_ecom_intermediate/lib/python3.10/site-packages (from requests<3.0.0->dbt-core>=1.9->dbt-clickhouse) (3.10)
[2025-09-14T14:05:28.590+0000] {process_utils.py:191} INFO - Requirement already satisfied: text-unidecode>=1.3 in /tmp/cosmos_venv_ecom_intermediate/lib/python3.10/site-packages (from python-slugify>=1.2.1->agate<1.10,>=1.7.0->dbt-core>=1.9->dbt-clickhouse) (1.3)
[2025-09-14T14:05:28.718+0000] {local.py:470} INFO - Cloning project to writable temp directory /tmp/tmptk62maub from /opt/airflow/dags/dbt/ecom_intermediate
[2025-09-14T14:05:28.734+0000] {local.py:490} INFO - Partial parse is enabled and the latest partial parse file is /tmp/cosmos/dbt_intermediate__intermediate/target/partial_parse.msgpack
[2025-09-14T14:05:28.747+0000] {config.py:362} INFO - Using user-supplied profiles.yml at /opt/airflow/dags/dbt/profiles.yml
[2025-09-14T14:05:28.757+0000] {virtualenv.py:99} INFO - Using Python binary from virtualenv: /tmp/cosmos_venv_ecom_intermediate/bin/python
[2025-09-14T14:05:28.757+0000] {local.py:434} INFO - Trying to run the command:
 ['/tmp/cosmos_venv_ecom_intermediate/bin/dbt', 'deps', '--project-dir', '/tmp/tmptk62maub', '--profiles-dir', '/opt/***/dags/dbt', '--profile', 'ecom_intermediate', '--target', 'dev']
From /tmp/tmptk62maub
[2025-09-14T14:05:28.758+0000] {subprocess.py:56} INFO - Tmp dir root location: 
 /tmp
[2025-09-14T14:05:28.758+0000] {subprocess.py:69} INFO - Running command: ['/tmp/cosmos_venv_ecom_intermediate/bin/dbt', 'deps', '--project-dir', '/tmp/tmptk62maub', '--profiles-dir', '/opt/***/dags/dbt', '--profile', 'ecom_intermediate', '--target', 'dev']
[2025-09-14T14:05:28.769+0000] {subprocess.py:80} INFO - Command output:
[2025-09-14T14:05:30.859+0000] {subprocess.py:90} INFO - [0m14:05:30  Running with dbt=1.10.11
[2025-09-14T14:05:31.606+0000] {subprocess.py:90} INFO - [0m14:05:31  Installing dbt-labs/dbt_utils
[2025-09-14T14:05:32.343+0000] {subprocess.py:90} INFO - [0m14:05:32  Installed from version 1.3.0
[2025-09-14T14:05:32.344+0000] {subprocess.py:90} INFO - [0m14:05:32  Updated version available: 1.3.1
[2025-09-14T14:05:32.345+0000] {subprocess.py:90} INFO - [0m14:05:32
[2025-09-14T14:05:32.345+0000] {subprocess.py:90} INFO - [0m14:05:32  Updates available for packages: ['dbt-labs/dbt_utils']
[2025-09-14T14:05:32.346+0000] {subprocess.py:90} INFO - Update your versions in packages.yml, then run dbt deps
[2025-09-14T14:05:34.396+0000] {subprocess.py:94} INFO - Command exited with return code 0
[2025-09-14T14:05:34.397+0000] {local.py:441} INFO - Update your versions in packages.yml, then run dbt deps
[2025-09-14T14:05:34.397+0000] {virtualenv.py:99} INFO - Using Python binary from virtualenv: /tmp/cosmos_venv_ecom_intermediate/bin/python
[2025-09-14T14:05:34.398+0000] {local.py:434} INFO - Trying to run the command:
 ['/tmp/cosmos_venv_ecom_intermediate/bin/dbt', 'test', '--models', 'products_enriched', '--project-dir', '/tmp/tmptk62maub', '--profiles-dir', '/opt/***/dags/dbt', '--profile', 'ecom_intermediate', '--target', 'dev']
From /tmp/tmptk62maub
[2025-09-14T14:05:34.399+0000] {subprocess.py:56} INFO - Tmp dir root location: 
 /tmp
[2025-09-14T14:05:34.400+0000] {subprocess.py:69} INFO - Running command: ['/tmp/cosmos_venv_ecom_intermediate/bin/dbt', 'test', '--models', 'products_enriched', '--project-dir', '/tmp/tmptk62maub', '--profiles-dir', '/opt/***/dags/dbt', '--profile', 'ecom_intermediate', '--target', 'dev']
[2025-09-14T14:05:34.412+0000] {subprocess.py:80} INFO - Command output:
[2025-09-14T14:05:37.116+0000] {subprocess.py:90} INFO - [0m14:05:37  Running with dbt=1.10.11
[2025-09-14T14:05:37.118+0000] {subprocess.py:90} INFO - [0m14:05:37  [[33mWARNING[0m]: Deprecated functionality
[2025-09-14T14:05:37.119+0000] {subprocess.py:90} INFO - Usage of `--models`, `--model`, and `-m` is deprecated in favor of `--select` or
[2025-09-14T14:05:37.119+0000] {subprocess.py:90} INFO - `-s`.
[2025-09-14T14:05:37.489+0000] {subprocess.py:90} INFO - [0m14:05:37  Registered adapter: clickhouse=1.9.3
[2025-09-14T14:05:38.546+0000] {subprocess.py:90} INFO - [0m14:05:38  Found 15 models, 50 data tests, 8 sources, 597 macros
[2025-09-14T14:05:38.550+0000] {subprocess.py:90} INFO - [0m14:05:38
[2025-09-14T14:05:38.551+0000] {subprocess.py:90} INFO - [0m14:05:38  Concurrency: 4 threads (target='dev')
[2025-09-14T14:05:38.551+0000] {subprocess.py:90} INFO - [0m14:05:38
[2025-09-14T14:05:38.694+0000] {subprocess.py:90} INFO - [0m14:05:38  1 of 7 START test not_null_products_enriched_product_id ........................ [RUN]
[2025-09-14T14:05:38.696+0000] {subprocess.py:90} INFO - [0m14:05:38  2 of 7 START test relationships_customer_interactions_product_id__product_id__ref_products_enriched_  [RUN]
[2025-09-14T14:05:38.696+0000] {subprocess.py:90} INFO - [0m14:05:38  3 of 7 START test relationships_order_items_product_id__product_id__ref_products_enriched_  [RUN]
[2025-09-14T14:05:38.697+0000] {subprocess.py:90} INFO - [0m14:05:38  4 of 7 START test relationships_products_enriched_brand_id__brand_id__ref_brands_  [RUN]
[2025-09-14T14:05:38.820+0000] {subprocess.py:90} INFO - [0m14:05:38  1 of 7 PASS not_null_products_enriched_product_id .............................. [[32mPASS[0m in 0.12s]
[2025-09-14T14:05:38.838+0000] {subprocess.py:90} INFO - [0m14:05:38  5 of 7 START test relationships_products_enriched_category_id__category_id__ref_categories_enriched_  [RUN]
[2025-09-14T14:05:38.888+0000] {subprocess.py:90} INFO - [0m14:05:38  5 of 7 PASS relationships_products_enriched_category_id__category_id__ref_categories_enriched_  [[32mPASS[0m in 0.05s]
[2025-09-14T14:05:38.899+0000] {subprocess.py:90} INFO - [0m14:05:38  6 of 7 START test relationships_reviews_enriched_product_id__product_id__ref_products_enriched_  [RUN]
[2025-09-14T14:05:38.930+0000] {subprocess.py:90} INFO - [0m14:05:38  4 of 7 PASS relationships_products_enriched_brand_id__brand_id__ref_brands_ .... [[32mPASS[0m in 0.23s]
[2025-09-14T14:05:38.943+0000] {subprocess.py:90} INFO - [0m14:05:38  3 of 7 PASS relationships_order_items_product_id__product_id__ref_products_enriched_  [[32mPASS[0m in 0.24s]
[2025-09-14T14:05:38.958+0000] {subprocess.py:90} INFO - [0m14:05:38  7 of 7 START test unique_products_enriched_product_id .......................... [RUN]
[2025-09-14T14:05:39.010+0000] {subprocess.py:90} INFO - [0m14:05:39  6 of 7 ERROR relationships_reviews_enriched_product_id__product_id__ref_products_enriched_  [[31mERROR[0m in 0.10s]
[2025-09-14T14:05:39.016+0000] {subprocess.py:90} INFO - [0m14:05:39  2 of 7 PASS relationships_customer_interactions_product_id__product_id__ref_products_enriched_  [[32mPASS[0m in 0.32s]
[2025-09-14T14:05:39.036+0000] {subprocess.py:90} INFO - [0m14:05:39  7 of 7 FAIL 1000 unique_products_enriched_product_id ........................... [[31mFAIL 1000[0m in 0.08s]
[2025-09-14T14:05:39.047+0000] {subprocess.py:90} INFO - [0m14:05:39
[2025-09-14T14:05:39.048+0000] {subprocess.py:90} INFO - [0m14:05:39  Finished running 7 data tests in 0 hours 0 minutes and 0.49 seconds (0.49s).
[2025-09-14T14:05:39.144+0000] {subprocess.py:90} INFO - [0m14:05:39
[2025-09-14T14:05:39.145+0000] {subprocess.py:90} INFO - [0m14:05:39  [31mCompleted with 2 errors, 0 partial successes, and 0 warnings:[0m
[2025-09-14T14:05:39.146+0000] {subprocess.py:90} INFO - [0m14:05:39
[2025-09-14T14:05:39.147+0000] {subprocess.py:90} INFO - [0m14:05:39  [31mFailure in test relationships_reviews_enriched_product_id__product_id__ref_products_enriched_ (models/ecom_intermediate/schema.yml)[0m
[2025-09-14T14:05:39.148+0000] {subprocess.py:90} INFO - [0m14:05:39    Database Error in test relationships_reviews_enriched_product_id__product_id__ref_products_enriched_ (models/ecom_intermediate/schema.yml)
[2025-09-14T14:05:39.148+0000] {subprocess.py:90} INFO -   HTTPDriver for http://clickhouse:8123 received ClickHouse error code 47
[2025-09-14T14:05:39.149+0000] {subprocess.py:90} INFO -    Code: 47. DB::Exception: Unknown expression identifier 'product_id' in scope child AS (SELECT product_id AS from_field FROM ecom_db_intermediate.reviews_enriched WHERE product_id IS NOT NULL). Maybe you meant: ['product_name']. (UNKNOWN_IDENTIFIER) (version 24.8.14.39 (official build))
[2025-09-14T14:05:39.149+0000] {subprocess.py:90} INFO -   compiled code at target/run/ecom_intermediate/models/ecom_intermediate/schema.yml/relationships_reviews_enriched_9e4db4050e9656dcf6f83b270a455cb5.sql
[2025-09-14T14:05:39.150+0000] {subprocess.py:90} INFO - [0m14:05:39
[2025-09-14T14:05:39.150+0000] {subprocess.py:90} INFO - [0m14:05:39    compiled code at target/compiled/ecom_intermediate/models/ecom_intermediate/schema.yml/relationships_reviews_enriched_9e4db4050e9656dcf6f83b270a455cb5.sql
[2025-09-14T14:05:39.150+0000] {subprocess.py:90} INFO - [0m14:05:39
[2025-09-14T14:05:39.151+0000] {subprocess.py:90} INFO - [0m14:05:39  [31mFailure in test unique_products_enriched_product_id (models/ecom_intermediate/schema.yml)[0m
[2025-09-14T14:05:39.151+0000] {subprocess.py:90} INFO - [0m14:05:39    Got 1000 results, configured to fail if != 0
[2025-09-14T14:05:39.152+0000] {subprocess.py:90} INFO - [0m14:05:39
[2025-09-14T14:05:39.152+0000] {subprocess.py:90} INFO - [0m14:05:39    compiled code at target/compiled/ecom_intermediate/models/ecom_intermediate/schema.yml/unique_products_enriched_product_id.sql
[2025-09-14T14:05:39.154+0000] {subprocess.py:90} INFO - [0m14:05:39
[2025-09-14T14:05:39.156+0000] {subprocess.py:90} INFO - [0m14:05:39  Done. PASS=5 WARN=0 ERROR=2 SKIP=0 NO-OP=0 TOTAL=7
[2025-09-14T14:05:39.157+0000] {subprocess.py:90} INFO - [0m14:05:39  [[33mWARNING[0m][DeprecationsSummary]: Deprecated functionality
[2025-09-14T14:05:39.158+0000] {subprocess.py:90} INFO - Summary of encountered deprecations:
[2025-09-14T14:05:39.158+0000] {subprocess.py:90} INFO - - ModelParamUsageDeprecation: 1 occurrence
[2025-09-14T14:05:39.159+0000] {subprocess.py:90} INFO - To see all deprecation instances instead of just the first occurrence of each,
[2025-09-14T14:05:39.161+0000] {subprocess.py:90} INFO - run command again with the `--show-all-deprecations` flag. You may also need to
[2025-09-14T14:05:39.162+0000] {subprocess.py:90} INFO - run with `--no-partial-parse` as some deprecations are only encountered during
[2025-09-14T14:05:39.163+0000] {subprocess.py:90} INFO - parsing.
[2025-09-14T14:05:41.199+0000] {subprocess.py:94} INFO - Command exited with return code 1
[2025-09-14T14:05:41.200+0000] {local.py:441} INFO - parsing.
[2025-09-14T14:05:41.213+0000] {local.py:196} WARNING - Artifact schema version: https://schemas.getdbt.com/dbt/manifest/v12.json is above dbt-ol supported version 7. This might cause errors.
[2025-09-14T14:05:41.214+0000] {local.py:196} WARNING - Artifact schema version: https://schemas.getdbt.com/dbt/run-results/v6.json is above dbt-ol supported version 5. This might cause errors.
[2025-09-14T14:05:41.223+0000] {local.py:547} INFO - Inlets: []
[2025-09-14T14:05:41.224+0000] {local.py:548} INFO - Outlets: []
[2025-09-14T14:05:41.225+0000] {local.py:772} INFO - Assigning inlets/outlets without DatasetAlias
[2025-09-14T14:05:41.225+0000] {dag.py:3089} INFO - Sync 1 DAGs
[2025-09-14T14:05:41.291+0000] {dag.py:3947} INFO - Setting next_dagrun for dbt_intermediate to 2025-09-14 00:00:00+00:00, run_after=2025-09-15 00:00:00+00:00
[2025-09-14T14:05:41.388+0000] {local.py:253} ERROR - [0m14:05:37  Running with dbt=1.10.11
[0m14:05:37  [[33mWARNING[0m]: Deprecated functionality
Usage of `--models`, `--model`, and `-m` is deprecated in favor of `--select` or
`-s`.
[0m14:05:37  Registered adapter: clickhouse=1.9.3
[0m14:05:38  Found 15 models, 50 data tests, 8 sources, 597 macros
[0m14:05:38
[0m14:05:38  Concurrency: 4 threads (target='dev')
[0m14:05:38
[0m14:05:38  1 of 7 START test not_null_products_enriched_product_id ........................ [RUN]
[0m14:05:38  2 of 7 START test relationships_customer_interactions_product_id__product_id__ref_products_enriched_  [RUN]
[0m14:05:38  3 of 7 START test relationships_order_items_product_id__product_id__ref_products_enriched_  [RUN]
[0m14:05:38  4 of 7 START test relationships_products_enriched_brand_id__brand_id__ref_brands_  [RUN]
[0m14:05:38  1 of 7 PASS not_null_products_enriched_product_id .............................. [[32mPASS[0m in 0.12s]
[0m14:05:38  5 of 7 START test relationships_products_enriched_category_id__category_id__ref_categories_enriched_  [RUN]
[0m14:05:38  5 of 7 PASS relationships_products_enriched_category_id__category_id__ref_categories_enriched_  [[32mPASS[0m in 0.05s]
[0m14:05:38  6 of 7 START test relationships_reviews_enriched_product_id__product_id__ref_products_enriched_  [RUN]
[0m14:05:38  4 of 7 PASS relationships_products_enriched_brand_id__brand_id__ref_brands_ .... [[32mPASS[0m in 0.23s]
[0m14:05:38  3 of 7 PASS relationships_order_items_product_id__product_id__ref_products_enriched_  [[32mPASS[0m in 0.24s]
[0m14:05:38  7 of 7 START test unique_products_enriched_product_id .......................... [RUN]
[0m14:05:39  6 of 7 ERROR relationships_reviews_enriched_product_id__product_id__ref_products_enriched_  [[31mERROR[0m in 0.10s]
[0m14:05:39  2 of 7 PASS relationships_customer_interactions_product_id__product_id__ref_products_enriched_  [[32mPASS[0m in 0.32s]
[0m14:05:39  7 of 7 FAIL 1000 unique_products_enriched_product_id ........................... [[31mFAIL 1000[0m in 0.08s]
[0m14:05:39
[0m14:05:39  Finished running 7 data tests in 0 hours 0 minutes and 0.49 seconds (0.49s).
[0m14:05:39
[0m14:05:39  [31mCompleted with 2 errors, 0 partial successes, and 0 warnings:[0m
[0m14:05:39
[0m14:05:39  [31mFailure in test relationships_reviews_enriched_product_id__product_id__ref_products_enriched_ (models/ecom_intermediate/schema.yml)[0m
[0m14:05:39    Database Error in test relationships_reviews_enriched_product_id__product_id__ref_products_enriched_ (models/ecom_intermediate/schema.yml)
  HTTPDriver for http://clickhouse:8123 received ClickHouse error code 47
   Code: 47. DB::Exception: Unknown expression identifier 'product_id' in scope child AS (SELECT product_id AS from_field FROM ecom_db_intermediate.reviews_enriched WHERE product_id IS NOT NULL). Maybe you meant: ['product_name']. (UNKNOWN_IDENTIFIER) (version 24.8.14.39 (official build))
  compiled code at target/run/ecom_intermediate/models/ecom_intermediate/schema.yml/relationships_reviews_enriched_9e4db4050e9656dcf6f83b270a455cb5.sql
[0m14:05:39
[0m14:05:39    compiled code at target/compiled/ecom_intermediate/models/ecom_intermediate/schema.yml/relationships_reviews_enriched_9e4db4050e9656dcf6f83b270a455cb5.sql
[0m14:05:39
[0m14:05:39  [31mFailure in test unique_products_enriched_product_id (models/ecom_intermediate/schema.yml)[0m
[0m14:05:39    Got 1000 results, configured to fail if != 0
[0m14:05:39
[0m14:05:39    compiled code at target/compiled/ecom_intermediate/models/ecom_intermediate/schema.yml/unique_products_enriched_product_id.sql
[0m14:05:39
[0m14:05:39  Done. PASS=5 WARN=0 ERROR=2 SKIP=0 NO-OP=0 TOTAL=7
[0m14:05:39  [[33mWARNING[0m][DeprecationsSummary]: Deprecated functionality
Summary of encountered deprecations:
- ModelParamUsageDeprecation: 1 occurrence
To see all deprecation instances instead of just the first occurrence of each,
run command again with the `--show-all-deprecations` flag. You may also need to
run with `--no-partial-parse` as some deprecations are only encountered during
parsing.
[2025-09-14T14:05:41.398+0000] {virtualenv.py:131} INFO - Releasing virtualenv lock
[2025-09-14T14:05:41.400+0000] {taskinstance.py:441} INFO - ::group::Post task execution logs
[2025-09-14T14:05:41.453+0000] {taskinstance.py:2905} ERROR - Task failed with exception
Traceback (most recent call last):
  File "/home/airflow/.local/lib/python3.10/site-packages/airflow/models/taskinstance.py", line 465, in _execute_task
    result = _execute_callable(context=context, **execute_callable_kwargs)
  File "/home/airflow/.local/lib/python3.10/site-packages/airflow/models/taskinstance.py", line 432, in _execute_callable
    return execute_callable(context=context, **execute_callable_kwargs)
  File "/home/airflow/.local/lib/python3.10/site-packages/airflow/models/baseoperator.py", line 401, in wrapper
    return func(self, *args, **kwargs)
  File "/home/airflow/.local/lib/python3.10/site-packages/cosmos/operators/virtualenv.py", line 144, in execute
    output = super().execute(context)
  File "/home/airflow/.local/lib/python3.10/site-packages/airflow/models/baseoperator.py", line 401, in wrapper
    return func(self, *args, **kwargs)
  File "/home/airflow/.local/lib/python3.10/site-packages/cosmos/operators/local.py", line 1089, in execute
    result = self.build_and_run_cmd(context=context, cmd_flags=self.add_cmd_flags())
  File "/home/airflow/.local/lib/python3.10/site-packages/cosmos/operators/local.py", line 853, in build_and_run_cmd
    result = self.run_command(
  File "/home/airflow/.local/lib/python3.10/site-packages/cosmos/operators/virtualenv.py", line 129, in run_command
    return super().run_command(cmd, env, context, run_as_async=run_as_async, async_context=async_context)
  File "/home/airflow/.local/lib/python3.10/site-packages/cosmos/operators/local.py", line 650, in run_command
    self.handle_exception(result)
  File "/home/airflow/.local/lib/python3.10/site-packages/cosmos/operators/local.py", line 254, in handle_exception_subprocess
    raise AirflowException(f"dbt command failed. The command returned a non-zero exit code {result.exit_code}.")
airflow.exceptions.AirflowException: dbt command failed. The command returned a non-zero exit code 1.
[2025-09-14T14:05:41.459+0000] {taskinstance.py:1206} INFO - Marking task as FAILED. dag_id=dbt_intermediate, task_id=intermediate.products_enriched.test, run_id=manual__2025-09-14T13:59:04.380229+00:00, execution_date=20250914T135904, start_date=20250914T140511, end_date=20250914T140541
[2025-09-14T14:05:41.497+0000] {standard_task_runner.py:110} ERROR - Failed to execute job 349 for task intermediate.products_enriched.test (dbt command failed. The command returned a non-zero exit code 1.; 4928)
[2025-09-14T14:05:41.544+0000] {local_task_job_runner.py:243} INFO - Task exited with return code 1
[2025-09-14T14:05:41.613+0000] {taskinstance.py:3503} INFO - 0 downstream tasks scheduled from follow-on schedule check
[2025-09-14T14:05:41.629+0000] {local_task_job_runner.py:222} INFO - ::endgroup::
