[2025-09-13T09:30:09.880+0000] {local_task_job_runner.py:120} INFO - ::group::Pre task execution logs
[2025-09-13T09:30:09.958+0000] {taskinstance.py:2076} INFO - Dependencies all met for dep_context=non-requeueable deps ti=<TaskInstance: dbt_intermediate.intermediate.locations.test scheduled__2025-09-12T00:00:00+00:00 [queued]>
[2025-09-13T09:30:09.973+0000] {taskinstance.py:2076} INFO - Dependencies all met for dep_context=requeueable deps ti=<TaskInstance: dbt_intermediate.intermediate.locations.test scheduled__2025-09-12T00:00:00+00:00 [queued]>
[2025-09-13T09:30:09.984+0000] {taskinstance.py:2306} INFO - Starting attempt 1 of 1
[2025-09-13T09:30:10.004+0000] {taskinstance.py:2330} INFO - Executing <Task(DbtTestVirtualenvOperator): intermediate.locations.test> on 2025-09-12 00:00:00+00:00
[2025-09-13T09:30:10.019+0000] {standard_task_runner.py:64} INFO - Started process 4481 to run task
[2025-09-13T09:30:10.025+0000] {standard_task_runner.py:90} INFO - Running: ['***', 'tasks', 'run', 'dbt_intermediate', 'intermediate.locations.test', 'scheduled__2025-09-12T00:00:00+00:00', '--job-id', '159', '--raw', '--subdir', 'DAGS_FOLDER/dbt_intermediate.py', '--cfg-path', '/tmp/tmp4ro4g2zn']
[2025-09-13T09:30:10.029+0000] {standard_task_runner.py:91} INFO - Job 159: Subtask intermediate.locations.test
[2025-09-13T09:30:10.313+0000] {task_command.py:426} INFO - Running <TaskInstance: dbt_intermediate.intermediate.locations.test scheduled__2025-09-12T00:00:00+00:00 [running]> on host e95bde6b8d07
[2025-09-13T09:30:10.733+0000] {taskinstance.py:2648} INFO - Exporting env vars: AIRFLOW_CTX_DAG_OWNER='***' AIRFLOW_CTX_DAG_ID='dbt_intermediate' AIRFLOW_CTX_TASK_ID='intermediate.locations.test' AIRFLOW_CTX_EXECUTION_DATE='2025-09-12T00:00:00+00:00' AIRFLOW_CTX_TRY_NUMBER='1' AIRFLOW_CTX_DAG_RUN_ID='scheduled__2025-09-12T00:00:00+00:00'
[2025-09-13T09:30:10.736+0000] {taskinstance.py:430} INFO - ::endgroup::
[2025-09-13T09:30:10.754+0000] {baseoperator.py:400} WARNING - DbtTestVirtualenvOperator.execute cannot be called outside TaskInstance!
[2025-09-13T09:30:10.755+0000] {virtualenv.py:120} INFO - Checking if the virtualenv lock /tmp/cosmos_venv_ecom_intermediate/cosmos_virtualenv.lock exists
[2025-09-13T09:30:10.756+0000] {virtualenv.py:178} INFO - Checking for running process with PID 4249
[2025-09-13T09:30:10.757+0000] {virtualenv.py:181} INFO - Process 4249 running: True and has the lock /tmp/cosmos_venv_ecom_intermediate/cosmos_virtualenv.lock.
[2025-09-13T09:30:10.757+0000] {virtualenv.py:122} INFO - Waiting for virtualenv lock to be released
[2025-09-13T09:30:11.759+0000] {virtualenv.py:178} INFO - Checking for running process with PID 4249
[2025-09-13T09:30:11.760+0000] {virtualenv.py:181} INFO - Process 4249 running: True and has the lock /tmp/cosmos_venv_ecom_intermediate/cosmos_virtualenv.lock.
[2025-09-13T09:30:11.760+0000] {virtualenv.py:122} INFO - Waiting for virtualenv lock to be released
[2025-09-13T09:30:12.761+0000] {virtualenv.py:178} INFO - Checking for running process with PID 4249
[2025-09-13T09:30:12.762+0000] {virtualenv.py:181} INFO - Process 4249 running: True and has the lock /tmp/cosmos_venv_ecom_intermediate/cosmos_virtualenv.lock.
[2025-09-13T09:30:12.763+0000] {virtualenv.py:122} INFO - Waiting for virtualenv lock to be released
[2025-09-13T09:30:13.765+0000] {virtualenv.py:178} INFO - Checking for running process with PID 4249
[2025-09-13T09:30:13.765+0000] {virtualenv.py:181} INFO - Process 4249 running: True and has the lock /tmp/cosmos_venv_ecom_intermediate/cosmos_virtualenv.lock.
[2025-09-13T09:30:13.766+0000] {virtualenv.py:122} INFO - Waiting for virtualenv lock to be released
[2025-09-13T09:30:14.768+0000] {virtualenv.py:178} INFO - Checking for running process with PID 4249
[2025-09-13T09:30:14.769+0000] {virtualenv.py:181} INFO - Process 4249 running: True and has the lock /tmp/cosmos_venv_ecom_intermediate/cosmos_virtualenv.lock.
[2025-09-13T09:30:14.770+0000] {virtualenv.py:122} INFO - Waiting for virtualenv lock to be released
[2025-09-13T09:30:15.772+0000] {virtualenv.py:178} INFO - Checking for running process with PID 4249
[2025-09-13T09:30:15.772+0000] {virtualenv.py:181} INFO - Process 4249 running: True and has the lock /tmp/cosmos_venv_ecom_intermediate/cosmos_virtualenv.lock.
[2025-09-13T09:30:15.773+0000] {virtualenv.py:122} INFO - Waiting for virtualenv lock to be released
[2025-09-13T09:30:16.774+0000] {virtualenv.py:178} INFO - Checking for running process with PID 4249
[2025-09-13T09:30:16.775+0000] {virtualenv.py:181} INFO - Process 4249 running: True and has the lock /tmp/cosmos_venv_ecom_intermediate/cosmos_virtualenv.lock.
[2025-09-13T09:30:16.776+0000] {virtualenv.py:122} INFO - Waiting for virtualenv lock to be released
[2025-09-13T09:30:17.778+0000] {virtualenv.py:178} INFO - Checking for running process with PID 4249
[2025-09-13T09:30:17.779+0000] {virtualenv.py:181} INFO - Process 4249 running: True and has the lock /tmp/cosmos_venv_ecom_intermediate/cosmos_virtualenv.lock.
[2025-09-13T09:30:17.780+0000] {virtualenv.py:122} INFO - Waiting for virtualenv lock to be released
[2025-09-13T09:30:18.781+0000] {virtualenv.py:178} INFO - Checking for running process with PID 4249
[2025-09-13T09:30:18.782+0000] {virtualenv.py:181} INFO - Process 4249 running: True and has the lock /tmp/cosmos_venv_ecom_intermediate/cosmos_virtualenv.lock.
[2025-09-13T09:30:18.782+0000] {virtualenv.py:122} INFO - Waiting for virtualenv lock to be released
[2025-09-13T09:30:19.784+0000] {virtualenv.py:178} INFO - Checking for running process with PID 4249
[2025-09-13T09:30:19.785+0000] {virtualenv.py:181} INFO - Process 4249 running: True and has the lock /tmp/cosmos_venv_ecom_intermediate/cosmos_virtualenv.lock.
[2025-09-13T09:30:19.785+0000] {virtualenv.py:122} INFO - Waiting for virtualenv lock to be released
[2025-09-13T09:30:20.787+0000] {virtualenv.py:178} INFO - Checking for running process with PID 4249
[2025-09-13T09:30:20.787+0000] {virtualenv.py:181} INFO - Process 4249 running: True and has the lock /tmp/cosmos_venv_ecom_intermediate/cosmos_virtualenv.lock.
[2025-09-13T09:30:20.788+0000] {virtualenv.py:122} INFO - Waiting for virtualenv lock to be released
[2025-09-13T09:30:21.789+0000] {virtualenv.py:178} INFO - Checking for running process with PID 4249
[2025-09-13T09:30:21.790+0000] {virtualenv.py:181} INFO - Process 4249 running: True and has the lock /tmp/cosmos_venv_ecom_intermediate/cosmos_virtualenv.lock.
[2025-09-13T09:30:21.790+0000] {virtualenv.py:122} INFO - Waiting for virtualenv lock to be released
[2025-09-13T09:30:22.792+0000] {virtualenv.py:178} INFO - Checking for running process with PID 4249
[2025-09-13T09:30:22.792+0000] {virtualenv.py:181} INFO - Process 4249 running: True and has the lock /tmp/cosmos_venv_ecom_intermediate/cosmos_virtualenv.lock.
[2025-09-13T09:30:22.793+0000] {virtualenv.py:122} INFO - Waiting for virtualenv lock to be released
[2025-09-13T09:30:23.795+0000] {virtualenv.py:178} INFO - Checking for running process with PID 4136
[2025-09-13T09:30:23.795+0000] {virtualenv.py:181} INFO - Process 4136 running: True and has the lock /tmp/cosmos_venv_ecom_intermediate/cosmos_virtualenv.lock.
[2025-09-13T09:30:23.795+0000] {virtualenv.py:122} INFO - Waiting for virtualenv lock to be released
[2025-09-13T09:30:24.797+0000] {virtualenv.py:178} INFO - Checking for running process with PID 4136
[2025-09-13T09:30:24.797+0000] {virtualenv.py:181} INFO - Process 4136 running: True and has the lock /tmp/cosmos_venv_ecom_intermediate/cosmos_virtualenv.lock.
[2025-09-13T09:30:24.798+0000] {virtualenv.py:122} INFO - Waiting for virtualenv lock to be released
[2025-09-13T09:30:25.799+0000] {virtualenv.py:178} INFO - Checking for running process with PID 4136
[2025-09-13T09:30:25.800+0000] {virtualenv.py:181} INFO - Process 4136 running: True and has the lock /tmp/cosmos_venv_ecom_intermediate/cosmos_virtualenv.lock.
[2025-09-13T09:30:25.801+0000] {virtualenv.py:122} INFO - Waiting for virtualenv lock to be released
[2025-09-13T09:30:26.802+0000] {virtualenv.py:178} INFO - Checking for running process with PID 4136
[2025-09-13T09:30:26.803+0000] {virtualenv.py:181} INFO - Process 4136 running: True and has the lock /tmp/cosmos_venv_ecom_intermediate/cosmos_virtualenv.lock.
[2025-09-13T09:30:26.804+0000] {virtualenv.py:122} INFO - Waiting for virtualenv lock to be released
[2025-09-13T09:30:27.806+0000] {virtualenv.py:178} INFO - Checking for running process with PID 4136
[2025-09-13T09:30:27.807+0000] {virtualenv.py:181} INFO - Process 4136 running: True and has the lock /tmp/cosmos_venv_ecom_intermediate/cosmos_virtualenv.lock.
[2025-09-13T09:30:27.807+0000] {virtualenv.py:122} INFO - Waiting for virtualenv lock to be released
[2025-09-13T09:30:28.809+0000] {virtualenv.py:178} INFO - Checking for running process with PID 4136
[2025-09-13T09:30:28.809+0000] {virtualenv.py:181} INFO - Process 4136 running: True and has the lock /tmp/cosmos_venv_ecom_intermediate/cosmos_virtualenv.lock.
[2025-09-13T09:30:28.810+0000] {virtualenv.py:122} INFO - Waiting for virtualenv lock to be released
[2025-09-13T09:30:29.812+0000] {virtualenv.py:178} INFO - Checking for running process with PID 4136
[2025-09-13T09:30:29.812+0000] {virtualenv.py:181} INFO - Process 4136 running: True and has the lock /tmp/cosmos_venv_ecom_intermediate/cosmos_virtualenv.lock.
[2025-09-13T09:30:29.813+0000] {virtualenv.py:122} INFO - Waiting for virtualenv lock to be released
[2025-09-13T09:30:30.814+0000] {virtualenv.py:178} INFO - Checking for running process with PID 4136
[2025-09-13T09:30:30.815+0000] {virtualenv.py:181} INFO - Process 4136 running: True and has the lock /tmp/cosmos_venv_ecom_intermediate/cosmos_virtualenv.lock.
[2025-09-13T09:30:30.815+0000] {virtualenv.py:122} INFO - Waiting for virtualenv lock to be released
[2025-09-13T09:30:31.817+0000] {virtualenv.py:178} INFO - Checking for running process with PID 4136
[2025-09-13T09:30:31.818+0000] {virtualenv.py:181} INFO - Process 4136 running: True and has the lock /tmp/cosmos_venv_ecom_intermediate/cosmos_virtualenv.lock.
[2025-09-13T09:30:31.819+0000] {virtualenv.py:122} INFO - Waiting for virtualenv lock to be released
[2025-09-13T09:30:32.820+0000] {virtualenv.py:178} INFO - Checking for running process with PID 4136
[2025-09-13T09:30:32.821+0000] {virtualenv.py:181} INFO - Process 4136 running: True and has the lock /tmp/cosmos_venv_ecom_intermediate/cosmos_virtualenv.lock.
[2025-09-13T09:30:32.822+0000] {virtualenv.py:122} INFO - Waiting for virtualenv lock to be released
[2025-09-13T09:30:33.823+0000] {virtualenv.py:178} INFO - Checking for running process with PID 4136
[2025-09-13T09:30:33.824+0000] {virtualenv.py:181} INFO - Process 4136 running: True and has the lock /tmp/cosmos_venv_ecom_intermediate/cosmos_virtualenv.lock.
[2025-09-13T09:30:33.825+0000] {virtualenv.py:122} INFO - Waiting for virtualenv lock to be released
[2025-09-13T09:30:34.827+0000] {virtualenv.py:178} INFO - Checking for running process with PID 4136
[2025-09-13T09:30:34.828+0000] {virtualenv.py:181} INFO - Process 4136 running: True and has the lock /tmp/cosmos_venv_ecom_intermediate/cosmos_virtualenv.lock.
[2025-09-13T09:30:34.828+0000] {virtualenv.py:122} INFO - Waiting for virtualenv lock to be released
[2025-09-13T09:30:35.830+0000] {virtualenv.py:178} INFO - Checking for running process with PID 4136
[2025-09-13T09:30:35.831+0000] {virtualenv.py:181} INFO - Process 4136 running: True and has the lock /tmp/cosmos_venv_ecom_intermediate/cosmos_virtualenv.lock.
[2025-09-13T09:30:35.832+0000] {virtualenv.py:122} INFO - Waiting for virtualenv lock to be released
[2025-09-13T09:30:36.833+0000] {virtualenv.py:178} INFO - Checking for running process with PID 4136
[2025-09-13T09:30:36.834+0000] {virtualenv.py:181} INFO - Process 4136 running: True and has the lock /tmp/cosmos_venv_ecom_intermediate/cosmos_virtualenv.lock.
[2025-09-13T09:30:36.835+0000] {virtualenv.py:122} INFO - Waiting for virtualenv lock to be released
[2025-09-13T09:30:37.835+0000] {virtualenv.py:178} INFO - Checking for running process with PID 4136
[2025-09-13T09:30:37.835+0000] {virtualenv.py:181} INFO - Process 4136 running: True and has the lock /tmp/cosmos_venv_ecom_intermediate/cosmos_virtualenv.lock.
[2025-09-13T09:30:37.836+0000] {virtualenv.py:122} INFO - Waiting for virtualenv lock to be released
[2025-09-13T09:30:38.838+0000] {virtualenv.py:178} INFO - Checking for running process with PID 4137
[2025-09-13T09:30:38.839+0000] {virtualenv.py:181} INFO - Process 4137 running: True and has the lock /tmp/cosmos_venv_ecom_intermediate/cosmos_virtualenv.lock.
[2025-09-13T09:30:38.839+0000] {virtualenv.py:122} INFO - Waiting for virtualenv lock to be released
[2025-09-13T09:30:39.841+0000] {virtualenv.py:178} INFO - Checking for running process with PID 4137
[2025-09-13T09:30:39.842+0000] {virtualenv.py:181} INFO - Process 4137 running: True and has the lock /tmp/cosmos_venv_ecom_intermediate/cosmos_virtualenv.lock.
[2025-09-13T09:30:39.842+0000] {virtualenv.py:122} INFO - Waiting for virtualenv lock to be released
[2025-09-13T09:30:40.844+0000] {virtualenv.py:178} INFO - Checking for running process with PID 4137
[2025-09-13T09:30:40.845+0000] {virtualenv.py:181} INFO - Process 4137 running: True and has the lock /tmp/cosmos_venv_ecom_intermediate/cosmos_virtualenv.lock.
[2025-09-13T09:30:40.845+0000] {virtualenv.py:122} INFO - Waiting for virtualenv lock to be released
[2025-09-13T09:30:41.847+0000] {virtualenv.py:178} INFO - Checking for running process with PID 4137
[2025-09-13T09:30:41.848+0000] {virtualenv.py:181} INFO - Process 4137 running: True and has the lock /tmp/cosmos_venv_ecom_intermediate/cosmos_virtualenv.lock.
[2025-09-13T09:30:41.848+0000] {virtualenv.py:122} INFO - Waiting for virtualenv lock to be released
[2025-09-13T09:30:42.850+0000] {virtualenv.py:178} INFO - Checking for running process with PID 4137
[2025-09-13T09:30:42.850+0000] {virtualenv.py:181} INFO - Process 4137 running: True and has the lock /tmp/cosmos_venv_ecom_intermediate/cosmos_virtualenv.lock.
[2025-09-13T09:30:42.851+0000] {virtualenv.py:122} INFO - Waiting for virtualenv lock to be released
[2025-09-13T09:30:43.852+0000] {virtualenv.py:178} INFO - Checking for running process with PID 4137
[2025-09-13T09:30:43.853+0000] {virtualenv.py:181} INFO - Process 4137 running: True and has the lock /tmp/cosmos_venv_ecom_intermediate/cosmos_virtualenv.lock.
[2025-09-13T09:30:43.853+0000] {virtualenv.py:122} INFO - Waiting for virtualenv lock to be released
[2025-09-13T09:30:44.855+0000] {virtualenv.py:178} INFO - Checking for running process with PID 4137
[2025-09-13T09:30:44.856+0000] {virtualenv.py:181} INFO - Process 4137 running: True and has the lock /tmp/cosmos_venv_ecom_intermediate/cosmos_virtualenv.lock.
[2025-09-13T09:30:44.857+0000] {virtualenv.py:122} INFO - Waiting for virtualenv lock to be released
[2025-09-13T09:30:45.859+0000] {virtualenv.py:178} INFO - Checking for running process with PID 4141
[2025-09-13T09:30:45.860+0000] {virtualenv.py:181} INFO - Process 4141 running: True and has the lock /tmp/cosmos_venv_ecom_intermediate/cosmos_virtualenv.lock.
[2025-09-13T09:30:45.861+0000] {virtualenv.py:122} INFO - Waiting for virtualenv lock to be released
[2025-09-13T09:30:46.863+0000] {virtualenv.py:178} INFO - Checking for running process with PID 4148
[2025-09-13T09:30:46.864+0000] {virtualenv.py:181} INFO - Process 4148 running: True and has the lock /tmp/cosmos_venv_ecom_intermediate/cosmos_virtualenv.lock.
[2025-09-13T09:30:46.864+0000] {virtualenv.py:122} INFO - Waiting for virtualenv lock to be released
[2025-09-13T09:30:47.866+0000] {virtualenv.py:178} INFO - Checking for running process with PID 4157
[2025-09-13T09:30:47.867+0000] {virtualenv.py:181} INFO - Process 4157 running: True and has the lock /tmp/cosmos_venv_ecom_intermediate/cosmos_virtualenv.lock.
[2025-09-13T09:30:47.868+0000] {virtualenv.py:122} INFO - Waiting for virtualenv lock to be released
[2025-09-13T09:30:48.876+0000] {virtualenv.py:178} INFO - Checking for running process with PID 4157
[2025-09-13T09:30:48.880+0000] {virtualenv.py:181} INFO - Process 4157 running: True and has the lock /tmp/cosmos_venv_ecom_intermediate/cosmos_virtualenv.lock.
[2025-09-13T09:30:48.881+0000] {virtualenv.py:122} INFO - Waiting for virtualenv lock to be released
[2025-09-13T09:30:49.883+0000] {virtualenv.py:178} INFO - Checking for running process with PID 4157
[2025-09-13T09:30:49.884+0000] {virtualenv.py:181} INFO - Process 4157 running: True and has the lock /tmp/cosmos_venv_ecom_intermediate/cosmos_virtualenv.lock.
[2025-09-13T09:30:49.886+0000] {virtualenv.py:122} INFO - Waiting for virtualenv lock to be released
[2025-09-13T09:30:50.889+0000] {virtualenv.py:178} INFO - Checking for running process with PID 4157
[2025-09-13T09:30:50.890+0000] {virtualenv.py:181} INFO - Process 4157 running: True and has the lock /tmp/cosmos_venv_ecom_intermediate/cosmos_virtualenv.lock.
[2025-09-13T09:30:50.891+0000] {virtualenv.py:122} INFO - Waiting for virtualenv lock to be released
[2025-09-13T09:30:51.893+0000] {virtualenv.py:178} INFO - Checking for running process with PID 4157
[2025-09-13T09:30:51.894+0000] {virtualenv.py:181} INFO - Process 4157 running: True and has the lock /tmp/cosmos_venv_ecom_intermediate/cosmos_virtualenv.lock.
[2025-09-13T09:30:51.894+0000] {virtualenv.py:122} INFO - Waiting for virtualenv lock to be released
[2025-09-13T09:30:52.896+0000] {virtualenv.py:178} INFO - Checking for running process with PID 4157
[2025-09-13T09:30:52.897+0000] {virtualenv.py:181} INFO - Process 4157 running: True and has the lock /tmp/cosmos_venv_ecom_intermediate/cosmos_virtualenv.lock.
[2025-09-13T09:30:52.898+0000] {virtualenv.py:122} INFO - Waiting for virtualenv lock to be released
[2025-09-13T09:30:53.899+0000] {virtualenv.py:178} INFO - Checking for running process with PID 4157
[2025-09-13T09:30:53.900+0000] {virtualenv.py:181} INFO - Process 4157 running: True and has the lock /tmp/cosmos_venv_ecom_intermediate/cosmos_virtualenv.lock.
[2025-09-13T09:30:53.901+0000] {virtualenv.py:122} INFO - Waiting for virtualenv lock to be released
[2025-09-13T09:30:54.903+0000] {virtualenv.py:178} INFO - Checking for running process with PID 4157
[2025-09-13T09:30:54.903+0000] {virtualenv.py:181} INFO - Process 4157 running: True and has the lock /tmp/cosmos_venv_ecom_intermediate/cosmos_virtualenv.lock.
[2025-09-13T09:30:54.904+0000] {virtualenv.py:122} INFO - Waiting for virtualenv lock to be released
[2025-09-13T09:30:55.906+0000] {virtualenv.py:178} INFO - Checking for running process with PID 4157
[2025-09-13T09:30:55.906+0000] {virtualenv.py:181} INFO - Process 4157 running: True and has the lock /tmp/cosmos_venv_ecom_intermediate/cosmos_virtualenv.lock.
[2025-09-13T09:30:55.907+0000] {virtualenv.py:122} INFO - Waiting for virtualenv lock to be released
[2025-09-13T09:30:56.908+0000] {virtualenv.py:178} INFO - Checking for running process with PID 4157
[2025-09-13T09:30:56.909+0000] {virtualenv.py:181} INFO - Process 4157 running: True and has the lock /tmp/cosmos_venv_ecom_intermediate/cosmos_virtualenv.lock.
[2025-09-13T09:30:56.910+0000] {virtualenv.py:122} INFO - Waiting for virtualenv lock to be released
[2025-09-13T09:30:57.914+0000] {virtualenv.py:178} INFO - Checking for running process with PID 4157
[2025-09-13T09:30:57.914+0000] {virtualenv.py:181} INFO - Process 4157 running: True and has the lock /tmp/cosmos_venv_ecom_intermediate/cosmos_virtualenv.lock.
[2025-09-13T09:30:57.915+0000] {virtualenv.py:122} INFO - Waiting for virtualenv lock to be released
[2025-09-13T09:30:58.916+0000] {virtualenv.py:178} INFO - Checking for running process with PID 4157
[2025-09-13T09:30:58.917+0000] {virtualenv.py:181} INFO - Process 4157 running: True and has the lock /tmp/cosmos_venv_ecom_intermediate/cosmos_virtualenv.lock.
[2025-09-13T09:30:58.918+0000] {virtualenv.py:122} INFO - Waiting for virtualenv lock to be released
[2025-09-13T09:30:59.919+0000] {virtualenv.py:178} INFO - Checking for running process with PID 4157
[2025-09-13T09:30:59.919+0000] {virtualenv.py:181} INFO - Process 4157 running: True and has the lock /tmp/cosmos_venv_ecom_intermediate/cosmos_virtualenv.lock.
[2025-09-13T09:30:59.920+0000] {virtualenv.py:122} INFO - Waiting for virtualenv lock to be released
[2025-09-13T09:31:00.922+0000] {virtualenv.py:178} INFO - Checking for running process with PID 4157
[2025-09-13T09:31:00.922+0000] {virtualenv.py:181} INFO - Process 4157 running: True and has the lock /tmp/cosmos_venv_ecom_intermediate/cosmos_virtualenv.lock.
[2025-09-13T09:31:00.923+0000] {virtualenv.py:122} INFO - Waiting for virtualenv lock to be released
[2025-09-13T09:31:01.925+0000] {virtualenv.py:178} INFO - Checking for running process with PID 4157
[2025-09-13T09:31:01.926+0000] {virtualenv.py:181} INFO - Process 4157 running: True and has the lock /tmp/cosmos_venv_ecom_intermediate/cosmos_virtualenv.lock.
[2025-09-13T09:31:01.926+0000] {virtualenv.py:122} INFO - Waiting for virtualenv lock to be released
[2025-09-13T09:31:02.928+0000] {virtualenv.py:126} INFO - Acquiring the virtualenv lock
[2025-09-13T09:31:02.928+0000] {virtualenv.py:195} INFO - Acquiring lock at /tmp/cosmos_venv_ecom_intermediate/cosmos_virtualenv.lock with pid 4481
[2025-09-13T09:31:02.929+0000] {virtualenv.py:153} INFO - Creating or updating the virtualenv at `/tmp/cosmos_venv_ecom_intermediate
[2025-09-13T09:31:02.929+0000] {process_utils.py:183} INFO - Executing cmd: /home/***/.local/bin/python -m virtualenv /tmp/cosmos_venv_ecom_intermediate --python=python3
[2025-09-13T09:31:02.930+0000] {process_utils.py:187} INFO - Output:
[2025-09-13T09:31:04.033+0000] {process_utils.py:191} INFO - created virtual environment CPython3.10.14.final.0-64 in 433ms
[2025-09-13T09:31:04.034+0000] {process_utils.py:191} INFO -   creator CPython3Posix(dest=/tmp/cosmos_venv_ecom_intermediate, clear=False, no_vcs_ignore=False, global=False)
[2025-09-13T09:31:04.034+0000] {process_utils.py:191} INFO -   seeder FromAppData(download=False, pip=bundle, setuptools=bundle, wheel=bundle, via=copy, app_data_dir=/home/***/.local/share/virtualenv)
[2025-09-13T09:31:04.036+0000] {process_utils.py:191} INFO -     added seed packages: MarkupSafe==3.0.2, PyYAML==6.0.2, agate==1.9.1, annotated_types==0.7.0, attrs==25.3.0, babel==2.17.0, certifi==2025.8.3, charset_normalizer==3.4.3, click==8.2.1, clickhouse_connect==0.8.18, clickhouse_driver==0.2.9, colorama==0.4.6, daff==1.4.2, dbt_adapters==1.16.7, dbt_clickhouse==1.9.3, dbt_common==1.30.0, dbt_core==1.10.11, dbt_extractor==0.6.0, dbt_protos==1.0.375, dbt_semantic_interfaces==0.9.0, deepdiff==8.6.1, idna==3.10, importlib_metadata==8.7.0, isodate==0.6.1, jinja2==3.1.6, jsonschema==4.25.1, jsonschema_specifications==2025.9.1, leather==0.4.0, lz4==4.4.4, mashumaro==3.14, more_itertools==10.8.0, msgpack==1.1.1, networkx==3.4.2, orderly_set==5.5.0, packaging==25.0, parsedatetime==2.6, pathspec==0.12.1, pip==25.2, protobuf==6.32.1, pydantic==2.11.8, pydantic_core==2.33.2, python_dateutil==2.9.0.post0, python_slugify==8.0.4, pytimeparse==1.1.8, pytz==2025.2, referencing==0.36.2, requests==2.32.5, rpds_py==0.27.1, setuptools==80.9.0, six==1.17.0, snowplow_tracker==1.1.0, sqlparse==0.5.3, text_unidecode==1.3, typing_extensions==4.15.0, typing_inspection==0.4.1, tzlocal==5.3.1, urllib3==2.5.0, wheel==0.45.1, zipp==3.23.0, zstandard==0.24.0
[2025-09-13T09:31:04.036+0000] {process_utils.py:191} INFO -   activators BashActivator,CShellActivator,FishActivator,NushellActivator,PowerShellActivator,PythonActivator
[2025-09-13T09:31:04.115+0000] {process_utils.py:183} INFO - Executing cmd: /tmp/cosmos_venv_ecom_intermediate/bin/pip install dbt-clickhouse
[2025-09-13T09:31:04.116+0000] {process_utils.py:187} INFO - Output:
[2025-09-13T09:31:05.334+0000] {process_utils.py:191} INFO - Requirement already satisfied: dbt-clickhouse in /tmp/cosmos_venv_ecom_intermediate/lib/python3.10/site-packages (1.9.3)
[2025-09-13T09:31:05.336+0000] {process_utils.py:191} INFO - Requirement already satisfied: dbt-core>=1.9 in /tmp/cosmos_venv_ecom_intermediate/lib/python3.10/site-packages (from dbt-clickhouse) (1.10.11)
[2025-09-13T09:31:05.336+0000] {process_utils.py:191} INFO - Requirement already satisfied: clickhouse-connect>=0.6.22 in /tmp/cosmos_venv_ecom_intermediate/lib/python3.10/site-packages (from dbt-clickhouse) (0.8.18)
[2025-09-13T09:31:05.337+0000] {process_utils.py:191} INFO - Requirement already satisfied: clickhouse-driver>=0.2.6 in /tmp/cosmos_venv_ecom_intermediate/lib/python3.10/site-packages (from dbt-clickhouse) (0.2.9)
[2025-09-13T09:31:05.337+0000] {process_utils.py:191} INFO - Requirement already satisfied: setuptools>=0.69 in /tmp/cosmos_venv_ecom_intermediate/lib/python3.10/site-packages (from dbt-clickhouse) (80.9.0)
[2025-09-13T09:31:05.340+0000] {process_utils.py:191} INFO - Requirement already satisfied: certifi in /tmp/cosmos_venv_ecom_intermediate/lib/python3.10/site-packages (from clickhouse-connect>=0.6.22->dbt-clickhouse) (2025.8.3)
[2025-09-13T09:31:05.341+0000] {process_utils.py:191} INFO - Requirement already satisfied: urllib3>=1.26 in /tmp/cosmos_venv_ecom_intermediate/lib/python3.10/site-packages (from clickhouse-connect>=0.6.22->dbt-clickhouse) (2.5.0)
[2025-09-13T09:31:05.342+0000] {process_utils.py:191} INFO - Requirement already satisfied: pytz in /tmp/cosmos_venv_ecom_intermediate/lib/python3.10/site-packages (from clickhouse-connect>=0.6.22->dbt-clickhouse) (2025.2)
[2025-09-13T09:31:05.342+0000] {process_utils.py:191} INFO - Requirement already satisfied: zstandard in /tmp/cosmos_venv_ecom_intermediate/lib/python3.10/site-packages (from clickhouse-connect>=0.6.22->dbt-clickhouse) (0.24.0)
[2025-09-13T09:31:05.343+0000] {process_utils.py:191} INFO - Requirement already satisfied: lz4 in /tmp/cosmos_venv_ecom_intermediate/lib/python3.10/site-packages (from clickhouse-connect>=0.6.22->dbt-clickhouse) (4.4.4)
[2025-09-13T09:31:05.346+0000] {process_utils.py:191} INFO - Requirement already satisfied: tzlocal in /tmp/cosmos_venv_ecom_intermediate/lib/python3.10/site-packages (from clickhouse-driver>=0.2.6->dbt-clickhouse) (5.3.1)
[2025-09-13T09:31:05.350+0000] {process_utils.py:191} INFO - Requirement already satisfied: agate<1.10,>=1.7.0 in /tmp/cosmos_venv_ecom_intermediate/lib/python3.10/site-packages (from dbt-core>=1.9->dbt-clickhouse) (1.9.1)
[2025-09-13T09:31:05.351+0000] {process_utils.py:191} INFO - Requirement already satisfied: Jinja2<4,>=3.1.3 in /tmp/cosmos_venv_ecom_intermediate/lib/python3.10/site-packages (from dbt-core>=1.9->dbt-clickhouse) (3.1.6)
[2025-09-13T09:31:05.353+0000] {process_utils.py:191} INFO - Requirement already satisfied: mashumaro<3.15,>=3.9 in /tmp/cosmos_venv_ecom_intermediate/lib/python3.10/site-packages (from mashumaro[msgpack]<3.15,>=3.9->dbt-core>=1.9->dbt-clickhouse) (3.14)
[2025-09-13T09:31:05.353+0000] {process_utils.py:191} INFO - Requirement already satisfied: click<9.0,>=8.0.2 in /tmp/cosmos_venv_ecom_intermediate/lib/python3.10/site-packages (from dbt-core>=1.9->dbt-clickhouse) (8.2.1)
[2025-09-13T09:31:05.354+0000] {process_utils.py:191} INFO - Requirement already satisfied: jsonschema<5.0,>=4.19.1 in /tmp/cosmos_venv_ecom_intermediate/lib/python3.10/site-packages (from dbt-core>=1.9->dbt-clickhouse) (4.25.1)
[2025-09-13T09:31:05.355+0000] {process_utils.py:191} INFO - Requirement already satisfied: networkx<4.0,>=2.3 in /tmp/cosmos_venv_ecom_intermediate/lib/python3.10/site-packages (from dbt-core>=1.9->dbt-clickhouse) (3.4.2)
[2025-09-13T09:31:05.355+0000] {process_utils.py:191} INFO - Requirement already satisfied: protobuf<7.0,>=6.0 in /tmp/cosmos_venv_ecom_intermediate/lib/python3.10/site-packages (from dbt-core>=1.9->dbt-clickhouse) (6.32.1)
[2025-09-13T09:31:05.356+0000] {process_utils.py:191} INFO - Requirement already satisfied: requests<3.0.0 in /tmp/cosmos_venv_ecom_intermediate/lib/python3.10/site-packages (from dbt-core>=1.9->dbt-clickhouse) (2.32.5)
[2025-09-13T09:31:05.357+0000] {process_utils.py:191} INFO - Requirement already satisfied: snowplow-tracker<2.0,>=1.0.2 in /tmp/cosmos_venv_ecom_intermediate/lib/python3.10/site-packages (from dbt-core>=1.9->dbt-clickhouse) (1.1.0)
[2025-09-13T09:31:05.357+0000] {process_utils.py:191} INFO - Requirement already satisfied: pathspec<0.13,>=0.9 in /tmp/cosmos_venv_ecom_intermediate/lib/python3.10/site-packages (from dbt-core>=1.9->dbt-clickhouse) (0.12.1)
[2025-09-13T09:31:05.358+0000] {process_utils.py:191} INFO - Requirement already satisfied: sqlparse<0.6.0,>=0.5.0 in /tmp/cosmos_venv_ecom_intermediate/lib/python3.10/site-packages (from dbt-core>=1.9->dbt-clickhouse) (0.5.3)
[2025-09-13T09:31:05.359+0000] {process_utils.py:191} INFO - Requirement already satisfied: dbt-extractor<=0.6,>=0.5.0 in /tmp/cosmos_venv_ecom_intermediate/lib/python3.10/site-packages (from dbt-core>=1.9->dbt-clickhouse) (0.6.0)
[2025-09-13T09:31:05.360+0000] {process_utils.py:191} INFO - Requirement already satisfied: dbt-semantic-interfaces<0.10,>=0.9.0 in /tmp/cosmos_venv_ecom_intermediate/lib/python3.10/site-packages (from dbt-core>=1.9->dbt-clickhouse) (0.9.0)
[2025-09-13T09:31:05.360+0000] {process_utils.py:191} INFO - Requirement already satisfied: dbt-common<2.0,>=1.27.0 in /tmp/cosmos_venv_ecom_intermediate/lib/python3.10/site-packages (from dbt-core>=1.9->dbt-clickhouse) (1.30.0)
[2025-09-13T09:31:05.361+0000] {process_utils.py:191} INFO - Requirement already satisfied: dbt-adapters<2.0,>=1.15.5 in /tmp/cosmos_venv_ecom_intermediate/lib/python3.10/site-packages (from dbt-core>=1.9->dbt-clickhouse) (1.16.7)
[2025-09-13T09:31:05.362+0000] {process_utils.py:191} INFO - Requirement already satisfied: dbt-protos<2.0,>=1.0.346 in /tmp/cosmos_venv_ecom_intermediate/lib/python3.10/site-packages (from dbt-core>=1.9->dbt-clickhouse) (1.0.375)
[2025-09-13T09:31:05.362+0000] {process_utils.py:191} INFO - Requirement already satisfied: pydantic<3 in /tmp/cosmos_venv_ecom_intermediate/lib/python3.10/site-packages (from dbt-core>=1.9->dbt-clickhouse) (2.11.8)
[2025-09-13T09:31:05.363+0000] {process_utils.py:191} INFO - Requirement already satisfied: packaging>20.9 in /tmp/cosmos_venv_ecom_intermediate/lib/python3.10/site-packages (from dbt-core>=1.9->dbt-clickhouse) (25.0)
[2025-09-13T09:31:05.364+0000] {process_utils.py:191} INFO - Requirement already satisfied: pyyaml>=6.0 in /tmp/cosmos_venv_ecom_intermediate/lib/python3.10/site-packages (from dbt-core>=1.9->dbt-clickhouse) (6.0.2)
[2025-09-13T09:31:05.365+0000] {process_utils.py:191} INFO - Requirement already satisfied: daff>=1.3.46 in /tmp/cosmos_venv_ecom_intermediate/lib/python3.10/site-packages (from dbt-core>=1.9->dbt-clickhouse) (1.4.2)
[2025-09-13T09:31:05.365+0000] {process_utils.py:191} INFO - Requirement already satisfied: typing-extensions>=4.4 in /tmp/cosmos_venv_ecom_intermediate/lib/python3.10/site-packages (from dbt-core>=1.9->dbt-clickhouse) (4.15.0)
[2025-09-13T09:31:05.369+0000] {process_utils.py:191} INFO - Requirement already satisfied: Babel>=2.0 in /tmp/cosmos_venv_ecom_intermediate/lib/python3.10/site-packages (from agate<1.10,>=1.7.0->dbt-core>=1.9->dbt-clickhouse) (2.17.0)
[2025-09-13T09:31:05.369+0000] {process_utils.py:191} INFO - Requirement already satisfied: isodate>=0.5.4 in /tmp/cosmos_venv_ecom_intermediate/lib/python3.10/site-packages (from agate<1.10,>=1.7.0->dbt-core>=1.9->dbt-clickhouse) (0.6.1)
[2025-09-13T09:31:05.370+0000] {process_utils.py:191} INFO - Requirement already satisfied: leather>=0.3.2 in /tmp/cosmos_venv_ecom_intermediate/lib/python3.10/site-packages (from agate<1.10,>=1.7.0->dbt-core>=1.9->dbt-clickhouse) (0.4.0)
[2025-09-13T09:31:05.371+0000] {process_utils.py:191} INFO - Requirement already satisfied: parsedatetime!=2.5,>=2.1 in /tmp/cosmos_venv_ecom_intermediate/lib/python3.10/site-packages (from agate<1.10,>=1.7.0->dbt-core>=1.9->dbt-clickhouse) (2.6)
[2025-09-13T09:31:05.372+0000] {process_utils.py:191} INFO - Requirement already satisfied: python-slugify>=1.2.1 in /tmp/cosmos_venv_ecom_intermediate/lib/python3.10/site-packages (from agate<1.10,>=1.7.0->dbt-core>=1.9->dbt-clickhouse) (8.0.4)
[2025-09-13T09:31:05.373+0000] {process_utils.py:191} INFO - Requirement already satisfied: pytimeparse>=1.1.5 in /tmp/cosmos_venv_ecom_intermediate/lib/python3.10/site-packages (from agate<1.10,>=1.7.0->dbt-core>=1.9->dbt-clickhouse) (1.1.8)
[2025-09-13T09:31:05.385+0000] {process_utils.py:191} INFO - Requirement already satisfied: colorama<0.5,>=0.3.9 in /tmp/cosmos_venv_ecom_intermediate/lib/python3.10/site-packages (from dbt-common<2.0,>=1.27.0->dbt-core>=1.9->dbt-clickhouse) (0.4.6)
[2025-09-13T09:31:05.386+0000] {process_utils.py:191} INFO - Requirement already satisfied: deepdiff<9.0,>=7.0 in /tmp/cosmos_venv_ecom_intermediate/lib/python3.10/site-packages (from dbt-common<2.0,>=1.27.0->dbt-core>=1.9->dbt-clickhouse) (8.6.1)
[2025-09-13T09:31:05.389+0000] {process_utils.py:191} INFO - Requirement already satisfied: python-dateutil<3.0,>=2.0 in /tmp/cosmos_venv_ecom_intermediate/lib/python3.10/site-packages (from dbt-common<2.0,>=1.27.0->dbt-core>=1.9->dbt-clickhouse) (2.9.0.post0)
[2025-09-13T09:31:05.395+0000] {process_utils.py:191} INFO - Requirement already satisfied: importlib-metadata<9,>=6.0 in /tmp/cosmos_venv_ecom_intermediate/lib/python3.10/site-packages (from dbt-semantic-interfaces<0.10,>=0.9.0->dbt-core>=1.9->dbt-clickhouse) (8.7.0)
[2025-09-13T09:31:05.397+0000] {process_utils.py:191} INFO - Requirement already satisfied: more-itertools<11.0,>=8.0 in /tmp/cosmos_venv_ecom_intermediate/lib/python3.10/site-packages (from dbt-semantic-interfaces<0.10,>=0.9.0->dbt-core>=1.9->dbt-clickhouse) (10.8.0)
[2025-09-13T09:31:05.406+0000] {process_utils.py:191} INFO - Requirement already satisfied: orderly-set<6,>=5.4.1 in /tmp/cosmos_venv_ecom_intermediate/lib/python3.10/site-packages (from deepdiff<9.0,>=7.0->dbt-common<2.0,>=1.27.0->dbt-core>=1.9->dbt-clickhouse) (5.5.0)
[2025-09-13T09:31:05.412+0000] {process_utils.py:191} INFO - Requirement already satisfied: zipp>=3.20 in /tmp/cosmos_venv_ecom_intermediate/lib/python3.10/site-packages (from importlib-metadata<9,>=6.0->dbt-semantic-interfaces<0.10,>=0.9.0->dbt-core>=1.9->dbt-clickhouse) (3.23.0)
[2025-09-13T09:31:05.414+0000] {process_utils.py:191} INFO - Requirement already satisfied: six in /tmp/cosmos_venv_ecom_intermediate/lib/python3.10/site-packages (from isodate>=0.5.4->agate<1.10,>=1.7.0->dbt-core>=1.9->dbt-clickhouse) (1.17.0)
[2025-09-13T09:31:05.416+0000] {process_utils.py:191} INFO - Requirement already satisfied: MarkupSafe>=2.0 in /tmp/cosmos_venv_ecom_intermediate/lib/python3.10/site-packages (from Jinja2<4,>=3.1.3->dbt-core>=1.9->dbt-clickhouse) (3.0.2)
[2025-09-13T09:31:05.419+0000] {process_utils.py:191} INFO - Requirement already satisfied: attrs>=22.2.0 in /tmp/cosmos_venv_ecom_intermediate/lib/python3.10/site-packages (from jsonschema<5.0,>=4.19.1->dbt-core>=1.9->dbt-clickhouse) (25.3.0)
[2025-09-13T09:31:05.420+0000] {process_utils.py:191} INFO - Requirement already satisfied: jsonschema-specifications>=2023.03.6 in /tmp/cosmos_venv_ecom_intermediate/lib/python3.10/site-packages (from jsonschema<5.0,>=4.19.1->dbt-core>=1.9->dbt-clickhouse) (2025.9.1)
[2025-09-13T09:31:05.420+0000] {process_utils.py:191} INFO - Requirement already satisfied: referencing>=0.28.4 in /tmp/cosmos_venv_ecom_intermediate/lib/python3.10/site-packages (from jsonschema<5.0,>=4.19.1->dbt-core>=1.9->dbt-clickhouse) (0.36.2)
[2025-09-13T09:31:05.421+0000] {process_utils.py:191} INFO - Requirement already satisfied: rpds-py>=0.7.1 in /tmp/cosmos_venv_ecom_intermediate/lib/python3.10/site-packages (from jsonschema<5.0,>=4.19.1->dbt-core>=1.9->dbt-clickhouse) (0.27.1)
[2025-09-13T09:31:05.426+0000] {process_utils.py:191} INFO - Requirement already satisfied: msgpack>=0.5.6 in /tmp/cosmos_venv_ecom_intermediate/lib/python3.10/site-packages (from mashumaro[msgpack]<3.15,>=3.9->dbt-core>=1.9->dbt-clickhouse) (1.1.1)
[2025-09-13T09:31:05.440+0000] {process_utils.py:191} INFO - Requirement already satisfied: annotated-types>=0.6.0 in /tmp/cosmos_venv_ecom_intermediate/lib/python3.10/site-packages (from pydantic<3->dbt-core>=1.9->dbt-clickhouse) (0.7.0)
[2025-09-13T09:31:05.440+0000] {process_utils.py:191} INFO - Requirement already satisfied: pydantic-core==2.33.2 in /tmp/cosmos_venv_ecom_intermediate/lib/python3.10/site-packages (from pydantic<3->dbt-core>=1.9->dbt-clickhouse) (2.33.2)
[2025-09-13T09:31:05.442+0000] {process_utils.py:191} INFO - Requirement already satisfied: typing-inspection>=0.4.0 in /tmp/cosmos_venv_ecom_intermediate/lib/python3.10/site-packages (from pydantic<3->dbt-core>=1.9->dbt-clickhouse) (0.4.1)
[2025-09-13T09:31:05.448+0000] {process_utils.py:191} INFO - Requirement already satisfied: charset_normalizer<4,>=2 in /tmp/cosmos_venv_ecom_intermediate/lib/python3.10/site-packages (from requests<3.0.0->dbt-core>=1.9->dbt-clickhouse) (3.4.3)
[2025-09-13T09:31:05.449+0000] {process_utils.py:191} INFO - Requirement already satisfied: idna<4,>=2.5 in /tmp/cosmos_venv_ecom_intermediate/lib/python3.10/site-packages (from requests<3.0.0->dbt-core>=1.9->dbt-clickhouse) (3.10)
[2025-09-13T09:31:05.486+0000] {process_utils.py:191} INFO - Requirement already satisfied: text-unidecode>=1.3 in /tmp/cosmos_venv_ecom_intermediate/lib/python3.10/site-packages (from python-slugify>=1.2.1->agate<1.10,>=1.7.0->dbt-core>=1.9->dbt-clickhouse) (1.3)
[2025-09-13T09:31:05.598+0000] {local.py:470} INFO - Cloning project to writable temp directory /tmp/tmphr2tdv9_ from /opt/airflow/dags/dbt/ecom_intermediate
[2025-09-13T09:31:05.605+0000] {local.py:490} INFO - Partial parse is enabled and the latest partial parse file is /tmp/cosmos/dbt_intermediate__intermediate/target/partial_parse.msgpack
[2025-09-13T09:31:05.615+0000] {config.py:362} INFO - Using user-supplied profiles.yml at /opt/airflow/dags/dbt/profiles.yml
[2025-09-13T09:31:05.620+0000] {virtualenv.py:99} INFO - Using Python binary from virtualenv: /tmp/cosmos_venv_ecom_intermediate/bin/python
[2025-09-13T09:31:05.621+0000] {local.py:434} INFO - Trying to run the command:
 ['/tmp/cosmos_venv_ecom_intermediate/bin/dbt', 'deps', '--project-dir', '/tmp/tmphr2tdv9_', '--profiles-dir', '/opt/***/dags/dbt', '--profile', 'ecom_intermediate', '--target', 'dev']
From /tmp/tmphr2tdv9_
[2025-09-13T09:31:05.621+0000] {subprocess.py:56} INFO - Tmp dir root location: 
 /tmp
[2025-09-13T09:31:05.622+0000] {subprocess.py:69} INFO - Running command: ['/tmp/cosmos_venv_ecom_intermediate/bin/dbt', 'deps', '--project-dir', '/tmp/tmphr2tdv9_', '--profiles-dir', '/opt/***/dags/dbt', '--profile', 'ecom_intermediate', '--target', 'dev']
[2025-09-13T09:31:05.632+0000] {subprocess.py:80} INFO - Command output:
[2025-09-13T09:31:07.718+0000] {subprocess.py:90} INFO - [0m09:31:07  Running with dbt=1.10.11
[2025-09-13T09:31:08.338+0000] {subprocess.py:90} INFO - [0m09:31:08  Installing dbt-labs/dbt_utils
[2025-09-13T09:31:08.894+0000] {subprocess.py:90} INFO - [0m09:31:08  Installed from version 1.3.0
[2025-09-13T09:31:08.895+0000] {subprocess.py:90} INFO - [0m09:31:08  Updated version available: 1.3.1
[2025-09-13T09:31:08.896+0000] {subprocess.py:90} INFO - [0m09:31:08
[2025-09-13T09:31:08.897+0000] {subprocess.py:90} INFO - [0m09:31:08  Updates available for packages: ['dbt-labs/dbt_utils']
[2025-09-13T09:31:08.897+0000] {subprocess.py:90} INFO - Update your versions in packages.yml, then run dbt deps
[2025-09-13T09:31:10.638+0000] {subprocess.py:94} INFO - Command exited with return code 0
[2025-09-13T09:31:10.639+0000] {local.py:441} INFO - Update your versions in packages.yml, then run dbt deps
[2025-09-13T09:31:10.639+0000] {virtualenv.py:99} INFO - Using Python binary from virtualenv: /tmp/cosmos_venv_ecom_intermediate/bin/python
[2025-09-13T09:31:10.640+0000] {local.py:434} INFO - Trying to run the command:
 ['/tmp/cosmos_venv_ecom_intermediate/bin/dbt', 'test', '--models', 'locations', '--project-dir', '/tmp/tmphr2tdv9_', '--profiles-dir', '/opt/***/dags/dbt', '--profile', 'ecom_intermediate', '--target', 'dev']
From /tmp/tmphr2tdv9_
[2025-09-13T09:31:10.640+0000] {subprocess.py:56} INFO - Tmp dir root location: 
 /tmp
[2025-09-13T09:31:10.641+0000] {subprocess.py:69} INFO - Running command: ['/tmp/cosmos_venv_ecom_intermediate/bin/dbt', 'test', '--models', 'locations', '--project-dir', '/tmp/tmphr2tdv9_', '--profiles-dir', '/opt/***/dags/dbt', '--profile', 'ecom_intermediate', '--target', 'dev']
[2025-09-13T09:31:10.652+0000] {subprocess.py:80} INFO - Command output:
[2025-09-13T09:31:12.864+0000] {subprocess.py:90} INFO - [0m09:31:12  Running with dbt=1.10.11
[2025-09-13T09:31:12.866+0000] {subprocess.py:90} INFO - [0m09:31:12  [[33mWARNING[0m]: Deprecated functionality
[2025-09-13T09:31:12.867+0000] {subprocess.py:90} INFO - Usage of `--models`, `--model`, and `-m` is deprecated in favor of `--select` or
[2025-09-13T09:31:12.867+0000] {subprocess.py:90} INFO - `-s`.
[2025-09-13T09:31:13.153+0000] {subprocess.py:90} INFO - [0m09:31:13  Registered adapter: clickhouse=1.9.3
[2025-09-13T09:31:13.989+0000] {subprocess.py:90} INFO - [0m09:31:13  Found 15 models, 50 data tests, 8 sources, 597 macros
[2025-09-13T09:31:13.992+0000] {subprocess.py:90} INFO - [0m09:31:13
[2025-09-13T09:31:13.993+0000] {subprocess.py:90} INFO - [0m09:31:13  Concurrency: 4 threads (target='dev')
[2025-09-13T09:31:13.994+0000] {subprocess.py:90} INFO - [0m09:31:13
[2025-09-13T09:31:14.110+0000] {subprocess.py:90} INFO - [0m09:31:14  1 of 7 START test not_null_locations_city ...................................... [RUN]
[2025-09-13T09:31:14.117+0000] {subprocess.py:90} INFO - [0m09:31:14  2 of 7 START test not_null_locations_country ................................... [RUN]
[2025-09-13T09:31:14.133+0000] {subprocess.py:90} INFO - [0m09:31:14  3 of 7 START test not_null_locations_location_id ............................... [RUN]
[2025-09-13T09:31:14.139+0000] {subprocess.py:90} INFO - [0m09:31:14  4 of 7 START test not_null_locations_state ..................................... [RUN]
[2025-09-13T09:31:14.206+0000] {subprocess.py:90} INFO - [0m09:31:14  1 of 7 PASS not_null_locations_city ............................................ [[32mPASS[0m in 0.10s]
[2025-09-13T09:31:14.222+0000] {subprocess.py:90} INFO - [0m09:31:14  5 of 7 START test relationships_addresses_location_id__location_id__ref_locations_  [RUN]
[2025-09-13T09:31:14.280+0000] {subprocess.py:90} INFO - [0m09:31:14  5 of 7 ERROR relationships_addresses_location_id__location_id__ref_locations_ .. [[31mERROR[0m in 0.05s]
[2025-09-13T09:31:14.289+0000] {subprocess.py:90} INFO - [0m09:31:14  6 of 7 START test relationships_customers_enriched_location_id__location_id__ref_locations_  [RUN]
[2025-09-13T09:31:14.304+0000] {subprocess.py:90} INFO - [0m09:31:14  3 of 7 PASS not_null_locations_location_id ..................................... [[32mPASS[0m in 0.17s]
[2025-09-13T09:31:14.315+0000] {subprocess.py:90} INFO - [0m09:31:14  4 of 7 PASS not_null_locations_state ........................................... [[32mPASS[0m in 0.17s]
[2025-09-13T09:31:14.318+0000] {subprocess.py:90} INFO - [0m09:31:14  2 of 7 PASS not_null_locations_country ......................................... [[32mPASS[0m in 0.20s]
[2025-09-13T09:31:14.323+0000] {subprocess.py:90} INFO - [0m09:31:14  7 of 7 START test unique_locations_location_id ................................. [RUN]
[2025-09-13T09:31:14.357+0000] {subprocess.py:90} INFO - [0m09:31:14  6 of 7 ERROR relationships_customers_enriched_location_id__location_id__ref_locations_  [[31mERROR[0m in 0.06s]
[2025-09-13T09:31:14.365+0000] {subprocess.py:90} INFO - [0m09:31:14  7 of 7 PASS unique_locations_location_id ....................................... [[32mPASS[0m in 0.04s]
[2025-09-13T09:31:14.372+0000] {subprocess.py:90} INFO - [0m09:31:14
[2025-09-13T09:31:14.373+0000] {subprocess.py:90} INFO - [0m09:31:14  Finished running 7 data tests in 0 hours 0 minutes and 0.38 seconds (0.38s).
[2025-09-13T09:31:14.428+0000] {subprocess.py:90} INFO - [0m09:31:14
[2025-09-13T09:31:14.429+0000] {subprocess.py:90} INFO - [0m09:31:14  [31mCompleted with 2 errors, 0 partial successes, and 0 warnings:[0m
[2025-09-13T09:31:14.430+0000] {subprocess.py:90} INFO - [0m09:31:14
[2025-09-13T09:31:14.430+0000] {subprocess.py:90} INFO - [0m09:31:14  [31mFailure in test relationships_addresses_location_id__location_id__ref_locations_ (models/ecom_intermediate/schema.yml)[0m
[2025-09-13T09:31:14.431+0000] {subprocess.py:90} INFO - [0m09:31:14    Database Error in test relationships_addresses_location_id__location_id__ref_locations_ (models/ecom_intermediate/schema.yml)
[2025-09-13T09:31:14.431+0000] {subprocess.py:90} INFO -   HTTPDriver for http://clickhouse:8123 received ClickHouse error code 60
[2025-09-13T09:31:14.432+0000] {subprocess.py:90} INFO -    Code: 60. DB::Exception: Unknown table expression identifier 'ecom_db_intermediate.addresses' in scope child AS (SELECT location_id AS from_field FROM ecom_db_intermediate.addresses WHERE location_id IS NOT NULL). (UNKNOWN_TABLE) (version 24.8.14.39 (official build))
[2025-09-13T09:31:14.432+0000] {subprocess.py:90} INFO -   compiled code at target/run/ecom_intermediate/models/ecom_intermediate/schema.yml/relationships_addresses_eeba738b799cfad2ecf131432556b9a6.sql
[2025-09-13T09:31:14.433+0000] {subprocess.py:90} INFO - [0m09:31:14
[2025-09-13T09:31:14.433+0000] {subprocess.py:90} INFO - [0m09:31:14    compiled code at target/compiled/ecom_intermediate/models/ecom_intermediate/schema.yml/relationships_addresses_eeba738b799cfad2ecf131432556b9a6.sql
[2025-09-13T09:31:14.433+0000] {subprocess.py:90} INFO - [0m09:31:14
[2025-09-13T09:31:14.434+0000] {subprocess.py:90} INFO - [0m09:31:14  [31mFailure in test relationships_customers_enriched_location_id__location_id__ref_locations_ (models/ecom_intermediate/schema.yml)[0m
[2025-09-13T09:31:14.434+0000] {subprocess.py:90} INFO - [0m09:31:14    Database Error in test relationships_customers_enriched_location_id__location_id__ref_locations_ (models/ecom_intermediate/schema.yml)
[2025-09-13T09:31:14.435+0000] {subprocess.py:90} INFO -   HTTPDriver for http://clickhouse:8123 received ClickHouse error code 60
[2025-09-13T09:31:14.435+0000] {subprocess.py:90} INFO -    Code: 60. DB::Exception: Unknown table expression identifier 'ecom_db_intermediate.customers_enriched' in scope child AS (SELECT location_id AS from_field FROM ecom_db_intermediate.customers_enriched WHERE location_id IS NOT NULL). (UNKNOWN_TABLE) (version 24.8.14.39 (official build))
[2025-09-13T09:31:14.435+0000] {subprocess.py:90} INFO -   compiled code at target/run/ecom_intermediate/models/ecom_intermediate/schema.yml/relationships_customers_enrich_d5148ed200b789295089897165c05076.sql
[2025-09-13T09:31:14.435+0000] {subprocess.py:90} INFO - [0m09:31:14
[2025-09-13T09:31:14.436+0000] {subprocess.py:90} INFO - [0m09:31:14    compiled code at target/compiled/ecom_intermediate/models/ecom_intermediate/schema.yml/relationships_customers_enrich_d5148ed200b789295089897165c05076.sql
[2025-09-13T09:31:14.436+0000] {subprocess.py:90} INFO - [0m09:31:14
[2025-09-13T09:31:14.436+0000] {subprocess.py:90} INFO - [0m09:31:14  Done. PASS=5 WARN=0 ERROR=2 SKIP=0 NO-OP=0 TOTAL=7
[2025-09-13T09:31:14.437+0000] {subprocess.py:90} INFO - [0m09:31:14  [[33mWARNING[0m][DeprecationsSummary]: Deprecated functionality
[2025-09-13T09:31:14.437+0000] {subprocess.py:90} INFO - Summary of encountered deprecations:
[2025-09-13T09:31:14.437+0000] {subprocess.py:90} INFO - - ModelParamUsageDeprecation: 1 occurrence
[2025-09-13T09:31:14.437+0000] {subprocess.py:90} INFO - To see all deprecation instances instead of just the first occurrence of each,
[2025-09-13T09:31:14.438+0000] {subprocess.py:90} INFO - run command again with the `--show-all-deprecations` flag. You may also need to
[2025-09-13T09:31:14.438+0000] {subprocess.py:90} INFO - run with `--no-partial-parse` as some deprecations are only encountered during
[2025-09-13T09:31:14.438+0000] {subprocess.py:90} INFO - parsing.
[2025-09-13T09:31:16.475+0000] {subprocess.py:94} INFO - Command exited with return code 1
[2025-09-13T09:31:16.476+0000] {local.py:441} INFO - parsing.
[2025-09-13T09:31:16.491+0000] {local.py:196} WARNING - Artifact schema version: https://schemas.getdbt.com/dbt/manifest/v12.json is above dbt-ol supported version 7. This might cause errors.
[2025-09-13T09:31:16.492+0000] {local.py:196} WARNING - Artifact schema version: https://schemas.getdbt.com/dbt/run-results/v6.json is above dbt-ol supported version 5. This might cause errors.
[2025-09-13T09:31:16.500+0000] {local.py:547} INFO - Inlets: []
[2025-09-13T09:31:16.501+0000] {local.py:548} INFO - Outlets: []
[2025-09-13T09:31:16.501+0000] {local.py:772} INFO - Assigning inlets/outlets without DatasetAlias
[2025-09-13T09:31:16.502+0000] {dag.py:3089} INFO - Sync 1 DAGs
[2025-09-13T09:31:16.554+0000] {dag.py:3947} INFO - Setting next_dagrun for dbt_intermediate to 2025-09-13 00:00:00+00:00, run_after=2025-09-14 00:00:00+00:00
[2025-09-13T09:31:16.614+0000] {local.py:253} ERROR - [0m09:31:12  Running with dbt=1.10.11
[0m09:31:12  [[33mWARNING[0m]: Deprecated functionality
Usage of `--models`, `--model`, and `-m` is deprecated in favor of `--select` or
`-s`.
[0m09:31:13  Registered adapter: clickhouse=1.9.3
[0m09:31:13  Found 15 models, 50 data tests, 8 sources, 597 macros
[0m09:31:13
[0m09:31:13  Concurrency: 4 threads (target='dev')
[0m09:31:13
[0m09:31:14  1 of 7 START test not_null_locations_city ...................................... [RUN]
[0m09:31:14  2 of 7 START test not_null_locations_country ................................... [RUN]
[0m09:31:14  3 of 7 START test not_null_locations_location_id ............................... [RUN]
[0m09:31:14  4 of 7 START test not_null_locations_state ..................................... [RUN]
[0m09:31:14  1 of 7 PASS not_null_locations_city ............................................ [[32mPASS[0m in 0.10s]
[0m09:31:14  5 of 7 START test relationships_addresses_location_id__location_id__ref_locations_  [RUN]
[0m09:31:14  5 of 7 ERROR relationships_addresses_location_id__location_id__ref_locations_ .. [[31mERROR[0m in 0.05s]
[0m09:31:14  6 of 7 START test relationships_customers_enriched_location_id__location_id__ref_locations_  [RUN]
[0m09:31:14  3 of 7 PASS not_null_locations_location_id ..................................... [[32mPASS[0m in 0.17s]
[0m09:31:14  4 of 7 PASS not_null_locations_state ........................................... [[32mPASS[0m in 0.17s]
[0m09:31:14  2 of 7 PASS not_null_locations_country ......................................... [[32mPASS[0m in 0.20s]
[0m09:31:14  7 of 7 START test unique_locations_location_id ................................. [RUN]
[0m09:31:14  6 of 7 ERROR relationships_customers_enriched_location_id__location_id__ref_locations_  [[31mERROR[0m in 0.06s]
[0m09:31:14  7 of 7 PASS unique_locations_location_id ....................................... [[32mPASS[0m in 0.04s]
[0m09:31:14
[0m09:31:14  Finished running 7 data tests in 0 hours 0 minutes and 0.38 seconds (0.38s).
[0m09:31:14
[0m09:31:14  [31mCompleted with 2 errors, 0 partial successes, and 0 warnings:[0m
[0m09:31:14
[0m09:31:14  [31mFailure in test relationships_addresses_location_id__location_id__ref_locations_ (models/ecom_intermediate/schema.yml)[0m
[0m09:31:14    Database Error in test relationships_addresses_location_id__location_id__ref_locations_ (models/ecom_intermediate/schema.yml)
  HTTPDriver for http://clickhouse:8123 received ClickHouse error code 60
   Code: 60. DB::Exception: Unknown table expression identifier 'ecom_db_intermediate.addresses' in scope child AS (SELECT location_id AS from_field FROM ecom_db_intermediate.addresses WHERE location_id IS NOT NULL). (UNKNOWN_TABLE) (version 24.8.14.39 (official build))
  compiled code at target/run/ecom_intermediate/models/ecom_intermediate/schema.yml/relationships_addresses_eeba738b799cfad2ecf131432556b9a6.sql
[0m09:31:14
[0m09:31:14    compiled code at target/compiled/ecom_intermediate/models/ecom_intermediate/schema.yml/relationships_addresses_eeba738b799cfad2ecf131432556b9a6.sql
[0m09:31:14
[0m09:31:14  [31mFailure in test relationships_customers_enriched_location_id__location_id__ref_locations_ (models/ecom_intermediate/schema.yml)[0m
[0m09:31:14    Database Error in test relationships_customers_enriched_location_id__location_id__ref_locations_ (models/ecom_intermediate/schema.yml)
  HTTPDriver for http://clickhouse:8123 received ClickHouse error code 60
   Code: 60. DB::Exception: Unknown table expression identifier 'ecom_db_intermediate.customers_enriched' in scope child AS (SELECT location_id AS from_field FROM ecom_db_intermediate.customers_enriched WHERE location_id IS NOT NULL). (UNKNOWN_TABLE) (version 24.8.14.39 (official build))
  compiled code at target/run/ecom_intermediate/models/ecom_intermediate/schema.yml/relationships_customers_enrich_d5148ed200b789295089897165c05076.sql
[0m09:31:14
[0m09:31:14    compiled code at target/compiled/ecom_intermediate/models/ecom_intermediate/schema.yml/relationships_customers_enrich_d5148ed200b789295089897165c05076.sql
[0m09:31:14
[0m09:31:14  Done. PASS=5 WARN=0 ERROR=2 SKIP=0 NO-OP=0 TOTAL=7
[0m09:31:14  [[33mWARNING[0m][DeprecationsSummary]: Deprecated functionality
Summary of encountered deprecations:
- ModelParamUsageDeprecation: 1 occurrence
To see all deprecation instances instead of just the first occurrence of each,
run command again with the `--show-all-deprecations` flag. You may also need to
run with `--no-partial-parse` as some deprecations are only encountered during
parsing.
[2025-09-13T09:31:16.621+0000] {virtualenv.py:131} INFO - Releasing virtualenv lock
[2025-09-13T09:31:16.622+0000] {taskinstance.py:441} INFO - ::group::Post task execution logs
[2025-09-13T09:31:16.657+0000] {taskinstance.py:2905} ERROR - Task failed with exception
Traceback (most recent call last):
  File "/home/airflow/.local/lib/python3.10/site-packages/airflow/models/taskinstance.py", line 465, in _execute_task
    result = _execute_callable(context=context, **execute_callable_kwargs)
  File "/home/airflow/.local/lib/python3.10/site-packages/airflow/models/taskinstance.py", line 432, in _execute_callable
    return execute_callable(context=context, **execute_callable_kwargs)
  File "/home/airflow/.local/lib/python3.10/site-packages/airflow/models/baseoperator.py", line 401, in wrapper
    return func(self, *args, **kwargs)
  File "/home/airflow/.local/lib/python3.10/site-packages/cosmos/operators/virtualenv.py", line 144, in execute
    output = super().execute(context)
  File "/home/airflow/.local/lib/python3.10/site-packages/airflow/models/baseoperator.py", line 401, in wrapper
    return func(self, *args, **kwargs)
  File "/home/airflow/.local/lib/python3.10/site-packages/cosmos/operators/local.py", line 1089, in execute
    result = self.build_and_run_cmd(context=context, cmd_flags=self.add_cmd_flags())
  File "/home/airflow/.local/lib/python3.10/site-packages/cosmos/operators/local.py", line 853, in build_and_run_cmd
    result = self.run_command(
  File "/home/airflow/.local/lib/python3.10/site-packages/cosmos/operators/virtualenv.py", line 129, in run_command
    return super().run_command(cmd, env, context, run_as_async=run_as_async, async_context=async_context)
  File "/home/airflow/.local/lib/python3.10/site-packages/cosmos/operators/local.py", line 650, in run_command
    self.handle_exception(result)
  File "/home/airflow/.local/lib/python3.10/site-packages/cosmos/operators/local.py", line 254, in handle_exception_subprocess
    raise AirflowException(f"dbt command failed. The command returned a non-zero exit code {result.exit_code}.")
airflow.exceptions.AirflowException: dbt command failed. The command returned a non-zero exit code 1.
[2025-09-13T09:31:16.660+0000] {taskinstance.py:1206} INFO - Marking task as FAILED. dag_id=dbt_intermediate, task_id=intermediate.locations.test, run_id=scheduled__2025-09-12T00:00:00+00:00, execution_date=20250912T000000, start_date=20250913T093009, end_date=20250913T093116
[2025-09-13T09:31:16.683+0000] {standard_task_runner.py:110} ERROR - Failed to execute job 159 for task intermediate.locations.test (dbt command failed. The command returned a non-zero exit code 1.; 4481)
[2025-09-13T09:31:16.711+0000] {local_task_job_runner.py:243} INFO - Task exited with return code 1
[2025-09-13T09:31:16.777+0000] {taskinstance.py:3503} INFO - 0 downstream tasks scheduled from follow-on schedule check
[2025-09-13T09:31:16.782+0000] {local_task_job_runner.py:222} INFO - ::endgroup::
