[2025-09-22T07:58:15.861+0000] {local_task_job_runner.py:120} INFO - ::group::Pre task execution logs
[2025-09-22T07:58:16.122+0000] {taskinstance.py:2076} INFO - Dependencies all met for dep_context=non-requeueable deps ti=<TaskInstance: dbt_staging.dbt_ecom.stg_reviews.test scheduled__2025-09-21T00:00:00+00:00 [queued]>
[2025-09-22T07:58:16.135+0000] {taskinstance.py:2076} INFO - Dependencies all met for dep_context=requeueable deps ti=<TaskInstance: dbt_staging.dbt_ecom.stg_reviews.test scheduled__2025-09-21T00:00:00+00:00 [queued]>
[2025-09-22T07:58:16.145+0000] {taskinstance.py:2306} INFO - Starting attempt 1 of 1
[2025-09-22T07:58:16.163+0000] {taskinstance.py:2330} INFO - Executing <Task(DbtTestVirtualenvOperator): dbt_ecom.stg_reviews.test> on 2025-09-21 00:00:00+00:00
[2025-09-22T07:58:16.169+0000] {standard_task_runner.py:64} INFO - Started process 1056 to run task
[2025-09-22T07:58:16.174+0000] {standard_task_runner.py:90} INFO - Running: ['***', 'tasks', 'run', 'dbt_staging', 'dbt_ecom.stg_reviews.test', 'scheduled__2025-09-21T00:00:00+00:00', '--job-id', '646', '--raw', '--subdir', 'DAGS_FOLDER/dbt_staging.py', '--cfg-path', '/tmp/tmpsohrobvb']
[2025-09-22T07:58:16.176+0000] {standard_task_runner.py:91} INFO - Job 646: Subtask dbt_ecom.stg_reviews.test
[2025-09-22T07:58:16.361+0000] {task_command.py:426} INFO - Running <TaskInstance: dbt_staging.dbt_ecom.stg_reviews.test scheduled__2025-09-21T00:00:00+00:00 [running]> on host e95bde6b8d07
[2025-09-22T07:58:16.881+0000] {taskinstance.py:2648} INFO - Exporting env vars: AIRFLOW_CTX_DAG_OWNER='***' AIRFLOW_CTX_DAG_ID='dbt_staging' AIRFLOW_CTX_TASK_ID='dbt_ecom.stg_reviews.test' AIRFLOW_CTX_EXECUTION_DATE='2025-09-21T00:00:00+00:00' AIRFLOW_CTX_TRY_NUMBER='1' AIRFLOW_CTX_DAG_RUN_ID='scheduled__2025-09-21T00:00:00+00:00'
[2025-09-22T07:58:16.884+0000] {taskinstance.py:430} INFO - ::endgroup::
[2025-09-22T07:58:16.908+0000] {baseoperator.py:400} WARNING - DbtTestVirtualenvOperator.execute cannot be called outside TaskInstance!
[2025-09-22T07:58:16.909+0000] {virtualenv.py:120} INFO - Checking if the virtualenv lock /tmp/cosmos_venv_ecom/cosmos_virtualenv.lock exists
[2025-09-22T07:58:16.909+0000] {virtualenv.py:178} INFO - Checking for running process with PID 948
[2025-09-22T07:58:16.910+0000] {virtualenv.py:181} INFO - Process 948 running: True and has the lock /tmp/cosmos_venv_ecom/cosmos_virtualenv.lock.
[2025-09-22T07:58:16.911+0000] {virtualenv.py:122} INFO - Waiting for virtualenv lock to be released
[2025-09-22T07:58:17.913+0000] {virtualenv.py:178} INFO - Checking for running process with PID 948
[2025-09-22T07:58:17.914+0000] {virtualenv.py:181} INFO - Process 948 running: True and has the lock /tmp/cosmos_venv_ecom/cosmos_virtualenv.lock.
[2025-09-22T07:58:17.914+0000] {virtualenv.py:122} INFO - Waiting for virtualenv lock to be released
[2025-09-22T07:58:18.916+0000] {virtualenv.py:178} INFO - Checking for running process with PID 948
[2025-09-22T07:58:18.917+0000] {virtualenv.py:181} INFO - Process 948 running: True and has the lock /tmp/cosmos_venv_ecom/cosmos_virtualenv.lock.
[2025-09-22T07:58:18.918+0000] {virtualenv.py:122} INFO - Waiting for virtualenv lock to be released
[2025-09-22T07:58:19.919+0000] {virtualenv.py:178} INFO - Checking for running process with PID 948
[2025-09-22T07:58:19.921+0000] {virtualenv.py:181} INFO - Process 948 running: True and has the lock /tmp/cosmos_venv_ecom/cosmos_virtualenv.lock.
[2025-09-22T07:58:19.921+0000] {virtualenv.py:122} INFO - Waiting for virtualenv lock to be released
[2025-09-22T07:58:20.922+0000] {virtualenv.py:178} INFO - Checking for running process with PID 948
[2025-09-22T07:58:20.923+0000] {virtualenv.py:181} INFO - Process 948 running: True and has the lock /tmp/cosmos_venv_ecom/cosmos_virtualenv.lock.
[2025-09-22T07:58:20.923+0000] {virtualenv.py:122} INFO - Waiting for virtualenv lock to be released
[2025-09-22T07:58:21.925+0000] {virtualenv.py:178} INFO - Checking for running process with PID 948
[2025-09-22T07:58:21.927+0000] {virtualenv.py:181} INFO - Process 948 running: True and has the lock /tmp/cosmos_venv_ecom/cosmos_virtualenv.lock.
[2025-09-22T07:58:21.928+0000] {virtualenv.py:122} INFO - Waiting for virtualenv lock to be released
[2025-09-22T07:58:22.931+0000] {virtualenv.py:178} INFO - Checking for running process with PID 948
[2025-09-22T07:58:22.933+0000] {virtualenv.py:181} INFO - Process 948 running: True and has the lock /tmp/cosmos_venv_ecom/cosmos_virtualenv.lock.
[2025-09-22T07:58:22.935+0000] {virtualenv.py:122} INFO - Waiting for virtualenv lock to be released
[2025-09-22T07:58:23.937+0000] {virtualenv.py:178} INFO - Checking for running process with PID 948
[2025-09-22T07:58:23.938+0000] {virtualenv.py:181} INFO - Process 948 running: True and has the lock /tmp/cosmos_venv_ecom/cosmos_virtualenv.lock.
[2025-09-22T07:58:23.939+0000] {virtualenv.py:122} INFO - Waiting for virtualenv lock to be released
[2025-09-22T07:58:24.941+0000] {virtualenv.py:178} INFO - Checking for running process with PID 948
[2025-09-22T07:58:24.942+0000] {virtualenv.py:181} INFO - Process 948 running: True and has the lock /tmp/cosmos_venv_ecom/cosmos_virtualenv.lock.
[2025-09-22T07:58:24.943+0000] {virtualenv.py:122} INFO - Waiting for virtualenv lock to be released
[2025-09-22T07:58:25.944+0000] {virtualenv.py:178} INFO - Checking for running process with PID 948
[2025-09-22T07:58:25.946+0000] {virtualenv.py:181} INFO - Process 948 running: True and has the lock /tmp/cosmos_venv_ecom/cosmos_virtualenv.lock.
[2025-09-22T07:58:25.946+0000] {virtualenv.py:122} INFO - Waiting for virtualenv lock to be released
[2025-09-22T07:58:26.948+0000] {virtualenv.py:178} INFO - Checking for running process with PID 948
[2025-09-22T07:58:26.949+0000] {virtualenv.py:181} INFO - Process 948 running: True and has the lock /tmp/cosmos_venv_ecom/cosmos_virtualenv.lock.
[2025-09-22T07:58:26.949+0000] {virtualenv.py:122} INFO - Waiting for virtualenv lock to be released
[2025-09-22T07:58:27.950+0000] {virtualenv.py:178} INFO - Checking for running process with PID 948
[2025-09-22T07:58:27.952+0000] {virtualenv.py:181} INFO - Process 948 running: True and has the lock /tmp/cosmos_venv_ecom/cosmos_virtualenv.lock.
[2025-09-22T07:58:27.954+0000] {virtualenv.py:122} INFO - Waiting for virtualenv lock to be released
[2025-09-22T07:58:28.956+0000] {virtualenv.py:178} INFO - Checking for running process with PID 948
[2025-09-22T07:58:28.961+0000] {virtualenv.py:181} INFO - Process 948 running: True and has the lock /tmp/cosmos_venv_ecom/cosmos_virtualenv.lock.
[2025-09-22T07:58:28.962+0000] {virtualenv.py:122} INFO - Waiting for virtualenv lock to be released
[2025-09-22T07:58:29.964+0000] {virtualenv.py:126} INFO - Acquiring the virtualenv lock
[2025-09-22T07:58:29.966+0000] {virtualenv.py:195} INFO - Acquiring lock at /tmp/cosmos_venv_ecom/cosmos_virtualenv.lock with pid 1056
[2025-09-22T07:58:29.966+0000] {virtualenv.py:153} INFO - Creating or updating the virtualenv at `/tmp/cosmos_venv_ecom
[2025-09-22T07:58:29.967+0000] {process_utils.py:183} INFO - Executing cmd: /home/***/.local/bin/python -m virtualenv /tmp/cosmos_venv_ecom --python=python3
[2025-09-22T07:58:29.969+0000] {process_utils.py:187} INFO - Output:
[2025-09-22T07:58:31.096+0000] {process_utils.py:191} INFO - created virtual environment CPython3.10.14.final.0-64 in 414ms
[2025-09-22T07:58:31.097+0000] {process_utils.py:191} INFO -   creator CPython3Posix(dest=/tmp/cosmos_venv_ecom, clear=False, no_vcs_ignore=False, global=False)
[2025-09-22T07:58:31.097+0000] {process_utils.py:191} INFO -   seeder FromAppData(download=False, pip=bundle, setuptools=bundle, wheel=bundle, via=copy, app_data_dir=/home/***/.local/share/virtualenv)
[2025-09-22T07:58:31.098+0000] {process_utils.py:191} INFO -     added seed packages: MarkupSafe==3.0.2, PyYAML==6.0.2, agate==1.9.1, annotated_types==0.7.0, attrs==25.3.0, babel==2.17.0, certifi==2025.8.3, charset_normalizer==3.4.3, click==8.2.1, clickhouse_connect==0.8.18, clickhouse_driver==0.2.9, colorama==0.4.6, daff==1.4.2, dbt_adapters==1.16.7, dbt_clickhouse==1.9.3, dbt_common==1.30.0, dbt_core==1.10.11, dbt_extractor==0.6.0, dbt_protos==1.0.375, dbt_semantic_interfaces==0.9.0, deepdiff==8.6.1, idna==3.10, importlib_metadata==8.7.0, isodate==0.6.1, jinja2==3.1.6, jsonschema==4.25.1, jsonschema_specifications==2025.9.1, leather==0.4.0, lz4==4.4.4, mashumaro==3.14, more_itertools==10.8.0, msgpack==1.1.1, networkx==3.4.2, orderly_set==5.5.0, packaging==25.0, parsedatetime==2.6, pathspec==0.12.1, pip==25.2, protobuf==6.32.1, pydantic==2.11.7, pydantic_core==2.33.2, python_dateutil==2.9.0.post0, python_slugify==8.0.4, pytimeparse==1.1.8, pytz==2025.2, referencing==0.36.2, requests==2.32.5, rpds_py==0.27.1, setuptools==80.9.0, six==1.17.0, snowplow_tracker==1.1.0, sqlparse==0.5.3, text_unidecode==1.3, typing_extensions==4.15.0, typing_inspection==0.4.1, tzlocal==5.3.1, urllib3==2.5.0, wheel==0.45.1, zipp==3.23.0, zstandard==0.24.0
[2025-09-22T07:58:31.099+0000] {process_utils.py:191} INFO -   activators BashActivator,CShellActivator,FishActivator,NushellActivator,PowerShellActivator,PythonActivator
[2025-09-22T07:58:31.152+0000] {process_utils.py:183} INFO - Executing cmd: /tmp/cosmos_venv_ecom/bin/pip install dbt-clickhouse
[2025-09-22T07:58:31.153+0000] {process_utils.py:187} INFO - Output:
[2025-09-22T07:58:32.338+0000] {process_utils.py:191} INFO - Requirement already satisfied: dbt-clickhouse in /tmp/cosmos_venv_ecom/lib/python3.10/site-packages (1.9.3)
[2025-09-22T07:58:32.340+0000] {process_utils.py:191} INFO - Requirement already satisfied: dbt-core>=1.9 in /tmp/cosmos_venv_ecom/lib/python3.10/site-packages (from dbt-clickhouse) (1.10.11)
[2025-09-22T07:58:32.341+0000] {process_utils.py:191} INFO - Requirement already satisfied: clickhouse-connect>=0.6.22 in /tmp/cosmos_venv_ecom/lib/python3.10/site-packages (from dbt-clickhouse) (0.8.18)
[2025-09-22T07:58:32.341+0000] {process_utils.py:191} INFO - Requirement already satisfied: clickhouse-driver>=0.2.6 in /tmp/cosmos_venv_ecom/lib/python3.10/site-packages (from dbt-clickhouse) (0.2.9)
[2025-09-22T07:58:32.342+0000] {process_utils.py:191} INFO - Requirement already satisfied: setuptools>=0.69 in /tmp/cosmos_venv_ecom/lib/python3.10/site-packages (from dbt-clickhouse) (80.9.0)
[2025-09-22T07:58:32.344+0000] {process_utils.py:191} INFO - Requirement already satisfied: certifi in /tmp/cosmos_venv_ecom/lib/python3.10/site-packages (from clickhouse-connect>=0.6.22->dbt-clickhouse) (2025.8.3)
[2025-09-22T07:58:32.345+0000] {process_utils.py:191} INFO - Requirement already satisfied: urllib3>=1.26 in /tmp/cosmos_venv_ecom/lib/python3.10/site-packages (from clickhouse-connect>=0.6.22->dbt-clickhouse) (2.5.0)
[2025-09-22T07:58:32.345+0000] {process_utils.py:191} INFO - Requirement already satisfied: pytz in /tmp/cosmos_venv_ecom/lib/python3.10/site-packages (from clickhouse-connect>=0.6.22->dbt-clickhouse) (2025.2)
[2025-09-22T07:58:32.346+0000] {process_utils.py:191} INFO - Requirement already satisfied: zstandard in /tmp/cosmos_venv_ecom/lib/python3.10/site-packages (from clickhouse-connect>=0.6.22->dbt-clickhouse) (0.24.0)
[2025-09-22T07:58:32.346+0000] {process_utils.py:191} INFO - Requirement already satisfied: lz4 in /tmp/cosmos_venv_ecom/lib/python3.10/site-packages (from clickhouse-connect>=0.6.22->dbt-clickhouse) (4.4.4)
[2025-09-22T07:58:32.349+0000] {process_utils.py:191} INFO - Requirement already satisfied: tzlocal in /tmp/cosmos_venv_ecom/lib/python3.10/site-packages (from clickhouse-driver>=0.2.6->dbt-clickhouse) (5.3.1)
[2025-09-22T07:58:32.353+0000] {process_utils.py:191} INFO - Requirement already satisfied: agate<1.10,>=1.7.0 in /tmp/cosmos_venv_ecom/lib/python3.10/site-packages (from dbt-core>=1.9->dbt-clickhouse) (1.9.1)
[2025-09-22T07:58:32.354+0000] {process_utils.py:191} INFO - Requirement already satisfied: Jinja2<4,>=3.1.3 in /tmp/cosmos_venv_ecom/lib/python3.10/site-packages (from dbt-core>=1.9->dbt-clickhouse) (3.1.6)
[2025-09-22T07:58:32.355+0000] {process_utils.py:191} INFO - Requirement already satisfied: mashumaro<3.15,>=3.9 in /tmp/cosmos_venv_ecom/lib/python3.10/site-packages (from mashumaro[msgpack]<3.15,>=3.9->dbt-core>=1.9->dbt-clickhouse) (3.14)
[2025-09-22T07:58:32.356+0000] {process_utils.py:191} INFO - Requirement already satisfied: click<9.0,>=8.0.2 in /tmp/cosmos_venv_ecom/lib/python3.10/site-packages (from dbt-core>=1.9->dbt-clickhouse) (8.2.1)
[2025-09-22T07:58:32.357+0000] {process_utils.py:191} INFO - Requirement already satisfied: jsonschema<5.0,>=4.19.1 in /tmp/cosmos_venv_ecom/lib/python3.10/site-packages (from dbt-core>=1.9->dbt-clickhouse) (4.25.1)
[2025-09-22T07:58:32.357+0000] {process_utils.py:191} INFO - Requirement already satisfied: networkx<4.0,>=2.3 in /tmp/cosmos_venv_ecom/lib/python3.10/site-packages (from dbt-core>=1.9->dbt-clickhouse) (3.4.2)
[2025-09-22T07:58:32.358+0000] {process_utils.py:191} INFO - Requirement already satisfied: protobuf<7.0,>=6.0 in /tmp/cosmos_venv_ecom/lib/python3.10/site-packages (from dbt-core>=1.9->dbt-clickhouse) (6.32.1)
[2025-09-22T07:58:32.358+0000] {process_utils.py:191} INFO - Requirement already satisfied: requests<3.0.0 in /tmp/cosmos_venv_ecom/lib/python3.10/site-packages (from dbt-core>=1.9->dbt-clickhouse) (2.32.5)
[2025-09-22T07:58:32.359+0000] {process_utils.py:191} INFO - Requirement already satisfied: snowplow-tracker<2.0,>=1.0.2 in /tmp/cosmos_venv_ecom/lib/python3.10/site-packages (from dbt-core>=1.9->dbt-clickhouse) (1.1.0)
[2025-09-22T07:58:32.359+0000] {process_utils.py:191} INFO - Requirement already satisfied: pathspec<0.13,>=0.9 in /tmp/cosmos_venv_ecom/lib/python3.10/site-packages (from dbt-core>=1.9->dbt-clickhouse) (0.12.1)
[2025-09-22T07:58:32.360+0000] {process_utils.py:191} INFO - Requirement already satisfied: sqlparse<0.6.0,>=0.5.0 in /tmp/cosmos_venv_ecom/lib/python3.10/site-packages (from dbt-core>=1.9->dbt-clickhouse) (0.5.3)
[2025-09-22T07:58:32.361+0000] {process_utils.py:191} INFO - Requirement already satisfied: dbt-extractor<=0.6,>=0.5.0 in /tmp/cosmos_venv_ecom/lib/python3.10/site-packages (from dbt-core>=1.9->dbt-clickhouse) (0.6.0)
[2025-09-22T07:58:32.361+0000] {process_utils.py:191} INFO - Requirement already satisfied: dbt-semantic-interfaces<0.10,>=0.9.0 in /tmp/cosmos_venv_ecom/lib/python3.10/site-packages (from dbt-core>=1.9->dbt-clickhouse) (0.9.0)
[2025-09-22T07:58:32.362+0000] {process_utils.py:191} INFO - Requirement already satisfied: dbt-common<2.0,>=1.27.0 in /tmp/cosmos_venv_ecom/lib/python3.10/site-packages (from dbt-core>=1.9->dbt-clickhouse) (1.30.0)
[2025-09-22T07:58:32.363+0000] {process_utils.py:191} INFO - Requirement already satisfied: dbt-adapters<2.0,>=1.15.5 in /tmp/cosmos_venv_ecom/lib/python3.10/site-packages (from dbt-core>=1.9->dbt-clickhouse) (1.16.7)
[2025-09-22T07:58:32.363+0000] {process_utils.py:191} INFO - Requirement already satisfied: dbt-protos<2.0,>=1.0.346 in /tmp/cosmos_venv_ecom/lib/python3.10/site-packages (from dbt-core>=1.9->dbt-clickhouse) (1.0.375)
[2025-09-22T07:58:32.364+0000] {process_utils.py:191} INFO - Requirement already satisfied: pydantic<3 in /tmp/cosmos_venv_ecom/lib/python3.10/site-packages (from dbt-core>=1.9->dbt-clickhouse) (2.11.7)
[2025-09-22T07:58:32.364+0000] {process_utils.py:191} INFO - Requirement already satisfied: packaging>20.9 in /tmp/cosmos_venv_ecom/lib/python3.10/site-packages (from dbt-core>=1.9->dbt-clickhouse) (25.0)
[2025-09-22T07:58:32.365+0000] {process_utils.py:191} INFO - Requirement already satisfied: pyyaml>=6.0 in /tmp/cosmos_venv_ecom/lib/python3.10/site-packages (from dbt-core>=1.9->dbt-clickhouse) (6.0.2)
[2025-09-22T07:58:32.365+0000] {process_utils.py:191} INFO - Requirement already satisfied: daff>=1.3.46 in /tmp/cosmos_venv_ecom/lib/python3.10/site-packages (from dbt-core>=1.9->dbt-clickhouse) (1.4.2)
[2025-09-22T07:58:32.366+0000] {process_utils.py:191} INFO - Requirement already satisfied: typing-extensions>=4.4 in /tmp/cosmos_venv_ecom/lib/python3.10/site-packages (from dbt-core>=1.9->dbt-clickhouse) (4.15.0)
[2025-09-22T07:58:32.369+0000] {process_utils.py:191} INFO - Requirement already satisfied: Babel>=2.0 in /tmp/cosmos_venv_ecom/lib/python3.10/site-packages (from agate<1.10,>=1.7.0->dbt-core>=1.9->dbt-clickhouse) (2.17.0)
[2025-09-22T07:58:32.370+0000] {process_utils.py:191} INFO - Requirement already satisfied: isodate>=0.5.4 in /tmp/cosmos_venv_ecom/lib/python3.10/site-packages (from agate<1.10,>=1.7.0->dbt-core>=1.9->dbt-clickhouse) (0.6.1)
[2025-09-22T07:58:32.371+0000] {process_utils.py:191} INFO - Requirement already satisfied: leather>=0.3.2 in /tmp/cosmos_venv_ecom/lib/python3.10/site-packages (from agate<1.10,>=1.7.0->dbt-core>=1.9->dbt-clickhouse) (0.4.0)
[2025-09-22T07:58:32.371+0000] {process_utils.py:191} INFO - Requirement already satisfied: parsedatetime!=2.5,>=2.1 in /tmp/cosmos_venv_ecom/lib/python3.10/site-packages (from agate<1.10,>=1.7.0->dbt-core>=1.9->dbt-clickhouse) (2.6)
[2025-09-22T07:58:32.372+0000] {process_utils.py:191} INFO - Requirement already satisfied: python-slugify>=1.2.1 in /tmp/cosmos_venv_ecom/lib/python3.10/site-packages (from agate<1.10,>=1.7.0->dbt-core>=1.9->dbt-clickhouse) (8.0.4)
[2025-09-22T07:58:32.373+0000] {process_utils.py:191} INFO - Requirement already satisfied: pytimeparse>=1.1.5 in /tmp/cosmos_venv_ecom/lib/python3.10/site-packages (from agate<1.10,>=1.7.0->dbt-core>=1.9->dbt-clickhouse) (1.1.8)
[2025-09-22T07:58:32.386+0000] {process_utils.py:191} INFO - Requirement already satisfied: colorama<0.5,>=0.3.9 in /tmp/cosmos_venv_ecom/lib/python3.10/site-packages (from dbt-common<2.0,>=1.27.0->dbt-core>=1.9->dbt-clickhouse) (0.4.6)
[2025-09-22T07:58:32.388+0000] {process_utils.py:191} INFO - Requirement already satisfied: deepdiff<9.0,>=7.0 in /tmp/cosmos_venv_ecom/lib/python3.10/site-packages (from dbt-common<2.0,>=1.27.0->dbt-core>=1.9->dbt-clickhouse) (8.6.1)
[2025-09-22T07:58:32.390+0000] {process_utils.py:191} INFO - Requirement already satisfied: python-dateutil<3.0,>=2.0 in /tmp/cosmos_venv_ecom/lib/python3.10/site-packages (from dbt-common<2.0,>=1.27.0->dbt-core>=1.9->dbt-clickhouse) (2.9.0.post0)
[2025-09-22T07:58:32.397+0000] {process_utils.py:191} INFO - Requirement already satisfied: importlib-metadata<9,>=6.0 in /tmp/cosmos_venv_ecom/lib/python3.10/site-packages (from dbt-semantic-interfaces<0.10,>=0.9.0->dbt-core>=1.9->dbt-clickhouse) (8.7.0)
[2025-09-22T07:58:32.399+0000] {process_utils.py:191} INFO - Requirement already satisfied: more-itertools<11.0,>=8.0 in /tmp/cosmos_venv_ecom/lib/python3.10/site-packages (from dbt-semantic-interfaces<0.10,>=0.9.0->dbt-core>=1.9->dbt-clickhouse) (10.8.0)
[2025-09-22T07:58:32.408+0000] {process_utils.py:191} INFO - Requirement already satisfied: orderly-set<6,>=5.4.1 in /tmp/cosmos_venv_ecom/lib/python3.10/site-packages (from deepdiff<9.0,>=7.0->dbt-common<2.0,>=1.27.0->dbt-core>=1.9->dbt-clickhouse) (5.5.0)
[2025-09-22T07:58:32.414+0000] {process_utils.py:191} INFO - Requirement already satisfied: zipp>=3.20 in /tmp/cosmos_venv_ecom/lib/python3.10/site-packages (from importlib-metadata<9,>=6.0->dbt-semantic-interfaces<0.10,>=0.9.0->dbt-core>=1.9->dbt-clickhouse) (3.23.0)
[2025-09-22T07:58:32.416+0000] {process_utils.py:191} INFO - Requirement already satisfied: six in /tmp/cosmos_venv_ecom/lib/python3.10/site-packages (from isodate>=0.5.4->agate<1.10,>=1.7.0->dbt-core>=1.9->dbt-clickhouse) (1.17.0)
[2025-09-22T07:58:32.419+0000] {process_utils.py:191} INFO - Requirement already satisfied: MarkupSafe>=2.0 in /tmp/cosmos_venv_ecom/lib/python3.10/site-packages (from Jinja2<4,>=3.1.3->dbt-core>=1.9->dbt-clickhouse) (3.0.2)
[2025-09-22T07:58:32.423+0000] {process_utils.py:191} INFO - Requirement already satisfied: attrs>=22.2.0 in /tmp/cosmos_venv_ecom/lib/python3.10/site-packages (from jsonschema<5.0,>=4.19.1->dbt-core>=1.9->dbt-clickhouse) (25.3.0)
[2025-09-22T07:58:32.424+0000] {process_utils.py:191} INFO - Requirement already satisfied: jsonschema-specifications>=2023.03.6 in /tmp/cosmos_venv_ecom/lib/python3.10/site-packages (from jsonschema<5.0,>=4.19.1->dbt-core>=1.9->dbt-clickhouse) (2025.9.1)
[2025-09-22T07:58:32.425+0000] {process_utils.py:191} INFO - Requirement already satisfied: referencing>=0.28.4 in /tmp/cosmos_venv_ecom/lib/python3.10/site-packages (from jsonschema<5.0,>=4.19.1->dbt-core>=1.9->dbt-clickhouse) (0.36.2)
[2025-09-22T07:58:32.425+0000] {process_utils.py:191} INFO - Requirement already satisfied: rpds-py>=0.7.1 in /tmp/cosmos_venv_ecom/lib/python3.10/site-packages (from jsonschema<5.0,>=4.19.1->dbt-core>=1.9->dbt-clickhouse) (0.27.1)
[2025-09-22T07:58:32.433+0000] {process_utils.py:191} INFO - Requirement already satisfied: msgpack>=0.5.6 in /tmp/cosmos_venv_ecom/lib/python3.10/site-packages (from mashumaro[msgpack]<3.15,>=3.9->dbt-core>=1.9->dbt-clickhouse) (1.1.1)
[2025-09-22T07:58:32.453+0000] {process_utils.py:191} INFO - Requirement already satisfied: annotated-types>=0.6.0 in /tmp/cosmos_venv_ecom/lib/python3.10/site-packages (from pydantic<3->dbt-core>=1.9->dbt-clickhouse) (0.7.0)
[2025-09-22T07:58:32.454+0000] {process_utils.py:191} INFO - Requirement already satisfied: pydantic-core==2.33.2 in /tmp/cosmos_venv_ecom/lib/python3.10/site-packages (from pydantic<3->dbt-core>=1.9->dbt-clickhouse) (2.33.2)
[2025-09-22T07:58:32.455+0000] {process_utils.py:191} INFO - Requirement already satisfied: typing-inspection>=0.4.0 in /tmp/cosmos_venv_ecom/lib/python3.10/site-packages (from pydantic<3->dbt-core>=1.9->dbt-clickhouse) (0.4.1)
[2025-09-22T07:58:32.463+0000] {process_utils.py:191} INFO - Requirement already satisfied: charset_normalizer<4,>=2 in /tmp/cosmos_venv_ecom/lib/python3.10/site-packages (from requests<3.0.0->dbt-core>=1.9->dbt-clickhouse) (3.4.3)
[2025-09-22T07:58:32.464+0000] {process_utils.py:191} INFO - Requirement already satisfied: idna<4,>=2.5 in /tmp/cosmos_venv_ecom/lib/python3.10/site-packages (from requests<3.0.0->dbt-core>=1.9->dbt-clickhouse) (3.10)
[2025-09-22T07:58:32.506+0000] {process_utils.py:191} INFO - Requirement already satisfied: text-unidecode>=1.3 in /tmp/cosmos_venv_ecom/lib/python3.10/site-packages (from python-slugify>=1.2.1->agate<1.10,>=1.7.0->dbt-core>=1.9->dbt-clickhouse) (1.3)
[2025-09-22T07:58:32.633+0000] {local.py:470} INFO - Cloning project to writable temp directory /tmp/tmpiezaa5bt from /opt/airflow/dags/dbt/ecom_staging
[2025-09-22T07:58:32.642+0000] {local.py:490} INFO - Partial parse is enabled and the latest partial parse file is /tmp/cosmos/dbt_staging__dbt_ecom/target/partial_parse.msgpack
[2025-09-22T07:58:32.651+0000] {config.py:362} INFO - Using user-supplied profiles.yml at /opt/airflow/dags/dbt/profiles.yml
[2025-09-22T07:58:32.659+0000] {virtualenv.py:99} INFO - Using Python binary from virtualenv: /tmp/cosmos_venv_ecom/bin/python
[2025-09-22T07:58:32.660+0000] {local.py:434} INFO - Trying to run the command:
 ['/tmp/cosmos_venv_ecom/bin/dbt', 'deps', '--project-dir', '/tmp/tmpiezaa5bt', '--profiles-dir', '/opt/***/dags/dbt', '--profile', 'ecom_staging', '--target', 'dev']
From /tmp/tmpiezaa5bt
[2025-09-22T07:58:32.661+0000] {subprocess.py:56} INFO - Tmp dir root location: 
 /tmp
[2025-09-22T07:58:32.661+0000] {subprocess.py:69} INFO - Running command: ['/tmp/cosmos_venv_ecom/bin/dbt', 'deps', '--project-dir', '/tmp/tmpiezaa5bt', '--profiles-dir', '/opt/***/dags/dbt', '--profile', 'ecom_staging', '--target', 'dev']
[2025-09-22T07:58:32.672+0000] {subprocess.py:80} INFO - Command output:
[2025-09-22T07:58:34.708+0000] {subprocess.py:90} INFO - [0m07:58:34  Running with dbt=1.10.11
[2025-09-22T07:58:35.806+0000] {subprocess.py:90} INFO - [0m07:58:35  Installing dbt-labs/dbt_utils
[2025-09-22T07:58:36.528+0000] {subprocess.py:90} INFO - [0m07:58:36  Installed from version 1.3.0
[2025-09-22T07:58:36.535+0000] {subprocess.py:90} INFO - [0m07:58:36  Updated version available: 1.3.1
[2025-09-22T07:58:36.535+0000] {subprocess.py:90} INFO - [0m07:58:36
[2025-09-22T07:58:36.537+0000] {subprocess.py:90} INFO - [0m07:58:36  Updates available for packages: ['dbt-labs/dbt_utils']
[2025-09-22T07:58:36.538+0000] {subprocess.py:90} INFO - Update your versions in packages.yml, then run dbt deps
[2025-09-22T07:58:38.389+0000] {subprocess.py:94} INFO - Command exited with return code 0
[2025-09-22T07:58:38.390+0000] {local.py:441} INFO - Update your versions in packages.yml, then run dbt deps
[2025-09-22T07:58:38.391+0000] {virtualenv.py:99} INFO - Using Python binary from virtualenv: /tmp/cosmos_venv_ecom/bin/python
[2025-09-22T07:58:38.392+0000] {local.py:434} INFO - Trying to run the command:
 ['/tmp/cosmos_venv_ecom/bin/dbt', 'test', '--models', 'stg_reviews', '--project-dir', '/tmp/tmpiezaa5bt', '--profiles-dir', '/opt/***/dags/dbt', '--profile', 'ecom_staging', '--target', 'dev']
From /tmp/tmpiezaa5bt
[2025-09-22T07:58:38.393+0000] {subprocess.py:56} INFO - Tmp dir root location: 
 /tmp
[2025-09-22T07:58:38.394+0000] {subprocess.py:69} INFO - Running command: ['/tmp/cosmos_venv_ecom/bin/dbt', 'test', '--models', 'stg_reviews', '--project-dir', '/tmp/tmpiezaa5bt', '--profiles-dir', '/opt/***/dags/dbt', '--profile', 'ecom_staging', '--target', 'dev']
[2025-09-22T07:58:38.405+0000] {subprocess.py:80} INFO - Command output:
[2025-09-22T07:58:40.329+0000] {subprocess.py:90} INFO - [0m07:58:40  Running with dbt=1.10.11
[2025-09-22T07:58:40.331+0000] {subprocess.py:90} INFO - [0m07:58:40  [[33mWARNING[0m]: Deprecated functionality
[2025-09-22T07:58:40.332+0000] {subprocess.py:90} INFO - Usage of `--models`, `--model`, and `-m` is deprecated in favor of `--select` or
[2025-09-22T07:58:40.332+0000] {subprocess.py:90} INFO - `-s`.
[2025-09-22T07:58:40.618+0000] {subprocess.py:90} INFO - [0m07:58:40  Registered adapter: clickhouse=1.9.3
[2025-09-22T07:58:41.371+0000] {subprocess.py:90} INFO - [0m07:58:41  Found 8 models, 47 data tests, 8 sources, 597 macros
[2025-09-22T07:58:41.374+0000] {subprocess.py:90} INFO - [0m07:58:41
[2025-09-22T07:58:41.374+0000] {subprocess.py:90} INFO - [0m07:58:41  Concurrency: 4 threads (target='dev')
[2025-09-22T07:58:41.375+0000] {subprocess.py:90} INFO - [0m07:58:41
[2025-09-22T07:58:41.501+0000] {subprocess.py:90} INFO - [0m07:58:41  1 of 3 START test not_null_stg_reviews_CUSTOMER_ID ............................. [RUN]
[2025-09-22T07:58:41.502+0000] {subprocess.py:90} INFO - [0m07:58:41  2 of 3 START test not_null_stg_reviews_ORDER_ID ................................ [RUN]
[2025-09-22T07:58:41.503+0000] {subprocess.py:90} INFO - [0m07:58:41  3 of 3 START test not_null_stg_reviews_PRODUCT_ID .............................. [RUN]
[2025-09-22T07:58:41.616+0000] {subprocess.py:90} INFO - [0m07:58:41  1 of 3 ERROR not_null_stg_reviews_CUSTOMER_ID .................................. [[31mERROR[0m in 0.11s]
[2025-09-22T07:58:41.666+0000] {subprocess.py:90} INFO - [0m07:58:41  3 of 3 ERROR not_null_stg_reviews_PRODUCT_ID ................................... [[31mERROR[0m in 0.16s]
[2025-09-22T07:58:41.668+0000] {subprocess.py:90} INFO - [0m07:58:41  2 of 3 ERROR not_null_stg_reviews_ORDER_ID ..................................... [[31mERROR[0m in 0.16s]
[2025-09-22T07:58:41.675+0000] {subprocess.py:90} INFO - [0m07:58:41
[2025-09-22T07:58:41.676+0000] {subprocess.py:90} INFO - [0m07:58:41  Finished running 3 data tests in 0 hours 0 minutes and 0.30 seconds (0.30s).
[2025-09-22T07:58:41.742+0000] {subprocess.py:90} INFO - [0m07:58:41
[2025-09-22T07:58:41.743+0000] {subprocess.py:90} INFO - [0m07:58:41  [31mCompleted with 3 errors, 0 partial successes, and 0 warnings:[0m
[2025-09-22T07:58:41.743+0000] {subprocess.py:90} INFO - [0m07:58:41
[2025-09-22T07:58:41.744+0000] {subprocess.py:90} INFO - [0m07:58:41  [31mFailure in test not_null_stg_reviews_CUSTOMER_ID (models/ecom_staging/schema.yml)[0m
[2025-09-22T07:58:41.745+0000] {subprocess.py:90} INFO - [0m07:58:41    Database Error in test not_null_stg_reviews_CUSTOMER_ID (models/ecom_staging/schema.yml)
[2025-09-22T07:58:41.745+0000] {subprocess.py:90} INFO -   HTTPDriver for http://clickhouse:8123 received ClickHouse error code 47
[2025-09-22T07:58:41.745+0000] {subprocess.py:90} INFO -    Code: 47. DB::Exception: Unknown expression identifier 'CUSTOMER_ID' in scope SELECT CUSTOMER_ID FROM ecom_db_staging.stg_reviews WHERE CUSTOMER_ID IS NULL. Maybe you meant: ['customer_id']. (UNKNOWN_IDENTIFIER) (version 24.8.14.39 (official build))
[2025-09-22T07:58:41.746+0000] {subprocess.py:90} INFO -   compiled code at target/run/ecom_staging/models/ecom_staging/schema.yml/not_null_stg_reviews_CUSTOMER_ID.sql
[2025-09-22T07:58:41.746+0000] {subprocess.py:90} INFO - [0m07:58:41
[2025-09-22T07:58:41.746+0000] {subprocess.py:90} INFO - [0m07:58:41    compiled code at target/compiled/ecom_staging/models/ecom_staging/schema.yml/not_null_stg_reviews_CUSTOMER_ID.sql
[2025-09-22T07:58:41.747+0000] {subprocess.py:90} INFO - [0m07:58:41
[2025-09-22T07:58:41.747+0000] {subprocess.py:90} INFO - [0m07:58:41  [31mFailure in test not_null_stg_reviews_PRODUCT_ID (models/ecom_staging/schema.yml)[0m
[2025-09-22T07:58:41.747+0000] {subprocess.py:90} INFO - [0m07:58:41    Database Error in test not_null_stg_reviews_PRODUCT_ID (models/ecom_staging/schema.yml)
[2025-09-22T07:58:41.747+0000] {subprocess.py:90} INFO -   HTTPDriver for http://clickhouse:8123 received ClickHouse error code 47
[2025-09-22T07:58:41.748+0000] {subprocess.py:90} INFO -    Code: 47. DB::Exception: Unknown expression identifier 'PRODUCT_ID' in scope SELECT PRODUCT_ID FROM ecom_db_staging.stg_reviews WHERE PRODUCT_ID IS NULL. Maybe you meant: ['product_id']. (UNKNOWN_IDENTIFIER) (version 24.8.14.39 (official build))
[2025-09-22T07:58:41.748+0000] {subprocess.py:90} INFO -   compiled code at target/run/ecom_staging/models/ecom_staging/schema.yml/not_null_stg_reviews_PRODUCT_ID.sql
[2025-09-22T07:58:41.748+0000] {subprocess.py:90} INFO - [0m07:58:41
[2025-09-22T07:58:41.748+0000] {subprocess.py:90} INFO - [0m07:58:41    compiled code at target/compiled/ecom_staging/models/ecom_staging/schema.yml/not_null_stg_reviews_PRODUCT_ID.sql
[2025-09-22T07:58:41.749+0000] {subprocess.py:90} INFO - [0m07:58:41
[2025-09-22T07:58:41.749+0000] {subprocess.py:90} INFO - [0m07:58:41  [31mFailure in test not_null_stg_reviews_ORDER_ID (models/ecom_staging/schema.yml)[0m
[2025-09-22T07:58:41.749+0000] {subprocess.py:90} INFO - [0m07:58:41    Database Error in test not_null_stg_reviews_ORDER_ID (models/ecom_staging/schema.yml)
[2025-09-22T07:58:41.749+0000] {subprocess.py:90} INFO -   HTTPDriver for http://clickhouse:8123 received ClickHouse error code 47
[2025-09-22T07:58:41.750+0000] {subprocess.py:90} INFO -    Code: 47. DB::Exception: Unknown expression identifier 'ORDER_ID' in scope SELECT ORDER_ID FROM ecom_db_staging.stg_reviews WHERE ORDER_ID IS NULL. Maybe you meant: ['order_id']. (UNKNOWN_IDENTIFIER) (version 24.8.14.39 (official build))
[2025-09-22T07:58:41.750+0000] {subprocess.py:90} INFO -   compiled code at target/run/ecom_staging/models/ecom_staging/schema.yml/not_null_stg_reviews_ORDER_ID.sql
[2025-09-22T07:58:41.750+0000] {subprocess.py:90} INFO - [0m07:58:41
[2025-09-22T07:58:41.751+0000] {subprocess.py:90} INFO - [0m07:58:41    compiled code at target/compiled/ecom_staging/models/ecom_staging/schema.yml/not_null_stg_reviews_ORDER_ID.sql
[2025-09-22T07:58:41.751+0000] {subprocess.py:90} INFO - [0m07:58:41
[2025-09-22T07:58:41.751+0000] {subprocess.py:90} INFO - [0m07:58:41  Done. PASS=0 WARN=0 ERROR=3 SKIP=0 NO-OP=0 TOTAL=3
[2025-09-22T07:58:41.751+0000] {subprocess.py:90} INFO - [0m07:58:41  [[33mWARNING[0m][DeprecationsSummary]: Deprecated functionality
[2025-09-22T07:58:41.752+0000] {subprocess.py:90} INFO - Summary of encountered deprecations:
[2025-09-22T07:58:41.752+0000] {subprocess.py:90} INFO - - ModelParamUsageDeprecation: 1 occurrence
[2025-09-22T07:58:41.752+0000] {subprocess.py:90} INFO - To see all deprecation instances instead of just the first occurrence of each,
[2025-09-22T07:58:41.752+0000] {subprocess.py:90} INFO - run command again with the `--show-all-deprecations` flag. You may also need to
[2025-09-22T07:58:41.753+0000] {subprocess.py:90} INFO - run with `--no-partial-parse` as some deprecations are only encountered during
[2025-09-22T07:58:41.753+0000] {subprocess.py:90} INFO - parsing.
[2025-09-22T07:58:43.477+0000] {subprocess.py:94} INFO - Command exited with return code 1
[2025-09-22T07:58:43.478+0000] {local.py:441} INFO - parsing.
[2025-09-22T07:58:43.498+0000] {local.py:196} WARNING - Artifact schema version: https://schemas.getdbt.com/dbt/manifest/v12.json is above dbt-ol supported version 7. This might cause errors.
[2025-09-22T07:58:43.499+0000] {local.py:196} WARNING - Artifact schema version: https://schemas.getdbt.com/dbt/run-results/v6.json is above dbt-ol supported version 5. This might cause errors.
[2025-09-22T07:58:43.509+0000] {local.py:547} INFO - Inlets: []
[2025-09-22T07:58:43.510+0000] {local.py:548} INFO - Outlets: []
[2025-09-22T07:58:43.510+0000] {local.py:772} INFO - Assigning inlets/outlets without DatasetAlias
[2025-09-22T07:58:43.511+0000] {dag.py:3089} INFO - Sync 1 DAGs
[2025-09-22T07:58:43.647+0000] {local.py:253} ERROR - [0m07:58:40  Running with dbt=1.10.11
[0m07:58:40  [[33mWARNING[0m]: Deprecated functionality
Usage of `--models`, `--model`, and `-m` is deprecated in favor of `--select` or
`-s`.
[0m07:58:40  Registered adapter: clickhouse=1.9.3
[0m07:58:41  Found 8 models, 47 data tests, 8 sources, 597 macros
[0m07:58:41
[0m07:58:41  Concurrency: 4 threads (target='dev')
[0m07:58:41
[0m07:58:41  1 of 3 START test not_null_stg_reviews_CUSTOMER_ID ............................. [RUN]
[0m07:58:41  2 of 3 START test not_null_stg_reviews_ORDER_ID ................................ [RUN]
[0m07:58:41  3 of 3 START test not_null_stg_reviews_PRODUCT_ID .............................. [RUN]
[0m07:58:41  1 of 3 ERROR not_null_stg_reviews_CUSTOMER_ID .................................. [[31mERROR[0m in 0.11s]
[0m07:58:41  3 of 3 ERROR not_null_stg_reviews_PRODUCT_ID ................................... [[31mERROR[0m in 0.16s]
[0m07:58:41  2 of 3 ERROR not_null_stg_reviews_ORDER_ID ..................................... [[31mERROR[0m in 0.16s]
[0m07:58:41
[0m07:58:41  Finished running 3 data tests in 0 hours 0 minutes and 0.30 seconds (0.30s).
[0m07:58:41
[0m07:58:41  [31mCompleted with 3 errors, 0 partial successes, and 0 warnings:[0m
[0m07:58:41
[0m07:58:41  [31mFailure in test not_null_stg_reviews_CUSTOMER_ID (models/ecom_staging/schema.yml)[0m
[0m07:58:41    Database Error in test not_null_stg_reviews_CUSTOMER_ID (models/ecom_staging/schema.yml)
  HTTPDriver for http://clickhouse:8123 received ClickHouse error code 47
   Code: 47. DB::Exception: Unknown expression identifier 'CUSTOMER_ID' in scope SELECT CUSTOMER_ID FROM ecom_db_staging.stg_reviews WHERE CUSTOMER_ID IS NULL. Maybe you meant: ['customer_id']. (UNKNOWN_IDENTIFIER) (version 24.8.14.39 (official build))
  compiled code at target/run/ecom_staging/models/ecom_staging/schema.yml/not_null_stg_reviews_CUSTOMER_ID.sql
[0m07:58:41
[0m07:58:41    compiled code at target/compiled/ecom_staging/models/ecom_staging/schema.yml/not_null_stg_reviews_CUSTOMER_ID.sql
[0m07:58:41
[0m07:58:41  [31mFailure in test not_null_stg_reviews_PRODUCT_ID (models/ecom_staging/schema.yml)[0m
[0m07:58:41    Database Error in test not_null_stg_reviews_PRODUCT_ID (models/ecom_staging/schema.yml)
  HTTPDriver for http://clickhouse:8123 received ClickHouse error code 47
   Code: 47. DB::Exception: Unknown expression identifier 'PRODUCT_ID' in scope SELECT PRODUCT_ID FROM ecom_db_staging.stg_reviews WHERE PRODUCT_ID IS NULL. Maybe you meant: ['product_id']. (UNKNOWN_IDENTIFIER) (version 24.8.14.39 (official build))
  compiled code at target/run/ecom_staging/models/ecom_staging/schema.yml/not_null_stg_reviews_PRODUCT_ID.sql
[0m07:58:41
[0m07:58:41    compiled code at target/compiled/ecom_staging/models/ecom_staging/schema.yml/not_null_stg_reviews_PRODUCT_ID.sql
[0m07:58:41
[0m07:58:41  [31mFailure in test not_null_stg_reviews_ORDER_ID (models/ecom_staging/schema.yml)[0m
[0m07:58:41    Database Error in test not_null_stg_reviews_ORDER_ID (models/ecom_staging/schema.yml)
  HTTPDriver for http://clickhouse:8123 received ClickHouse error code 47
   Code: 47. DB::Exception: Unknown expression identifier 'ORDER_ID' in scope SELECT ORDER_ID FROM ecom_db_staging.stg_reviews WHERE ORDER_ID IS NULL. Maybe you meant: ['order_id']. (UNKNOWN_IDENTIFIER) (version 24.8.14.39 (official build))
  compiled code at target/run/ecom_staging/models/ecom_staging/schema.yml/not_null_stg_reviews_ORDER_ID.sql
[0m07:58:41
[0m07:58:41    compiled code at target/compiled/ecom_staging/models/ecom_staging/schema.yml/not_null_stg_reviews_ORDER_ID.sql
[0m07:58:41
[0m07:58:41  Done. PASS=0 WARN=0 ERROR=3 SKIP=0 NO-OP=0 TOTAL=3
[0m07:58:41  [[33mWARNING[0m][DeprecationsSummary]: Deprecated functionality
Summary of encountered deprecations:
- ModelParamUsageDeprecation: 1 occurrence
To see all deprecation instances instead of just the first occurrence of each,
run command again with the `--show-all-deprecations` flag. You may also need to
run with `--no-partial-parse` as some deprecations are only encountered during
parsing.
[2025-09-22T07:58:43.655+0000] {virtualenv.py:131} INFO - Releasing virtualenv lock
[2025-09-22T07:58:43.656+0000] {taskinstance.py:441} INFO - ::group::Post task execution logs
[2025-09-22T07:58:43.697+0000] {taskinstance.py:2905} ERROR - Task failed with exception
Traceback (most recent call last):
  File "/home/airflow/.local/lib/python3.10/site-packages/airflow/models/taskinstance.py", line 465, in _execute_task
    result = _execute_callable(context=context, **execute_callable_kwargs)
  File "/home/airflow/.local/lib/python3.10/site-packages/airflow/models/taskinstance.py", line 432, in _execute_callable
    return execute_callable(context=context, **execute_callable_kwargs)
  File "/home/airflow/.local/lib/python3.10/site-packages/airflow/models/baseoperator.py", line 401, in wrapper
    return func(self, *args, **kwargs)
  File "/home/airflow/.local/lib/python3.10/site-packages/cosmos/operators/virtualenv.py", line 144, in execute
    output = super().execute(context)
  File "/home/airflow/.local/lib/python3.10/site-packages/airflow/models/baseoperator.py", line 401, in wrapper
    return func(self, *args, **kwargs)
  File "/home/airflow/.local/lib/python3.10/site-packages/cosmos/operators/local.py", line 1089, in execute
    result = self.build_and_run_cmd(context=context, cmd_flags=self.add_cmd_flags())
  File "/home/airflow/.local/lib/python3.10/site-packages/cosmos/operators/local.py", line 853, in build_and_run_cmd
    result = self.run_command(
  File "/home/airflow/.local/lib/python3.10/site-packages/cosmos/operators/virtualenv.py", line 129, in run_command
    return super().run_command(cmd, env, context, run_as_async=run_as_async, async_context=async_context)
  File "/home/airflow/.local/lib/python3.10/site-packages/cosmos/operators/local.py", line 650, in run_command
    self.handle_exception(result)
  File "/home/airflow/.local/lib/python3.10/site-packages/cosmos/operators/local.py", line 254, in handle_exception_subprocess
    raise AirflowException(f"dbt command failed. The command returned a non-zero exit code {result.exit_code}.")
airflow.exceptions.AirflowException: dbt command failed. The command returned a non-zero exit code 1.
[2025-09-22T07:58:43.701+0000] {taskinstance.py:1206} INFO - Marking task as FAILED. dag_id=dbt_staging, task_id=dbt_ecom.stg_reviews.test, run_id=scheduled__2025-09-21T00:00:00+00:00, execution_date=20250921T000000, start_date=20250922T075816, end_date=20250922T075843
[2025-09-22T07:58:43.724+0000] {standard_task_runner.py:110} ERROR - Failed to execute job 646 for task dbt_ecom.stg_reviews.test (dbt command failed. The command returned a non-zero exit code 1.; 1056)
[2025-09-22T07:58:43.736+0000] {local_task_job_runner.py:243} INFO - Task exited with return code 1
[2025-09-22T07:58:43.801+0000] {taskinstance.py:3503} INFO - 0 downstream tasks scheduled from follow-on schedule check
[2025-09-22T07:58:43.804+0000] {local_task_job_runner.py:222} INFO - ::endgroup::
[2025-09-22T08:16:11.514+0000] {local_task_job_runner.py:120} INFO - ::group::Pre task execution logs
[2025-09-22T08:16:11.800+0000] {taskinstance.py:2076} INFO - Dependencies all met for dep_context=non-requeueable deps ti=<TaskInstance: dbt_staging.dbt_ecom.stg_reviews.test scheduled__2025-09-21T00:00:00+00:00 [queued]>
[2025-09-22T08:16:11.811+0000] {taskinstance.py:2076} INFO - Dependencies all met for dep_context=requeueable deps ti=<TaskInstance: dbt_staging.dbt_ecom.stg_reviews.test scheduled__2025-09-21T00:00:00+00:00 [queued]>
[2025-09-22T08:16:11.812+0000] {taskinstance.py:2306} INFO - Starting attempt 1 of 1
[2025-09-22T08:16:11.837+0000] {taskinstance.py:2330} INFO - Executing <Task(DbtTestVirtualenvOperator): dbt_ecom.stg_reviews.test> on 2025-09-21 00:00:00+00:00
[2025-09-22T08:16:11.844+0000] {standard_task_runner.py:64} INFO - Started process 2658 to run task
[2025-09-22T08:16:11.849+0000] {standard_task_runner.py:90} INFO - Running: ['***', 'tasks', 'run', 'dbt_staging', 'dbt_ecom.stg_reviews.test', 'scheduled__2025-09-21T00:00:00+00:00', '--job-id', '660', '--raw', '--subdir', 'DAGS_FOLDER/dbt_staging.py', '--cfg-path', '/tmp/tmp_e1_utz3']
[2025-09-22T08:16:11.852+0000] {standard_task_runner.py:91} INFO - Job 660: Subtask dbt_ecom.stg_reviews.test
[2025-09-22T08:16:12.023+0000] {task_command.py:426} INFO - Running <TaskInstance: dbt_staging.dbt_ecom.stg_reviews.test scheduled__2025-09-21T00:00:00+00:00 [running]> on host e95bde6b8d07
[2025-09-22T08:16:12.351+0000] {taskinstance.py:2648} INFO - Exporting env vars: AIRFLOW_CTX_DAG_OWNER='***' AIRFLOW_CTX_DAG_ID='dbt_staging' AIRFLOW_CTX_TASK_ID='dbt_ecom.stg_reviews.test' AIRFLOW_CTX_EXECUTION_DATE='2025-09-21T00:00:00+00:00' AIRFLOW_CTX_TRY_NUMBER='1' AIRFLOW_CTX_DAG_RUN_ID='scheduled__2025-09-21T00:00:00+00:00'
[2025-09-22T08:16:12.354+0000] {taskinstance.py:430} INFO - ::endgroup::
[2025-09-22T08:16:12.373+0000] {baseoperator.py:400} WARNING - DbtTestVirtualenvOperator.execute cannot be called outside TaskInstance!
[2025-09-22T08:16:12.374+0000] {virtualenv.py:120} INFO - Checking if the virtualenv lock /tmp/cosmos_venv_ecom/cosmos_virtualenv.lock exists
[2025-09-22T08:16:12.375+0000] {virtualenv.py:178} INFO - Checking for running process with PID 2493
[2025-09-22T08:16:12.376+0000] {virtualenv.py:181} INFO - Process 2493 running: True and has the lock /tmp/cosmos_venv_ecom/cosmos_virtualenv.lock.
[2025-09-22T08:16:12.376+0000] {virtualenv.py:122} INFO - Waiting for virtualenv lock to be released
[2025-09-22T08:16:13.377+0000] {virtualenv.py:178} INFO - Checking for running process with PID 2493
[2025-09-22T08:16:13.378+0000] {virtualenv.py:181} INFO - Process 2493 running: True and has the lock /tmp/cosmos_venv_ecom/cosmos_virtualenv.lock.
[2025-09-22T08:16:13.379+0000] {virtualenv.py:122} INFO - Waiting for virtualenv lock to be released
[2025-09-22T08:16:14.381+0000] {virtualenv.py:178} INFO - Checking for running process with PID 2493
[2025-09-22T08:16:14.382+0000] {virtualenv.py:181} INFO - Process 2493 running: True and has the lock /tmp/cosmos_venv_ecom/cosmos_virtualenv.lock.
[2025-09-22T08:16:14.382+0000] {virtualenv.py:122} INFO - Waiting for virtualenv lock to be released
[2025-09-22T08:16:15.384+0000] {virtualenv.py:178} INFO - Checking for running process with PID 2493
[2025-09-22T08:16:15.385+0000] {virtualenv.py:181} INFO - Process 2493 running: True and has the lock /tmp/cosmos_venv_ecom/cosmos_virtualenv.lock.
[2025-09-22T08:16:15.386+0000] {virtualenv.py:122} INFO - Waiting for virtualenv lock to be released
[2025-09-22T08:16:16.388+0000] {virtualenv.py:178} INFO - Checking for running process with PID 2493
[2025-09-22T08:16:16.389+0000] {virtualenv.py:181} INFO - Process 2493 running: True and has the lock /tmp/cosmos_venv_ecom/cosmos_virtualenv.lock.
[2025-09-22T08:16:16.390+0000] {virtualenv.py:122} INFO - Waiting for virtualenv lock to be released
[2025-09-22T08:16:17.392+0000] {virtualenv.py:178} INFO - Checking for running process with PID 2493
[2025-09-22T08:16:17.394+0000] {virtualenv.py:181} INFO - Process 2493 running: True and has the lock /tmp/cosmos_venv_ecom/cosmos_virtualenv.lock.
[2025-09-22T08:16:17.396+0000] {virtualenv.py:122} INFO - Waiting for virtualenv lock to be released
[2025-09-22T08:16:18.398+0000] {virtualenv.py:178} INFO - Checking for running process with PID 2493
[2025-09-22T08:16:18.399+0000] {virtualenv.py:181} INFO - Process 2493 running: True and has the lock /tmp/cosmos_venv_ecom/cosmos_virtualenv.lock.
[2025-09-22T08:16:18.400+0000] {virtualenv.py:122} INFO - Waiting for virtualenv lock to be released
[2025-09-22T08:16:19.402+0000] {virtualenv.py:178} INFO - Checking for running process with PID 2493
[2025-09-22T08:16:19.404+0000] {virtualenv.py:181} INFO - Process 2493 running: True and has the lock /tmp/cosmos_venv_ecom/cosmos_virtualenv.lock.
[2025-09-22T08:16:19.405+0000] {virtualenv.py:122} INFO - Waiting for virtualenv lock to be released
[2025-09-22T08:16:20.411+0000] {virtualenv.py:178} INFO - Checking for running process with PID 2493
[2025-09-22T08:16:20.418+0000] {virtualenv.py:181} INFO - Process 2493 running: True and has the lock /tmp/cosmos_venv_ecom/cosmos_virtualenv.lock.
[2025-09-22T08:16:20.418+0000] {virtualenv.py:122} INFO - Waiting for virtualenv lock to be released
[2025-09-22T08:16:21.420+0000] {virtualenv.py:178} INFO - Checking for running process with PID 2493
[2025-09-22T08:16:21.421+0000] {virtualenv.py:181} INFO - Process 2493 running: True and has the lock /tmp/cosmos_venv_ecom/cosmos_virtualenv.lock.
[2025-09-22T08:16:21.422+0000] {virtualenv.py:122} INFO - Waiting for virtualenv lock to be released
[2025-09-22T08:16:22.424+0000] {virtualenv.py:178} INFO - Checking for running process with PID 2493
[2025-09-22T08:16:22.424+0000] {virtualenv.py:181} INFO - Process 2493 running: True and has the lock /tmp/cosmos_venv_ecom/cosmos_virtualenv.lock.
[2025-09-22T08:16:22.425+0000] {virtualenv.py:122} INFO - Waiting for virtualenv lock to be released
[2025-09-22T08:16:23.427+0000] {virtualenv.py:178} INFO - Checking for running process with PID 2493
[2025-09-22T08:16:23.428+0000] {virtualenv.py:181} INFO - Process 2493 running: True and has the lock /tmp/cosmos_venv_ecom/cosmos_virtualenv.lock.
[2025-09-22T08:16:23.429+0000] {virtualenv.py:122} INFO - Waiting for virtualenv lock to be released
[2025-09-22T08:16:24.431+0000] {virtualenv.py:178} INFO - Checking for running process with PID 2493
[2025-09-22T08:16:24.432+0000] {virtualenv.py:181} INFO - Process 2493 running: True and has the lock /tmp/cosmos_venv_ecom/cosmos_virtualenv.lock.
[2025-09-22T08:16:24.433+0000] {virtualenv.py:122} INFO - Waiting for virtualenv lock to be released
[2025-09-22T08:16:25.435+0000] {virtualenv.py:178} INFO - Checking for running process with PID 2494
[2025-09-22T08:16:25.435+0000] {virtualenv.py:181} INFO - Process 2494 running: True and has the lock /tmp/cosmos_venv_ecom/cosmos_virtualenv.lock.
[2025-09-22T08:16:25.436+0000] {virtualenv.py:122} INFO - Waiting for virtualenv lock to be released
[2025-09-22T08:16:26.437+0000] {virtualenv.py:178} INFO - Checking for running process with PID 2494
[2025-09-22T08:16:26.438+0000] {virtualenv.py:181} INFO - Process 2494 running: True and has the lock /tmp/cosmos_venv_ecom/cosmos_virtualenv.lock.
[2025-09-22T08:16:26.439+0000] {virtualenv.py:122} INFO - Waiting for virtualenv lock to be released
[2025-09-22T08:16:27.440+0000] {virtualenv.py:178} INFO - Checking for running process with PID 2494
[2025-09-22T08:16:27.443+0000] {virtualenv.py:181} INFO - Process 2494 running: True and has the lock /tmp/cosmos_venv_ecom/cosmos_virtualenv.lock.
[2025-09-22T08:16:27.444+0000] {virtualenv.py:122} INFO - Waiting for virtualenv lock to be released
[2025-09-22T08:16:28.445+0000] {virtualenv.py:178} INFO - Checking for running process with PID 2494
[2025-09-22T08:16:28.446+0000] {virtualenv.py:181} INFO - Process 2494 running: True and has the lock /tmp/cosmos_venv_ecom/cosmos_virtualenv.lock.
[2025-09-22T08:16:28.446+0000] {virtualenv.py:122} INFO - Waiting for virtualenv lock to be released
[2025-09-22T08:16:29.448+0000] {virtualenv.py:178} INFO - Checking for running process with PID 2494
[2025-09-22T08:16:29.449+0000] {virtualenv.py:181} INFO - Process 2494 running: True and has the lock /tmp/cosmos_venv_ecom/cosmos_virtualenv.lock.
[2025-09-22T08:16:29.449+0000] {virtualenv.py:122} INFO - Waiting for virtualenv lock to be released
[2025-09-22T08:16:30.450+0000] {virtualenv.py:178} INFO - Checking for running process with PID 2494
[2025-09-22T08:16:30.451+0000] {virtualenv.py:181} INFO - Process 2494 running: True and has the lock /tmp/cosmos_venv_ecom/cosmos_virtualenv.lock.
[2025-09-22T08:16:30.451+0000] {virtualenv.py:122} INFO - Waiting for virtualenv lock to be released
[2025-09-22T08:16:31.453+0000] {virtualenv.py:178} INFO - Checking for running process with PID 2494
[2025-09-22T08:16:31.454+0000] {virtualenv.py:181} INFO - Process 2494 running: True and has the lock /tmp/cosmos_venv_ecom/cosmos_virtualenv.lock.
[2025-09-22T08:16:31.455+0000] {virtualenv.py:122} INFO - Waiting for virtualenv lock to be released
[2025-09-22T08:16:32.457+0000] {virtualenv.py:178} INFO - Checking for running process with PID 2494
[2025-09-22T08:16:32.459+0000] {virtualenv.py:181} INFO - Process 2494 running: True and has the lock /tmp/cosmos_venv_ecom/cosmos_virtualenv.lock.
[2025-09-22T08:16:32.460+0000] {virtualenv.py:122} INFO - Waiting for virtualenv lock to be released
[2025-09-22T08:16:33.462+0000] {virtualenv.py:178} INFO - Checking for running process with PID 2494
[2025-09-22T08:16:33.463+0000] {virtualenv.py:181} INFO - Process 2494 running: True and has the lock /tmp/cosmos_venv_ecom/cosmos_virtualenv.lock.
[2025-09-22T08:16:33.464+0000] {virtualenv.py:122} INFO - Waiting for virtualenv lock to be released
[2025-09-22T08:16:34.466+0000] {virtualenv.py:178} INFO - Checking for running process with PID 2494
[2025-09-22T08:16:34.467+0000] {virtualenv.py:181} INFO - Process 2494 running: True and has the lock /tmp/cosmos_venv_ecom/cosmos_virtualenv.lock.
[2025-09-22T08:16:34.467+0000] {virtualenv.py:122} INFO - Waiting for virtualenv lock to be released
[2025-09-22T08:16:35.470+0000] {virtualenv.py:178} INFO - Checking for running process with PID 2494
[2025-09-22T08:16:35.471+0000] {virtualenv.py:181} INFO - Process 2494 running: True and has the lock /tmp/cosmos_venv_ecom/cosmos_virtualenv.lock.
[2025-09-22T08:16:35.471+0000] {virtualenv.py:122} INFO - Waiting for virtualenv lock to be released
[2025-09-22T08:16:36.473+0000] {virtualenv.py:178} INFO - Checking for running process with PID 2494
[2025-09-22T08:16:36.473+0000] {virtualenv.py:181} INFO - Process 2494 running: True and has the lock /tmp/cosmos_venv_ecom/cosmos_virtualenv.lock.
[2025-09-22T08:16:36.474+0000] {virtualenv.py:122} INFO - Waiting for virtualenv lock to be released
[2025-09-22T08:16:37.475+0000] {virtualenv.py:178} INFO - Checking for running process with PID 2494
[2025-09-22T08:16:37.477+0000] {virtualenv.py:181} INFO - Process 2494 running: True and has the lock /tmp/cosmos_venv_ecom/cosmos_virtualenv.lock.
[2025-09-22T08:16:37.477+0000] {virtualenv.py:122} INFO - Waiting for virtualenv lock to be released
[2025-09-22T08:16:38.481+0000] {virtualenv.py:178} INFO - Checking for running process with PID 2494
[2025-09-22T08:16:38.482+0000] {virtualenv.py:181} INFO - Process 2494 running: True and has the lock /tmp/cosmos_venv_ecom/cosmos_virtualenv.lock.
[2025-09-22T08:16:38.482+0000] {virtualenv.py:122} INFO - Waiting for virtualenv lock to be released
[2025-09-22T08:16:39.483+0000] {virtualenv.py:178} INFO - Checking for running process with PID 2494
[2025-09-22T08:16:39.487+0000] {virtualenv.py:181} INFO - Process 2494 running: True and has the lock /tmp/cosmos_venv_ecom/cosmos_virtualenv.lock.
[2025-09-22T08:16:39.488+0000] {virtualenv.py:122} INFO - Waiting for virtualenv lock to be released
[2025-09-22T08:16:40.490+0000] {virtualenv.py:178} INFO - Checking for running process with PID 2631
[2025-09-22T08:16:40.491+0000] {virtualenv.py:181} INFO - Process 2631 running: True and has the lock /tmp/cosmos_venv_ecom/cosmos_virtualenv.lock.
[2025-09-22T08:16:40.492+0000] {virtualenv.py:122} INFO - Waiting for virtualenv lock to be released
[2025-09-22T08:16:41.493+0000] {virtualenv.py:178} INFO - Checking for running process with PID 2631
[2025-09-22T08:16:41.494+0000] {virtualenv.py:181} INFO - Process 2631 running: True and has the lock /tmp/cosmos_venv_ecom/cosmos_virtualenv.lock.
[2025-09-22T08:16:41.494+0000] {virtualenv.py:122} INFO - Waiting for virtualenv lock to be released
[2025-09-22T08:16:42.497+0000] {virtualenv.py:178} INFO - Checking for running process with PID 2631
[2025-09-22T08:16:42.500+0000] {virtualenv.py:181} INFO - Process 2631 running: True and has the lock /tmp/cosmos_venv_ecom/cosmos_virtualenv.lock.
[2025-09-22T08:16:42.502+0000] {virtualenv.py:122} INFO - Waiting for virtualenv lock to be released
[2025-09-22T08:16:43.506+0000] {virtualenv.py:178} INFO - Checking for running process with PID 2631
[2025-09-22T08:16:43.507+0000] {virtualenv.py:181} INFO - Process 2631 running: True and has the lock /tmp/cosmos_venv_ecom/cosmos_virtualenv.lock.
[2025-09-22T08:16:43.507+0000] {virtualenv.py:122} INFO - Waiting for virtualenv lock to be released
[2025-09-22T08:16:44.508+0000] {virtualenv.py:178} INFO - Checking for running process with PID 2631
[2025-09-22T08:16:44.509+0000] {virtualenv.py:181} INFO - Process 2631 running: True and has the lock /tmp/cosmos_venv_ecom/cosmos_virtualenv.lock.
[2025-09-22T08:16:44.510+0000] {virtualenv.py:122} INFO - Waiting for virtualenv lock to be released
[2025-09-22T08:16:45.511+0000] {virtualenv.py:178} INFO - Checking for running process with PID 2631
[2025-09-22T08:16:45.512+0000] {virtualenv.py:181} INFO - Process 2631 running: True and has the lock /tmp/cosmos_venv_ecom/cosmos_virtualenv.lock.
[2025-09-22T08:16:45.513+0000] {virtualenv.py:122} INFO - Waiting for virtualenv lock to be released
[2025-09-22T08:16:46.514+0000] {virtualenv.py:178} INFO - Checking for running process with PID 2631
[2025-09-22T08:16:46.515+0000] {virtualenv.py:181} INFO - Process 2631 running: True and has the lock /tmp/cosmos_venv_ecom/cosmos_virtualenv.lock.
[2025-09-22T08:16:46.516+0000] {virtualenv.py:122} INFO - Waiting for virtualenv lock to be released
[2025-09-22T08:16:47.519+0000] {virtualenv.py:178} INFO - Checking for running process with PID 2631
[2025-09-22T08:16:47.521+0000] {virtualenv.py:181} INFO - Process 2631 running: True and has the lock /tmp/cosmos_venv_ecom/cosmos_virtualenv.lock.
[2025-09-22T08:16:47.523+0000] {virtualenv.py:122} INFO - Waiting for virtualenv lock to be released
[2025-09-22T08:16:48.527+0000] {virtualenv.py:178} INFO - Checking for running process with PID 2631
[2025-09-22T08:16:48.528+0000] {virtualenv.py:181} INFO - Process 2631 running: True and has the lock /tmp/cosmos_venv_ecom/cosmos_virtualenv.lock.
[2025-09-22T08:16:48.529+0000] {virtualenv.py:122} INFO - Waiting for virtualenv lock to be released
[2025-09-22T08:16:49.531+0000] {virtualenv.py:178} INFO - Checking for running process with PID 2631
[2025-09-22T08:16:49.532+0000] {virtualenv.py:181} INFO - Process 2631 running: True and has the lock /tmp/cosmos_venv_ecom/cosmos_virtualenv.lock.
[2025-09-22T08:16:49.533+0000] {virtualenv.py:122} INFO - Waiting for virtualenv lock to be released
[2025-09-22T08:16:50.535+0000] {virtualenv.py:178} INFO - Checking for running process with PID 2631
[2025-09-22T08:16:50.536+0000] {virtualenv.py:181} INFO - Process 2631 running: True and has the lock /tmp/cosmos_venv_ecom/cosmos_virtualenv.lock.
[2025-09-22T08:16:50.536+0000] {virtualenv.py:122} INFO - Waiting for virtualenv lock to be released
[2025-09-22T08:16:51.538+0000] {virtualenv.py:178} INFO - Checking for running process with PID 2631
[2025-09-22T08:16:51.538+0000] {virtualenv.py:181} INFO - Process 2631 running: True and has the lock /tmp/cosmos_venv_ecom/cosmos_virtualenv.lock.
[2025-09-22T08:16:51.539+0000] {virtualenv.py:122} INFO - Waiting for virtualenv lock to be released
[2025-09-22T08:16:52.540+0000] {virtualenv.py:178} INFO - Checking for running process with PID 2631
[2025-09-22T08:16:52.542+0000] {virtualenv.py:181} INFO - Process 2631 running: True and has the lock /tmp/cosmos_venv_ecom/cosmos_virtualenv.lock.
[2025-09-22T08:16:52.543+0000] {virtualenv.py:122} INFO - Waiting for virtualenv lock to be released
[2025-09-22T08:16:53.545+0000] {virtualenv.py:178} INFO - Checking for running process with PID 2631
[2025-09-22T08:16:53.546+0000] {virtualenv.py:181} INFO - Process 2631 running: True and has the lock /tmp/cosmos_venv_ecom/cosmos_virtualenv.lock.
[2025-09-22T08:16:53.547+0000] {virtualenv.py:122} INFO - Waiting for virtualenv lock to be released
[2025-09-22T08:16:54.548+0000] {virtualenv.py:126} INFO - Acquiring the virtualenv lock
[2025-09-22T08:16:54.549+0000] {virtualenv.py:195} INFO - Acquiring lock at /tmp/cosmos_venv_ecom/cosmos_virtualenv.lock with pid 2658
[2025-09-22T08:16:54.549+0000] {virtualenv.py:153} INFO - Creating or updating the virtualenv at `/tmp/cosmos_venv_ecom
[2025-09-22T08:16:54.550+0000] {process_utils.py:183} INFO - Executing cmd: /home/***/.local/bin/python -m virtualenv /tmp/cosmos_venv_ecom --python=python3
[2025-09-22T08:16:54.551+0000] {process_utils.py:187} INFO - Output:
[2025-09-22T08:16:55.892+0000] {process_utils.py:191} INFO - created virtual environment CPython3.10.14.final.0-64 in 506ms
[2025-09-22T08:16:55.893+0000] {process_utils.py:191} INFO -   creator CPython3Posix(dest=/tmp/cosmos_venv_ecom, clear=False, no_vcs_ignore=False, global=False)
[2025-09-22T08:16:55.893+0000] {process_utils.py:191} INFO -   seeder FromAppData(download=False, pip=bundle, setuptools=bundle, wheel=bundle, via=copy, app_data_dir=/home/***/.local/share/virtualenv)
[2025-09-22T08:16:55.894+0000] {process_utils.py:191} INFO -     added seed packages: MarkupSafe==3.0.2, PyYAML==6.0.2, agate==1.9.1, annotated_types==0.7.0, attrs==25.3.0, babel==2.17.0, certifi==2025.8.3, charset_normalizer==3.4.3, click==8.2.1, clickhouse_connect==0.8.18, clickhouse_driver==0.2.9, colorama==0.4.6, daff==1.4.2, dbt_adapters==1.16.7, dbt_clickhouse==1.9.3, dbt_common==1.30.0, dbt_core==1.10.11, dbt_extractor==0.6.0, dbt_protos==1.0.375, dbt_semantic_interfaces==0.9.0, deepdiff==8.6.1, idna==3.10, importlib_metadata==8.7.0, isodate==0.6.1, jinja2==3.1.6, jsonschema==4.25.1, jsonschema_specifications==2025.9.1, leather==0.4.0, lz4==4.4.4, mashumaro==3.14, more_itertools==10.8.0, msgpack==1.1.1, networkx==3.4.2, orderly_set==5.5.0, packaging==25.0, parsedatetime==2.6, pathspec==0.12.1, pip==25.2, protobuf==6.32.1, pydantic==2.11.7, pydantic_core==2.33.2, python_dateutil==2.9.0.post0, python_slugify==8.0.4, pytimeparse==1.1.8, pytz==2025.2, referencing==0.36.2, requests==2.32.5, rpds_py==0.27.1, setuptools==80.9.0, six==1.17.0, snowplow_tracker==1.1.0, sqlparse==0.5.3, text_unidecode==1.3, typing_extensions==4.15.0, typing_inspection==0.4.1, tzlocal==5.3.1, urllib3==2.5.0, wheel==0.45.1, zipp==3.23.0, zstandard==0.24.0
[2025-09-22T08:16:55.895+0000] {process_utils.py:191} INFO -   activators BashActivator,CShellActivator,FishActivator,NushellActivator,PowerShellActivator,PythonActivator
[2025-09-22T08:16:55.954+0000] {process_utils.py:183} INFO - Executing cmd: /tmp/cosmos_venv_ecom/bin/pip install dbt-clickhouse
[2025-09-22T08:16:55.955+0000] {process_utils.py:187} INFO - Output:
[2025-09-22T08:16:57.109+0000] {process_utils.py:191} INFO - Requirement already satisfied: dbt-clickhouse in /tmp/cosmos_venv_ecom/lib/python3.10/site-packages (1.9.3)
[2025-09-22T08:16:57.111+0000] {process_utils.py:191} INFO - Requirement already satisfied: dbt-core>=1.9 in /tmp/cosmos_venv_ecom/lib/python3.10/site-packages (from dbt-clickhouse) (1.10.11)
[2025-09-22T08:16:57.112+0000] {process_utils.py:191} INFO - Requirement already satisfied: clickhouse-connect>=0.6.22 in /tmp/cosmos_venv_ecom/lib/python3.10/site-packages (from dbt-clickhouse) (0.8.18)
[2025-09-22T08:16:57.113+0000] {process_utils.py:191} INFO - Requirement already satisfied: clickhouse-driver>=0.2.6 in /tmp/cosmos_venv_ecom/lib/python3.10/site-packages (from dbt-clickhouse) (0.2.9)
[2025-09-22T08:16:57.113+0000] {process_utils.py:191} INFO - Requirement already satisfied: setuptools>=0.69 in /tmp/cosmos_venv_ecom/lib/python3.10/site-packages (from dbt-clickhouse) (80.9.0)
[2025-09-22T08:16:57.115+0000] {process_utils.py:191} INFO - Requirement already satisfied: certifi in /tmp/cosmos_venv_ecom/lib/python3.10/site-packages (from clickhouse-connect>=0.6.22->dbt-clickhouse) (2025.8.3)
[2025-09-22T08:16:57.116+0000] {process_utils.py:191} INFO - Requirement already satisfied: urllib3>=1.26 in /tmp/cosmos_venv_ecom/lib/python3.10/site-packages (from clickhouse-connect>=0.6.22->dbt-clickhouse) (2.5.0)
[2025-09-22T08:16:57.116+0000] {process_utils.py:191} INFO - Requirement already satisfied: pytz in /tmp/cosmos_venv_ecom/lib/python3.10/site-packages (from clickhouse-connect>=0.6.22->dbt-clickhouse) (2025.2)
[2025-09-22T08:16:57.117+0000] {process_utils.py:191} INFO - Requirement already satisfied: zstandard in /tmp/cosmos_venv_ecom/lib/python3.10/site-packages (from clickhouse-connect>=0.6.22->dbt-clickhouse) (0.24.0)
[2025-09-22T08:16:57.118+0000] {process_utils.py:191} INFO - Requirement already satisfied: lz4 in /tmp/cosmos_venv_ecom/lib/python3.10/site-packages (from clickhouse-connect>=0.6.22->dbt-clickhouse) (4.4.4)
[2025-09-22T08:16:57.119+0000] {process_utils.py:191} INFO - Requirement already satisfied: tzlocal in /tmp/cosmos_venv_ecom/lib/python3.10/site-packages (from clickhouse-driver>=0.2.6->dbt-clickhouse) (5.3.1)
[2025-09-22T08:16:57.123+0000] {process_utils.py:191} INFO - Requirement already satisfied: agate<1.10,>=1.7.0 in /tmp/cosmos_venv_ecom/lib/python3.10/site-packages (from dbt-core>=1.9->dbt-clickhouse) (1.9.1)
[2025-09-22T08:16:57.124+0000] {process_utils.py:191} INFO - Requirement already satisfied: Jinja2<4,>=3.1.3 in /tmp/cosmos_venv_ecom/lib/python3.10/site-packages (from dbt-core>=1.9->dbt-clickhouse) (3.1.6)
[2025-09-22T08:16:57.125+0000] {process_utils.py:191} INFO - Requirement already satisfied: mashumaro<3.15,>=3.9 in /tmp/cosmos_venv_ecom/lib/python3.10/site-packages (from mashumaro[msgpack]<3.15,>=3.9->dbt-core>=1.9->dbt-clickhouse) (3.14)
[2025-09-22T08:16:57.125+0000] {process_utils.py:191} INFO - Requirement already satisfied: click<9.0,>=8.0.2 in /tmp/cosmos_venv_ecom/lib/python3.10/site-packages (from dbt-core>=1.9->dbt-clickhouse) (8.2.1)
[2025-09-22T08:16:57.126+0000] {process_utils.py:191} INFO - Requirement already satisfied: jsonschema<5.0,>=4.19.1 in /tmp/cosmos_venv_ecom/lib/python3.10/site-packages (from dbt-core>=1.9->dbt-clickhouse) (4.25.1)
[2025-09-22T08:16:57.127+0000] {process_utils.py:191} INFO - Requirement already satisfied: networkx<4.0,>=2.3 in /tmp/cosmos_venv_ecom/lib/python3.10/site-packages (from dbt-core>=1.9->dbt-clickhouse) (3.4.2)
[2025-09-22T08:16:57.127+0000] {process_utils.py:191} INFO - Requirement already satisfied: protobuf<7.0,>=6.0 in /tmp/cosmos_venv_ecom/lib/python3.10/site-packages (from dbt-core>=1.9->dbt-clickhouse) (6.32.1)
[2025-09-22T08:16:57.128+0000] {process_utils.py:191} INFO - Requirement already satisfied: requests<3.0.0 in /tmp/cosmos_venv_ecom/lib/python3.10/site-packages (from dbt-core>=1.9->dbt-clickhouse) (2.32.5)
[2025-09-22T08:16:57.128+0000] {process_utils.py:191} INFO - Requirement already satisfied: snowplow-tracker<2.0,>=1.0.2 in /tmp/cosmos_venv_ecom/lib/python3.10/site-packages (from dbt-core>=1.9->dbt-clickhouse) (1.1.0)
[2025-09-22T08:16:57.129+0000] {process_utils.py:191} INFO - Requirement already satisfied: pathspec<0.13,>=0.9 in /tmp/cosmos_venv_ecom/lib/python3.10/site-packages (from dbt-core>=1.9->dbt-clickhouse) (0.12.1)
[2025-09-22T08:16:57.131+0000] {process_utils.py:191} INFO - Requirement already satisfied: sqlparse<0.6.0,>=0.5.0 in /tmp/cosmos_venv_ecom/lib/python3.10/site-packages (from dbt-core>=1.9->dbt-clickhouse) (0.5.3)
[2025-09-22T08:16:57.131+0000] {process_utils.py:191} INFO - Requirement already satisfied: dbt-extractor<=0.6,>=0.5.0 in /tmp/cosmos_venv_ecom/lib/python3.10/site-packages (from dbt-core>=1.9->dbt-clickhouse) (0.6.0)
[2025-09-22T08:16:57.132+0000] {process_utils.py:191} INFO - Requirement already satisfied: dbt-semantic-interfaces<0.10,>=0.9.0 in /tmp/cosmos_venv_ecom/lib/python3.10/site-packages (from dbt-core>=1.9->dbt-clickhouse) (0.9.0)
[2025-09-22T08:16:57.133+0000] {process_utils.py:191} INFO - Requirement already satisfied: dbt-common<2.0,>=1.27.0 in /tmp/cosmos_venv_ecom/lib/python3.10/site-packages (from dbt-core>=1.9->dbt-clickhouse) (1.30.0)
[2025-09-22T08:16:57.133+0000] {process_utils.py:191} INFO - Requirement already satisfied: dbt-adapters<2.0,>=1.15.5 in /tmp/cosmos_venv_ecom/lib/python3.10/site-packages (from dbt-core>=1.9->dbt-clickhouse) (1.16.7)
[2025-09-22T08:16:57.134+0000] {process_utils.py:191} INFO - Requirement already satisfied: dbt-protos<2.0,>=1.0.346 in /tmp/cosmos_venv_ecom/lib/python3.10/site-packages (from dbt-core>=1.9->dbt-clickhouse) (1.0.375)
[2025-09-22T08:16:57.134+0000] {process_utils.py:191} INFO - Requirement already satisfied: pydantic<3 in /tmp/cosmos_venv_ecom/lib/python3.10/site-packages (from dbt-core>=1.9->dbt-clickhouse) (2.11.7)
[2025-09-22T08:16:57.135+0000] {process_utils.py:191} INFO - Requirement already satisfied: packaging>20.9 in /tmp/cosmos_venv_ecom/lib/python3.10/site-packages (from dbt-core>=1.9->dbt-clickhouse) (25.0)
[2025-09-22T08:16:57.136+0000] {process_utils.py:191} INFO - Requirement already satisfied: pyyaml>=6.0 in /tmp/cosmos_venv_ecom/lib/python3.10/site-packages (from dbt-core>=1.9->dbt-clickhouse) (6.0.2)
[2025-09-22T08:16:57.136+0000] {process_utils.py:191} INFO - Requirement already satisfied: daff>=1.3.46 in /tmp/cosmos_venv_ecom/lib/python3.10/site-packages (from dbt-core>=1.9->dbt-clickhouse) (1.4.2)
[2025-09-22T08:16:57.137+0000] {process_utils.py:191} INFO - Requirement already satisfied: typing-extensions>=4.4 in /tmp/cosmos_venv_ecom/lib/python3.10/site-packages (from dbt-core>=1.9->dbt-clickhouse) (4.15.0)
[2025-09-22T08:16:57.139+0000] {process_utils.py:191} INFO - Requirement already satisfied: Babel>=2.0 in /tmp/cosmos_venv_ecom/lib/python3.10/site-packages (from agate<1.10,>=1.7.0->dbt-core>=1.9->dbt-clickhouse) (2.17.0)
[2025-09-22T08:16:57.140+0000] {process_utils.py:191} INFO - Requirement already satisfied: isodate>=0.5.4 in /tmp/cosmos_venv_ecom/lib/python3.10/site-packages (from agate<1.10,>=1.7.0->dbt-core>=1.9->dbt-clickhouse) (0.6.1)
[2025-09-22T08:16:57.141+0000] {process_utils.py:191} INFO - Requirement already satisfied: leather>=0.3.2 in /tmp/cosmos_venv_ecom/lib/python3.10/site-packages (from agate<1.10,>=1.7.0->dbt-core>=1.9->dbt-clickhouse) (0.4.0)
[2025-09-22T08:16:57.141+0000] {process_utils.py:191} INFO - Requirement already satisfied: parsedatetime!=2.5,>=2.1 in /tmp/cosmos_venv_ecom/lib/python3.10/site-packages (from agate<1.10,>=1.7.0->dbt-core>=1.9->dbt-clickhouse) (2.6)
[2025-09-22T08:16:57.142+0000] {process_utils.py:191} INFO - Requirement already satisfied: python-slugify>=1.2.1 in /tmp/cosmos_venv_ecom/lib/python3.10/site-packages (from agate<1.10,>=1.7.0->dbt-core>=1.9->dbt-clickhouse) (8.0.4)
[2025-09-22T08:16:57.143+0000] {process_utils.py:191} INFO - Requirement already satisfied: pytimeparse>=1.1.5 in /tmp/cosmos_venv_ecom/lib/python3.10/site-packages (from agate<1.10,>=1.7.0->dbt-core>=1.9->dbt-clickhouse) (1.1.8)
[2025-09-22T08:16:57.151+0000] {process_utils.py:191} INFO - Requirement already satisfied: colorama<0.5,>=0.3.9 in /tmp/cosmos_venv_ecom/lib/python3.10/site-packages (from dbt-common<2.0,>=1.27.0->dbt-core>=1.9->dbt-clickhouse) (0.4.6)
[2025-09-22T08:16:57.152+0000] {process_utils.py:191} INFO - Requirement already satisfied: deepdiff<9.0,>=7.0 in /tmp/cosmos_venv_ecom/lib/python3.10/site-packages (from dbt-common<2.0,>=1.27.0->dbt-core>=1.9->dbt-clickhouse) (8.6.1)
[2025-09-22T08:16:57.154+0000] {process_utils.py:191} INFO - Requirement already satisfied: python-dateutil<3.0,>=2.0 in /tmp/cosmos_venv_ecom/lib/python3.10/site-packages (from dbt-common<2.0,>=1.27.0->dbt-core>=1.9->dbt-clickhouse) (2.9.0.post0)
[2025-09-22T08:16:57.159+0000] {process_utils.py:191} INFO - Requirement already satisfied: importlib-metadata<9,>=6.0 in /tmp/cosmos_venv_ecom/lib/python3.10/site-packages (from dbt-semantic-interfaces<0.10,>=0.9.0->dbt-core>=1.9->dbt-clickhouse) (8.7.0)
[2025-09-22T08:16:57.160+0000] {process_utils.py:191} INFO - Requirement already satisfied: more-itertools<11.0,>=8.0 in /tmp/cosmos_venv_ecom/lib/python3.10/site-packages (from dbt-semantic-interfaces<0.10,>=0.9.0->dbt-core>=1.9->dbt-clickhouse) (10.8.0)
[2025-09-22T08:16:57.168+0000] {process_utils.py:191} INFO - Requirement already satisfied: orderly-set<6,>=5.4.1 in /tmp/cosmos_venv_ecom/lib/python3.10/site-packages (from deepdiff<9.0,>=7.0->dbt-common<2.0,>=1.27.0->dbt-core>=1.9->dbt-clickhouse) (5.5.0)
[2025-09-22T08:16:57.172+0000] {process_utils.py:191} INFO - Requirement already satisfied: zipp>=3.20 in /tmp/cosmos_venv_ecom/lib/python3.10/site-packages (from importlib-metadata<9,>=6.0->dbt-semantic-interfaces<0.10,>=0.9.0->dbt-core>=1.9->dbt-clickhouse) (3.23.0)
[2025-09-22T08:16:57.174+0000] {process_utils.py:191} INFO - Requirement already satisfied: six in /tmp/cosmos_venv_ecom/lib/python3.10/site-packages (from isodate>=0.5.4->agate<1.10,>=1.7.0->dbt-core>=1.9->dbt-clickhouse) (1.17.0)
[2025-09-22T08:16:57.176+0000] {process_utils.py:191} INFO - Requirement already satisfied: MarkupSafe>=2.0 in /tmp/cosmos_venv_ecom/lib/python3.10/site-packages (from Jinja2<4,>=3.1.3->dbt-core>=1.9->dbt-clickhouse) (3.0.2)
[2025-09-22T08:16:57.180+0000] {process_utils.py:191} INFO - Requirement already satisfied: attrs>=22.2.0 in /tmp/cosmos_venv_ecom/lib/python3.10/site-packages (from jsonschema<5.0,>=4.19.1->dbt-core>=1.9->dbt-clickhouse) (25.3.0)
[2025-09-22T08:16:57.181+0000] {process_utils.py:191} INFO - Requirement already satisfied: jsonschema-specifications>=2023.03.6 in /tmp/cosmos_venv_ecom/lib/python3.10/site-packages (from jsonschema<5.0,>=4.19.1->dbt-core>=1.9->dbt-clickhouse) (2025.9.1)
[2025-09-22T08:16:57.182+0000] {process_utils.py:191} INFO - Requirement already satisfied: referencing>=0.28.4 in /tmp/cosmos_venv_ecom/lib/python3.10/site-packages (from jsonschema<5.0,>=4.19.1->dbt-core>=1.9->dbt-clickhouse) (0.36.2)
[2025-09-22T08:16:57.183+0000] {process_utils.py:191} INFO - Requirement already satisfied: rpds-py>=0.7.1 in /tmp/cosmos_venv_ecom/lib/python3.10/site-packages (from jsonschema<5.0,>=4.19.1->dbt-core>=1.9->dbt-clickhouse) (0.27.1)
[2025-09-22T08:16:57.191+0000] {process_utils.py:191} INFO - Requirement already satisfied: msgpack>=0.5.6 in /tmp/cosmos_venv_ecom/lib/python3.10/site-packages (from mashumaro[msgpack]<3.15,>=3.9->dbt-core>=1.9->dbt-clickhouse) (1.1.1)
[2025-09-22T08:16:57.206+0000] {process_utils.py:191} INFO - Requirement already satisfied: annotated-types>=0.6.0 in /tmp/cosmos_venv_ecom/lib/python3.10/site-packages (from pydantic<3->dbt-core>=1.9->dbt-clickhouse) (0.7.0)
[2025-09-22T08:16:57.207+0000] {process_utils.py:191} INFO - Requirement already satisfied: pydantic-core==2.33.2 in /tmp/cosmos_venv_ecom/lib/python3.10/site-packages (from pydantic<3->dbt-core>=1.9->dbt-clickhouse) (2.33.2)
[2025-09-22T08:16:57.207+0000] {process_utils.py:191} INFO - Requirement already satisfied: typing-inspection>=0.4.0 in /tmp/cosmos_venv_ecom/lib/python3.10/site-packages (from pydantic<3->dbt-core>=1.9->dbt-clickhouse) (0.4.1)
[2025-09-22T08:16:57.213+0000] {process_utils.py:191} INFO - Requirement already satisfied: charset_normalizer<4,>=2 in /tmp/cosmos_venv_ecom/lib/python3.10/site-packages (from requests<3.0.0->dbt-core>=1.9->dbt-clickhouse) (3.4.3)
[2025-09-22T08:16:57.214+0000] {process_utils.py:191} INFO - Requirement already satisfied: idna<4,>=2.5 in /tmp/cosmos_venv_ecom/lib/python3.10/site-packages (from requests<3.0.0->dbt-core>=1.9->dbt-clickhouse) (3.10)
[2025-09-22T08:16:57.249+0000] {process_utils.py:191} INFO - Requirement already satisfied: text-unidecode>=1.3 in /tmp/cosmos_venv_ecom/lib/python3.10/site-packages (from python-slugify>=1.2.1->agate<1.10,>=1.7.0->dbt-core>=1.9->dbt-clickhouse) (1.3)
[2025-09-22T08:16:57.437+0000] {local.py:470} INFO - Cloning project to writable temp directory /tmp/tmp46h001l9 from /opt/airflow/dags/dbt/ecom_staging
[2025-09-22T08:16:57.458+0000] {local.py:490} INFO - Partial parse is enabled and the latest partial parse file is /tmp/cosmos/dbt_staging__dbt_ecom/target/partial_parse.msgpack
[2025-09-22T08:16:57.476+0000] {config.py:362} INFO - Using user-supplied profiles.yml at /opt/airflow/dags/dbt/profiles.yml
[2025-09-22T08:16:57.500+0000] {virtualenv.py:99} INFO - Using Python binary from virtualenv: /tmp/cosmos_venv_ecom/bin/python
[2025-09-22T08:16:57.501+0000] {local.py:434} INFO - Trying to run the command:
 ['/tmp/cosmos_venv_ecom/bin/dbt', 'deps', '--project-dir', '/tmp/tmp46h001l9', '--profiles-dir', '/opt/***/dags/dbt', '--profile', 'ecom_staging', '--target', 'dev']
From /tmp/tmp46h001l9
[2025-09-22T08:16:57.502+0000] {subprocess.py:56} INFO - Tmp dir root location: 
 /tmp
[2025-09-22T08:16:57.504+0000] {subprocess.py:69} INFO - Running command: ['/tmp/cosmos_venv_ecom/bin/dbt', 'deps', '--project-dir', '/tmp/tmp46h001l9', '--profiles-dir', '/opt/***/dags/dbt', '--profile', 'ecom_staging', '--target', 'dev']
[2025-09-22T08:16:57.523+0000] {subprocess.py:80} INFO - Command output:
[2025-09-22T08:16:59.599+0000] {subprocess.py:90} INFO - [0m08:16:59  Running with dbt=1.10.11
[2025-09-22T08:17:00.426+0000] {subprocess.py:90} INFO - [0m08:17:00  Installing dbt-labs/dbt_utils
[2025-09-22T08:17:01.131+0000] {subprocess.py:90} INFO - [0m08:17:01  Installed from version 1.3.0
[2025-09-22T08:17:01.132+0000] {subprocess.py:90} INFO - [0m08:17:01  Updated version available: 1.3.1
[2025-09-22T08:17:01.132+0000] {subprocess.py:90} INFO - [0m08:17:01
[2025-09-22T08:17:01.133+0000] {subprocess.py:90} INFO - [0m08:17:01  Updates available for packages: ['dbt-labs/dbt_utils']
[2025-09-22T08:17:01.134+0000] {subprocess.py:90} INFO - Update your versions in packages.yml, then run dbt deps
[2025-09-22T08:17:02.877+0000] {subprocess.py:94} INFO - Command exited with return code 0
[2025-09-22T08:17:02.878+0000] {local.py:441} INFO - Update your versions in packages.yml, then run dbt deps
[2025-09-22T08:17:02.878+0000] {virtualenv.py:99} INFO - Using Python binary from virtualenv: /tmp/cosmos_venv_ecom/bin/python
[2025-09-22T08:17:02.879+0000] {local.py:434} INFO - Trying to run the command:
 ['/tmp/cosmos_venv_ecom/bin/dbt', 'test', '--models', 'stg_reviews', '--project-dir', '/tmp/tmp46h001l9', '--profiles-dir', '/opt/***/dags/dbt', '--profile', 'ecom_staging', '--target', 'dev']
From /tmp/tmp46h001l9
[2025-09-22T08:17:02.880+0000] {subprocess.py:56} INFO - Tmp dir root location: 
 /tmp
[2025-09-22T08:17:02.880+0000] {subprocess.py:69} INFO - Running command: ['/tmp/cosmos_venv_ecom/bin/dbt', 'test', '--models', 'stg_reviews', '--project-dir', '/tmp/tmp46h001l9', '--profiles-dir', '/opt/***/dags/dbt', '--profile', 'ecom_staging', '--target', 'dev']
[2025-09-22T08:17:02.892+0000] {subprocess.py:80} INFO - Command output:
[2025-09-22T08:17:04.872+0000] {subprocess.py:90} INFO - [0m08:17:04  Running with dbt=1.10.11
[2025-09-22T08:17:04.874+0000] {subprocess.py:90} INFO - [0m08:17:04  [[33mWARNING[0m]: Deprecated functionality
[2025-09-22T08:17:04.874+0000] {subprocess.py:90} INFO - Usage of `--models`, `--model`, and `-m` is deprecated in favor of `--select` or
[2025-09-22T08:17:04.875+0000] {subprocess.py:90} INFO - `-s`.
[2025-09-22T08:17:05.171+0000] {subprocess.py:90} INFO - [0m08:17:05  Registered adapter: clickhouse=1.9.3
[2025-09-22T08:17:05.903+0000] {subprocess.py:90} INFO - [0m08:17:05  Found 8 models, 46 data tests, 8 sources, 597 macros
[2025-09-22T08:17:05.905+0000] {subprocess.py:90} INFO - [0m08:17:05
[2025-09-22T08:17:05.905+0000] {subprocess.py:90} INFO - [0m08:17:05  Concurrency: 4 threads (target='dev')
[2025-09-22T08:17:05.906+0000] {subprocess.py:90} INFO - [0m08:17:05
[2025-09-22T08:17:06.037+0000] {subprocess.py:90} INFO - [0m08:17:06  1 of 3 START test not_null_stg_reviews_customer_id ............................. [RUN]
[2025-09-22T08:17:06.040+0000] {subprocess.py:90} INFO - [0m08:17:06  2 of 3 START test not_null_stg_reviews_order_id ................................ [RUN]
[2025-09-22T08:17:06.041+0000] {subprocess.py:90} INFO - [0m08:17:06  3 of 3 START test not_null_stg_reviews_product_id .............................. [RUN]
[2025-09-22T08:17:06.135+0000] {subprocess.py:90} INFO - [0m08:17:06  1 of 3 PASS not_null_stg_reviews_customer_id ................................... [[32mPASS[0m in 0.10s]
[2025-09-22T08:17:06.258+0000] {subprocess.py:90} INFO - [0m08:17:06  2 of 3 PASS not_null_stg_reviews_order_id ...................................... [[32mPASS[0m in 0.20s]
[2025-09-22T08:17:06.265+0000] {subprocess.py:90} INFO - [0m08:17:06  3 of 3 PASS not_null_stg_reviews_product_id .................................... [[32mPASS[0m in 0.21s]
[2025-09-22T08:17:06.275+0000] {subprocess.py:90} INFO - [0m08:17:06
[2025-09-22T08:17:06.275+0000] {subprocess.py:90} INFO - [0m08:17:06  Finished running 3 data tests in 0 hours 0 minutes and 0.37 seconds (0.37s).
[2025-09-22T08:17:06.329+0000] {subprocess.py:90} INFO - [0m08:17:06
[2025-09-22T08:17:06.330+0000] {subprocess.py:90} INFO - [0m08:17:06  [32mCompleted successfully[0m
[2025-09-22T08:17:06.330+0000] {subprocess.py:90} INFO - [0m08:17:06
[2025-09-22T08:17:06.331+0000] {subprocess.py:90} INFO - [0m08:17:06  Done. PASS=3 WARN=0 ERROR=0 SKIP=0 NO-OP=0 TOTAL=3
[2025-09-22T08:17:06.331+0000] {subprocess.py:90} INFO - [0m08:17:06  [[33mWARNING[0m][DeprecationsSummary]: Deprecated functionality
[2025-09-22T08:17:06.332+0000] {subprocess.py:90} INFO - Summary of encountered deprecations:
[2025-09-22T08:17:06.333+0000] {subprocess.py:90} INFO - - ModelParamUsageDeprecation: 1 occurrence
[2025-09-22T08:17:06.333+0000] {subprocess.py:90} INFO - To see all deprecation instances instead of just the first occurrence of each,
[2025-09-22T08:17:06.334+0000] {subprocess.py:90} INFO - run command again with the `--show-all-deprecations` flag. You may also need to
[2025-09-22T08:17:06.334+0000] {subprocess.py:90} INFO - run with `--no-partial-parse` as some deprecations are only encountered during
[2025-09-22T08:17:06.335+0000] {subprocess.py:90} INFO - parsing.
[2025-09-22T08:17:08.100+0000] {subprocess.py:94} INFO - Command exited with return code 0
[2025-09-22T08:17:08.100+0000] {local.py:441} INFO - parsing.
[2025-09-22T08:17:08.111+0000] {local.py:196} WARNING - Artifact schema version: https://schemas.getdbt.com/dbt/manifest/v12.json is above dbt-ol supported version 7. This might cause errors.
[2025-09-22T08:17:08.112+0000] {local.py:196} WARNING - Artifact schema version: https://schemas.getdbt.com/dbt/run-results/v6.json is above dbt-ol supported version 5. This might cause errors.
[2025-09-22T08:17:08.118+0000] {local.py:547} INFO - Inlets: []
[2025-09-22T08:17:08.119+0000] {local.py:548} INFO - Outlets: []
[2025-09-22T08:17:08.119+0000] {local.py:772} INFO - Assigning inlets/outlets without DatasetAlias
[2025-09-22T08:17:08.120+0000] {dag.py:3089} INFO - Sync 1 DAGs
[2025-09-22T08:17:08.260+0000] {virtualenv.py:131} INFO - Releasing virtualenv lock
[2025-09-22T08:17:08.261+0000] {virtualenv.py:145} INFO - None
[2025-09-22T08:17:08.262+0000] {taskinstance.py:441} INFO - ::group::Post task execution logs
[2025-09-22T08:17:08.305+0000] {taskinstance.py:1206} INFO - Marking task as SUCCESS. dag_id=dbt_staging, task_id=dbt_ecom.stg_reviews.test, run_id=scheduled__2025-09-21T00:00:00+00:00, execution_date=20250921T000000, start_date=20250922T081611, end_date=20250922T081708
[2025-09-22T08:17:08.330+0000] {local_task_job_runner.py:243} INFO - Task exited with return code 0
[2025-09-22T08:17:08.393+0000] {taskinstance.py:3503} INFO - 0 downstream tasks scheduled from follow-on schedule check
[2025-09-22T08:17:08.405+0000] {local_task_job_runner.py:222} INFO - ::endgroup::
