[2025-09-14T14:33:35.891+0000] {local_task_job_runner.py:120} INFO - ::group::Pre task execution logs
[2025-09-14T14:33:36.169+0000] {taskinstance.py:2076} INFO - Dependencies all met for dep_context=non-requeueable deps ti=<TaskInstance: dbt_intermediate.intermediate.customer_interactions.test manual__2025-09-14T14:31:11.196753+00:00 [queued]>
[2025-09-14T14:33:36.183+0000] {taskinstance.py:2076} INFO - Dependencies all met for dep_context=requeueable deps ti=<TaskInstance: dbt_intermediate.intermediate.customer_interactions.test manual__2025-09-14T14:31:11.196753+00:00 [queued]>
[2025-09-14T14:33:36.185+0000] {taskinstance.py:2306} INFO - Starting attempt 1 of 1
[2025-09-14T14:33:36.205+0000] {taskinstance.py:2330} INFO - Executing <Task(DbtTestVirtualenvOperator): intermediate.customer_interactions.test> on 2025-09-14 14:31:11.196753+00:00
[2025-09-14T14:33:36.213+0000] {standard_task_runner.py:64} INFO - Started process 7799 to run task
[2025-09-14T14:33:36.218+0000] {standard_task_runner.py:90} INFO - Running: ['***', 'tasks', 'run', 'dbt_intermediate', 'intermediate.customer_interactions.test', 'manual__2025-09-14T14:31:11.196753+00:00', '--job-id', '391', '--raw', '--subdir', 'DAGS_FOLDER/dbt_intermediate.py', '--cfg-path', '/tmp/tmpjxrzb9_a']
[2025-09-14T14:33:36.221+0000] {standard_task_runner.py:91} INFO - Job 391: Subtask intermediate.customer_interactions.test
[2025-09-14T14:33:36.400+0000] {task_command.py:426} INFO - Running <TaskInstance: dbt_intermediate.intermediate.customer_interactions.test manual__2025-09-14T14:31:11.196753+00:00 [running]> on host e95bde6b8d07
[2025-09-14T14:33:36.686+0000] {taskinstance.py:2648} INFO - Exporting env vars: AIRFLOW_CTX_DAG_OWNER='***' AIRFLOW_CTX_DAG_ID='dbt_intermediate' AIRFLOW_CTX_TASK_ID='intermediate.customer_interactions.test' AIRFLOW_CTX_EXECUTION_DATE='2025-09-14T14:31:11.196753+00:00' AIRFLOW_CTX_TRY_NUMBER='1' AIRFLOW_CTX_DAG_RUN_ID='manual__2025-09-14T14:31:11.196753+00:00'
[2025-09-14T14:33:36.689+0000] {taskinstance.py:430} INFO - ::endgroup::
[2025-09-14T14:33:36.703+0000] {baseoperator.py:400} WARNING - DbtTestVirtualenvOperator.execute cannot be called outside TaskInstance!
[2025-09-14T14:33:36.704+0000] {virtualenv.py:120} INFO - Checking if the virtualenv lock /tmp/cosmos_venv_ecom_intermediate/cosmos_virtualenv.lock exists
[2025-09-14T14:33:36.705+0000] {virtualenv.py:178} INFO - Checking for running process with PID 7582
[2025-09-14T14:33:36.705+0000] {virtualenv.py:181} INFO - Process 7582 running: True and has the lock /tmp/cosmos_venv_ecom_intermediate/cosmos_virtualenv.lock.
[2025-09-14T14:33:36.706+0000] {virtualenv.py:122} INFO - Waiting for virtualenv lock to be released
[2025-09-14T14:33:37.706+0000] {virtualenv.py:178} INFO - Checking for running process with PID 7582
[2025-09-14T14:33:37.707+0000] {virtualenv.py:181} INFO - Process 7582 running: True and has the lock /tmp/cosmos_venv_ecom_intermediate/cosmos_virtualenv.lock.
[2025-09-14T14:33:37.707+0000] {virtualenv.py:122} INFO - Waiting for virtualenv lock to be released
[2025-09-14T14:33:38.709+0000] {virtualenv.py:178} INFO - Checking for running process with PID 7582
[2025-09-14T14:33:38.710+0000] {virtualenv.py:181} INFO - Process 7582 running: True and has the lock /tmp/cosmos_venv_ecom_intermediate/cosmos_virtualenv.lock.
[2025-09-14T14:33:38.710+0000] {virtualenv.py:122} INFO - Waiting for virtualenv lock to be released
[2025-09-14T14:33:39.711+0000] {virtualenv.py:178} INFO - Checking for running process with PID 7582
[2025-09-14T14:33:39.716+0000] {virtualenv.py:181} INFO - Process 7582 running: True and has the lock /tmp/cosmos_venv_ecom_intermediate/cosmos_virtualenv.lock.
[2025-09-14T14:33:39.716+0000] {virtualenv.py:122} INFO - Waiting for virtualenv lock to be released
[2025-09-14T14:33:40.718+0000] {virtualenv.py:178} INFO - Checking for running process with PID 7582
[2025-09-14T14:33:40.719+0000] {virtualenv.py:181} INFO - Process 7582 running: True and has the lock /tmp/cosmos_venv_ecom_intermediate/cosmos_virtualenv.lock.
[2025-09-14T14:33:40.720+0000] {virtualenv.py:122} INFO - Waiting for virtualenv lock to be released
[2025-09-14T14:33:41.722+0000] {virtualenv.py:178} INFO - Checking for running process with PID 7582
[2025-09-14T14:33:41.723+0000] {virtualenv.py:181} INFO - Process 7582 running: True and has the lock /tmp/cosmos_venv_ecom_intermediate/cosmos_virtualenv.lock.
[2025-09-14T14:33:41.724+0000] {virtualenv.py:122} INFO - Waiting for virtualenv lock to be released
[2025-09-14T14:33:42.726+0000] {virtualenv.py:178} INFO - Checking for running process with PID 7582
[2025-09-14T14:33:42.727+0000] {virtualenv.py:181} INFO - Process 7582 running: True and has the lock /tmp/cosmos_venv_ecom_intermediate/cosmos_virtualenv.lock.
[2025-09-14T14:33:42.727+0000] {virtualenv.py:122} INFO - Waiting for virtualenv lock to be released
[2025-09-14T14:33:43.729+0000] {virtualenv.py:178} INFO - Checking for running process with PID 7582
[2025-09-14T14:33:43.730+0000] {virtualenv.py:181} INFO - Process 7582 running: True and has the lock /tmp/cosmos_venv_ecom_intermediate/cosmos_virtualenv.lock.
[2025-09-14T14:33:43.731+0000] {virtualenv.py:122} INFO - Waiting for virtualenv lock to be released
[2025-09-14T14:33:44.733+0000] {virtualenv.py:178} INFO - Checking for running process with PID 7582
[2025-09-14T14:33:44.734+0000] {virtualenv.py:181} INFO - Process 7582 running: True and has the lock /tmp/cosmos_venv_ecom_intermediate/cosmos_virtualenv.lock.
[2025-09-14T14:33:44.734+0000] {virtualenv.py:122} INFO - Waiting for virtualenv lock to be released
[2025-09-14T14:33:45.736+0000] {virtualenv.py:178} INFO - Checking for running process with PID 7582
[2025-09-14T14:33:45.737+0000] {virtualenv.py:181} INFO - Process 7582 running: True and has the lock /tmp/cosmos_venv_ecom_intermediate/cosmos_virtualenv.lock.
[2025-09-14T14:33:45.737+0000] {virtualenv.py:122} INFO - Waiting for virtualenv lock to be released
[2025-09-14T14:33:46.739+0000] {virtualenv.py:178} INFO - Checking for running process with PID 7582
[2025-09-14T14:33:46.740+0000] {virtualenv.py:181} INFO - Process 7582 running: True and has the lock /tmp/cosmos_venv_ecom_intermediate/cosmos_virtualenv.lock.
[2025-09-14T14:33:46.740+0000] {virtualenv.py:122} INFO - Waiting for virtualenv lock to be released
[2025-09-14T14:33:47.742+0000] {virtualenv.py:178} INFO - Checking for running process with PID 7582
[2025-09-14T14:33:47.742+0000] {virtualenv.py:181} INFO - Process 7582 running: True and has the lock /tmp/cosmos_venv_ecom_intermediate/cosmos_virtualenv.lock.
[2025-09-14T14:33:47.743+0000] {virtualenv.py:122} INFO - Waiting for virtualenv lock to be released
[2025-09-14T14:33:48.744+0000] {virtualenv.py:178} INFO - Checking for running process with PID 7696
[2025-09-14T14:33:48.745+0000] {virtualenv.py:181} INFO - Process 7696 running: True and has the lock /tmp/cosmos_venv_ecom_intermediate/cosmos_virtualenv.lock.
[2025-09-14T14:33:48.746+0000] {virtualenv.py:122} INFO - Waiting for virtualenv lock to be released
[2025-09-14T14:33:49.747+0000] {virtualenv.py:178} INFO - Checking for running process with PID 7696
[2025-09-14T14:33:49.749+0000] {virtualenv.py:181} INFO - Process 7696 running: True and has the lock /tmp/cosmos_venv_ecom_intermediate/cosmos_virtualenv.lock.
[2025-09-14T14:33:49.749+0000] {virtualenv.py:122} INFO - Waiting for virtualenv lock to be released
[2025-09-14T14:33:50.751+0000] {virtualenv.py:178} INFO - Checking for running process with PID 7696
[2025-09-14T14:33:50.752+0000] {virtualenv.py:181} INFO - Process 7696 running: True and has the lock /tmp/cosmos_venv_ecom_intermediate/cosmos_virtualenv.lock.
[2025-09-14T14:33:50.753+0000] {virtualenv.py:122} INFO - Waiting for virtualenv lock to be released
[2025-09-14T14:33:51.754+0000] {virtualenv.py:178} INFO - Checking for running process with PID 7696
[2025-09-14T14:33:51.755+0000] {virtualenv.py:181} INFO - Process 7696 running: True and has the lock /tmp/cosmos_venv_ecom_intermediate/cosmos_virtualenv.lock.
[2025-09-14T14:33:51.756+0000] {virtualenv.py:122} INFO - Waiting for virtualenv lock to be released
[2025-09-14T14:33:52.758+0000] {virtualenv.py:178} INFO - Checking for running process with PID 7696
[2025-09-14T14:33:52.759+0000] {virtualenv.py:181} INFO - Process 7696 running: True and has the lock /tmp/cosmos_venv_ecom_intermediate/cosmos_virtualenv.lock.
[2025-09-14T14:33:52.759+0000] {virtualenv.py:122} INFO - Waiting for virtualenv lock to be released
[2025-09-14T14:33:53.761+0000] {virtualenv.py:178} INFO - Checking for running process with PID 7696
[2025-09-14T14:33:53.762+0000] {virtualenv.py:181} INFO - Process 7696 running: True and has the lock /tmp/cosmos_venv_ecom_intermediate/cosmos_virtualenv.lock.
[2025-09-14T14:33:53.762+0000] {virtualenv.py:122} INFO - Waiting for virtualenv lock to be released
[2025-09-14T14:33:54.763+0000] {virtualenv.py:178} INFO - Checking for running process with PID 7696
[2025-09-14T14:33:54.765+0000] {virtualenv.py:181} INFO - Process 7696 running: True and has the lock /tmp/cosmos_venv_ecom_intermediate/cosmos_virtualenv.lock.
[2025-09-14T14:33:54.765+0000] {virtualenv.py:122} INFO - Waiting for virtualenv lock to be released
[2025-09-14T14:33:55.768+0000] {virtualenv.py:178} INFO - Checking for running process with PID 7696
[2025-09-14T14:33:55.769+0000] {virtualenv.py:181} INFO - Process 7696 running: True and has the lock /tmp/cosmos_venv_ecom_intermediate/cosmos_virtualenv.lock.
[2025-09-14T14:33:55.771+0000] {virtualenv.py:122} INFO - Waiting for virtualenv lock to be released
[2025-09-14T14:33:56.773+0000] {virtualenv.py:178} INFO - Checking for running process with PID 7696
[2025-09-14T14:33:56.785+0000] {virtualenv.py:181} INFO - Process 7696 running: True and has the lock /tmp/cosmos_venv_ecom_intermediate/cosmos_virtualenv.lock.
[2025-09-14T14:33:56.786+0000] {virtualenv.py:122} INFO - Waiting for virtualenv lock to be released
[2025-09-14T14:33:57.788+0000] {virtualenv.py:178} INFO - Checking for running process with PID 7696
[2025-09-14T14:33:57.789+0000] {virtualenv.py:181} INFO - Process 7696 running: True and has the lock /tmp/cosmos_venv_ecom_intermediate/cosmos_virtualenv.lock.
[2025-09-14T14:33:57.789+0000] {virtualenv.py:122} INFO - Waiting for virtualenv lock to be released
[2025-09-14T14:33:58.791+0000] {virtualenv.py:178} INFO - Checking for running process with PID 7696
[2025-09-14T14:33:58.792+0000] {virtualenv.py:181} INFO - Process 7696 running: True and has the lock /tmp/cosmos_venv_ecom_intermediate/cosmos_virtualenv.lock.
[2025-09-14T14:33:58.793+0000] {virtualenv.py:122} INFO - Waiting for virtualenv lock to be released
[2025-09-14T14:33:59.795+0000] {virtualenv.py:178} INFO - Checking for running process with PID 7696
[2025-09-14T14:33:59.795+0000] {virtualenv.py:181} INFO - Process 7696 running: True and has the lock /tmp/cosmos_venv_ecom_intermediate/cosmos_virtualenv.lock.
[2025-09-14T14:33:59.796+0000] {virtualenv.py:122} INFO - Waiting for virtualenv lock to be released
[2025-09-14T14:34:00.798+0000] {virtualenv.py:178} INFO - Checking for running process with PID 7696
[2025-09-14T14:34:00.800+0000] {virtualenv.py:181} INFO - Process 7696 running: True and has the lock /tmp/cosmos_venv_ecom_intermediate/cosmos_virtualenv.lock.
[2025-09-14T14:34:00.801+0000] {virtualenv.py:122} INFO - Waiting for virtualenv lock to be released
[2025-09-14T14:34:01.803+0000] {virtualenv.py:178} INFO - Checking for running process with PID 7696
[2025-09-14T14:34:01.804+0000] {virtualenv.py:181} INFO - Process 7696 running: True and has the lock /tmp/cosmos_venv_ecom_intermediate/cosmos_virtualenv.lock.
[2025-09-14T14:34:01.805+0000] {virtualenv.py:122} INFO - Waiting for virtualenv lock to be released
[2025-09-14T14:34:02.805+0000] {virtualenv.py:126} INFO - Acquiring the virtualenv lock
[2025-09-14T14:34:02.806+0000] {virtualenv.py:195} INFO - Acquiring lock at /tmp/cosmos_venv_ecom_intermediate/cosmos_virtualenv.lock with pid 7799
[2025-09-14T14:34:02.807+0000] {virtualenv.py:153} INFO - Creating or updating the virtualenv at `/tmp/cosmos_venv_ecom_intermediate
[2025-09-14T14:34:02.808+0000] {process_utils.py:183} INFO - Executing cmd: /home/***/.local/bin/python -m virtualenv /tmp/cosmos_venv_ecom_intermediate --python=python3
[2025-09-14T14:34:02.809+0000] {process_utils.py:187} INFO - Output:
[2025-09-14T14:34:04.286+0000] {process_utils.py:191} INFO - created virtual environment CPython3.10.14.final.0-64 in 631ms
[2025-09-14T14:34:04.287+0000] {process_utils.py:191} INFO -   creator CPython3Posix(dest=/tmp/cosmos_venv_ecom_intermediate, clear=False, no_vcs_ignore=False, global=False)
[2025-09-14T14:34:04.288+0000] {process_utils.py:191} INFO -   seeder FromAppData(download=False, pip=bundle, setuptools=bundle, wheel=bundle, via=copy, app_data_dir=/home/***/.local/share/virtualenv)
[2025-09-14T14:34:04.289+0000] {process_utils.py:191} INFO -     added seed packages: MarkupSafe==3.0.2, PyYAML==6.0.2, agate==1.9.1, annotated_types==0.7.0, attrs==25.3.0, babel==2.17.0, certifi==2025.8.3, charset_normalizer==3.4.3, click==8.2.1, clickhouse_connect==0.8.18, clickhouse_driver==0.2.9, colorama==0.4.6, daff==1.4.2, dbt_adapters==1.16.7, dbt_clickhouse==1.9.3, dbt_common==1.30.0, dbt_core==1.10.11, dbt_extractor==0.6.0, dbt_protos==1.0.375, dbt_semantic_interfaces==0.9.0, deepdiff==8.6.1, idna==3.10, importlib_metadata==8.7.0, isodate==0.6.1, jinja2==3.1.6, jsonschema==4.25.1, jsonschema_specifications==2025.9.1, leather==0.4.0, lz4==4.4.4, mashumaro==3.14, more_itertools==10.8.0, msgpack==1.1.1, networkx==3.4.2, orderly_set==5.5.0, packaging==25.0, parsedatetime==2.6, pathspec==0.12.1, pip==25.2, protobuf==6.32.1, pydantic==2.11.8, pydantic_core==2.33.2, python_dateutil==2.9.0.post0, python_slugify==8.0.4, pytimeparse==1.1.8, pytz==2025.2, referencing==0.36.2, requests==2.32.5, rpds_py==0.27.1, setuptools==80.9.0, six==1.17.0, snowplow_tracker==1.1.0, sqlparse==0.5.3, text_unidecode==1.3, typing_extensions==4.15.0, typing_inspection==0.4.1, tzlocal==5.3.1, urllib3==2.5.0, wheel==0.45.1, zipp==3.23.0, zstandard==0.24.0
[2025-09-14T14:34:04.290+0000] {process_utils.py:191} INFO -   activators BashActivator,CShellActivator,FishActivator,NushellActivator,PowerShellActivator,PythonActivator
[2025-09-14T14:34:04.371+0000] {process_utils.py:183} INFO - Executing cmd: /tmp/cosmos_venv_ecom_intermediate/bin/pip install dbt-clickhouse
[2025-09-14T14:34:04.372+0000] {process_utils.py:187} INFO - Output:
[2025-09-14T14:34:05.861+0000] {process_utils.py:191} INFO - Requirement already satisfied: dbt-clickhouse in /tmp/cosmos_venv_ecom_intermediate/lib/python3.10/site-packages (1.9.3)
[2025-09-14T14:34:05.863+0000] {process_utils.py:191} INFO - Requirement already satisfied: dbt-core>=1.9 in /tmp/cosmos_venv_ecom_intermediate/lib/python3.10/site-packages (from dbt-clickhouse) (1.10.11)
[2025-09-14T14:34:05.864+0000] {process_utils.py:191} INFO - Requirement already satisfied: clickhouse-connect>=0.6.22 in /tmp/cosmos_venv_ecom_intermediate/lib/python3.10/site-packages (from dbt-clickhouse) (0.8.18)
[2025-09-14T14:34:05.865+0000] {process_utils.py:191} INFO - Requirement already satisfied: clickhouse-driver>=0.2.6 in /tmp/cosmos_venv_ecom_intermediate/lib/python3.10/site-packages (from dbt-clickhouse) (0.2.9)
[2025-09-14T14:34:05.865+0000] {process_utils.py:191} INFO - Requirement already satisfied: setuptools>=0.69 in /tmp/cosmos_venv_ecom_intermediate/lib/python3.10/site-packages (from dbt-clickhouse) (80.9.0)
[2025-09-14T14:34:05.868+0000] {process_utils.py:191} INFO - Requirement already satisfied: certifi in /tmp/cosmos_venv_ecom_intermediate/lib/python3.10/site-packages (from clickhouse-connect>=0.6.22->dbt-clickhouse) (2025.8.3)
[2025-09-14T14:34:05.869+0000] {process_utils.py:191} INFO - Requirement already satisfied: urllib3>=1.26 in /tmp/cosmos_venv_ecom_intermediate/lib/python3.10/site-packages (from clickhouse-connect>=0.6.22->dbt-clickhouse) (2.5.0)
[2025-09-14T14:34:05.869+0000] {process_utils.py:191} INFO - Requirement already satisfied: pytz in /tmp/cosmos_venv_ecom_intermediate/lib/python3.10/site-packages (from clickhouse-connect>=0.6.22->dbt-clickhouse) (2025.2)
[2025-09-14T14:34:05.870+0000] {process_utils.py:191} INFO - Requirement already satisfied: zstandard in /tmp/cosmos_venv_ecom_intermediate/lib/python3.10/site-packages (from clickhouse-connect>=0.6.22->dbt-clickhouse) (0.24.0)
[2025-09-14T14:34:05.870+0000] {process_utils.py:191} INFO - Requirement already satisfied: lz4 in /tmp/cosmos_venv_ecom_intermediate/lib/python3.10/site-packages (from clickhouse-connect>=0.6.22->dbt-clickhouse) (4.4.4)
[2025-09-14T14:34:05.873+0000] {process_utils.py:191} INFO - Requirement already satisfied: tzlocal in /tmp/cosmos_venv_ecom_intermediate/lib/python3.10/site-packages (from clickhouse-driver>=0.2.6->dbt-clickhouse) (5.3.1)
[2025-09-14T14:34:05.878+0000] {process_utils.py:191} INFO - Requirement already satisfied: agate<1.10,>=1.7.0 in /tmp/cosmos_venv_ecom_intermediate/lib/python3.10/site-packages (from dbt-core>=1.9->dbt-clickhouse) (1.9.1)
[2025-09-14T14:34:05.878+0000] {process_utils.py:191} INFO - Requirement already satisfied: Jinja2<4,>=3.1.3 in /tmp/cosmos_venv_ecom_intermediate/lib/python3.10/site-packages (from dbt-core>=1.9->dbt-clickhouse) (3.1.6)
[2025-09-14T14:34:05.880+0000] {process_utils.py:191} INFO - Requirement already satisfied: mashumaro<3.15,>=3.9 in /tmp/cosmos_venv_ecom_intermediate/lib/python3.10/site-packages (from mashumaro[msgpack]<3.15,>=3.9->dbt-core>=1.9->dbt-clickhouse) (3.14)
[2025-09-14T14:34:05.881+0000] {process_utils.py:191} INFO - Requirement already satisfied: click<9.0,>=8.0.2 in /tmp/cosmos_venv_ecom_intermediate/lib/python3.10/site-packages (from dbt-core>=1.9->dbt-clickhouse) (8.2.1)
[2025-09-14T14:34:05.882+0000] {process_utils.py:191} INFO - Requirement already satisfied: jsonschema<5.0,>=4.19.1 in /tmp/cosmos_venv_ecom_intermediate/lib/python3.10/site-packages (from dbt-core>=1.9->dbt-clickhouse) (4.25.1)
[2025-09-14T14:34:05.883+0000] {process_utils.py:191} INFO - Requirement already satisfied: networkx<4.0,>=2.3 in /tmp/cosmos_venv_ecom_intermediate/lib/python3.10/site-packages (from dbt-core>=1.9->dbt-clickhouse) (3.4.2)
[2025-09-14T14:34:05.883+0000] {process_utils.py:191} INFO - Requirement already satisfied: protobuf<7.0,>=6.0 in /tmp/cosmos_venv_ecom_intermediate/lib/python3.10/site-packages (from dbt-core>=1.9->dbt-clickhouse) (6.32.1)
[2025-09-14T14:34:05.884+0000] {process_utils.py:191} INFO - Requirement already satisfied: requests<3.0.0 in /tmp/cosmos_venv_ecom_intermediate/lib/python3.10/site-packages (from dbt-core>=1.9->dbt-clickhouse) (2.32.5)
[2025-09-14T14:34:05.885+0000] {process_utils.py:191} INFO - Requirement already satisfied: snowplow-tracker<2.0,>=1.0.2 in /tmp/cosmos_venv_ecom_intermediate/lib/python3.10/site-packages (from dbt-core>=1.9->dbt-clickhouse) (1.1.0)
[2025-09-14T14:34:05.886+0000] {process_utils.py:191} INFO - Requirement already satisfied: pathspec<0.13,>=0.9 in /tmp/cosmos_venv_ecom_intermediate/lib/python3.10/site-packages (from dbt-core>=1.9->dbt-clickhouse) (0.12.1)
[2025-09-14T14:34:05.886+0000] {process_utils.py:191} INFO - Requirement already satisfied: sqlparse<0.6.0,>=0.5.0 in /tmp/cosmos_venv_ecom_intermediate/lib/python3.10/site-packages (from dbt-core>=1.9->dbt-clickhouse) (0.5.3)
[2025-09-14T14:34:05.888+0000] {process_utils.py:191} INFO - Requirement already satisfied: dbt-extractor<=0.6,>=0.5.0 in /tmp/cosmos_venv_ecom_intermediate/lib/python3.10/site-packages (from dbt-core>=1.9->dbt-clickhouse) (0.6.0)
[2025-09-14T14:34:05.889+0000] {process_utils.py:191} INFO - Requirement already satisfied: dbt-semantic-interfaces<0.10,>=0.9.0 in /tmp/cosmos_venv_ecom_intermediate/lib/python3.10/site-packages (from dbt-core>=1.9->dbt-clickhouse) (0.9.0)
[2025-09-14T14:34:05.890+0000] {process_utils.py:191} INFO - Requirement already satisfied: dbt-common<2.0,>=1.27.0 in /tmp/cosmos_venv_ecom_intermediate/lib/python3.10/site-packages (from dbt-core>=1.9->dbt-clickhouse) (1.30.0)
[2025-09-14T14:34:05.890+0000] {process_utils.py:191} INFO - Requirement already satisfied: dbt-adapters<2.0,>=1.15.5 in /tmp/cosmos_venv_ecom_intermediate/lib/python3.10/site-packages (from dbt-core>=1.9->dbt-clickhouse) (1.16.7)
[2025-09-14T14:34:05.891+0000] {process_utils.py:191} INFO - Requirement already satisfied: dbt-protos<2.0,>=1.0.346 in /tmp/cosmos_venv_ecom_intermediate/lib/python3.10/site-packages (from dbt-core>=1.9->dbt-clickhouse) (1.0.375)
[2025-09-14T14:34:05.892+0000] {process_utils.py:191} INFO - Requirement already satisfied: pydantic<3 in /tmp/cosmos_venv_ecom_intermediate/lib/python3.10/site-packages (from dbt-core>=1.9->dbt-clickhouse) (2.11.8)
[2025-09-14T14:34:05.892+0000] {process_utils.py:191} INFO - Requirement already satisfied: packaging>20.9 in /tmp/cosmos_venv_ecom_intermediate/lib/python3.10/site-packages (from dbt-core>=1.9->dbt-clickhouse) (25.0)
[2025-09-14T14:34:05.893+0000] {process_utils.py:191} INFO - Requirement already satisfied: pyyaml>=6.0 in /tmp/cosmos_venv_ecom_intermediate/lib/python3.10/site-packages (from dbt-core>=1.9->dbt-clickhouse) (6.0.2)
[2025-09-14T14:34:05.894+0000] {process_utils.py:191} INFO - Requirement already satisfied: daff>=1.3.46 in /tmp/cosmos_venv_ecom_intermediate/lib/python3.10/site-packages (from dbt-core>=1.9->dbt-clickhouse) (1.4.2)
[2025-09-14T14:34:05.895+0000] {process_utils.py:191} INFO - Requirement already satisfied: typing-extensions>=4.4 in /tmp/cosmos_venv_ecom_intermediate/lib/python3.10/site-packages (from dbt-core>=1.9->dbt-clickhouse) (4.15.0)
[2025-09-14T14:34:05.900+0000] {process_utils.py:191} INFO - Requirement already satisfied: Babel>=2.0 in /tmp/cosmos_venv_ecom_intermediate/lib/python3.10/site-packages (from agate<1.10,>=1.7.0->dbt-core>=1.9->dbt-clickhouse) (2.17.0)
[2025-09-14T14:34:05.901+0000] {process_utils.py:191} INFO - Requirement already satisfied: isodate>=0.5.4 in /tmp/cosmos_venv_ecom_intermediate/lib/python3.10/site-packages (from agate<1.10,>=1.7.0->dbt-core>=1.9->dbt-clickhouse) (0.6.1)
[2025-09-14T14:34:05.902+0000] {process_utils.py:191} INFO - Requirement already satisfied: leather>=0.3.2 in /tmp/cosmos_venv_ecom_intermediate/lib/python3.10/site-packages (from agate<1.10,>=1.7.0->dbt-core>=1.9->dbt-clickhouse) (0.4.0)
[2025-09-14T14:34:05.903+0000] {process_utils.py:191} INFO - Requirement already satisfied: parsedatetime!=2.5,>=2.1 in /tmp/cosmos_venv_ecom_intermediate/lib/python3.10/site-packages (from agate<1.10,>=1.7.0->dbt-core>=1.9->dbt-clickhouse) (2.6)
[2025-09-14T14:34:05.904+0000] {process_utils.py:191} INFO - Requirement already satisfied: python-slugify>=1.2.1 in /tmp/cosmos_venv_ecom_intermediate/lib/python3.10/site-packages (from agate<1.10,>=1.7.0->dbt-core>=1.9->dbt-clickhouse) (8.0.4)
[2025-09-14T14:34:05.904+0000] {process_utils.py:191} INFO - Requirement already satisfied: pytimeparse>=1.1.5 in /tmp/cosmos_venv_ecom_intermediate/lib/python3.10/site-packages (from agate<1.10,>=1.7.0->dbt-core>=1.9->dbt-clickhouse) (1.1.8)
[2025-09-14T14:34:05.920+0000] {process_utils.py:191} INFO - Requirement already satisfied: colorama<0.5,>=0.3.9 in /tmp/cosmos_venv_ecom_intermediate/lib/python3.10/site-packages (from dbt-common<2.0,>=1.27.0->dbt-core>=1.9->dbt-clickhouse) (0.4.6)
[2025-09-14T14:34:05.921+0000] {process_utils.py:191} INFO - Requirement already satisfied: deepdiff<9.0,>=7.0 in /tmp/cosmos_venv_ecom_intermediate/lib/python3.10/site-packages (from dbt-common<2.0,>=1.27.0->dbt-core>=1.9->dbt-clickhouse) (8.6.1)
[2025-09-14T14:34:05.925+0000] {process_utils.py:191} INFO - Requirement already satisfied: python-dateutil<3.0,>=2.0 in /tmp/cosmos_venv_ecom_intermediate/lib/python3.10/site-packages (from dbt-common<2.0,>=1.27.0->dbt-core>=1.9->dbt-clickhouse) (2.9.0.post0)
[2025-09-14T14:34:05.933+0000] {process_utils.py:191} INFO - Requirement already satisfied: importlib-metadata<9,>=6.0 in /tmp/cosmos_venv_ecom_intermediate/lib/python3.10/site-packages (from dbt-semantic-interfaces<0.10,>=0.9.0->dbt-core>=1.9->dbt-clickhouse) (8.7.0)
[2025-09-14T14:34:05.935+0000] {process_utils.py:191} INFO - Requirement already satisfied: more-itertools<11.0,>=8.0 in /tmp/cosmos_venv_ecom_intermediate/lib/python3.10/site-packages (from dbt-semantic-interfaces<0.10,>=0.9.0->dbt-core>=1.9->dbt-clickhouse) (10.8.0)
[2025-09-14T14:34:05.946+0000] {process_utils.py:191} INFO - Requirement already satisfied: orderly-set<6,>=5.4.1 in /tmp/cosmos_venv_ecom_intermediate/lib/python3.10/site-packages (from deepdiff<9.0,>=7.0->dbt-common<2.0,>=1.27.0->dbt-core>=1.9->dbt-clickhouse) (5.5.0)
[2025-09-14T14:34:05.953+0000] {process_utils.py:191} INFO - Requirement already satisfied: zipp>=3.20 in /tmp/cosmos_venv_ecom_intermediate/lib/python3.10/site-packages (from importlib-metadata<9,>=6.0->dbt-semantic-interfaces<0.10,>=0.9.0->dbt-core>=1.9->dbt-clickhouse) (3.23.0)
[2025-09-14T14:34:05.955+0000] {process_utils.py:191} INFO - Requirement already satisfied: six in /tmp/cosmos_venv_ecom_intermediate/lib/python3.10/site-packages (from isodate>=0.5.4->agate<1.10,>=1.7.0->dbt-core>=1.9->dbt-clickhouse) (1.17.0)
[2025-09-14T14:34:05.957+0000] {process_utils.py:191} INFO - Requirement already satisfied: MarkupSafe>=2.0 in /tmp/cosmos_venv_ecom_intermediate/lib/python3.10/site-packages (from Jinja2<4,>=3.1.3->dbt-core>=1.9->dbt-clickhouse) (3.0.2)
[2025-09-14T14:34:05.962+0000] {process_utils.py:191} INFO - Requirement already satisfied: attrs>=22.2.0 in /tmp/cosmos_venv_ecom_intermediate/lib/python3.10/site-packages (from jsonschema<5.0,>=4.19.1->dbt-core>=1.9->dbt-clickhouse) (25.3.0)
[2025-09-14T14:34:05.963+0000] {process_utils.py:191} INFO - Requirement already satisfied: jsonschema-specifications>=2023.03.6 in /tmp/cosmos_venv_ecom_intermediate/lib/python3.10/site-packages (from jsonschema<5.0,>=4.19.1->dbt-core>=1.9->dbt-clickhouse) (2025.9.1)
[2025-09-14T14:34:05.964+0000] {process_utils.py:191} INFO - Requirement already satisfied: referencing>=0.28.4 in /tmp/cosmos_venv_ecom_intermediate/lib/python3.10/site-packages (from jsonschema<5.0,>=4.19.1->dbt-core>=1.9->dbt-clickhouse) (0.36.2)
[2025-09-14T14:34:05.965+0000] {process_utils.py:191} INFO - Requirement already satisfied: rpds-py>=0.7.1 in /tmp/cosmos_venv_ecom_intermediate/lib/python3.10/site-packages (from jsonschema<5.0,>=4.19.1->dbt-core>=1.9->dbt-clickhouse) (0.27.1)
[2025-09-14T14:34:05.973+0000] {process_utils.py:191} INFO - Requirement already satisfied: msgpack>=0.5.6 in /tmp/cosmos_venv_ecom_intermediate/lib/python3.10/site-packages (from mashumaro[msgpack]<3.15,>=3.9->dbt-core>=1.9->dbt-clickhouse) (1.1.1)
[2025-09-14T14:34:05.996+0000] {process_utils.py:191} INFO - Requirement already satisfied: annotated-types>=0.6.0 in /tmp/cosmos_venv_ecom_intermediate/lib/python3.10/site-packages (from pydantic<3->dbt-core>=1.9->dbt-clickhouse) (0.7.0)
[2025-09-14T14:34:05.996+0000] {process_utils.py:191} INFO - Requirement already satisfied: pydantic-core==2.33.2 in /tmp/cosmos_venv_ecom_intermediate/lib/python3.10/site-packages (from pydantic<3->dbt-core>=1.9->dbt-clickhouse) (2.33.2)
[2025-09-14T14:34:05.999+0000] {process_utils.py:191} INFO - Requirement already satisfied: typing-inspection>=0.4.0 in /tmp/cosmos_venv_ecom_intermediate/lib/python3.10/site-packages (from pydantic<3->dbt-core>=1.9->dbt-clickhouse) (0.4.1)
[2025-09-14T14:34:06.008+0000] {process_utils.py:191} INFO - Requirement already satisfied: charset_normalizer<4,>=2 in /tmp/cosmos_venv_ecom_intermediate/lib/python3.10/site-packages (from requests<3.0.0->dbt-core>=1.9->dbt-clickhouse) (3.4.3)
[2025-09-14T14:34:06.009+0000] {process_utils.py:191} INFO - Requirement already satisfied: idna<4,>=2.5 in /tmp/cosmos_venv_ecom_intermediate/lib/python3.10/site-packages (from requests<3.0.0->dbt-core>=1.9->dbt-clickhouse) (3.10)
[2025-09-14T14:34:06.091+0000] {process_utils.py:191} INFO - Requirement already satisfied: text-unidecode>=1.3 in /tmp/cosmos_venv_ecom_intermediate/lib/python3.10/site-packages (from python-slugify>=1.2.1->agate<1.10,>=1.7.0->dbt-core>=1.9->dbt-clickhouse) (1.3)
[2025-09-14T14:34:06.229+0000] {local.py:470} INFO - Cloning project to writable temp directory /tmp/tmpc4_dyqbt from /opt/airflow/dags/dbt/ecom_intermediate
[2025-09-14T14:34:06.239+0000] {local.py:490} INFO - Partial parse is enabled and the latest partial parse file is /tmp/cosmos/dbt_intermediate__intermediate/target/partial_parse.msgpack
[2025-09-14T14:34:06.250+0000] {config.py:362} INFO - Using user-supplied profiles.yml at /opt/airflow/dags/dbt/profiles.yml
[2025-09-14T14:34:06.258+0000] {virtualenv.py:99} INFO - Using Python binary from virtualenv: /tmp/cosmos_venv_ecom_intermediate/bin/python
[2025-09-14T14:34:06.258+0000] {local.py:434} INFO - Trying to run the command:
 ['/tmp/cosmos_venv_ecom_intermediate/bin/dbt', 'deps', '--project-dir', '/tmp/tmpc4_dyqbt', '--profiles-dir', '/opt/***/dags/dbt', '--profile', 'ecom_intermediate', '--target', 'dev']
From /tmp/tmpc4_dyqbt
[2025-09-14T14:34:06.259+0000] {subprocess.py:56} INFO - Tmp dir root location: 
 /tmp
[2025-09-14T14:34:06.259+0000] {subprocess.py:69} INFO - Running command: ['/tmp/cosmos_venv_ecom_intermediate/bin/dbt', 'deps', '--project-dir', '/tmp/tmpc4_dyqbt', '--profiles-dir', '/opt/***/dags/dbt', '--profile', 'ecom_intermediate', '--target', 'dev']
[2025-09-14T14:34:06.270+0000] {subprocess.py:80} INFO - Command output:
[2025-09-14T14:34:08.367+0000] {subprocess.py:90} INFO - [0m14:34:08  Running with dbt=1.10.11
[2025-09-14T14:34:09.459+0000] {subprocess.py:90} INFO - [0m14:34:09  Installing dbt-labs/dbt_utils
[2025-09-14T14:34:10.151+0000] {subprocess.py:90} INFO - [0m14:34:10  Installed from version 1.3.0
[2025-09-14T14:34:10.152+0000] {subprocess.py:90} INFO - [0m14:34:10  Updated version available: 1.3.1
[2025-09-14T14:34:10.153+0000] {subprocess.py:90} INFO - [0m14:34:10
[2025-09-14T14:34:10.153+0000] {subprocess.py:90} INFO - [0m14:34:10  Updates available for packages: ['dbt-labs/dbt_utils']
[2025-09-14T14:34:10.154+0000] {subprocess.py:90} INFO - Update your versions in packages.yml, then run dbt deps
[2025-09-14T14:34:12.217+0000] {subprocess.py:94} INFO - Command exited with return code 0
[2025-09-14T14:34:12.218+0000] {local.py:441} INFO - Update your versions in packages.yml, then run dbt deps
[2025-09-14T14:34:12.219+0000] {virtualenv.py:99} INFO - Using Python binary from virtualenv: /tmp/cosmos_venv_ecom_intermediate/bin/python
[2025-09-14T14:34:12.219+0000] {local.py:434} INFO - Trying to run the command:
 ['/tmp/cosmos_venv_ecom_intermediate/bin/dbt', 'test', '--models', 'customer_interactions', '--project-dir', '/tmp/tmpc4_dyqbt', '--profiles-dir', '/opt/***/dags/dbt', '--profile', 'ecom_intermediate', '--target', 'dev']
From /tmp/tmpc4_dyqbt
[2025-09-14T14:34:12.220+0000] {subprocess.py:56} INFO - Tmp dir root location: 
 /tmp
[2025-09-14T14:34:12.220+0000] {subprocess.py:69} INFO - Running command: ['/tmp/cosmos_venv_ecom_intermediate/bin/dbt', 'test', '--models', 'customer_interactions', '--project-dir', '/tmp/tmpc4_dyqbt', '--profiles-dir', '/opt/***/dags/dbt', '--profile', 'ecom_intermediate', '--target', 'dev']
[2025-09-14T14:34:12.232+0000] {subprocess.py:80} INFO - Command output:
[2025-09-14T14:34:14.323+0000] {subprocess.py:90} INFO - [0m14:34:14  Running with dbt=1.10.11
[2025-09-14T14:34:14.325+0000] {subprocess.py:90} INFO - [0m14:34:14  [[33mWARNING[0m]: Deprecated functionality
[2025-09-14T14:34:14.326+0000] {subprocess.py:90} INFO - Usage of `--models`, `--model`, and `-m` is deprecated in favor of `--select` or
[2025-09-14T14:34:14.326+0000] {subprocess.py:90} INFO - `-s`.
[2025-09-14T14:34:14.623+0000] {subprocess.py:90} INFO - [0m14:34:14  Registered adapter: clickhouse=1.9.3
[2025-09-14T14:34:15.777+0000] {subprocess.py:90} INFO - [0m14:34:15  Found 15 models, 50 data tests, 8 sources, 597 macros
[2025-09-14T14:34:15.780+0000] {subprocess.py:90} INFO - [0m14:34:15
[2025-09-14T14:34:15.781+0000] {subprocess.py:90} INFO - [0m14:34:15  Concurrency: 4 threads (target='dev')
[2025-09-14T14:34:15.782+0000] {subprocess.py:90} INFO - [0m14:34:15
[2025-09-14T14:34:15.937+0000] {subprocess.py:90} INFO - [0m14:34:15  1 of 4 START test not_null_customer_interactions_event_id ...................... [RUN]
[2025-09-14T14:34:15.938+0000] {subprocess.py:90} INFO - [0m14:34:15  2 of 4 START test relationships_customer_interactions_customer_id__customer_id__ref_customers_enriched_  [RUN]
[2025-09-14T14:34:15.943+0000] {subprocess.py:90} INFO - [0m14:34:15  3 of 4 START test relationships_customer_interactions_product_id__product_id__ref_products_enriched_  [RUN]
[2025-09-14T14:34:15.945+0000] {subprocess.py:90} INFO - [0m14:34:15  4 of 4 START test unique_customer_interactions_event_id ........................ [RUN]
[2025-09-14T14:34:16.091+0000] {subprocess.py:90} INFO - [0m14:34:16  1 of 4 PASS not_null_customer_interactions_event_id ............................ [[32mPASS[0m in 0.15s]
[2025-09-14T14:34:16.169+0000] {subprocess.py:90} INFO - [0m14:34:16  2 of 4 ERROR relationships_customer_interactions_customer_id__customer_id__ref_customers_enriched_  [[31mERROR[0m in 0.23s]
[2025-09-14T14:34:16.187+0000] {subprocess.py:90} INFO - [0m14:34:16  4 of 4 FAIL 29545 unique_customer_interactions_event_id ........................ [[31mFAIL 29545[0m in 0.22s]
[2025-09-14T14:34:16.222+0000] {subprocess.py:90} INFO - [0m14:34:16  3 of 4 PASS relationships_customer_interactions_product_id__product_id__ref_products_enriched_  [[32mPASS[0m in 0.28s]
[2025-09-14T14:34:16.230+0000] {subprocess.py:90} INFO - [0m14:34:16
[2025-09-14T14:34:16.231+0000] {subprocess.py:90} INFO - [0m14:34:16  Finished running 4 data tests in 0 hours 0 minutes and 0.45 seconds (0.45s).
[2025-09-14T14:34:16.299+0000] {subprocess.py:90} INFO - [0m14:34:16
[2025-09-14T14:34:16.300+0000] {subprocess.py:90} INFO - [0m14:34:16  [31mCompleted with 2 errors, 0 partial successes, and 0 warnings:[0m
[2025-09-14T14:34:16.300+0000] {subprocess.py:90} INFO - [0m14:34:16
[2025-09-14T14:34:16.301+0000] {subprocess.py:90} INFO - [0m14:34:16  [31mFailure in test relationships_customer_interactions_customer_id__customer_id__ref_customers_enriched_ (models/ecom_intermediate/schema.yml)[0m
[2025-09-14T14:34:16.301+0000] {subprocess.py:90} INFO - [0m14:34:16    Database Error in test relationships_customer_interactions_customer_id__customer_id__ref_customers_enriched_ (models/ecom_intermediate/schema.yml)
[2025-09-14T14:34:16.301+0000] {subprocess.py:90} INFO -   HTTPDriver for http://clickhouse:8123 received ClickHouse error code 47
[2025-09-14T14:34:16.302+0000] {subprocess.py:90} INFO -    Code: 47. DB::Exception: Unknown expression identifier 'customer_id' in scope parent AS (SELECT customer_id AS to_field FROM ecom_db_intermediate.customers_enriched). (UNKNOWN_IDENTIFIER) (version 24.8.14.39 (official build))
[2025-09-14T14:34:16.302+0000] {subprocess.py:90} INFO -   compiled code at target/run/ecom_intermediate/models/ecom_intermediate/schema.yml/relationships_customer_interac_a4153247f830da0ad3c6fa231f46f3a6.sql
[2025-09-14T14:34:16.302+0000] {subprocess.py:90} INFO - [0m14:34:16
[2025-09-14T14:34:16.302+0000] {subprocess.py:90} INFO - [0m14:34:16    compiled code at target/compiled/ecom_intermediate/models/ecom_intermediate/schema.yml/relationships_customer_interac_a4153247f830da0ad3c6fa231f46f3a6.sql
[2025-09-14T14:34:16.303+0000] {subprocess.py:90} INFO - [0m14:34:16
[2025-09-14T14:34:16.304+0000] {subprocess.py:90} INFO - [0m14:34:16  [31mFailure in test unique_customer_interactions_event_id (models/ecom_intermediate/schema.yml)[0m
[2025-09-14T14:34:16.305+0000] {subprocess.py:90} INFO - [0m14:34:16    Got 29545 results, configured to fail if != 0
[2025-09-14T14:34:16.305+0000] {subprocess.py:90} INFO - [0m14:34:16
[2025-09-14T14:34:16.306+0000] {subprocess.py:90} INFO - [0m14:34:16    compiled code at target/compiled/ecom_intermediate/models/ecom_intermediate/schema.yml/unique_customer_interactions_event_id.sql
[2025-09-14T14:34:16.306+0000] {subprocess.py:90} INFO - [0m14:34:16
[2025-09-14T14:34:16.307+0000] {subprocess.py:90} INFO - [0m14:34:16  Done. PASS=2 WARN=0 ERROR=2 SKIP=0 NO-OP=0 TOTAL=4
[2025-09-14T14:34:16.308+0000] {subprocess.py:90} INFO - [0m14:34:16  [[33mWARNING[0m][DeprecationsSummary]: Deprecated functionality
[2025-09-14T14:34:16.308+0000] {subprocess.py:90} INFO - Summary of encountered deprecations:
[2025-09-14T14:34:16.308+0000] {subprocess.py:90} INFO - - ModelParamUsageDeprecation: 1 occurrence
[2025-09-14T14:34:16.308+0000] {subprocess.py:90} INFO - To see all deprecation instances instead of just the first occurrence of each,
[2025-09-14T14:34:16.309+0000] {subprocess.py:90} INFO - run command again with the `--show-all-deprecations` flag. You may also need to
[2025-09-14T14:34:16.309+0000] {subprocess.py:90} INFO - run with `--no-partial-parse` as some deprecations are only encountered during
[2025-09-14T14:34:16.309+0000] {subprocess.py:90} INFO - parsing.
[2025-09-14T14:34:18.243+0000] {subprocess.py:94} INFO - Command exited with return code 1
[2025-09-14T14:34:18.257+0000] {local.py:441} INFO - parsing.
[2025-09-14T14:34:18.275+0000] {local.py:196} WARNING - Artifact schema version: https://schemas.getdbt.com/dbt/manifest/v12.json is above dbt-ol supported version 7. This might cause errors.
[2025-09-14T14:34:18.277+0000] {local.py:196} WARNING - Artifact schema version: https://schemas.getdbt.com/dbt/run-results/v6.json is above dbt-ol supported version 5. This might cause errors.
[2025-09-14T14:34:18.287+0000] {local.py:547} INFO - Inlets: []
[2025-09-14T14:34:18.287+0000] {local.py:548} INFO - Outlets: []
[2025-09-14T14:34:18.288+0000] {local.py:772} INFO - Assigning inlets/outlets without DatasetAlias
[2025-09-14T14:34:18.288+0000] {dag.py:3089} INFO - Sync 1 DAGs
[2025-09-14T14:34:18.435+0000] {local.py:253} ERROR - [0m14:34:14  Running with dbt=1.10.11
[0m14:34:14  [[33mWARNING[0m]: Deprecated functionality
Usage of `--models`, `--model`, and `-m` is deprecated in favor of `--select` or
`-s`.
[0m14:34:14  Registered adapter: clickhouse=1.9.3
[0m14:34:15  Found 15 models, 50 data tests, 8 sources, 597 macros
[0m14:34:15
[0m14:34:15  Concurrency: 4 threads (target='dev')
[0m14:34:15
[0m14:34:15  1 of 4 START test not_null_customer_interactions_event_id ...................... [RUN]
[0m14:34:15  2 of 4 START test relationships_customer_interactions_customer_id__customer_id__ref_customers_enriched_  [RUN]
[0m14:34:15  3 of 4 START test relationships_customer_interactions_product_id__product_id__ref_products_enriched_  [RUN]
[0m14:34:15  4 of 4 START test unique_customer_interactions_event_id ........................ [RUN]
[0m14:34:16  1 of 4 PASS not_null_customer_interactions_event_id ............................ [[32mPASS[0m in 0.15s]
[0m14:34:16  2 of 4 ERROR relationships_customer_interactions_customer_id__customer_id__ref_customers_enriched_  [[31mERROR[0m in 0.23s]
[0m14:34:16  4 of 4 FAIL 29545 unique_customer_interactions_event_id ........................ [[31mFAIL 29545[0m in 0.22s]
[0m14:34:16  3 of 4 PASS relationships_customer_interactions_product_id__product_id__ref_products_enriched_  [[32mPASS[0m in 0.28s]
[0m14:34:16
[0m14:34:16  Finished running 4 data tests in 0 hours 0 minutes and 0.45 seconds (0.45s).
[0m14:34:16
[0m14:34:16  [31mCompleted with 2 errors, 0 partial successes, and 0 warnings:[0m
[0m14:34:16
[0m14:34:16  [31mFailure in test relationships_customer_interactions_customer_id__customer_id__ref_customers_enriched_ (models/ecom_intermediate/schema.yml)[0m
[0m14:34:16    Database Error in test relationships_customer_interactions_customer_id__customer_id__ref_customers_enriched_ (models/ecom_intermediate/schema.yml)
  HTTPDriver for http://clickhouse:8123 received ClickHouse error code 47
   Code: 47. DB::Exception: Unknown expression identifier 'customer_id' in scope parent AS (SELECT customer_id AS to_field FROM ecom_db_intermediate.customers_enriched). (UNKNOWN_IDENTIFIER) (version 24.8.14.39 (official build))
  compiled code at target/run/ecom_intermediate/models/ecom_intermediate/schema.yml/relationships_customer_interac_a4153247f830da0ad3c6fa231f46f3a6.sql
[0m14:34:16
[0m14:34:16    compiled code at target/compiled/ecom_intermediate/models/ecom_intermediate/schema.yml/relationships_customer_interac_a4153247f830da0ad3c6fa231f46f3a6.sql
[0m14:34:16
[0m14:34:16  [31mFailure in test unique_customer_interactions_event_id (models/ecom_intermediate/schema.yml)[0m
[0m14:34:16    Got 29545 results, configured to fail if != 0
[0m14:34:16
[0m14:34:16    compiled code at target/compiled/ecom_intermediate/models/ecom_intermediate/schema.yml/unique_customer_interactions_event_id.sql
[0m14:34:16
[0m14:34:16  Done. PASS=2 WARN=0 ERROR=2 SKIP=0 NO-OP=0 TOTAL=4
[0m14:34:16  [[33mWARNING[0m][DeprecationsSummary]: Deprecated functionality
Summary of encountered deprecations:
- ModelParamUsageDeprecation: 1 occurrence
To see all deprecation instances instead of just the first occurrence of each,
run command again with the `--show-all-deprecations` flag. You may also need to
run with `--no-partial-parse` as some deprecations are only encountered during
parsing.
[2025-09-14T14:34:18.445+0000] {virtualenv.py:131} INFO - Releasing virtualenv lock
[2025-09-14T14:34:18.446+0000] {taskinstance.py:441} INFO - ::group::Post task execution logs
[2025-09-14T14:34:18.503+0000] {taskinstance.py:2905} ERROR - Task failed with exception
Traceback (most recent call last):
  File "/home/airflow/.local/lib/python3.10/site-packages/airflow/models/taskinstance.py", line 465, in _execute_task
    result = _execute_callable(context=context, **execute_callable_kwargs)
  File "/home/airflow/.local/lib/python3.10/site-packages/airflow/models/taskinstance.py", line 432, in _execute_callable
    return execute_callable(context=context, **execute_callable_kwargs)
  File "/home/airflow/.local/lib/python3.10/site-packages/airflow/models/baseoperator.py", line 401, in wrapper
    return func(self, *args, **kwargs)
  File "/home/airflow/.local/lib/python3.10/site-packages/cosmos/operators/virtualenv.py", line 144, in execute
    output = super().execute(context)
  File "/home/airflow/.local/lib/python3.10/site-packages/airflow/models/baseoperator.py", line 401, in wrapper
    return func(self, *args, **kwargs)
  File "/home/airflow/.local/lib/python3.10/site-packages/cosmos/operators/local.py", line 1089, in execute
    result = self.build_and_run_cmd(context=context, cmd_flags=self.add_cmd_flags())
  File "/home/airflow/.local/lib/python3.10/site-packages/cosmos/operators/local.py", line 853, in build_and_run_cmd
    result = self.run_command(
  File "/home/airflow/.local/lib/python3.10/site-packages/cosmos/operators/virtualenv.py", line 129, in run_command
    return super().run_command(cmd, env, context, run_as_async=run_as_async, async_context=async_context)
  File "/home/airflow/.local/lib/python3.10/site-packages/cosmos/operators/local.py", line 650, in run_command
    self.handle_exception(result)
  File "/home/airflow/.local/lib/python3.10/site-packages/cosmos/operators/local.py", line 254, in handle_exception_subprocess
    raise AirflowException(f"dbt command failed. The command returned a non-zero exit code {result.exit_code}.")
airflow.exceptions.AirflowException: dbt command failed. The command returned a non-zero exit code 1.
[2025-09-14T14:34:18.509+0000] {taskinstance.py:1206} INFO - Marking task as FAILED. dag_id=dbt_intermediate, task_id=intermediate.customer_interactions.test, run_id=manual__2025-09-14T14:31:11.196753+00:00, execution_date=20250914T143111, start_date=20250914T143336, end_date=20250914T143418
[2025-09-14T14:34:18.551+0000] {standard_task_runner.py:110} ERROR - Failed to execute job 391 for task intermediate.customer_interactions.test (dbt command failed. The command returned a non-zero exit code 1.; 7799)
[2025-09-14T14:34:18.598+0000] {local_task_job_runner.py:243} INFO - Task exited with return code 1
[2025-09-14T14:34:18.686+0000] {taskinstance.py:3503} INFO - 0 downstream tasks scheduled from follow-on schedule check
[2025-09-14T14:34:18.700+0000] {local_task_job_runner.py:222} INFO - ::endgroup::
