[2025-09-14T12:49:16.049+0000] {local_task_job_runner.py:120} INFO - ::group::Pre task execution logs
[2025-09-14T12:49:16.295+0000] {taskinstance.py:2076} INFO - Dependencies all met for dep_context=non-requeueable deps ti=<TaskInstance: dbt_marts.marts.dim_categories.test scheduled__2025-09-13T00:00:00+00:00 [queued]>
[2025-09-14T12:49:16.307+0000] {taskinstance.py:2076} INFO - Dependencies all met for dep_context=requeueable deps ti=<TaskInstance: dbt_marts.marts.dim_categories.test scheduled__2025-09-13T00:00:00+00:00 [queued]>
[2025-09-14T12:49:16.307+0000] {taskinstance.py:2306} INFO - Starting attempt 1 of 1
[2025-09-14T12:49:16.324+0000] {taskinstance.py:2330} INFO - Executing <Task(DbtTestVirtualenvOperator): marts.dim_categories.test> on 2025-09-13 00:00:00+00:00
[2025-09-14T12:49:16.330+0000] {standard_task_runner.py:64} INFO - Started process 1391 to run task
[2025-09-14T12:49:16.334+0000] {standard_task_runner.py:90} INFO - Running: ['***', 'tasks', 'run', 'dbt_marts', 'marts.dim_categories.test', 'scheduled__2025-09-13T00:00:00+00:00', '--job-id', '307', '--raw', '--subdir', 'DAGS_FOLDER/dbt_marts.py', '--cfg-path', '/tmp/tmpjmcw4rcg']
[2025-09-14T12:49:16.337+0000] {standard_task_runner.py:91} INFO - Job 307: Subtask marts.dim_categories.test
[2025-09-14T12:49:16.504+0000] {task_command.py:426} INFO - Running <TaskInstance: dbt_marts.marts.dim_categories.test scheduled__2025-09-13T00:00:00+00:00 [running]> on host e95bde6b8d07
[2025-09-14T12:49:16.821+0000] {taskinstance.py:2648} INFO - Exporting env vars: AIRFLOW_CTX_DAG_OWNER='***' AIRFLOW_CTX_DAG_ID='dbt_marts' AIRFLOW_CTX_TASK_ID='marts.dim_categories.test' AIRFLOW_CTX_EXECUTION_DATE='2025-09-13T00:00:00+00:00' AIRFLOW_CTX_TRY_NUMBER='1' AIRFLOW_CTX_DAG_RUN_ID='scheduled__2025-09-13T00:00:00+00:00'
[2025-09-14T12:49:16.823+0000] {taskinstance.py:430} INFO - ::endgroup::
[2025-09-14T12:49:16.841+0000] {baseoperator.py:400} WARNING - DbtTestVirtualenvOperator.execute cannot be called outside TaskInstance!
[2025-09-14T12:49:16.842+0000] {virtualenv.py:120} INFO - Checking if the virtualenv lock /tmp/cosmos_venv_ecom_marts/cosmos_virtualenv.lock exists
[2025-09-14T12:49:16.843+0000] {virtualenv.py:178} INFO - Checking for running process with PID 1199
[2025-09-14T12:49:16.844+0000] {virtualenv.py:181} INFO - Process 1199 running: True and has the lock /tmp/cosmos_venv_ecom_marts/cosmos_virtualenv.lock.
[2025-09-14T12:49:16.845+0000] {virtualenv.py:122} INFO - Waiting for virtualenv lock to be released
[2025-09-14T12:49:17.846+0000] {virtualenv.py:178} INFO - Checking for running process with PID 1199
[2025-09-14T12:49:17.847+0000] {virtualenv.py:181} INFO - Process 1199 running: True and has the lock /tmp/cosmos_venv_ecom_marts/cosmos_virtualenv.lock.
[2025-09-14T12:49:17.848+0000] {virtualenv.py:122} INFO - Waiting for virtualenv lock to be released
[2025-09-14T12:49:18.849+0000] {virtualenv.py:178} INFO - Checking for running process with PID 1199
[2025-09-14T12:49:18.850+0000] {virtualenv.py:181} INFO - Process 1199 running: True and has the lock /tmp/cosmos_venv_ecom_marts/cosmos_virtualenv.lock.
[2025-09-14T12:49:18.851+0000] {virtualenv.py:122} INFO - Waiting for virtualenv lock to be released
[2025-09-14T12:49:19.852+0000] {virtualenv.py:178} INFO - Checking for running process with PID 1199
[2025-09-14T12:49:19.853+0000] {virtualenv.py:181} INFO - Process 1199 running: True and has the lock /tmp/cosmos_venv_ecom_marts/cosmos_virtualenv.lock.
[2025-09-14T12:49:19.854+0000] {virtualenv.py:122} INFO - Waiting for virtualenv lock to be released
[2025-09-14T12:49:20.855+0000] {virtualenv.py:178} INFO - Checking for running process with PID 1199
[2025-09-14T12:49:20.856+0000] {virtualenv.py:181} INFO - Process 1199 running: True and has the lock /tmp/cosmos_venv_ecom_marts/cosmos_virtualenv.lock.
[2025-09-14T12:49:20.857+0000] {virtualenv.py:122} INFO - Waiting for virtualenv lock to be released
[2025-09-14T12:49:21.855+0000] {virtualenv.py:178} INFO - Checking for running process with PID 1199
[2025-09-14T12:49:21.856+0000] {virtualenv.py:181} INFO - Process 1199 running: True and has the lock /tmp/cosmos_venv_ecom_marts/cosmos_virtualenv.lock.
[2025-09-14T12:49:21.857+0000] {virtualenv.py:122} INFO - Waiting for virtualenv lock to be released
[2025-09-14T12:49:22.858+0000] {virtualenv.py:178} INFO - Checking for running process with PID 1199
[2025-09-14T12:49:22.859+0000] {virtualenv.py:181} INFO - Process 1199 running: True and has the lock /tmp/cosmos_venv_ecom_marts/cosmos_virtualenv.lock.
[2025-09-14T12:49:22.859+0000] {virtualenv.py:122} INFO - Waiting for virtualenv lock to be released
[2025-09-14T12:49:23.860+0000] {virtualenv.py:178} INFO - Checking for running process with PID 1199
[2025-09-14T12:49:23.861+0000] {virtualenv.py:181} INFO - Process 1199 running: True and has the lock /tmp/cosmos_venv_ecom_marts/cosmos_virtualenv.lock.
[2025-09-14T12:49:23.862+0000] {virtualenv.py:122} INFO - Waiting for virtualenv lock to be released
[2025-09-14T12:49:24.864+0000] {virtualenv.py:178} INFO - Checking for running process with PID 1199
[2025-09-14T12:49:24.865+0000] {virtualenv.py:181} INFO - Process 1199 running: True and has the lock /tmp/cosmos_venv_ecom_marts/cosmos_virtualenv.lock.
[2025-09-14T12:49:24.866+0000] {virtualenv.py:122} INFO - Waiting for virtualenv lock to be released
[2025-09-14T12:49:25.868+0000] {virtualenv.py:178} INFO - Checking for running process with PID 1199
[2025-09-14T12:49:25.869+0000] {virtualenv.py:181} INFO - Process 1199 running: True and has the lock /tmp/cosmos_venv_ecom_marts/cosmos_virtualenv.lock.
[2025-09-14T12:49:25.869+0000] {virtualenv.py:122} INFO - Waiting for virtualenv lock to be released
[2025-09-14T12:49:26.871+0000] {virtualenv.py:178} INFO - Checking for running process with PID 1199
[2025-09-14T12:49:26.872+0000] {virtualenv.py:181} INFO - Process 1199 running: True and has the lock /tmp/cosmos_venv_ecom_marts/cosmos_virtualenv.lock.
[2025-09-14T12:49:26.872+0000] {virtualenv.py:122} INFO - Waiting for virtualenv lock to be released
[2025-09-14T12:49:27.874+0000] {virtualenv.py:178} INFO - Checking for running process with PID 1199
[2025-09-14T12:49:27.875+0000] {virtualenv.py:181} INFO - Process 1199 running: True and has the lock /tmp/cosmos_venv_ecom_marts/cosmos_virtualenv.lock.
[2025-09-14T12:49:27.875+0000] {virtualenv.py:122} INFO - Waiting for virtualenv lock to be released
[2025-09-14T12:49:28.876+0000] {virtualenv.py:178} INFO - Checking for running process with PID 1199
[2025-09-14T12:49:28.877+0000] {virtualenv.py:181} INFO - Process 1199 running: True and has the lock /tmp/cosmos_venv_ecom_marts/cosmos_virtualenv.lock.
[2025-09-14T12:49:28.878+0000] {virtualenv.py:122} INFO - Waiting for virtualenv lock to be released
[2025-09-14T12:49:29.880+0000] {virtualenv.py:178} INFO - Checking for running process with PID 1199
[2025-09-14T12:49:29.881+0000] {virtualenv.py:181} INFO - Process 1199 running: True and has the lock /tmp/cosmos_venv_ecom_marts/cosmos_virtualenv.lock.
[2025-09-14T12:49:29.881+0000] {virtualenv.py:122} INFO - Waiting for virtualenv lock to be released
[2025-09-14T12:49:30.883+0000] {virtualenv.py:178} INFO - Checking for running process with PID 1199
[2025-09-14T12:49:30.884+0000] {virtualenv.py:181} INFO - Process 1199 running: True and has the lock /tmp/cosmos_venv_ecom_marts/cosmos_virtualenv.lock.
[2025-09-14T12:49:30.885+0000] {virtualenv.py:122} INFO - Waiting for virtualenv lock to be released
[2025-09-14T12:49:31.887+0000] {virtualenv.py:178} INFO - Checking for running process with PID 1199
[2025-09-14T12:49:31.888+0000] {virtualenv.py:181} INFO - Process 1199 running: True and has the lock /tmp/cosmos_venv_ecom_marts/cosmos_virtualenv.lock.
[2025-09-14T12:49:31.888+0000] {virtualenv.py:122} INFO - Waiting for virtualenv lock to be released
[2025-09-14T12:49:32.890+0000] {virtualenv.py:178} INFO - Checking for running process with PID 1199
[2025-09-14T12:49:32.891+0000] {virtualenv.py:181} INFO - Process 1199 running: True and has the lock /tmp/cosmos_venv_ecom_marts/cosmos_virtualenv.lock.
[2025-09-14T12:49:32.891+0000] {virtualenv.py:122} INFO - Waiting for virtualenv lock to be released
[2025-09-14T12:49:33.896+0000] {virtualenv.py:178} INFO - Checking for running process with PID 1199
[2025-09-14T12:49:33.899+0000] {virtualenv.py:181} INFO - Process 1199 running: True and has the lock /tmp/cosmos_venv_ecom_marts/cosmos_virtualenv.lock.
[2025-09-14T12:49:33.901+0000] {virtualenv.py:122} INFO - Waiting for virtualenv lock to be released
[2025-09-14T12:49:34.903+0000] {virtualenv.py:178} INFO - Checking for running process with PID 1199
[2025-09-14T12:49:34.903+0000] {virtualenv.py:181} INFO - Process 1199 running: True and has the lock /tmp/cosmos_venv_ecom_marts/cosmos_virtualenv.lock.
[2025-09-14T12:49:34.904+0000] {virtualenv.py:122} INFO - Waiting for virtualenv lock to be released
[2025-09-14T12:49:35.905+0000] {virtualenv.py:178} INFO - Checking for running process with PID 1199
[2025-09-14T12:49:35.906+0000] {virtualenv.py:181} INFO - Process 1199 running: True and has the lock /tmp/cosmos_venv_ecom_marts/cosmos_virtualenv.lock.
[2025-09-14T12:49:35.906+0000] {virtualenv.py:122} INFO - Waiting for virtualenv lock to be released
[2025-09-14T12:49:36.908+0000] {virtualenv.py:178} INFO - Checking for running process with PID 1199
[2025-09-14T12:49:36.909+0000] {virtualenv.py:181} INFO - Process 1199 running: True and has the lock /tmp/cosmos_venv_ecom_marts/cosmos_virtualenv.lock.
[2025-09-14T12:49:36.909+0000] {virtualenv.py:122} INFO - Waiting for virtualenv lock to be released
[2025-09-14T12:49:37.910+0000] {virtualenv.py:178} INFO - Checking for running process with PID 1199
[2025-09-14T12:49:37.911+0000] {virtualenv.py:181} INFO - Process 1199 running: True and has the lock /tmp/cosmos_venv_ecom_marts/cosmos_virtualenv.lock.
[2025-09-14T12:49:37.912+0000] {virtualenv.py:122} INFO - Waiting for virtualenv lock to be released
[2025-09-14T12:49:38.913+0000] {virtualenv.py:178} INFO - Checking for running process with PID 1199
[2025-09-14T12:49:38.914+0000] {virtualenv.py:181} INFO - Process 1199 running: True and has the lock /tmp/cosmos_venv_ecom_marts/cosmos_virtualenv.lock.
[2025-09-14T12:49:38.914+0000] {virtualenv.py:122} INFO - Waiting for virtualenv lock to be released
[2025-09-14T12:49:39.916+0000] {virtualenv.py:126} INFO - Acquiring the virtualenv lock
[2025-09-14T12:49:39.916+0000] {virtualenv.py:195} INFO - Acquiring lock at /tmp/cosmos_venv_ecom_marts/cosmos_virtualenv.lock with pid 1391
[2025-09-14T12:49:39.917+0000] {virtualenv.py:153} INFO - Creating or updating the virtualenv at `/tmp/cosmos_venv_ecom_marts
[2025-09-14T12:49:39.917+0000] {process_utils.py:183} INFO - Executing cmd: /home/***/.local/bin/python -m virtualenv /tmp/cosmos_venv_ecom_marts --python=python3
[2025-09-14T12:49:39.918+0000] {process_utils.py:187} INFO - Output:
[2025-09-14T12:49:41.115+0000] {process_utils.py:191} INFO - created virtual environment CPython3.10.14.final.0-64 in 517ms
[2025-09-14T12:49:41.115+0000] {process_utils.py:191} INFO -   creator CPython3Posix(dest=/tmp/cosmos_venv_ecom_marts, clear=False, no_vcs_ignore=False, global=False)
[2025-09-14T12:49:41.116+0000] {process_utils.py:191} INFO -   seeder FromAppData(download=False, pip=bundle, setuptools=bundle, wheel=bundle, via=copy, app_data_dir=/home/***/.local/share/virtualenv)
[2025-09-14T12:49:41.117+0000] {process_utils.py:191} INFO -     added seed packages: MarkupSafe==3.0.2, PyYAML==6.0.2, agate==1.9.1, annotated_types==0.7.0, attrs==25.3.0, babel==2.17.0, certifi==2025.8.3, charset_normalizer==3.4.3, click==8.2.1, clickhouse_connect==0.8.18, clickhouse_driver==0.2.9, colorama==0.4.6, daff==1.4.2, dbt_adapters==1.16.7, dbt_clickhouse==1.9.3, dbt_common==1.30.0, dbt_core==1.10.11, dbt_extractor==0.6.0, dbt_protos==1.0.375, dbt_semantic_interfaces==0.9.0, deepdiff==8.6.1, idna==3.10, importlib_metadata==8.7.0, isodate==0.6.1, jinja2==3.1.6, jsonschema==4.25.1, jsonschema_specifications==2025.9.1, leather==0.4.0, lz4==4.4.4, mashumaro==3.14, more_itertools==10.8.0, msgpack==1.1.1, networkx==3.4.2, orderly_set==5.5.0, packaging==25.0, parsedatetime==2.6, pathspec==0.12.1, pip==25.2, protobuf==6.32.1, pydantic==2.11.9, pydantic_core==2.33.2, python_dateutil==2.9.0.post0, python_slugify==8.0.4, pytimeparse==1.1.8, pytz==2025.2, referencing==0.36.2, requests==2.32.5, rpds_py==0.27.1, setuptools==80.9.0, six==1.17.0, snowplow_tracker==1.1.0, sqlparse==0.5.3, text_unidecode==1.3, typing_extensions==4.15.0, typing_inspection==0.4.1, tzlocal==5.3.1, urllib3==2.5.0, wheel==0.45.1, zipp==3.23.0, zstandard==0.24.0
[2025-09-14T12:49:41.117+0000] {process_utils.py:191} INFO -   activators BashActivator,CShellActivator,FishActivator,NushellActivator,PowerShellActivator,PythonActivator
[2025-09-14T12:49:41.184+0000] {process_utils.py:183} INFO - Executing cmd: /tmp/cosmos_venv_ecom_marts/bin/pip install dbt-clickhouse
[2025-09-14T12:49:41.185+0000] {process_utils.py:187} INFO - Output:
[2025-09-14T12:49:42.623+0000] {process_utils.py:191} INFO - Requirement already satisfied: dbt-clickhouse in /tmp/cosmos_venv_ecom_marts/lib/python3.10/site-packages (1.9.3)
[2025-09-14T12:49:42.625+0000] {process_utils.py:191} INFO - Requirement already satisfied: dbt-core>=1.9 in /tmp/cosmos_venv_ecom_marts/lib/python3.10/site-packages (from dbt-clickhouse) (1.10.11)
[2025-09-14T12:49:42.626+0000] {process_utils.py:191} INFO - Requirement already satisfied: clickhouse-connect>=0.6.22 in /tmp/cosmos_venv_ecom_marts/lib/python3.10/site-packages (from dbt-clickhouse) (0.8.18)
[2025-09-14T12:49:42.627+0000] {process_utils.py:191} INFO - Requirement already satisfied: clickhouse-driver>=0.2.6 in /tmp/cosmos_venv_ecom_marts/lib/python3.10/site-packages (from dbt-clickhouse) (0.2.9)
[2025-09-14T12:49:42.627+0000] {process_utils.py:191} INFO - Requirement already satisfied: setuptools>=0.69 in /tmp/cosmos_venv_ecom_marts/lib/python3.10/site-packages (from dbt-clickhouse) (80.9.0)
[2025-09-14T12:49:42.631+0000] {process_utils.py:191} INFO - Requirement already satisfied: certifi in /tmp/cosmos_venv_ecom_marts/lib/python3.10/site-packages (from clickhouse-connect>=0.6.22->dbt-clickhouse) (2025.8.3)
[2025-09-14T12:49:42.631+0000] {process_utils.py:191} INFO - Requirement already satisfied: urllib3>=1.26 in /tmp/cosmos_venv_ecom_marts/lib/python3.10/site-packages (from clickhouse-connect>=0.6.22->dbt-clickhouse) (2.5.0)
[2025-09-14T12:49:42.632+0000] {process_utils.py:191} INFO - Requirement already satisfied: pytz in /tmp/cosmos_venv_ecom_marts/lib/python3.10/site-packages (from clickhouse-connect>=0.6.22->dbt-clickhouse) (2025.2)
[2025-09-14T12:49:42.632+0000] {process_utils.py:191} INFO - Requirement already satisfied: zstandard in /tmp/cosmos_venv_ecom_marts/lib/python3.10/site-packages (from clickhouse-connect>=0.6.22->dbt-clickhouse) (0.24.0)
[2025-09-14T12:49:42.633+0000] {process_utils.py:191} INFO - Requirement already satisfied: lz4 in /tmp/cosmos_venv_ecom_marts/lib/python3.10/site-packages (from clickhouse-connect>=0.6.22->dbt-clickhouse) (4.4.4)
[2025-09-14T12:49:42.636+0000] {process_utils.py:191} INFO - Requirement already satisfied: tzlocal in /tmp/cosmos_venv_ecom_marts/lib/python3.10/site-packages (from clickhouse-driver>=0.2.6->dbt-clickhouse) (5.3.1)
[2025-09-14T12:49:42.639+0000] {process_utils.py:191} INFO - Requirement already satisfied: agate<1.10,>=1.7.0 in /tmp/cosmos_venv_ecom_marts/lib/python3.10/site-packages (from dbt-core>=1.9->dbt-clickhouse) (1.9.1)
[2025-09-14T12:49:42.639+0000] {process_utils.py:191} INFO - Requirement already satisfied: Jinja2<4,>=3.1.3 in /tmp/cosmos_venv_ecom_marts/lib/python3.10/site-packages (from dbt-core>=1.9->dbt-clickhouse) (3.1.6)
[2025-09-14T12:49:42.641+0000] {process_utils.py:191} INFO - Requirement already satisfied: mashumaro<3.15,>=3.9 in /tmp/cosmos_venv_ecom_marts/lib/python3.10/site-packages (from mashumaro[msgpack]<3.15,>=3.9->dbt-core>=1.9->dbt-clickhouse) (3.14)
[2025-09-14T12:49:42.642+0000] {process_utils.py:191} INFO - Requirement already satisfied: click<9.0,>=8.0.2 in /tmp/cosmos_venv_ecom_marts/lib/python3.10/site-packages (from dbt-core>=1.9->dbt-clickhouse) (8.2.1)
[2025-09-14T12:49:42.643+0000] {process_utils.py:191} INFO - Requirement already satisfied: jsonschema<5.0,>=4.19.1 in /tmp/cosmos_venv_ecom_marts/lib/python3.10/site-packages (from dbt-core>=1.9->dbt-clickhouse) (4.25.1)
[2025-09-14T12:49:42.643+0000] {process_utils.py:191} INFO - Requirement already satisfied: networkx<4.0,>=2.3 in /tmp/cosmos_venv_ecom_marts/lib/python3.10/site-packages (from dbt-core>=1.9->dbt-clickhouse) (3.4.2)
[2025-09-14T12:49:42.644+0000] {process_utils.py:191} INFO - Requirement already satisfied: protobuf<7.0,>=6.0 in /tmp/cosmos_venv_ecom_marts/lib/python3.10/site-packages (from dbt-core>=1.9->dbt-clickhouse) (6.32.1)
[2025-09-14T12:49:42.645+0000] {process_utils.py:191} INFO - Requirement already satisfied: requests<3.0.0 in /tmp/cosmos_venv_ecom_marts/lib/python3.10/site-packages (from dbt-core>=1.9->dbt-clickhouse) (2.32.5)
[2025-09-14T12:49:42.645+0000] {process_utils.py:191} INFO - Requirement already satisfied: snowplow-tracker<2.0,>=1.0.2 in /tmp/cosmos_venv_ecom_marts/lib/python3.10/site-packages (from dbt-core>=1.9->dbt-clickhouse) (1.1.0)
[2025-09-14T12:49:42.646+0000] {process_utils.py:191} INFO - Requirement already satisfied: pathspec<0.13,>=0.9 in /tmp/cosmos_venv_ecom_marts/lib/python3.10/site-packages (from dbt-core>=1.9->dbt-clickhouse) (0.12.1)
[2025-09-14T12:49:42.647+0000] {process_utils.py:191} INFO - Requirement already satisfied: sqlparse<0.6.0,>=0.5.0 in /tmp/cosmos_venv_ecom_marts/lib/python3.10/site-packages (from dbt-core>=1.9->dbt-clickhouse) (0.5.3)
[2025-09-14T12:49:42.648+0000] {process_utils.py:191} INFO - Requirement already satisfied: dbt-extractor<=0.6,>=0.5.0 in /tmp/cosmos_venv_ecom_marts/lib/python3.10/site-packages (from dbt-core>=1.9->dbt-clickhouse) (0.6.0)
[2025-09-14T12:49:42.649+0000] {process_utils.py:191} INFO - Requirement already satisfied: dbt-semantic-interfaces<0.10,>=0.9.0 in /tmp/cosmos_venv_ecom_marts/lib/python3.10/site-packages (from dbt-core>=1.9->dbt-clickhouse) (0.9.0)
[2025-09-14T12:49:42.650+0000] {process_utils.py:191} INFO - Requirement already satisfied: dbt-common<2.0,>=1.27.0 in /tmp/cosmos_venv_ecom_marts/lib/python3.10/site-packages (from dbt-core>=1.9->dbt-clickhouse) (1.30.0)
[2025-09-14T12:49:42.651+0000] {process_utils.py:191} INFO - Requirement already satisfied: dbt-adapters<2.0,>=1.15.5 in /tmp/cosmos_venv_ecom_marts/lib/python3.10/site-packages (from dbt-core>=1.9->dbt-clickhouse) (1.16.7)
[2025-09-14T12:49:42.652+0000] {process_utils.py:191} INFO - Requirement already satisfied: dbt-protos<2.0,>=1.0.346 in /tmp/cosmos_venv_ecom_marts/lib/python3.10/site-packages (from dbt-core>=1.9->dbt-clickhouse) (1.0.375)
[2025-09-14T12:49:42.653+0000] {process_utils.py:191} INFO - Requirement already satisfied: pydantic<3 in /tmp/cosmos_venv_ecom_marts/lib/python3.10/site-packages (from dbt-core>=1.9->dbt-clickhouse) (2.11.9)
[2025-09-14T12:49:42.654+0000] {process_utils.py:191} INFO - Requirement already satisfied: packaging>20.9 in /tmp/cosmos_venv_ecom_marts/lib/python3.10/site-packages (from dbt-core>=1.9->dbt-clickhouse) (25.0)
[2025-09-14T12:49:42.656+0000] {process_utils.py:191} INFO - Requirement already satisfied: pyyaml>=6.0 in /tmp/cosmos_venv_ecom_marts/lib/python3.10/site-packages (from dbt-core>=1.9->dbt-clickhouse) (6.0.2)
[2025-09-14T12:49:42.657+0000] {process_utils.py:191} INFO - Requirement already satisfied: daff>=1.3.46 in /tmp/cosmos_venv_ecom_marts/lib/python3.10/site-packages (from dbt-core>=1.9->dbt-clickhouse) (1.4.2)
[2025-09-14T12:49:42.658+0000] {process_utils.py:191} INFO - Requirement already satisfied: typing-extensions>=4.4 in /tmp/cosmos_venv_ecom_marts/lib/python3.10/site-packages (from dbt-core>=1.9->dbt-clickhouse) (4.15.0)
[2025-09-14T12:49:42.662+0000] {process_utils.py:191} INFO - Requirement already satisfied: Babel>=2.0 in /tmp/cosmos_venv_ecom_marts/lib/python3.10/site-packages (from agate<1.10,>=1.7.0->dbt-core>=1.9->dbt-clickhouse) (2.17.0)
[2025-09-14T12:49:42.663+0000] {process_utils.py:191} INFO - Requirement already satisfied: isodate>=0.5.4 in /tmp/cosmos_venv_ecom_marts/lib/python3.10/site-packages (from agate<1.10,>=1.7.0->dbt-core>=1.9->dbt-clickhouse) (0.6.1)
[2025-09-14T12:49:42.664+0000] {process_utils.py:191} INFO - Requirement already satisfied: leather>=0.3.2 in /tmp/cosmos_venv_ecom_marts/lib/python3.10/site-packages (from agate<1.10,>=1.7.0->dbt-core>=1.9->dbt-clickhouse) (0.4.0)
[2025-09-14T12:49:42.665+0000] {process_utils.py:191} INFO - Requirement already satisfied: parsedatetime!=2.5,>=2.1 in /tmp/cosmos_venv_ecom_marts/lib/python3.10/site-packages (from agate<1.10,>=1.7.0->dbt-core>=1.9->dbt-clickhouse) (2.6)
[2025-09-14T12:49:42.666+0000] {process_utils.py:191} INFO - Requirement already satisfied: python-slugify>=1.2.1 in /tmp/cosmos_venv_ecom_marts/lib/python3.10/site-packages (from agate<1.10,>=1.7.0->dbt-core>=1.9->dbt-clickhouse) (8.0.4)
[2025-09-14T12:49:42.666+0000] {process_utils.py:191} INFO - Requirement already satisfied: pytimeparse>=1.1.5 in /tmp/cosmos_venv_ecom_marts/lib/python3.10/site-packages (from agate<1.10,>=1.7.0->dbt-core>=1.9->dbt-clickhouse) (1.1.8)
[2025-09-14T12:49:42.678+0000] {process_utils.py:191} INFO - Requirement already satisfied: colorama<0.5,>=0.3.9 in /tmp/cosmos_venv_ecom_marts/lib/python3.10/site-packages (from dbt-common<2.0,>=1.27.0->dbt-core>=1.9->dbt-clickhouse) (0.4.6)
[2025-09-14T12:49:42.679+0000] {process_utils.py:191} INFO - Requirement already satisfied: deepdiff<9.0,>=7.0 in /tmp/cosmos_venv_ecom_marts/lib/python3.10/site-packages (from dbt-common<2.0,>=1.27.0->dbt-core>=1.9->dbt-clickhouse) (8.6.1)
[2025-09-14T12:49:42.682+0000] {process_utils.py:191} INFO - Requirement already satisfied: python-dateutil<3.0,>=2.0 in /tmp/cosmos_venv_ecom_marts/lib/python3.10/site-packages (from dbt-common<2.0,>=1.27.0->dbt-core>=1.9->dbt-clickhouse) (2.9.0.post0)
[2025-09-14T12:49:42.689+0000] {process_utils.py:191} INFO - Requirement already satisfied: importlib-metadata<9,>=6.0 in /tmp/cosmos_venv_ecom_marts/lib/python3.10/site-packages (from dbt-semantic-interfaces<0.10,>=0.9.0->dbt-core>=1.9->dbt-clickhouse) (8.7.0)
[2025-09-14T12:49:42.691+0000] {process_utils.py:191} INFO - Requirement already satisfied: more-itertools<11.0,>=8.0 in /tmp/cosmos_venv_ecom_marts/lib/python3.10/site-packages (from dbt-semantic-interfaces<0.10,>=0.9.0->dbt-core>=1.9->dbt-clickhouse) (10.8.0)
[2025-09-14T12:49:42.703+0000] {process_utils.py:191} INFO - Requirement already satisfied: orderly-set<6,>=5.4.1 in /tmp/cosmos_venv_ecom_marts/lib/python3.10/site-packages (from deepdiff<9.0,>=7.0->dbt-common<2.0,>=1.27.0->dbt-core>=1.9->dbt-clickhouse) (5.5.0)
[2025-09-14T12:49:42.713+0000] {process_utils.py:191} INFO - Requirement already satisfied: zipp>=3.20 in /tmp/cosmos_venv_ecom_marts/lib/python3.10/site-packages (from importlib-metadata<9,>=6.0->dbt-semantic-interfaces<0.10,>=0.9.0->dbt-core>=1.9->dbt-clickhouse) (3.23.0)
[2025-09-14T12:49:42.716+0000] {process_utils.py:191} INFO - Requirement already satisfied: six in /tmp/cosmos_venv_ecom_marts/lib/python3.10/site-packages (from isodate>=0.5.4->agate<1.10,>=1.7.0->dbt-core>=1.9->dbt-clickhouse) (1.17.0)
[2025-09-14T12:49:42.720+0000] {process_utils.py:191} INFO - Requirement already satisfied: MarkupSafe>=2.0 in /tmp/cosmos_venv_ecom_marts/lib/python3.10/site-packages (from Jinja2<4,>=3.1.3->dbt-core>=1.9->dbt-clickhouse) (3.0.2)
[2025-09-14T12:49:42.725+0000] {process_utils.py:191} INFO - Requirement already satisfied: attrs>=22.2.0 in /tmp/cosmos_venv_ecom_marts/lib/python3.10/site-packages (from jsonschema<5.0,>=4.19.1->dbt-core>=1.9->dbt-clickhouse) (25.3.0)
[2025-09-14T12:49:42.726+0000] {process_utils.py:191} INFO - Requirement already satisfied: jsonschema-specifications>=2023.03.6 in /tmp/cosmos_venv_ecom_marts/lib/python3.10/site-packages (from jsonschema<5.0,>=4.19.1->dbt-core>=1.9->dbt-clickhouse) (2025.9.1)
[2025-09-14T12:49:42.727+0000] {process_utils.py:191} INFO - Requirement already satisfied: referencing>=0.28.4 in /tmp/cosmos_venv_ecom_marts/lib/python3.10/site-packages (from jsonschema<5.0,>=4.19.1->dbt-core>=1.9->dbt-clickhouse) (0.36.2)
[2025-09-14T12:49:42.727+0000] {process_utils.py:191} INFO - Requirement already satisfied: rpds-py>=0.7.1 in /tmp/cosmos_venv_ecom_marts/lib/python3.10/site-packages (from jsonschema<5.0,>=4.19.1->dbt-core>=1.9->dbt-clickhouse) (0.27.1)
[2025-09-14T12:49:42.743+0000] {process_utils.py:191} INFO - Requirement already satisfied: msgpack>=0.5.6 in /tmp/cosmos_venv_ecom_marts/lib/python3.10/site-packages (from mashumaro[msgpack]<3.15,>=3.9->dbt-core>=1.9->dbt-clickhouse) (1.1.1)
[2025-09-14T12:49:42.771+0000] {process_utils.py:191} INFO - Requirement already satisfied: annotated-types>=0.6.0 in /tmp/cosmos_venv_ecom_marts/lib/python3.10/site-packages (from pydantic<3->dbt-core>=1.9->dbt-clickhouse) (0.7.0)
[2025-09-14T12:49:42.772+0000] {process_utils.py:191} INFO - Requirement already satisfied: pydantic-core==2.33.2 in /tmp/cosmos_venv_ecom_marts/lib/python3.10/site-packages (from pydantic<3->dbt-core>=1.9->dbt-clickhouse) (2.33.2)
[2025-09-14T12:49:42.777+0000] {process_utils.py:191} INFO - Requirement already satisfied: typing-inspection>=0.4.0 in /tmp/cosmos_venv_ecom_marts/lib/python3.10/site-packages (from pydantic<3->dbt-core>=1.9->dbt-clickhouse) (0.4.1)
[2025-09-14T12:49:42.789+0000] {process_utils.py:191} INFO - Requirement already satisfied: charset_normalizer<4,>=2 in /tmp/cosmos_venv_ecom_marts/lib/python3.10/site-packages (from requests<3.0.0->dbt-core>=1.9->dbt-clickhouse) (3.4.3)
[2025-09-14T12:49:42.792+0000] {process_utils.py:191} INFO - Requirement already satisfied: idna<4,>=2.5 in /tmp/cosmos_venv_ecom_marts/lib/python3.10/site-packages (from requests<3.0.0->dbt-core>=1.9->dbt-clickhouse) (3.10)
[2025-09-14T12:49:42.858+0000] {process_utils.py:191} INFO - Requirement already satisfied: text-unidecode>=1.3 in /tmp/cosmos_venv_ecom_marts/lib/python3.10/site-packages (from python-slugify>=1.2.1->agate<1.10,>=1.7.0->dbt-core>=1.9->dbt-clickhouse) (1.3)
[2025-09-14T12:49:43.025+0000] {local.py:470} INFO - Cloning project to writable temp directory /tmp/tmpxubp4h5w from /opt/airflow/dags/dbt/ecom_marts
[2025-09-14T12:49:43.035+0000] {local.py:490} INFO - Partial parse is enabled and the latest partial parse file is /tmp/cosmos/dbt_marts__marts/target/partial_parse.msgpack
[2025-09-14T12:49:43.051+0000] {config.py:362} INFO - Using user-supplied profiles.yml at /opt/airflow/dags/dbt/profiles.yml
[2025-09-14T12:49:43.061+0000] {virtualenv.py:99} INFO - Using Python binary from virtualenv: /tmp/cosmos_venv_ecom_marts/bin/python
[2025-09-14T12:49:43.062+0000] {local.py:434} INFO - Trying to run the command:
 ['/tmp/cosmos_venv_ecom_marts/bin/dbt', 'deps', '--project-dir', '/tmp/tmpxubp4h5w', '--profiles-dir', '/opt/***/dags/dbt', '--profile', 'ecom_marts', '--target', 'dev']
From /tmp/tmpxubp4h5w
[2025-09-14T12:49:43.063+0000] {subprocess.py:56} INFO - Tmp dir root location: 
 /tmp
[2025-09-14T12:49:43.063+0000] {subprocess.py:69} INFO - Running command: ['/tmp/cosmos_venv_ecom_marts/bin/dbt', 'deps', '--project-dir', '/tmp/tmpxubp4h5w', '--profiles-dir', '/opt/***/dags/dbt', '--profile', 'ecom_marts', '--target', 'dev']
[2025-09-14T12:49:43.077+0000] {subprocess.py:80} INFO - Command output:
[2025-09-14T12:49:45.317+0000] {subprocess.py:90} INFO - [0m12:49:45  Running with dbt=1.10.11
[2025-09-14T12:49:46.284+0000] {subprocess.py:90} INFO - [0m12:49:46  Installing dbt-labs/dbt_utils
[2025-09-14T12:49:47.117+0000] {subprocess.py:90} INFO - [0m12:49:47  Installed from version 1.3.0
[2025-09-14T12:49:47.118+0000] {subprocess.py:90} INFO - [0m12:49:47  Updated version available: 1.3.1
[2025-09-14T12:49:47.118+0000] {subprocess.py:90} INFO - [0m12:49:47
[2025-09-14T12:49:47.119+0000] {subprocess.py:90} INFO - [0m12:49:47  Updates available for packages: ['dbt-labs/dbt_utils']
[2025-09-14T12:49:47.119+0000] {subprocess.py:90} INFO - Update your versions in packages.yml, then run dbt deps
[2025-09-14T12:49:49.388+0000] {subprocess.py:94} INFO - Command exited with return code 0
[2025-09-14T12:49:49.389+0000] {local.py:441} INFO - Update your versions in packages.yml, then run dbt deps
[2025-09-14T12:49:49.390+0000] {virtualenv.py:99} INFO - Using Python binary from virtualenv: /tmp/cosmos_venv_ecom_marts/bin/python
[2025-09-14T12:49:49.391+0000] {local.py:434} INFO - Trying to run the command:
 ['/tmp/cosmos_venv_ecom_marts/bin/dbt', 'test', '--models', 'dim_categories', '--project-dir', '/tmp/tmpxubp4h5w', '--profiles-dir', '/opt/***/dags/dbt', '--profile', 'ecom_marts', '--target', 'dev']
From /tmp/tmpxubp4h5w
[2025-09-14T12:49:49.391+0000] {subprocess.py:56} INFO - Tmp dir root location: 
 /tmp
[2025-09-14T12:49:49.392+0000] {subprocess.py:69} INFO - Running command: ['/tmp/cosmos_venv_ecom_marts/bin/dbt', 'test', '--models', 'dim_categories', '--project-dir', '/tmp/tmpxubp4h5w', '--profiles-dir', '/opt/***/dags/dbt', '--profile', 'ecom_marts', '--target', 'dev']
[2025-09-14T12:49:49.408+0000] {subprocess.py:80} INFO - Command output:
[2025-09-14T12:49:51.339+0000] {subprocess.py:90} INFO - [0m12:49:51  Running with dbt=1.10.11
[2025-09-14T12:49:51.341+0000] {subprocess.py:90} INFO - [0m12:49:51  [[33mWARNING[0m]: Deprecated functionality
[2025-09-14T12:49:51.342+0000] {subprocess.py:90} INFO - Usage of `--models`, `--model`, and `-m` is deprecated in favor of `--select` or
[2025-09-14T12:49:51.342+0000] {subprocess.py:90} INFO - `-s`.
[2025-09-14T12:49:51.773+0000] {subprocess.py:90} INFO - [0m12:49:51  Registered adapter: clickhouse=1.9.3
[2025-09-14T12:49:52.714+0000] {subprocess.py:90} INFO - [0m12:49:52  Found 14 models, 36 data tests, 15 sources, 597 macros
[2025-09-14T12:49:52.717+0000] {subprocess.py:90} INFO - [0m12:49:52
[2025-09-14T12:49:52.718+0000] {subprocess.py:90} INFO - [0m12:49:52  Concurrency: 4 threads (target='dev')
[2025-09-14T12:49:52.718+0000] {subprocess.py:90} INFO - [0m12:49:52
[2025-09-14T12:49:52.843+0000] {subprocess.py:90} INFO - [0m12:49:52  1 of 2 START test not_null_dim_categories_category_id .......................... [RUN]
[2025-09-14T12:49:52.861+0000] {subprocess.py:90} INFO - [0m12:49:52  2 of 2 START test unique_dim_categories_category_id ............................ [RUN]
[2025-09-14T12:49:52.911+0000] {subprocess.py:90} INFO - [0m12:49:52  1 of 2 ERROR not_null_dim_categories_category_id ............................... [[31mERROR[0m in 0.07s]
[2025-09-14T12:49:52.942+0000] {subprocess.py:90} INFO - [0m12:49:52  2 of 2 ERROR unique_dim_categories_category_id ................................. [[31mERROR[0m in 0.08s]
[2025-09-14T12:49:52.947+0000] {subprocess.py:90} INFO - [0m12:49:52
[2025-09-14T12:49:52.948+0000] {subprocess.py:90} INFO - [0m12:49:52  Finished running 2 data tests in 0 hours 0 minutes and 0.23 seconds (0.23s).
[2025-09-14T12:49:52.999+0000] {subprocess.py:90} INFO - [0m12:49:52
[2025-09-14T12:49:53.002+0000] {subprocess.py:90} INFO - [0m12:49:53  [31mCompleted with 2 errors, 0 partial successes, and 0 warnings:[0m
[2025-09-14T12:49:53.003+0000] {subprocess.py:90} INFO - [0m12:49:53
[2025-09-14T12:49:53.003+0000] {subprocess.py:90} INFO - [0m12:49:53  [31mFailure in test not_null_dim_categories_category_id (models/ecom_marts/schema.yml)[0m
[2025-09-14T12:49:53.004+0000] {subprocess.py:90} INFO - [0m12:49:53    Database Error in test not_null_dim_categories_category_id (models/ecom_marts/schema.yml)
[2025-09-14T12:49:53.004+0000] {subprocess.py:90} INFO -   HTTPDriver for http://clickhouse:8123 received ClickHouse error code 47
[2025-09-14T12:49:53.005+0000] {subprocess.py:90} INFO -    Code: 47. DB::Exception: Unknown expression identifier 'category_id' in scope SELECT category_id FROM ecom_db_marts.dim_categories WHERE category_id IS NULL. Maybe you meant: ['category_name']. (UNKNOWN_IDENTIFIER) (version 24.8.14.39 (official build))
[2025-09-14T12:49:53.005+0000] {subprocess.py:90} INFO -   compiled code at target/run/ecom_marts/models/ecom_marts/schema.yml/not_null_dim_categories_category_id.sql
[2025-09-14T12:49:53.006+0000] {subprocess.py:90} INFO - [0m12:49:53
[2025-09-14T12:49:53.006+0000] {subprocess.py:90} INFO - [0m12:49:53    compiled code at target/compiled/ecom_marts/models/ecom_marts/schema.yml/not_null_dim_categories_category_id.sql
[2025-09-14T12:49:53.007+0000] {subprocess.py:90} INFO - [0m12:49:53
[2025-09-14T12:49:53.007+0000] {subprocess.py:90} INFO - [0m12:49:53  [31mFailure in test unique_dim_categories_category_id (models/ecom_marts/schema.yml)[0m
[2025-09-14T12:49:53.007+0000] {subprocess.py:90} INFO - [0m12:49:53    Database Error in test unique_dim_categories_category_id (models/ecom_marts/schema.yml)
[2025-09-14T12:49:53.007+0000] {subprocess.py:90} INFO -   HTTPDriver for http://clickhouse:8123 received ClickHouse error code 47
[2025-09-14T12:49:53.008+0000] {subprocess.py:90} INFO -    Code: 47. DB::Exception: Unknown expression identifier 'category_id' in scope SELECT category_id AS unique_field, count(*) AS n_records FROM ecom_db_marts.dim_categories WHERE category_id IS NOT NULL GROUP BY category_id HAVING count(*) > 1. Maybe you meant: ['category_name']. (UNKNOWN_IDENTIFIER) (version 24.8.14.39 (official build))
[2025-09-14T12:49:53.009+0000] {subprocess.py:90} INFO -   compiled code at target/run/ecom_marts/models/ecom_marts/schema.yml/unique_dim_categories_category_id.sql
[2025-09-14T12:49:53.009+0000] {subprocess.py:90} INFO - [0m12:49:53
[2025-09-14T12:49:53.009+0000] {subprocess.py:90} INFO - [0m12:49:53    compiled code at target/compiled/ecom_marts/models/ecom_marts/schema.yml/unique_dim_categories_category_id.sql
[2025-09-14T12:49:53.010+0000] {subprocess.py:90} INFO - [0m12:49:53
[2025-09-14T12:49:53.010+0000] {subprocess.py:90} INFO - [0m12:49:53  Done. PASS=0 WARN=0 ERROR=2 SKIP=0 NO-OP=0 TOTAL=2
[2025-09-14T12:49:53.010+0000] {subprocess.py:90} INFO - [0m12:49:53  [[33mWARNING[0m][DeprecationsSummary]: Deprecated functionality
[2025-09-14T12:49:53.010+0000] {subprocess.py:90} INFO - Summary of encountered deprecations:
[2025-09-14T12:49:53.011+0000] {subprocess.py:90} INFO - - ModelParamUsageDeprecation: 1 occurrence
[2025-09-14T12:49:53.011+0000] {subprocess.py:90} INFO - To see all deprecation instances instead of just the first occurrence of each,
[2025-09-14T12:49:53.011+0000] {subprocess.py:90} INFO - run command again with the `--show-all-deprecations` flag. You may also need to
[2025-09-14T12:49:53.011+0000] {subprocess.py:90} INFO - run with `--no-partial-parse` as some deprecations are only encountered during
[2025-09-14T12:49:53.011+0000] {subprocess.py:90} INFO - parsing.
[2025-09-14T12:49:55.281+0000] {subprocess.py:94} INFO - Command exited with return code 1
[2025-09-14T12:49:55.282+0000] {local.py:441} INFO - parsing.
[2025-09-14T12:49:55.296+0000] {local.py:196} WARNING - Artifact schema version: https://schemas.getdbt.com/dbt/manifest/v12.json is above dbt-ol supported version 7. This might cause errors.
[2025-09-14T12:49:55.296+0000] {local.py:196} WARNING - Artifact schema version: https://schemas.getdbt.com/dbt/run-results/v6.json is above dbt-ol supported version 5. This might cause errors.
[2025-09-14T12:49:55.303+0000] {local.py:547} INFO - Inlets: []
[2025-09-14T12:49:55.303+0000] {local.py:548} INFO - Outlets: []
[2025-09-14T12:49:55.304+0000] {local.py:772} INFO - Assigning inlets/outlets without DatasetAlias
[2025-09-14T12:49:55.304+0000] {dag.py:3089} INFO - Sync 1 DAGs
[2025-09-14T12:49:55.357+0000] {dag.py:3947} INFO - Setting next_dagrun for dbt_marts to 2025-09-14 00:00:00+00:00, run_after=2025-09-15 00:00:00+00:00
[2025-09-14T12:49:55.433+0000] {local.py:253} ERROR - [0m12:49:51  Running with dbt=1.10.11
[0m12:49:51  [[33mWARNING[0m]: Deprecated functionality
Usage of `--models`, `--model`, and `-m` is deprecated in favor of `--select` or
`-s`.
[0m12:49:51  Registered adapter: clickhouse=1.9.3
[0m12:49:52  Found 14 models, 36 data tests, 15 sources, 597 macros
[0m12:49:52
[0m12:49:52  Concurrency: 4 threads (target='dev')
[0m12:49:52
[0m12:49:52  1 of 2 START test not_null_dim_categories_category_id .......................... [RUN]
[0m12:49:52  2 of 2 START test unique_dim_categories_category_id ............................ [RUN]
[0m12:49:52  1 of 2 ERROR not_null_dim_categories_category_id ............................... [[31mERROR[0m in 0.07s]
[0m12:49:52  2 of 2 ERROR unique_dim_categories_category_id ................................. [[31mERROR[0m in 0.08s]
[0m12:49:52
[0m12:49:52  Finished running 2 data tests in 0 hours 0 minutes and 0.23 seconds (0.23s).
[0m12:49:52
[0m12:49:53  [31mCompleted with 2 errors, 0 partial successes, and 0 warnings:[0m
[0m12:49:53
[0m12:49:53  [31mFailure in test not_null_dim_categories_category_id (models/ecom_marts/schema.yml)[0m
[0m12:49:53    Database Error in test not_null_dim_categories_category_id (models/ecom_marts/schema.yml)
  HTTPDriver for http://clickhouse:8123 received ClickHouse error code 47
   Code: 47. DB::Exception: Unknown expression identifier 'category_id' in scope SELECT category_id FROM ecom_db_marts.dim_categories WHERE category_id IS NULL. Maybe you meant: ['category_name']. (UNKNOWN_IDENTIFIER) (version 24.8.14.39 (official build))
  compiled code at target/run/ecom_marts/models/ecom_marts/schema.yml/not_null_dim_categories_category_id.sql
[0m12:49:53
[0m12:49:53    compiled code at target/compiled/ecom_marts/models/ecom_marts/schema.yml/not_null_dim_categories_category_id.sql
[0m12:49:53
[0m12:49:53  [31mFailure in test unique_dim_categories_category_id (models/ecom_marts/schema.yml)[0m
[0m12:49:53    Database Error in test unique_dim_categories_category_id (models/ecom_marts/schema.yml)
  HTTPDriver for http://clickhouse:8123 received ClickHouse error code 47
   Code: 47. DB::Exception: Unknown expression identifier 'category_id' in scope SELECT category_id AS unique_field, count(*) AS n_records FROM ecom_db_marts.dim_categories WHERE category_id IS NOT NULL GROUP BY category_id HAVING count(*) > 1. Maybe you meant: ['category_name']. (UNKNOWN_IDENTIFIER) (version 24.8.14.39 (official build))
  compiled code at target/run/ecom_marts/models/ecom_marts/schema.yml/unique_dim_categories_category_id.sql
[0m12:49:53
[0m12:49:53    compiled code at target/compiled/ecom_marts/models/ecom_marts/schema.yml/unique_dim_categories_category_id.sql
[0m12:49:53
[0m12:49:53  Done. PASS=0 WARN=0 ERROR=2 SKIP=0 NO-OP=0 TOTAL=2
[0m12:49:53  [[33mWARNING[0m][DeprecationsSummary]: Deprecated functionality
Summary of encountered deprecations:
- ModelParamUsageDeprecation: 1 occurrence
To see all deprecation instances instead of just the first occurrence of each,
run command again with the `--show-all-deprecations` flag. You may also need to
run with `--no-partial-parse` as some deprecations are only encountered during
parsing.
[2025-09-14T12:49:55.441+0000] {virtualenv.py:131} INFO - Releasing virtualenv lock
[2025-09-14T12:49:55.442+0000] {taskinstance.py:441} INFO - ::group::Post task execution logs
[2025-09-14T12:49:55.477+0000] {taskinstance.py:2905} ERROR - Task failed with exception
Traceback (most recent call last):
  File "/home/airflow/.local/lib/python3.10/site-packages/airflow/models/taskinstance.py", line 465, in _execute_task
    result = _execute_callable(context=context, **execute_callable_kwargs)
  File "/home/airflow/.local/lib/python3.10/site-packages/airflow/models/taskinstance.py", line 432, in _execute_callable
    return execute_callable(context=context, **execute_callable_kwargs)
  File "/home/airflow/.local/lib/python3.10/site-packages/airflow/models/baseoperator.py", line 401, in wrapper
    return func(self, *args, **kwargs)
  File "/home/airflow/.local/lib/python3.10/site-packages/cosmos/operators/virtualenv.py", line 144, in execute
    output = super().execute(context)
  File "/home/airflow/.local/lib/python3.10/site-packages/airflow/models/baseoperator.py", line 401, in wrapper
    return func(self, *args, **kwargs)
  File "/home/airflow/.local/lib/python3.10/site-packages/cosmos/operators/local.py", line 1089, in execute
    result = self.build_and_run_cmd(context=context, cmd_flags=self.add_cmd_flags())
  File "/home/airflow/.local/lib/python3.10/site-packages/cosmos/operators/local.py", line 853, in build_and_run_cmd
    result = self.run_command(
  File "/home/airflow/.local/lib/python3.10/site-packages/cosmos/operators/virtualenv.py", line 129, in run_command
    return super().run_command(cmd, env, context, run_as_async=run_as_async, async_context=async_context)
  File "/home/airflow/.local/lib/python3.10/site-packages/cosmos/operators/local.py", line 650, in run_command
    self.handle_exception(result)
  File "/home/airflow/.local/lib/python3.10/site-packages/cosmos/operators/local.py", line 254, in handle_exception_subprocess
    raise AirflowException(f"dbt command failed. The command returned a non-zero exit code {result.exit_code}.")
airflow.exceptions.AirflowException: dbt command failed. The command returned a non-zero exit code 1.
[2025-09-14T12:49:55.483+0000] {taskinstance.py:1206} INFO - Marking task as FAILED. dag_id=dbt_marts, task_id=marts.dim_categories.test, run_id=scheduled__2025-09-13T00:00:00+00:00, execution_date=20250913T000000, start_date=20250914T124916, end_date=20250914T124955
[2025-09-14T12:49:55.505+0000] {standard_task_runner.py:110} ERROR - Failed to execute job 307 for task marts.dim_categories.test (dbt command failed. The command returned a non-zero exit code 1.; 1391)
[2025-09-14T12:49:55.545+0000] {local_task_job_runner.py:243} INFO - Task exited with return code 1
[2025-09-14T12:49:55.598+0000] {taskinstance.py:3503} INFO - 0 downstream tasks scheduled from follow-on schedule check
[2025-09-14T12:49:55.613+0000] {local_task_job_runner.py:222} INFO - ::endgroup::
