[2025-09-14T14:28:33.827+0000] {local_task_job_runner.py:120} INFO - ::group::Pre task execution logs
[2025-09-14T14:28:34.102+0000] {taskinstance.py:2076} INFO - Dependencies all met for dep_context=non-requeueable deps ti=<TaskInstance: dbt_intermediate.intermediate.customers_enriched.test manual__2025-09-14T14:24:34.783254+00:00 [queued]>
[2025-09-14T14:28:34.113+0000] {taskinstance.py:2076} INFO - Dependencies all met for dep_context=requeueable deps ti=<TaskInstance: dbt_intermediate.intermediate.customers_enriched.test manual__2025-09-14T14:24:34.783254+00:00 [queued]>
[2025-09-14T14:28:34.119+0000] {taskinstance.py:2306} INFO - Starting attempt 1 of 1
[2025-09-14T14:28:34.135+0000] {taskinstance.py:2330} INFO - Executing <Task(DbtTestVirtualenvOperator): intermediate.customers_enriched.test> on 2025-09-14 14:24:34.783254+00:00
[2025-09-14T14:28:34.143+0000] {standard_task_runner.py:64} INFO - Started process 6863 to run task
[2025-09-14T14:28:34.148+0000] {standard_task_runner.py:90} INFO - Running: ['***', 'tasks', 'run', 'dbt_intermediate', 'intermediate.customers_enriched.test', 'manual__2025-09-14T14:24:34.783254+00:00', '--job-id', '372', '--raw', '--subdir', 'DAGS_FOLDER/dbt_intermediate.py', '--cfg-path', '/tmp/tmp8vgr_w5z']
[2025-09-14T14:28:34.151+0000] {standard_task_runner.py:91} INFO - Job 372: Subtask intermediate.customers_enriched.test
[2025-09-14T14:28:34.334+0000] {task_command.py:426} INFO - Running <TaskInstance: dbt_intermediate.intermediate.customers_enriched.test manual__2025-09-14T14:24:34.783254+00:00 [running]> on host e95bde6b8d07
[2025-09-14T14:28:34.608+0000] {taskinstance.py:2648} INFO - Exporting env vars: AIRFLOW_CTX_DAG_OWNER='***' AIRFLOW_CTX_DAG_ID='dbt_intermediate' AIRFLOW_CTX_TASK_ID='intermediate.customers_enriched.test' AIRFLOW_CTX_EXECUTION_DATE='2025-09-14T14:24:34.783254+00:00' AIRFLOW_CTX_TRY_NUMBER='1' AIRFLOW_CTX_DAG_RUN_ID='manual__2025-09-14T14:24:34.783254+00:00'
[2025-09-14T14:28:34.610+0000] {taskinstance.py:430} INFO - ::endgroup::
[2025-09-14T14:28:34.623+0000] {baseoperator.py:400} WARNING - DbtTestVirtualenvOperator.execute cannot be called outside TaskInstance!
[2025-09-14T14:28:34.624+0000] {virtualenv.py:120} INFO - Checking if the virtualenv lock /tmp/cosmos_venv_ecom_intermediate/cosmos_virtualenv.lock exists
[2025-09-14T14:28:34.625+0000] {virtualenv.py:178} INFO - Checking for running process with PID 6481
[2025-09-14T14:28:34.625+0000] {virtualenv.py:181} INFO - Process 6481 running: True and has the lock /tmp/cosmos_venv_ecom_intermediate/cosmos_virtualenv.lock.
[2025-09-14T14:28:34.626+0000] {virtualenv.py:122} INFO - Waiting for virtualenv lock to be released
[2025-09-14T14:28:35.627+0000] {virtualenv.py:178} INFO - Checking for running process with PID 6481
[2025-09-14T14:28:35.628+0000] {virtualenv.py:181} INFO - Process 6481 running: True and has the lock /tmp/cosmos_venv_ecom_intermediate/cosmos_virtualenv.lock.
[2025-09-14T14:28:35.629+0000] {virtualenv.py:122} INFO - Waiting for virtualenv lock to be released
[2025-09-14T14:28:36.631+0000] {virtualenv.py:178} INFO - Checking for running process with PID 6481
[2025-09-14T14:28:36.637+0000] {virtualenv.py:181} INFO - Process 6481 running: True and has the lock /tmp/cosmos_venv_ecom_intermediate/cosmos_virtualenv.lock.
[2025-09-14T14:28:36.638+0000] {virtualenv.py:122} INFO - Waiting for virtualenv lock to be released
[2025-09-14T14:28:37.638+0000] {virtualenv.py:178} INFO - Checking for running process with PID 6481
[2025-09-14T14:28:37.639+0000] {virtualenv.py:181} INFO - Process 6481 running: True and has the lock /tmp/cosmos_venv_ecom_intermediate/cosmos_virtualenv.lock.
[2025-09-14T14:28:37.639+0000] {virtualenv.py:122} INFO - Waiting for virtualenv lock to be released
[2025-09-14T14:28:38.641+0000] {virtualenv.py:178} INFO - Checking for running process with PID 6481
[2025-09-14T14:28:38.642+0000] {virtualenv.py:181} INFO - Process 6481 running: True and has the lock /tmp/cosmos_venv_ecom_intermediate/cosmos_virtualenv.lock.
[2025-09-14T14:28:38.645+0000] {virtualenv.py:122} INFO - Waiting for virtualenv lock to be released
[2025-09-14T14:28:39.647+0000] {virtualenv.py:178} INFO - Checking for running process with PID 6481
[2025-09-14T14:28:39.648+0000] {virtualenv.py:181} INFO - Process 6481 running: True and has the lock /tmp/cosmos_venv_ecom_intermediate/cosmos_virtualenv.lock.
[2025-09-14T14:28:39.649+0000] {virtualenv.py:122} INFO - Waiting for virtualenv lock to be released
[2025-09-14T14:28:40.651+0000] {virtualenv.py:178} INFO - Checking for running process with PID 6481
[2025-09-14T14:28:40.652+0000] {virtualenv.py:181} INFO - Process 6481 running: True and has the lock /tmp/cosmos_venv_ecom_intermediate/cosmos_virtualenv.lock.
[2025-09-14T14:28:40.653+0000] {virtualenv.py:122} INFO - Waiting for virtualenv lock to be released
[2025-09-14T14:28:41.655+0000] {virtualenv.py:178} INFO - Checking for running process with PID 6481
[2025-09-14T14:28:41.656+0000] {virtualenv.py:181} INFO - Process 6481 running: True and has the lock /tmp/cosmos_venv_ecom_intermediate/cosmos_virtualenv.lock.
[2025-09-14T14:28:41.657+0000] {virtualenv.py:122} INFO - Waiting for virtualenv lock to be released
[2025-09-14T14:28:42.659+0000] {virtualenv.py:178} INFO - Checking for running process with PID 6481
[2025-09-14T14:28:42.659+0000] {virtualenv.py:181} INFO - Process 6481 running: True and has the lock /tmp/cosmos_venv_ecom_intermediate/cosmos_virtualenv.lock.
[2025-09-14T14:28:42.660+0000] {virtualenv.py:122} INFO - Waiting for virtualenv lock to be released
[2025-09-14T14:28:43.661+0000] {virtualenv.py:178} INFO - Checking for running process with PID 6481
[2025-09-14T14:28:43.662+0000] {virtualenv.py:181} INFO - Process 6481 running: True and has the lock /tmp/cosmos_venv_ecom_intermediate/cosmos_virtualenv.lock.
[2025-09-14T14:28:43.663+0000] {virtualenv.py:122} INFO - Waiting for virtualenv lock to be released
[2025-09-14T14:28:44.665+0000] {virtualenv.py:178} INFO - Checking for running process with PID 6481
[2025-09-14T14:28:44.665+0000] {virtualenv.py:181} INFO - Process 6481 running: True and has the lock /tmp/cosmos_venv_ecom_intermediate/cosmos_virtualenv.lock.
[2025-09-14T14:28:44.666+0000] {virtualenv.py:122} INFO - Waiting for virtualenv lock to be released
[2025-09-14T14:28:45.668+0000] {virtualenv.py:178} INFO - Checking for running process with PID 6481
[2025-09-14T14:28:45.668+0000] {virtualenv.py:181} INFO - Process 6481 running: True and has the lock /tmp/cosmos_venv_ecom_intermediate/cosmos_virtualenv.lock.
[2025-09-14T14:28:45.669+0000] {virtualenv.py:122} INFO - Waiting for virtualenv lock to be released
[2025-09-14T14:28:46.671+0000] {virtualenv.py:178} INFO - Checking for running process with PID 6517
[2025-09-14T14:28:46.671+0000] {virtualenv.py:181} INFO - Process 6517 running: True and has the lock /tmp/cosmos_venv_ecom_intermediate/cosmos_virtualenv.lock.
[2025-09-14T14:28:46.672+0000] {virtualenv.py:122} INFO - Waiting for virtualenv lock to be released
[2025-09-14T14:28:47.673+0000] {virtualenv.py:178} INFO - Checking for running process with PID 6517
[2025-09-14T14:28:47.675+0000] {virtualenv.py:181} INFO - Process 6517 running: True and has the lock /tmp/cosmos_venv_ecom_intermediate/cosmos_virtualenv.lock.
[2025-09-14T14:28:47.675+0000] {virtualenv.py:122} INFO - Waiting for virtualenv lock to be released
[2025-09-14T14:28:48.676+0000] {virtualenv.py:178} INFO - Checking for running process with PID 6517
[2025-09-14T14:28:48.677+0000] {virtualenv.py:181} INFO - Process 6517 running: True and has the lock /tmp/cosmos_venv_ecom_intermediate/cosmos_virtualenv.lock.
[2025-09-14T14:28:48.678+0000] {virtualenv.py:122} INFO - Waiting for virtualenv lock to be released
[2025-09-14T14:28:49.680+0000] {virtualenv.py:178} INFO - Checking for running process with PID 6517
[2025-09-14T14:28:49.681+0000] {virtualenv.py:181} INFO - Process 6517 running: True and has the lock /tmp/cosmos_venv_ecom_intermediate/cosmos_virtualenv.lock.
[2025-09-14T14:28:49.681+0000] {virtualenv.py:122} INFO - Waiting for virtualenv lock to be released
[2025-09-14T14:28:50.683+0000] {virtualenv.py:178} INFO - Checking for running process with PID 6517
[2025-09-14T14:28:50.684+0000] {virtualenv.py:181} INFO - Process 6517 running: True and has the lock /tmp/cosmos_venv_ecom_intermediate/cosmos_virtualenv.lock.
[2025-09-14T14:28:50.684+0000] {virtualenv.py:122} INFO - Waiting for virtualenv lock to be released
[2025-09-14T14:28:51.686+0000] {virtualenv.py:178} INFO - Checking for running process with PID 6517
[2025-09-14T14:28:51.686+0000] {virtualenv.py:181} INFO - Process 6517 running: True and has the lock /tmp/cosmos_venv_ecom_intermediate/cosmos_virtualenv.lock.
[2025-09-14T14:28:51.687+0000] {virtualenv.py:122} INFO - Waiting for virtualenv lock to be released
[2025-09-14T14:28:52.688+0000] {virtualenv.py:178} INFO - Checking for running process with PID 6517
[2025-09-14T14:28:52.688+0000] {virtualenv.py:181} INFO - Process 6517 running: True and has the lock /tmp/cosmos_venv_ecom_intermediate/cosmos_virtualenv.lock.
[2025-09-14T14:28:52.689+0000] {virtualenv.py:122} INFO - Waiting for virtualenv lock to be released
[2025-09-14T14:28:53.691+0000] {virtualenv.py:178} INFO - Checking for running process with PID 6517
[2025-09-14T14:28:53.692+0000] {virtualenv.py:181} INFO - Process 6517 running: True and has the lock /tmp/cosmos_venv_ecom_intermediate/cosmos_virtualenv.lock.
[2025-09-14T14:28:53.692+0000] {virtualenv.py:122} INFO - Waiting for virtualenv lock to be released
[2025-09-14T14:28:54.694+0000] {virtualenv.py:178} INFO - Checking for running process with PID 6517
[2025-09-14T14:28:54.695+0000] {virtualenv.py:181} INFO - Process 6517 running: True and has the lock /tmp/cosmos_venv_ecom_intermediate/cosmos_virtualenv.lock.
[2025-09-14T14:28:54.696+0000] {virtualenv.py:122} INFO - Waiting for virtualenv lock to be released
[2025-09-14T14:28:55.698+0000] {virtualenv.py:178} INFO - Checking for running process with PID 6517
[2025-09-14T14:28:55.699+0000] {virtualenv.py:181} INFO - Process 6517 running: True and has the lock /tmp/cosmos_venv_ecom_intermediate/cosmos_virtualenv.lock.
[2025-09-14T14:28:55.699+0000] {virtualenv.py:122} INFO - Waiting for virtualenv lock to be released
[2025-09-14T14:28:56.700+0000] {virtualenv.py:178} INFO - Checking for running process with PID 6517
[2025-09-14T14:28:56.701+0000] {virtualenv.py:181} INFO - Process 6517 running: True and has the lock /tmp/cosmos_venv_ecom_intermediate/cosmos_virtualenv.lock.
[2025-09-14T14:28:56.701+0000] {virtualenv.py:122} INFO - Waiting for virtualenv lock to be released
[2025-09-14T14:28:57.703+0000] {virtualenv.py:178} INFO - Checking for running process with PID 6517
[2025-09-14T14:28:57.704+0000] {virtualenv.py:181} INFO - Process 6517 running: True and has the lock /tmp/cosmos_venv_ecom_intermediate/cosmos_virtualenv.lock.
[2025-09-14T14:28:57.704+0000] {virtualenv.py:122} INFO - Waiting for virtualenv lock to be released
[2025-09-14T14:28:58.706+0000] {virtualenv.py:178} INFO - Checking for running process with PID 6517
[2025-09-14T14:28:58.707+0000] {virtualenv.py:181} INFO - Process 6517 running: True and has the lock /tmp/cosmos_venv_ecom_intermediate/cosmos_virtualenv.lock.
[2025-09-14T14:28:58.708+0000] {virtualenv.py:122} INFO - Waiting for virtualenv lock to be released
[2025-09-14T14:28:59.709+0000] {virtualenv.py:178} INFO - Checking for running process with PID 6517
[2025-09-14T14:28:59.710+0000] {virtualenv.py:181} INFO - Process 6517 running: True and has the lock /tmp/cosmos_venv_ecom_intermediate/cosmos_virtualenv.lock.
[2025-09-14T14:28:59.710+0000] {virtualenv.py:122} INFO - Waiting for virtualenv lock to be released
[2025-09-14T14:29:00.712+0000] {virtualenv.py:178} INFO - Checking for running process with PID 6517
[2025-09-14T14:29:00.713+0000] {virtualenv.py:181} INFO - Process 6517 running: True and has the lock /tmp/cosmos_venv_ecom_intermediate/cosmos_virtualenv.lock.
[2025-09-14T14:29:00.713+0000] {virtualenv.py:122} INFO - Waiting for virtualenv lock to be released
[2025-09-14T14:29:01.715+0000] {virtualenv.py:178} INFO - Checking for running process with PID 6517
[2025-09-14T14:29:01.716+0000] {virtualenv.py:181} INFO - Process 6517 running: True and has the lock /tmp/cosmos_venv_ecom_intermediate/cosmos_virtualenv.lock.
[2025-09-14T14:29:01.717+0000] {virtualenv.py:122} INFO - Waiting for virtualenv lock to be released
[2025-09-14T14:29:02.719+0000] {virtualenv.py:178} INFO - Checking for running process with PID 6864
[2025-09-14T14:29:02.720+0000] {virtualenv.py:181} INFO - Process 6864 running: True and has the lock /tmp/cosmos_venv_ecom_intermediate/cosmos_virtualenv.lock.
[2025-09-14T14:29:02.721+0000] {virtualenv.py:122} INFO - Waiting for virtualenv lock to be released
[2025-09-14T14:29:03.723+0000] {virtualenv.py:178} INFO - Checking for running process with PID 6864
[2025-09-14T14:29:03.724+0000] {virtualenv.py:181} INFO - Process 6864 running: True and has the lock /tmp/cosmos_venv_ecom_intermediate/cosmos_virtualenv.lock.
[2025-09-14T14:29:03.724+0000] {virtualenv.py:122} INFO - Waiting for virtualenv lock to be released
[2025-09-14T14:29:04.726+0000] {virtualenv.py:178} INFO - Checking for running process with PID 6864
[2025-09-14T14:29:04.727+0000] {virtualenv.py:181} INFO - Process 6864 running: True and has the lock /tmp/cosmos_venv_ecom_intermediate/cosmos_virtualenv.lock.
[2025-09-14T14:29:04.727+0000] {virtualenv.py:122} INFO - Waiting for virtualenv lock to be released
[2025-09-14T14:29:05.729+0000] {virtualenv.py:178} INFO - Checking for running process with PID 6864
[2025-09-14T14:29:05.730+0000] {virtualenv.py:181} INFO - Process 6864 running: True and has the lock /tmp/cosmos_venv_ecom_intermediate/cosmos_virtualenv.lock.
[2025-09-14T14:29:05.730+0000] {virtualenv.py:122} INFO - Waiting for virtualenv lock to be released
[2025-09-14T14:29:06.732+0000] {virtualenv.py:178} INFO - Checking for running process with PID 6864
[2025-09-14T14:29:06.733+0000] {virtualenv.py:181} INFO - Process 6864 running: True and has the lock /tmp/cosmos_venv_ecom_intermediate/cosmos_virtualenv.lock.
[2025-09-14T14:29:06.734+0000] {virtualenv.py:122} INFO - Waiting for virtualenv lock to be released
[2025-09-14T14:29:07.735+0000] {virtualenv.py:178} INFO - Checking for running process with PID 6864
[2025-09-14T14:29:07.735+0000] {virtualenv.py:181} INFO - Process 6864 running: True and has the lock /tmp/cosmos_venv_ecom_intermediate/cosmos_virtualenv.lock.
[2025-09-14T14:29:07.736+0000] {virtualenv.py:122} INFO - Waiting for virtualenv lock to be released
[2025-09-14T14:29:08.738+0000] {virtualenv.py:178} INFO - Checking for running process with PID 6864
[2025-09-14T14:29:08.739+0000] {virtualenv.py:181} INFO - Process 6864 running: True and has the lock /tmp/cosmos_venv_ecom_intermediate/cosmos_virtualenv.lock.
[2025-09-14T14:29:08.739+0000] {virtualenv.py:122} INFO - Waiting for virtualenv lock to be released
[2025-09-14T14:29:09.741+0000] {virtualenv.py:178} INFO - Checking for running process with PID 6864
[2025-09-14T14:29:09.742+0000] {virtualenv.py:181} INFO - Process 6864 running: True and has the lock /tmp/cosmos_venv_ecom_intermediate/cosmos_virtualenv.lock.
[2025-09-14T14:29:09.743+0000] {virtualenv.py:122} INFO - Waiting for virtualenv lock to be released
[2025-09-14T14:29:10.745+0000] {virtualenv.py:178} INFO - Checking for running process with PID 6864
[2025-09-14T14:29:10.746+0000] {virtualenv.py:181} INFO - Process 6864 running: True and has the lock /tmp/cosmos_venv_ecom_intermediate/cosmos_virtualenv.lock.
[2025-09-14T14:29:10.746+0000] {virtualenv.py:122} INFO - Waiting for virtualenv lock to be released
[2025-09-14T14:29:11.748+0000] {virtualenv.py:178} INFO - Checking for running process with PID 6864
[2025-09-14T14:29:11.749+0000] {virtualenv.py:181} INFO - Process 6864 running: True and has the lock /tmp/cosmos_venv_ecom_intermediate/cosmos_virtualenv.lock.
[2025-09-14T14:29:11.750+0000] {virtualenv.py:122} INFO - Waiting for virtualenv lock to be released
[2025-09-14T14:29:12.750+0000] {virtualenv.py:178} INFO - Checking for running process with PID 6864
[2025-09-14T14:29:12.751+0000] {virtualenv.py:181} INFO - Process 6864 running: True and has the lock /tmp/cosmos_venv_ecom_intermediate/cosmos_virtualenv.lock.
[2025-09-14T14:29:12.752+0000] {virtualenv.py:122} INFO - Waiting for virtualenv lock to be released
[2025-09-14T14:29:13.754+0000] {virtualenv.py:178} INFO - Checking for running process with PID 6864
[2025-09-14T14:29:13.754+0000] {virtualenv.py:181} INFO - Process 6864 running: True and has the lock /tmp/cosmos_venv_ecom_intermediate/cosmos_virtualenv.lock.
[2025-09-14T14:29:13.755+0000] {virtualenv.py:122} INFO - Waiting for virtualenv lock to be released
[2025-09-14T14:29:14.756+0000] {virtualenv.py:178} INFO - Checking for running process with PID 6864
[2025-09-14T14:29:14.757+0000] {virtualenv.py:181} INFO - Process 6864 running: True and has the lock /tmp/cosmos_venv_ecom_intermediate/cosmos_virtualenv.lock.
[2025-09-14T14:29:14.757+0000] {virtualenv.py:122} INFO - Waiting for virtualenv lock to be released
[2025-09-14T14:29:15.759+0000] {virtualenv.py:178} INFO - Checking for running process with PID 6864
[2025-09-14T14:29:15.761+0000] {virtualenv.py:181} INFO - Process 6864 running: True and has the lock /tmp/cosmos_venv_ecom_intermediate/cosmos_virtualenv.lock.
[2025-09-14T14:29:15.762+0000] {virtualenv.py:122} INFO - Waiting for virtualenv lock to be released
[2025-09-14T14:29:16.764+0000] {virtualenv.py:178} INFO - Checking for running process with PID 6864
[2025-09-14T14:29:16.765+0000] {virtualenv.py:181} INFO - Process 6864 running: True and has the lock /tmp/cosmos_venv_ecom_intermediate/cosmos_virtualenv.lock.
[2025-09-14T14:29:16.766+0000] {virtualenv.py:122} INFO - Waiting for virtualenv lock to be released
[2025-09-14T14:29:17.767+0000] {virtualenv.py:126} INFO - Acquiring the virtualenv lock
[2025-09-14T14:29:17.768+0000] {virtualenv.py:195} INFO - Acquiring lock at /tmp/cosmos_venv_ecom_intermediate/cosmos_virtualenv.lock with pid 6863
[2025-09-14T14:29:17.768+0000] {virtualenv.py:153} INFO - Creating or updating the virtualenv at `/tmp/cosmos_venv_ecom_intermediate
[2025-09-14T14:29:17.769+0000] {process_utils.py:183} INFO - Executing cmd: /home/***/.local/bin/python -m virtualenv /tmp/cosmos_venv_ecom_intermediate --python=python3
[2025-09-14T14:29:17.770+0000] {process_utils.py:187} INFO - Output:
[2025-09-14T14:29:19.212+0000] {process_utils.py:191} INFO - created virtual environment CPython3.10.14.final.0-64 in 635ms
[2025-09-14T14:29:19.213+0000] {process_utils.py:191} INFO -   creator CPython3Posix(dest=/tmp/cosmos_venv_ecom_intermediate, clear=False, no_vcs_ignore=False, global=False)
[2025-09-14T14:29:19.214+0000] {process_utils.py:191} INFO -   seeder FromAppData(download=False, pip=bundle, setuptools=bundle, wheel=bundle, via=copy, app_data_dir=/home/***/.local/share/virtualenv)
[2025-09-14T14:29:19.215+0000] {process_utils.py:191} INFO -     added seed packages: MarkupSafe==3.0.2, PyYAML==6.0.2, agate==1.9.1, annotated_types==0.7.0, attrs==25.3.0, babel==2.17.0, certifi==2025.8.3, charset_normalizer==3.4.3, click==8.2.1, clickhouse_connect==0.8.18, clickhouse_driver==0.2.9, colorama==0.4.6, daff==1.4.2, dbt_adapters==1.16.7, dbt_clickhouse==1.9.3, dbt_common==1.30.0, dbt_core==1.10.11, dbt_extractor==0.6.0, dbt_protos==1.0.375, dbt_semantic_interfaces==0.9.0, deepdiff==8.6.1, idna==3.10, importlib_metadata==8.7.0, isodate==0.6.1, jinja2==3.1.6, jsonschema==4.25.1, jsonschema_specifications==2025.9.1, leather==0.4.0, lz4==4.4.4, mashumaro==3.14, more_itertools==10.8.0, msgpack==1.1.1, networkx==3.4.2, orderly_set==5.5.0, packaging==25.0, parsedatetime==2.6, pathspec==0.12.1, pip==25.2, protobuf==6.32.1, pydantic==2.11.8, pydantic_core==2.33.2, python_dateutil==2.9.0.post0, python_slugify==8.0.4, pytimeparse==1.1.8, pytz==2025.2, referencing==0.36.2, requests==2.32.5, rpds_py==0.27.1, setuptools==80.9.0, six==1.17.0, snowplow_tracker==1.1.0, sqlparse==0.5.3, text_unidecode==1.3, typing_extensions==4.15.0, typing_inspection==0.4.1, tzlocal==5.3.1, urllib3==2.5.0, wheel==0.45.1, zipp==3.23.0, zstandard==0.24.0
[2025-09-14T14:29:19.215+0000] {process_utils.py:191} INFO -   activators BashActivator,CShellActivator,FishActivator,NushellActivator,PowerShellActivator,PythonActivator
[2025-09-14T14:29:19.288+0000] {process_utils.py:183} INFO - Executing cmd: /tmp/cosmos_venv_ecom_intermediate/bin/pip install dbt-clickhouse
[2025-09-14T14:29:19.289+0000] {process_utils.py:187} INFO - Output:
[2025-09-14T14:29:20.575+0000] {process_utils.py:191} INFO - Requirement already satisfied: dbt-clickhouse in /tmp/cosmos_venv_ecom_intermediate/lib/python3.10/site-packages (1.9.3)
[2025-09-14T14:29:20.578+0000] {process_utils.py:191} INFO - Requirement already satisfied: dbt-core>=1.9 in /tmp/cosmos_venv_ecom_intermediate/lib/python3.10/site-packages (from dbt-clickhouse) (1.10.11)
[2025-09-14T14:29:20.578+0000] {process_utils.py:191} INFO - Requirement already satisfied: clickhouse-connect>=0.6.22 in /tmp/cosmos_venv_ecom_intermediate/lib/python3.10/site-packages (from dbt-clickhouse) (0.8.18)
[2025-09-14T14:29:20.579+0000] {process_utils.py:191} INFO - Requirement already satisfied: clickhouse-driver>=0.2.6 in /tmp/cosmos_venv_ecom_intermediate/lib/python3.10/site-packages (from dbt-clickhouse) (0.2.9)
[2025-09-14T14:29:20.579+0000] {process_utils.py:191} INFO - Requirement already satisfied: setuptools>=0.69 in /tmp/cosmos_venv_ecom_intermediate/lib/python3.10/site-packages (from dbt-clickhouse) (80.9.0)
[2025-09-14T14:29:20.582+0000] {process_utils.py:191} INFO - Requirement already satisfied: certifi in /tmp/cosmos_venv_ecom_intermediate/lib/python3.10/site-packages (from clickhouse-connect>=0.6.22->dbt-clickhouse) (2025.8.3)
[2025-09-14T14:29:20.583+0000] {process_utils.py:191} INFO - Requirement already satisfied: urllib3>=1.26 in /tmp/cosmos_venv_ecom_intermediate/lib/python3.10/site-packages (from clickhouse-connect>=0.6.22->dbt-clickhouse) (2.5.0)
[2025-09-14T14:29:20.583+0000] {process_utils.py:191} INFO - Requirement already satisfied: pytz in /tmp/cosmos_venv_ecom_intermediate/lib/python3.10/site-packages (from clickhouse-connect>=0.6.22->dbt-clickhouse) (2025.2)
[2025-09-14T14:29:20.584+0000] {process_utils.py:191} INFO - Requirement already satisfied: zstandard in /tmp/cosmos_venv_ecom_intermediate/lib/python3.10/site-packages (from clickhouse-connect>=0.6.22->dbt-clickhouse) (0.24.0)
[2025-09-14T14:29:20.585+0000] {process_utils.py:191} INFO - Requirement already satisfied: lz4 in /tmp/cosmos_venv_ecom_intermediate/lib/python3.10/site-packages (from clickhouse-connect>=0.6.22->dbt-clickhouse) (4.4.4)
[2025-09-14T14:29:20.589+0000] {process_utils.py:191} INFO - Requirement already satisfied: tzlocal in /tmp/cosmos_venv_ecom_intermediate/lib/python3.10/site-packages (from clickhouse-driver>=0.2.6->dbt-clickhouse) (5.3.1)
[2025-09-14T14:29:20.594+0000] {process_utils.py:191} INFO - Requirement already satisfied: agate<1.10,>=1.7.0 in /tmp/cosmos_venv_ecom_intermediate/lib/python3.10/site-packages (from dbt-core>=1.9->dbt-clickhouse) (1.9.1)
[2025-09-14T14:29:20.595+0000] {process_utils.py:191} INFO - Requirement already satisfied: Jinja2<4,>=3.1.3 in /tmp/cosmos_venv_ecom_intermediate/lib/python3.10/site-packages (from dbt-core>=1.9->dbt-clickhouse) (3.1.6)
[2025-09-14T14:29:20.596+0000] {process_utils.py:191} INFO - Requirement already satisfied: mashumaro<3.15,>=3.9 in /tmp/cosmos_venv_ecom_intermediate/lib/python3.10/site-packages (from mashumaro[msgpack]<3.15,>=3.9->dbt-core>=1.9->dbt-clickhouse) (3.14)
[2025-09-14T14:29:20.597+0000] {process_utils.py:191} INFO - Requirement already satisfied: click<9.0,>=8.0.2 in /tmp/cosmos_venv_ecom_intermediate/lib/python3.10/site-packages (from dbt-core>=1.9->dbt-clickhouse) (8.2.1)
[2025-09-14T14:29:20.597+0000] {process_utils.py:191} INFO - Requirement already satisfied: jsonschema<5.0,>=4.19.1 in /tmp/cosmos_venv_ecom_intermediate/lib/python3.10/site-packages (from dbt-core>=1.9->dbt-clickhouse) (4.25.1)
[2025-09-14T14:29:20.598+0000] {process_utils.py:191} INFO - Requirement already satisfied: networkx<4.0,>=2.3 in /tmp/cosmos_venv_ecom_intermediate/lib/python3.10/site-packages (from dbt-core>=1.9->dbt-clickhouse) (3.4.2)
[2025-09-14T14:29:20.599+0000] {process_utils.py:191} INFO - Requirement already satisfied: protobuf<7.0,>=6.0 in /tmp/cosmos_venv_ecom_intermediate/lib/python3.10/site-packages (from dbt-core>=1.9->dbt-clickhouse) (6.32.1)
[2025-09-14T14:29:20.599+0000] {process_utils.py:191} INFO - Requirement already satisfied: requests<3.0.0 in /tmp/cosmos_venv_ecom_intermediate/lib/python3.10/site-packages (from dbt-core>=1.9->dbt-clickhouse) (2.32.5)
[2025-09-14T14:29:20.600+0000] {process_utils.py:191} INFO - Requirement already satisfied: snowplow-tracker<2.0,>=1.0.2 in /tmp/cosmos_venv_ecom_intermediate/lib/python3.10/site-packages (from dbt-core>=1.9->dbt-clickhouse) (1.1.0)
[2025-09-14T14:29:20.600+0000] {process_utils.py:191} INFO - Requirement already satisfied: pathspec<0.13,>=0.9 in /tmp/cosmos_venv_ecom_intermediate/lib/python3.10/site-packages (from dbt-core>=1.9->dbt-clickhouse) (0.12.1)
[2025-09-14T14:29:20.601+0000] {process_utils.py:191} INFO - Requirement already satisfied: sqlparse<0.6.0,>=0.5.0 in /tmp/cosmos_venv_ecom_intermediate/lib/python3.10/site-packages (from dbt-core>=1.9->dbt-clickhouse) (0.5.3)
[2025-09-14T14:29:20.602+0000] {process_utils.py:191} INFO - Requirement already satisfied: dbt-extractor<=0.6,>=0.5.0 in /tmp/cosmos_venv_ecom_intermediate/lib/python3.10/site-packages (from dbt-core>=1.9->dbt-clickhouse) (0.6.0)
[2025-09-14T14:29:20.602+0000] {process_utils.py:191} INFO - Requirement already satisfied: dbt-semantic-interfaces<0.10,>=0.9.0 in /tmp/cosmos_venv_ecom_intermediate/lib/python3.10/site-packages (from dbt-core>=1.9->dbt-clickhouse) (0.9.0)
[2025-09-14T14:29:20.603+0000] {process_utils.py:191} INFO - Requirement already satisfied: dbt-common<2.0,>=1.27.0 in /tmp/cosmos_venv_ecom_intermediate/lib/python3.10/site-packages (from dbt-core>=1.9->dbt-clickhouse) (1.30.0)
[2025-09-14T14:29:20.603+0000] {process_utils.py:191} INFO - Requirement already satisfied: dbt-adapters<2.0,>=1.15.5 in /tmp/cosmos_venv_ecom_intermediate/lib/python3.10/site-packages (from dbt-core>=1.9->dbt-clickhouse) (1.16.7)
[2025-09-14T14:29:20.604+0000] {process_utils.py:191} INFO - Requirement already satisfied: dbt-protos<2.0,>=1.0.346 in /tmp/cosmos_venv_ecom_intermediate/lib/python3.10/site-packages (from dbt-core>=1.9->dbt-clickhouse) (1.0.375)
[2025-09-14T14:29:20.605+0000] {process_utils.py:191} INFO - Requirement already satisfied: pydantic<3 in /tmp/cosmos_venv_ecom_intermediate/lib/python3.10/site-packages (from dbt-core>=1.9->dbt-clickhouse) (2.11.8)
[2025-09-14T14:29:20.605+0000] {process_utils.py:191} INFO - Requirement already satisfied: packaging>20.9 in /tmp/cosmos_venv_ecom_intermediate/lib/python3.10/site-packages (from dbt-core>=1.9->dbt-clickhouse) (25.0)
[2025-09-14T14:29:20.606+0000] {process_utils.py:191} INFO - Requirement already satisfied: pyyaml>=6.0 in /tmp/cosmos_venv_ecom_intermediate/lib/python3.10/site-packages (from dbt-core>=1.9->dbt-clickhouse) (6.0.2)
[2025-09-14T14:29:20.606+0000] {process_utils.py:191} INFO - Requirement already satisfied: daff>=1.3.46 in /tmp/cosmos_venv_ecom_intermediate/lib/python3.10/site-packages (from dbt-core>=1.9->dbt-clickhouse) (1.4.2)
[2025-09-14T14:29:20.607+0000] {process_utils.py:191} INFO - Requirement already satisfied: typing-extensions>=4.4 in /tmp/cosmos_venv_ecom_intermediate/lib/python3.10/site-packages (from dbt-core>=1.9->dbt-clickhouse) (4.15.0)
[2025-09-14T14:29:20.611+0000] {process_utils.py:191} INFO - Requirement already satisfied: Babel>=2.0 in /tmp/cosmos_venv_ecom_intermediate/lib/python3.10/site-packages (from agate<1.10,>=1.7.0->dbt-core>=1.9->dbt-clickhouse) (2.17.0)
[2025-09-14T14:29:20.612+0000] {process_utils.py:191} INFO - Requirement already satisfied: isodate>=0.5.4 in /tmp/cosmos_venv_ecom_intermediate/lib/python3.10/site-packages (from agate<1.10,>=1.7.0->dbt-core>=1.9->dbt-clickhouse) (0.6.1)
[2025-09-14T14:29:20.613+0000] {process_utils.py:191} INFO - Requirement already satisfied: leather>=0.3.2 in /tmp/cosmos_venv_ecom_intermediate/lib/python3.10/site-packages (from agate<1.10,>=1.7.0->dbt-core>=1.9->dbt-clickhouse) (0.4.0)
[2025-09-14T14:29:20.613+0000] {process_utils.py:191} INFO - Requirement already satisfied: parsedatetime!=2.5,>=2.1 in /tmp/cosmos_venv_ecom_intermediate/lib/python3.10/site-packages (from agate<1.10,>=1.7.0->dbt-core>=1.9->dbt-clickhouse) (2.6)
[2025-09-14T14:29:20.614+0000] {process_utils.py:191} INFO - Requirement already satisfied: python-slugify>=1.2.1 in /tmp/cosmos_venv_ecom_intermediate/lib/python3.10/site-packages (from agate<1.10,>=1.7.0->dbt-core>=1.9->dbt-clickhouse) (8.0.4)
[2025-09-14T14:29:20.616+0000] {process_utils.py:191} INFO - Requirement already satisfied: pytimeparse>=1.1.5 in /tmp/cosmos_venv_ecom_intermediate/lib/python3.10/site-packages (from agate<1.10,>=1.7.0->dbt-core>=1.9->dbt-clickhouse) (1.1.8)
[2025-09-14T14:29:20.629+0000] {process_utils.py:191} INFO - Requirement already satisfied: colorama<0.5,>=0.3.9 in /tmp/cosmos_venv_ecom_intermediate/lib/python3.10/site-packages (from dbt-common<2.0,>=1.27.0->dbt-core>=1.9->dbt-clickhouse) (0.4.6)
[2025-09-14T14:29:20.631+0000] {process_utils.py:191} INFO - Requirement already satisfied: deepdiff<9.0,>=7.0 in /tmp/cosmos_venv_ecom_intermediate/lib/python3.10/site-packages (from dbt-common<2.0,>=1.27.0->dbt-core>=1.9->dbt-clickhouse) (8.6.1)
[2025-09-14T14:29:20.634+0000] {process_utils.py:191} INFO - Requirement already satisfied: python-dateutil<3.0,>=2.0 in /tmp/cosmos_venv_ecom_intermediate/lib/python3.10/site-packages (from dbt-common<2.0,>=1.27.0->dbt-core>=1.9->dbt-clickhouse) (2.9.0.post0)
[2025-09-14T14:29:20.643+0000] {process_utils.py:191} INFO - Requirement already satisfied: importlib-metadata<9,>=6.0 in /tmp/cosmos_venv_ecom_intermediate/lib/python3.10/site-packages (from dbt-semantic-interfaces<0.10,>=0.9.0->dbt-core>=1.9->dbt-clickhouse) (8.7.0)
[2025-09-14T14:29:20.646+0000] {process_utils.py:191} INFO - Requirement already satisfied: more-itertools<11.0,>=8.0 in /tmp/cosmos_venv_ecom_intermediate/lib/python3.10/site-packages (from dbt-semantic-interfaces<0.10,>=0.9.0->dbt-core>=1.9->dbt-clickhouse) (10.8.0)
[2025-09-14T14:29:20.657+0000] {process_utils.py:191} INFO - Requirement already satisfied: orderly-set<6,>=5.4.1 in /tmp/cosmos_venv_ecom_intermediate/lib/python3.10/site-packages (from deepdiff<9.0,>=7.0->dbt-common<2.0,>=1.27.0->dbt-core>=1.9->dbt-clickhouse) (5.5.0)
[2025-09-14T14:29:20.663+0000] {process_utils.py:191} INFO - Requirement already satisfied: zipp>=3.20 in /tmp/cosmos_venv_ecom_intermediate/lib/python3.10/site-packages (from importlib-metadata<9,>=6.0->dbt-semantic-interfaces<0.10,>=0.9.0->dbt-core>=1.9->dbt-clickhouse) (3.23.0)
[2025-09-14T14:29:20.664+0000] {process_utils.py:191} INFO - Requirement already satisfied: six in /tmp/cosmos_venv_ecom_intermediate/lib/python3.10/site-packages (from isodate>=0.5.4->agate<1.10,>=1.7.0->dbt-core>=1.9->dbt-clickhouse) (1.17.0)
[2025-09-14T14:29:20.666+0000] {process_utils.py:191} INFO - Requirement already satisfied: MarkupSafe>=2.0 in /tmp/cosmos_venv_ecom_intermediate/lib/python3.10/site-packages (from Jinja2<4,>=3.1.3->dbt-core>=1.9->dbt-clickhouse) (3.0.2)
[2025-09-14T14:29:20.669+0000] {process_utils.py:191} INFO - Requirement already satisfied: attrs>=22.2.0 in /tmp/cosmos_venv_ecom_intermediate/lib/python3.10/site-packages (from jsonschema<5.0,>=4.19.1->dbt-core>=1.9->dbt-clickhouse) (25.3.0)
[2025-09-14T14:29:20.670+0000] {process_utils.py:191} INFO - Requirement already satisfied: jsonschema-specifications>=2023.03.6 in /tmp/cosmos_venv_ecom_intermediate/lib/python3.10/site-packages (from jsonschema<5.0,>=4.19.1->dbt-core>=1.9->dbt-clickhouse) (2025.9.1)
[2025-09-14T14:29:20.670+0000] {process_utils.py:191} INFO - Requirement already satisfied: referencing>=0.28.4 in /tmp/cosmos_venv_ecom_intermediate/lib/python3.10/site-packages (from jsonschema<5.0,>=4.19.1->dbt-core>=1.9->dbt-clickhouse) (0.36.2)
[2025-09-14T14:29:20.671+0000] {process_utils.py:191} INFO - Requirement already satisfied: rpds-py>=0.7.1 in /tmp/cosmos_venv_ecom_intermediate/lib/python3.10/site-packages (from jsonschema<5.0,>=4.19.1->dbt-core>=1.9->dbt-clickhouse) (0.27.1)
[2025-09-14T14:29:20.677+0000] {process_utils.py:191} INFO - Requirement already satisfied: msgpack>=0.5.6 in /tmp/cosmos_venv_ecom_intermediate/lib/python3.10/site-packages (from mashumaro[msgpack]<3.15,>=3.9->dbt-core>=1.9->dbt-clickhouse) (1.1.1)
[2025-09-14T14:29:20.692+0000] {process_utils.py:191} INFO - Requirement already satisfied: annotated-types>=0.6.0 in /tmp/cosmos_venv_ecom_intermediate/lib/python3.10/site-packages (from pydantic<3->dbt-core>=1.9->dbt-clickhouse) (0.7.0)
[2025-09-14T14:29:20.692+0000] {process_utils.py:191} INFO - Requirement already satisfied: pydantic-core==2.33.2 in /tmp/cosmos_venv_ecom_intermediate/lib/python3.10/site-packages (from pydantic<3->dbt-core>=1.9->dbt-clickhouse) (2.33.2)
[2025-09-14T14:29:20.694+0000] {process_utils.py:191} INFO - Requirement already satisfied: typing-inspection>=0.4.0 in /tmp/cosmos_venv_ecom_intermediate/lib/python3.10/site-packages (from pydantic<3->dbt-core>=1.9->dbt-clickhouse) (0.4.1)
[2025-09-14T14:29:20.702+0000] {process_utils.py:191} INFO - Requirement already satisfied: charset_normalizer<4,>=2 in /tmp/cosmos_venv_ecom_intermediate/lib/python3.10/site-packages (from requests<3.0.0->dbt-core>=1.9->dbt-clickhouse) (3.4.3)
[2025-09-14T14:29:20.703+0000] {process_utils.py:191} INFO - Requirement already satisfied: idna<4,>=2.5 in /tmp/cosmos_venv_ecom_intermediate/lib/python3.10/site-packages (from requests<3.0.0->dbt-core>=1.9->dbt-clickhouse) (3.10)
[2025-09-14T14:29:20.741+0000] {process_utils.py:191} INFO - Requirement already satisfied: text-unidecode>=1.3 in /tmp/cosmos_venv_ecom_intermediate/lib/python3.10/site-packages (from python-slugify>=1.2.1->agate<1.10,>=1.7.0->dbt-core>=1.9->dbt-clickhouse) (1.3)
[2025-09-14T14:29:20.908+0000] {local.py:470} INFO - Cloning project to writable temp directory /tmp/tmp8rg2yk65 from /opt/airflow/dags/dbt/ecom_intermediate
[2025-09-14T14:29:20.924+0000] {local.py:490} INFO - Partial parse is enabled and the latest partial parse file is /tmp/cosmos/dbt_intermediate__intermediate/target/partial_parse.msgpack
[2025-09-14T14:29:20.935+0000] {config.py:362} INFO - Using user-supplied profiles.yml at /opt/airflow/dags/dbt/profiles.yml
[2025-09-14T14:29:20.943+0000] {virtualenv.py:99} INFO - Using Python binary from virtualenv: /tmp/cosmos_venv_ecom_intermediate/bin/python
[2025-09-14T14:29:20.943+0000] {local.py:434} INFO - Trying to run the command:
 ['/tmp/cosmos_venv_ecom_intermediate/bin/dbt', 'deps', '--project-dir', '/tmp/tmp8rg2yk65', '--profiles-dir', '/opt/***/dags/dbt', '--profile', 'ecom_intermediate', '--target', 'dev']
From /tmp/tmp8rg2yk65
[2025-09-14T14:29:20.944+0000] {subprocess.py:56} INFO - Tmp dir root location: 
 /tmp
[2025-09-14T14:29:20.944+0000] {subprocess.py:69} INFO - Running command: ['/tmp/cosmos_venv_ecom_intermediate/bin/dbt', 'deps', '--project-dir', '/tmp/tmp8rg2yk65', '--profiles-dir', '/opt/***/dags/dbt', '--profile', 'ecom_intermediate', '--target', 'dev']
[2025-09-14T14:29:20.955+0000] {subprocess.py:80} INFO - Command output:
[2025-09-14T14:29:22.971+0000] {subprocess.py:90} INFO - [0m14:29:22  Running with dbt=1.10.11
[2025-09-14T14:29:23.736+0000] {subprocess.py:90} INFO - [0m14:29:23  Installing dbt-labs/dbt_utils
[2025-09-14T14:29:24.398+0000] {subprocess.py:90} INFO - [0m14:29:24  Installed from version 1.3.0
[2025-09-14T14:29:24.398+0000] {subprocess.py:90} INFO - [0m14:29:24  Updated version available: 1.3.1
[2025-09-14T14:29:24.399+0000] {subprocess.py:90} INFO - [0m14:29:24
[2025-09-14T14:29:24.399+0000] {subprocess.py:90} INFO - [0m14:29:24  Updates available for packages: ['dbt-labs/dbt_utils']
[2025-09-14T14:29:24.400+0000] {subprocess.py:90} INFO - Update your versions in packages.yml, then run dbt deps
[2025-09-14T14:29:26.206+0000] {subprocess.py:94} INFO - Command exited with return code 0
[2025-09-14T14:29:26.207+0000] {local.py:441} INFO - Update your versions in packages.yml, then run dbt deps
[2025-09-14T14:29:26.207+0000] {virtualenv.py:99} INFO - Using Python binary from virtualenv: /tmp/cosmos_venv_ecom_intermediate/bin/python
[2025-09-14T14:29:26.208+0000] {local.py:434} INFO - Trying to run the command:
 ['/tmp/cosmos_venv_ecom_intermediate/bin/dbt', 'test', '--models', 'customers_enriched', '--project-dir', '/tmp/tmp8rg2yk65', '--profiles-dir', '/opt/***/dags/dbt', '--profile', 'ecom_intermediate', '--target', 'dev']
From /tmp/tmp8rg2yk65
[2025-09-14T14:29:26.208+0000] {subprocess.py:56} INFO - Tmp dir root location: 
 /tmp
[2025-09-14T14:29:26.208+0000] {subprocess.py:69} INFO - Running command: ['/tmp/cosmos_venv_ecom_intermediate/bin/dbt', 'test', '--models', 'customers_enriched', '--project-dir', '/tmp/tmp8rg2yk65', '--profiles-dir', '/opt/***/dags/dbt', '--profile', 'ecom_intermediate', '--target', 'dev']
[2025-09-14T14:29:26.220+0000] {subprocess.py:80} INFO - Command output:
[2025-09-14T14:29:28.435+0000] {subprocess.py:90} INFO - [0m14:29:28  Running with dbt=1.10.11
[2025-09-14T14:29:28.437+0000] {subprocess.py:90} INFO - [0m14:29:28  [[33mWARNING[0m]: Deprecated functionality
[2025-09-14T14:29:28.438+0000] {subprocess.py:90} INFO - Usage of `--models`, `--model`, and `-m` is deprecated in favor of `--select` or
[2025-09-14T14:29:28.439+0000] {subprocess.py:90} INFO - `-s`.
[2025-09-14T14:29:28.892+0000] {subprocess.py:90} INFO - [0m14:29:28  Registered adapter: clickhouse=1.9.3
[2025-09-14T14:29:29.901+0000] {subprocess.py:90} INFO - [0m14:29:29  Found 15 models, 50 data tests, 8 sources, 597 macros
[2025-09-14T14:29:29.904+0000] {subprocess.py:90} INFO - [0m14:29:29
[2025-09-14T14:29:29.905+0000] {subprocess.py:90} INFO - [0m14:29:29  Concurrency: 4 threads (target='dev')
[2025-09-14T14:29:29.905+0000] {subprocess.py:90} INFO - [0m14:29:29
[2025-09-14T14:29:30.027+0000] {subprocess.py:90} INFO - [0m14:29:30  1 of 6 START test not_null_customers_enriched_customer_id ...................... [RUN]
[2025-09-14T14:29:30.028+0000] {subprocess.py:90} INFO - [0m14:29:30  2 of 6 START test relationships_customer_interactions_customer_id__customer_id__ref_customers_enriched_  [RUN]
[2025-09-14T14:29:30.029+0000] {subprocess.py:90} INFO - [0m14:29:30  3 of 6 START test relationships_customers_enriched_education_id__education_id__ref_education_types_  [RUN]
[2025-09-14T14:29:30.030+0000] {subprocess.py:90} INFO - [0m14:29:30  4 of 6 START test relationships_customers_enriched_location_id__location_id__ref_locations_  [RUN]
[2025-09-14T14:29:30.162+0000] {subprocess.py:90} INFO - [0m14:29:30  1 of 6 ERROR not_null_customers_enriched_customer_id ........................... [[31mERROR[0m in 0.13s]
[2025-09-14T14:29:30.164+0000] {subprocess.py:90} INFO - [0m14:29:30  5 of 6 START test relationships_orders_customer_id__customer_id__ref_customers_enriched_  [RUN]
[2025-09-14T14:29:30.186+0000] {subprocess.py:90} INFO - [0m14:29:30  5 of 6 ERROR relationships_orders_customer_id__customer_id__ref_customers_enriched_  [[31mERROR[0m in 0.02s]
[2025-09-14T14:29:30.189+0000] {subprocess.py:90} INFO - [0m14:29:30  6 of 6 START test unique_customers_enriched_customer_id ........................ [RUN]
[2025-09-14T14:29:30.250+0000] {subprocess.py:90} INFO - [0m14:29:30  4 of 6 PASS relationships_customers_enriched_location_id__location_id__ref_locations_  [[32mPASS[0m in 0.22s]
[2025-09-14T14:29:30.256+0000] {subprocess.py:90} INFO - [0m14:29:30  3 of 6 PASS relationships_customers_enriched_education_id__education_id__ref_education_types_  [[32mPASS[0m in 0.22s]
[2025-09-14T14:29:30.266+0000] {subprocess.py:90} INFO - [0m14:29:30  2 of 6 ERROR relationships_customer_interactions_customer_id__customer_id__ref_customers_enriched_  [[31mERROR[0m in 0.23s]
[2025-09-14T14:29:30.274+0000] {subprocess.py:90} INFO - [0m14:29:30  6 of 6 ERROR unique_customers_enriched_customer_id ............................. [[31mERROR[0m in 0.08s]
[2025-09-14T14:29:30.286+0000] {subprocess.py:90} INFO - [0m14:29:30
[2025-09-14T14:29:30.287+0000] {subprocess.py:90} INFO - [0m14:29:30  Finished running 6 data tests in 0 hours 0 minutes and 0.38 seconds (0.38s).
[2025-09-14T14:29:30.370+0000] {subprocess.py:90} INFO - [0m14:29:30
[2025-09-14T14:29:30.370+0000] {subprocess.py:90} INFO - [0m14:29:30  [31mCompleted with 4 errors, 0 partial successes, and 0 warnings:[0m
[2025-09-14T14:29:30.371+0000] {subprocess.py:90} INFO - [0m14:29:30
[2025-09-14T14:29:30.372+0000] {subprocess.py:90} INFO - [0m14:29:30  [31mFailure in test not_null_customers_enriched_customer_id (models/ecom_intermediate/schema.yml)[0m
[2025-09-14T14:29:30.373+0000] {subprocess.py:90} INFO - [0m14:29:30    Database Error in test not_null_customers_enriched_customer_id (models/ecom_intermediate/schema.yml)
[2025-09-14T14:29:30.373+0000] {subprocess.py:90} INFO -   HTTPDriver for http://clickhouse:8123 received ClickHouse error code 47
[2025-09-14T14:29:30.374+0000] {subprocess.py:90} INFO -    Code: 47. DB::Exception: Unknown expression identifier 'customer_id' in scope SELECT customer_id FROM ecom_db_intermediate.customers_enriched WHERE customer_id IS NULL. (UNKNOWN_IDENTIFIER) (version 24.8.14.39 (official build))
[2025-09-14T14:29:30.374+0000] {subprocess.py:90} INFO -   compiled code at target/run/ecom_intermediate/models/ecom_intermediate/schema.yml/not_null_customers_enriched_customer_id.sql
[2025-09-14T14:29:30.375+0000] {subprocess.py:90} INFO - [0m14:29:30
[2025-09-14T14:29:30.375+0000] {subprocess.py:90} INFO - [0m14:29:30    compiled code at target/compiled/ecom_intermediate/models/ecom_intermediate/schema.yml/not_null_customers_enriched_customer_id.sql
[2025-09-14T14:29:30.375+0000] {subprocess.py:90} INFO - [0m14:29:30
[2025-09-14T14:29:30.375+0000] {subprocess.py:90} INFO - [0m14:29:30  [31mFailure in test relationships_orders_customer_id__customer_id__ref_customers_enriched_ (models/ecom_intermediate/schema.yml)[0m
[2025-09-14T14:29:30.376+0000] {subprocess.py:90} INFO - [0m14:29:30    Database Error in test relationships_orders_customer_id__customer_id__ref_customers_enriched_ (models/ecom_intermediate/schema.yml)
[2025-09-14T14:29:30.376+0000] {subprocess.py:90} INFO -   HTTPDriver for http://clickhouse:8123 received ClickHouse error code 47
[2025-09-14T14:29:30.376+0000] {subprocess.py:90} INFO -    Code: 47. DB::Exception: Unknown expression identifier 'customer_id' in scope parent AS (SELECT customer_id AS to_field FROM ecom_db_intermediate.customers_enriched). (UNKNOWN_IDENTIFIER) (version 24.8.14.39 (official build))
[2025-09-14T14:29:30.377+0000] {subprocess.py:90} INFO -   compiled code at target/run/ecom_intermediate/models/ecom_intermediate/schema.yml/relationships_orders_db7c5094b0557c0df685ba91e2e993fc.sql
[2025-09-14T14:29:30.377+0000] {subprocess.py:90} INFO - [0m14:29:30
[2025-09-14T14:29:30.377+0000] {subprocess.py:90} INFO - [0m14:29:30    compiled code at target/compiled/ecom_intermediate/models/ecom_intermediate/schema.yml/relationships_orders_db7c5094b0557c0df685ba91e2e993fc.sql
[2025-09-14T14:29:30.377+0000] {subprocess.py:90} INFO - [0m14:29:30
[2025-09-14T14:29:30.378+0000] {subprocess.py:90} INFO - [0m14:29:30  [31mFailure in test relationships_customer_interactions_customer_id__customer_id__ref_customers_enriched_ (models/ecom_intermediate/schema.yml)[0m
[2025-09-14T14:29:30.378+0000] {subprocess.py:90} INFO - [0m14:29:30    Database Error in test relationships_customer_interactions_customer_id__customer_id__ref_customers_enriched_ (models/ecom_intermediate/schema.yml)
[2025-09-14T14:29:30.378+0000] {subprocess.py:90} INFO -   HTTPDriver for http://clickhouse:8123 received ClickHouse error code 47
[2025-09-14T14:29:30.378+0000] {subprocess.py:90} INFO -    Code: 47. DB::Exception: Unknown expression identifier 'customer_id' in scope parent AS (SELECT customer_id AS to_field FROM ecom_db_intermediate.customers_enriched). (UNKNOWN_IDENTIFIER) (version 24.8.14.39 (official build))
[2025-09-14T14:29:30.379+0000] {subprocess.py:90} INFO -   compiled code at target/run/ecom_intermediate/models/ecom_intermediate/schema.yml/relationships_customer_interac_a4153247f830da0ad3c6fa231f46f3a6.sql
[2025-09-14T14:29:30.379+0000] {subprocess.py:90} INFO - [0m14:29:30
[2025-09-14T14:29:30.380+0000] {subprocess.py:90} INFO - [0m14:29:30    compiled code at target/compiled/ecom_intermediate/models/ecom_intermediate/schema.yml/relationships_customer_interac_a4153247f830da0ad3c6fa231f46f3a6.sql
[2025-09-14T14:29:30.380+0000] {subprocess.py:90} INFO - [0m14:29:30
[2025-09-14T14:29:30.381+0000] {subprocess.py:90} INFO - [0m14:29:30  [31mFailure in test unique_customers_enriched_customer_id (models/ecom_intermediate/schema.yml)[0m
[2025-09-14T14:29:30.381+0000] {subprocess.py:90} INFO - [0m14:29:30    Database Error in test unique_customers_enriched_customer_id (models/ecom_intermediate/schema.yml)
[2025-09-14T14:29:30.381+0000] {subprocess.py:90} INFO -   HTTPDriver for http://clickhouse:8123 received ClickHouse error code 47
[2025-09-14T14:29:30.382+0000] {subprocess.py:90} INFO -    Code: 47. DB::Exception: Unknown expression identifier 'customer_id' in scope SELECT customer_id AS unique_field, count(*) AS n_records FROM ecom_db_intermediate.customers_enriched WHERE customer_id IS NOT NULL GROUP BY customer_id HAVING count(*) > 1. (UNKNOWN_IDENTIFIER) (version 24.8.14.39 (official build))
[2025-09-14T14:29:30.382+0000] {subprocess.py:90} INFO -   compiled code at target/run/ecom_intermediate/models/ecom_intermediate/schema.yml/unique_customers_enriched_customer_id.sql
[2025-09-14T14:29:30.383+0000] {subprocess.py:90} INFO - [0m14:29:30
[2025-09-14T14:29:30.383+0000] {subprocess.py:90} INFO - [0m14:29:30    compiled code at target/compiled/ecom_intermediate/models/ecom_intermediate/schema.yml/unique_customers_enriched_customer_id.sql
[2025-09-14T14:29:30.383+0000] {subprocess.py:90} INFO - [0m14:29:30
[2025-09-14T14:29:30.384+0000] {subprocess.py:90} INFO - [0m14:29:30  Done. PASS=2 WARN=0 ERROR=4 SKIP=0 NO-OP=0 TOTAL=6
[2025-09-14T14:29:30.384+0000] {subprocess.py:90} INFO - [0m14:29:30  [[33mWARNING[0m][DeprecationsSummary]: Deprecated functionality
[2025-09-14T14:29:30.384+0000] {subprocess.py:90} INFO - Summary of encountered deprecations:
[2025-09-14T14:29:30.384+0000] {subprocess.py:90} INFO - - ModelParamUsageDeprecation: 1 occurrence
[2025-09-14T14:29:30.385+0000] {subprocess.py:90} INFO - To see all deprecation instances instead of just the first occurrence of each,
[2025-09-14T14:29:30.385+0000] {subprocess.py:90} INFO - run command again with the `--show-all-deprecations` flag. You may also need to
[2025-09-14T14:29:30.385+0000] {subprocess.py:90} INFO - run with `--no-partial-parse` as some deprecations are only encountered during
[2025-09-14T14:29:30.386+0000] {subprocess.py:90} INFO - parsing.
[2025-09-14T14:29:32.163+0000] {subprocess.py:94} INFO - Command exited with return code 1
[2025-09-14T14:29:32.164+0000] {local.py:441} INFO - parsing.
[2025-09-14T14:29:32.179+0000] {local.py:196} WARNING - Artifact schema version: https://schemas.getdbt.com/dbt/manifest/v12.json is above dbt-ol supported version 7. This might cause errors.
[2025-09-14T14:29:32.180+0000] {local.py:196} WARNING - Artifact schema version: https://schemas.getdbt.com/dbt/run-results/v6.json is above dbt-ol supported version 5. This might cause errors.
[2025-09-14T14:29:32.185+0000] {local.py:547} INFO - Inlets: []
[2025-09-14T14:29:32.186+0000] {local.py:548} INFO - Outlets: []
[2025-09-14T14:29:32.187+0000] {local.py:772} INFO - Assigning inlets/outlets without DatasetAlias
[2025-09-14T14:29:32.187+0000] {dag.py:3089} INFO - Sync 1 DAGs
[2025-09-14T14:29:32.243+0000] {dag.py:3947} INFO - Setting next_dagrun for dbt_intermediate to 2025-09-14 00:00:00+00:00, run_after=2025-09-15 00:00:00+00:00
[2025-09-14T14:29:32.334+0000] {local.py:253} ERROR - [0m14:29:28  Running with dbt=1.10.11
[0m14:29:28  [[33mWARNING[0m]: Deprecated functionality
Usage of `--models`, `--model`, and `-m` is deprecated in favor of `--select` or
`-s`.
[0m14:29:28  Registered adapter: clickhouse=1.9.3
[0m14:29:29  Found 15 models, 50 data tests, 8 sources, 597 macros
[0m14:29:29
[0m14:29:29  Concurrency: 4 threads (target='dev')
[0m14:29:29
[0m14:29:30  1 of 6 START test not_null_customers_enriched_customer_id ...................... [RUN]
[0m14:29:30  2 of 6 START test relationships_customer_interactions_customer_id__customer_id__ref_customers_enriched_  [RUN]
[0m14:29:30  3 of 6 START test relationships_customers_enriched_education_id__education_id__ref_education_types_  [RUN]
[0m14:29:30  4 of 6 START test relationships_customers_enriched_location_id__location_id__ref_locations_  [RUN]
[0m14:29:30  1 of 6 ERROR not_null_customers_enriched_customer_id ........................... [[31mERROR[0m in 0.13s]
[0m14:29:30  5 of 6 START test relationships_orders_customer_id__customer_id__ref_customers_enriched_  [RUN]
[0m14:29:30  5 of 6 ERROR relationships_orders_customer_id__customer_id__ref_customers_enriched_  [[31mERROR[0m in 0.02s]
[0m14:29:30  6 of 6 START test unique_customers_enriched_customer_id ........................ [RUN]
[0m14:29:30  4 of 6 PASS relationships_customers_enriched_location_id__location_id__ref_locations_  [[32mPASS[0m in 0.22s]
[0m14:29:30  3 of 6 PASS relationships_customers_enriched_education_id__education_id__ref_education_types_  [[32mPASS[0m in 0.22s]
[0m14:29:30  2 of 6 ERROR relationships_customer_interactions_customer_id__customer_id__ref_customers_enriched_  [[31mERROR[0m in 0.23s]
[0m14:29:30  6 of 6 ERROR unique_customers_enriched_customer_id ............................. [[31mERROR[0m in 0.08s]
[0m14:29:30
[0m14:29:30  Finished running 6 data tests in 0 hours 0 minutes and 0.38 seconds (0.38s).
[0m14:29:30
[0m14:29:30  [31mCompleted with 4 errors, 0 partial successes, and 0 warnings:[0m
[0m14:29:30
[0m14:29:30  [31mFailure in test not_null_customers_enriched_customer_id (models/ecom_intermediate/schema.yml)[0m
[0m14:29:30    Database Error in test not_null_customers_enriched_customer_id (models/ecom_intermediate/schema.yml)
  HTTPDriver for http://clickhouse:8123 received ClickHouse error code 47
   Code: 47. DB::Exception: Unknown expression identifier 'customer_id' in scope SELECT customer_id FROM ecom_db_intermediate.customers_enriched WHERE customer_id IS NULL. (UNKNOWN_IDENTIFIER) (version 24.8.14.39 (official build))
  compiled code at target/run/ecom_intermediate/models/ecom_intermediate/schema.yml/not_null_customers_enriched_customer_id.sql
[0m14:29:30
[0m14:29:30    compiled code at target/compiled/ecom_intermediate/models/ecom_intermediate/schema.yml/not_null_customers_enriched_customer_id.sql
[0m14:29:30
[0m14:29:30  [31mFailure in test relationships_orders_customer_id__customer_id__ref_customers_enriched_ (models/ecom_intermediate/schema.yml)[0m
[0m14:29:30    Database Error in test relationships_orders_customer_id__customer_id__ref_customers_enriched_ (models/ecom_intermediate/schema.yml)
  HTTPDriver for http://clickhouse:8123 received ClickHouse error code 47
   Code: 47. DB::Exception: Unknown expression identifier 'customer_id' in scope parent AS (SELECT customer_id AS to_field FROM ecom_db_intermediate.customers_enriched). (UNKNOWN_IDENTIFIER) (version 24.8.14.39 (official build))
  compiled code at target/run/ecom_intermediate/models/ecom_intermediate/schema.yml/relationships_orders_db7c5094b0557c0df685ba91e2e993fc.sql
[0m14:29:30
[0m14:29:30    compiled code at target/compiled/ecom_intermediate/models/ecom_intermediate/schema.yml/relationships_orders_db7c5094b0557c0df685ba91e2e993fc.sql
[0m14:29:30
[0m14:29:30  [31mFailure in test relationships_customer_interactions_customer_id__customer_id__ref_customers_enriched_ (models/ecom_intermediate/schema.yml)[0m
[0m14:29:30    Database Error in test relationships_customer_interactions_customer_id__customer_id__ref_customers_enriched_ (models/ecom_intermediate/schema.yml)
  HTTPDriver for http://clickhouse:8123 received ClickHouse error code 47
   Code: 47. DB::Exception: Unknown expression identifier 'customer_id' in scope parent AS (SELECT customer_id AS to_field FROM ecom_db_intermediate.customers_enriched). (UNKNOWN_IDENTIFIER) (version 24.8.14.39 (official build))
  compiled code at target/run/ecom_intermediate/models/ecom_intermediate/schema.yml/relationships_customer_interac_a4153247f830da0ad3c6fa231f46f3a6.sql
[0m14:29:30
[0m14:29:30    compiled code at target/compiled/ecom_intermediate/models/ecom_intermediate/schema.yml/relationships_customer_interac_a4153247f830da0ad3c6fa231f46f3a6.sql
[0m14:29:30
[0m14:29:30  [31mFailure in test unique_customers_enriched_customer_id (models/ecom_intermediate/schema.yml)[0m
[0m14:29:30    Database Error in test unique_customers_enriched_customer_id (models/ecom_intermediate/schema.yml)
  HTTPDriver for http://clickhouse:8123 received ClickHouse error code 47
   Code: 47. DB::Exception: Unknown expression identifier 'customer_id' in scope SELECT customer_id AS unique_field, count(*) AS n_records FROM ecom_db_intermediate.customers_enriched WHERE customer_id IS NOT NULL GROUP BY customer_id HAVING count(*) > 1. (UNKNOWN_IDENTIFIER) (version 24.8.14.39 (official build))
  compiled code at target/run/ecom_intermediate/models/ecom_intermediate/schema.yml/unique_customers_enriched_customer_id.sql
[0m14:29:30
[0m14:29:30    compiled code at target/compiled/ecom_intermediate/models/ecom_intermediate/schema.yml/unique_customers_enriched_customer_id.sql
[0m14:29:30
[0m14:29:30  Done. PASS=2 WARN=0 ERROR=4 SKIP=0 NO-OP=0 TOTAL=6
[0m14:29:30  [[33mWARNING[0m][DeprecationsSummary]: Deprecated functionality
Summary of encountered deprecations:
- ModelParamUsageDeprecation: 1 occurrence
To see all deprecation instances instead of just the first occurrence of each,
run command again with the `--show-all-deprecations` flag. You may also need to
run with `--no-partial-parse` as some deprecations are only encountered during
parsing.
[2025-09-14T14:29:32.342+0000] {virtualenv.py:131} INFO - Releasing virtualenv lock
[2025-09-14T14:29:32.343+0000] {taskinstance.py:441} INFO - ::group::Post task execution logs
[2025-09-14T14:29:32.392+0000] {taskinstance.py:2905} ERROR - Task failed with exception
Traceback (most recent call last):
  File "/home/airflow/.local/lib/python3.10/site-packages/airflow/models/taskinstance.py", line 465, in _execute_task
    result = _execute_callable(context=context, **execute_callable_kwargs)
  File "/home/airflow/.local/lib/python3.10/site-packages/airflow/models/taskinstance.py", line 432, in _execute_callable
    return execute_callable(context=context, **execute_callable_kwargs)
  File "/home/airflow/.local/lib/python3.10/site-packages/airflow/models/baseoperator.py", line 401, in wrapper
    return func(self, *args, **kwargs)
  File "/home/airflow/.local/lib/python3.10/site-packages/cosmos/operators/virtualenv.py", line 144, in execute
    output = super().execute(context)
  File "/home/airflow/.local/lib/python3.10/site-packages/airflow/models/baseoperator.py", line 401, in wrapper
    return func(self, *args, **kwargs)
  File "/home/airflow/.local/lib/python3.10/site-packages/cosmos/operators/local.py", line 1089, in execute
    result = self.build_and_run_cmd(context=context, cmd_flags=self.add_cmd_flags())
  File "/home/airflow/.local/lib/python3.10/site-packages/cosmos/operators/local.py", line 853, in build_and_run_cmd
    result = self.run_command(
  File "/home/airflow/.local/lib/python3.10/site-packages/cosmos/operators/virtualenv.py", line 129, in run_command
    return super().run_command(cmd, env, context, run_as_async=run_as_async, async_context=async_context)
  File "/home/airflow/.local/lib/python3.10/site-packages/cosmos/operators/local.py", line 650, in run_command
    self.handle_exception(result)
  File "/home/airflow/.local/lib/python3.10/site-packages/cosmos/operators/local.py", line 254, in handle_exception_subprocess
    raise AirflowException(f"dbt command failed. The command returned a non-zero exit code {result.exit_code}.")
airflow.exceptions.AirflowException: dbt command failed. The command returned a non-zero exit code 1.
[2025-09-14T14:29:32.396+0000] {taskinstance.py:1206} INFO - Marking task as FAILED. dag_id=dbt_intermediate, task_id=intermediate.customers_enriched.test, run_id=manual__2025-09-14T14:24:34.783254+00:00, execution_date=20250914T142434, start_date=20250914T142834, end_date=20250914T142932
[2025-09-14T14:29:32.426+0000] {standard_task_runner.py:110} ERROR - Failed to execute job 372 for task intermediate.customers_enriched.test (dbt command failed. The command returned a non-zero exit code 1.; 6863)
[2025-09-14T14:29:32.479+0000] {local_task_job_runner.py:243} INFO - Task exited with return code 1
[2025-09-14T14:29:32.569+0000] {taskinstance.py:3503} INFO - 0 downstream tasks scheduled from follow-on schedule check
[2025-09-14T14:29:32.572+0000] {local_task_job_runner.py:222} INFO - ::endgroup::
