[2025-09-14T14:46:14.609+0000] {local_task_job_runner.py:120} INFO - ::group::Pre task execution logs
[2025-09-14T14:46:14.832+0000] {taskinstance.py:2076} INFO - Dependencies all met for dep_context=non-requeueable deps ti=<TaskInstance: dbt_marts.marts.dim_products.test manual__2025-09-14T14:34:20.423414+00:00 [queued]>
[2025-09-14T14:46:14.843+0000] {taskinstance.py:2076} INFO - Dependencies all met for dep_context=requeueable deps ti=<TaskInstance: dbt_marts.marts.dim_products.test manual__2025-09-14T14:34:20.423414+00:00 [queued]>
[2025-09-14T14:46:14.854+0000] {taskinstance.py:2306} INFO - Starting attempt 1 of 1
[2025-09-14T14:46:14.879+0000] {taskinstance.py:2330} INFO - Executing <Task(DbtTestVirtualenvOperator): marts.dim_products.test> on 2025-09-14 14:34:20.423414+00:00
[2025-09-14T14:46:14.886+0000] {standard_task_runner.py:64} INFO - Started process 9230 to run task
[2025-09-14T14:46:14.891+0000] {standard_task_runner.py:90} INFO - Running: ['***', 'tasks', 'run', 'dbt_marts', 'marts.dim_products.test', 'manual__2025-09-14T14:34:20.423414+00:00', '--job-id', '409', '--raw', '--subdir', 'DAGS_FOLDER/dbt_marts.py', '--cfg-path', '/tmp/tmpt18j6kxx']
[2025-09-14T14:46:14.895+0000] {standard_task_runner.py:91} INFO - Job 409: Subtask marts.dim_products.test
[2025-09-14T14:46:15.047+0000] {task_command.py:426} INFO - Running <TaskInstance: dbt_marts.marts.dim_products.test manual__2025-09-14T14:34:20.423414+00:00 [running]> on host e95bde6b8d07
[2025-09-14T14:46:15.285+0000] {taskinstance.py:2648} INFO - Exporting env vars: AIRFLOW_CTX_DAG_OWNER='***' AIRFLOW_CTX_DAG_ID='dbt_marts' AIRFLOW_CTX_TASK_ID='marts.dim_products.test' AIRFLOW_CTX_EXECUTION_DATE='2025-09-14T14:34:20.423414+00:00' AIRFLOW_CTX_TRY_NUMBER='1' AIRFLOW_CTX_DAG_RUN_ID='manual__2025-09-14T14:34:20.423414+00:00'
[2025-09-14T14:46:15.287+0000] {taskinstance.py:430} INFO - ::endgroup::
[2025-09-14T14:46:15.300+0000] {baseoperator.py:400} WARNING - DbtTestVirtualenvOperator.execute cannot be called outside TaskInstance!
[2025-09-14T14:46:15.301+0000] {virtualenv.py:120} INFO - Checking if the virtualenv lock /tmp/cosmos_venv_ecom_marts/cosmos_virtualenv.lock exists
[2025-09-14T14:46:15.301+0000] {virtualenv.py:126} INFO - Acquiring the virtualenv lock
[2025-09-14T14:46:15.302+0000] {virtualenv.py:195} INFO - Acquiring lock at /tmp/cosmos_venv_ecom_marts/cosmos_virtualenv.lock with pid 9230
[2025-09-14T14:46:15.302+0000] {virtualenv.py:153} INFO - Creating or updating the virtualenv at `/tmp/cosmos_venv_ecom_marts
[2025-09-14T14:46:15.303+0000] {process_utils.py:183} INFO - Executing cmd: /home/***/.local/bin/python -m virtualenv /tmp/cosmos_venv_ecom_marts --python=python3
[2025-09-14T14:46:15.304+0000] {process_utils.py:187} INFO - Output:
[2025-09-14T14:46:16.401+0000] {process_utils.py:191} INFO - created virtual environment CPython3.10.14.final.0-64 in 412ms
[2025-09-14T14:46:16.401+0000] {process_utils.py:191} INFO -   creator CPython3Posix(dest=/tmp/cosmos_venv_ecom_marts, clear=False, no_vcs_ignore=False, global=False)
[2025-09-14T14:46:16.402+0000] {process_utils.py:191} INFO -   seeder FromAppData(download=False, pip=bundle, setuptools=bundle, wheel=bundle, via=copy, app_data_dir=/home/***/.local/share/virtualenv)
[2025-09-14T14:46:16.403+0000] {process_utils.py:191} INFO -     added seed packages: MarkupSafe==3.0.2, PyYAML==6.0.2, agate==1.9.1, annotated_types==0.7.0, attrs==25.3.0, babel==2.17.0, certifi==2025.8.3, charset_normalizer==3.4.3, click==8.2.1, clickhouse_connect==0.8.18, clickhouse_driver==0.2.9, colorama==0.4.6, daff==1.4.2, dbt_adapters==1.16.7, dbt_clickhouse==1.9.3, dbt_common==1.30.0, dbt_core==1.10.11, dbt_extractor==0.6.0, dbt_protos==1.0.375, dbt_semantic_interfaces==0.9.0, deepdiff==8.6.1, idna==3.10, importlib_metadata==8.7.0, isodate==0.6.1, jinja2==3.1.6, jsonschema==4.25.1, jsonschema_specifications==2025.9.1, leather==0.4.0, lz4==4.4.4, mashumaro==3.14, more_itertools==10.8.0, msgpack==1.1.1, networkx==3.4.2, orderly_set==5.5.0, packaging==25.0, parsedatetime==2.6, pathspec==0.12.1, pip==25.2, protobuf==6.32.1, pydantic==2.11.9, pydantic_core==2.33.2, python_dateutil==2.9.0.post0, python_slugify==8.0.4, pytimeparse==1.1.8, pytz==2025.2, referencing==0.36.2, requests==2.32.5, rpds_py==0.27.1, setuptools==80.9.0, six==1.17.0, snowplow_tracker==1.1.0, sqlparse==0.5.3, text_unidecode==1.3, typing_extensions==4.15.0, typing_inspection==0.4.1, tzlocal==5.3.1, urllib3==2.5.0, wheel==0.45.1, zipp==3.23.0, zstandard==0.24.0
[2025-09-14T14:46:16.404+0000] {process_utils.py:191} INFO -   activators BashActivator,CShellActivator,FishActivator,NushellActivator,PowerShellActivator,PythonActivator
[2025-09-14T14:46:16.453+0000] {process_utils.py:183} INFO - Executing cmd: /tmp/cosmos_venv_ecom_marts/bin/pip install dbt-clickhouse
[2025-09-14T14:46:16.454+0000] {process_utils.py:187} INFO - Output:
[2025-09-14T14:46:17.507+0000] {process_utils.py:191} INFO - Requirement already satisfied: dbt-clickhouse in /tmp/cosmos_venv_ecom_marts/lib/python3.10/site-packages (1.9.3)
[2025-09-14T14:46:17.509+0000] {process_utils.py:191} INFO - Requirement already satisfied: dbt-core>=1.9 in /tmp/cosmos_venv_ecom_marts/lib/python3.10/site-packages (from dbt-clickhouse) (1.10.11)
[2025-09-14T14:46:17.509+0000] {process_utils.py:191} INFO - Requirement already satisfied: clickhouse-connect>=0.6.22 in /tmp/cosmos_venv_ecom_marts/lib/python3.10/site-packages (from dbt-clickhouse) (0.8.18)
[2025-09-14T14:46:17.510+0000] {process_utils.py:191} INFO - Requirement already satisfied: clickhouse-driver>=0.2.6 in /tmp/cosmos_venv_ecom_marts/lib/python3.10/site-packages (from dbt-clickhouse) (0.2.9)
[2025-09-14T14:46:17.511+0000] {process_utils.py:191} INFO - Requirement already satisfied: setuptools>=0.69 in /tmp/cosmos_venv_ecom_marts/lib/python3.10/site-packages (from dbt-clickhouse) (80.9.0)
[2025-09-14T14:46:17.512+0000] {process_utils.py:191} INFO - Requirement already satisfied: certifi in /tmp/cosmos_venv_ecom_marts/lib/python3.10/site-packages (from clickhouse-connect>=0.6.22->dbt-clickhouse) (2025.8.3)
[2025-09-14T14:46:17.513+0000] {process_utils.py:191} INFO - Requirement already satisfied: urllib3>=1.26 in /tmp/cosmos_venv_ecom_marts/lib/python3.10/site-packages (from clickhouse-connect>=0.6.22->dbt-clickhouse) (2.5.0)
[2025-09-14T14:46:17.514+0000] {process_utils.py:191} INFO - Requirement already satisfied: pytz in /tmp/cosmos_venv_ecom_marts/lib/python3.10/site-packages (from clickhouse-connect>=0.6.22->dbt-clickhouse) (2025.2)
[2025-09-14T14:46:17.514+0000] {process_utils.py:191} INFO - Requirement already satisfied: zstandard in /tmp/cosmos_venv_ecom_marts/lib/python3.10/site-packages (from clickhouse-connect>=0.6.22->dbt-clickhouse) (0.24.0)
[2025-09-14T14:46:17.515+0000] {process_utils.py:191} INFO - Requirement already satisfied: lz4 in /tmp/cosmos_venv_ecom_marts/lib/python3.10/site-packages (from clickhouse-connect>=0.6.22->dbt-clickhouse) (4.4.4)
[2025-09-14T14:46:17.517+0000] {process_utils.py:191} INFO - Requirement already satisfied: tzlocal in /tmp/cosmos_venv_ecom_marts/lib/python3.10/site-packages (from clickhouse-driver>=0.2.6->dbt-clickhouse) (5.3.1)
[2025-09-14T14:46:17.520+0000] {process_utils.py:191} INFO - Requirement already satisfied: agate<1.10,>=1.7.0 in /tmp/cosmos_venv_ecom_marts/lib/python3.10/site-packages (from dbt-core>=1.9->dbt-clickhouse) (1.9.1)
[2025-09-14T14:46:17.521+0000] {process_utils.py:191} INFO - Requirement already satisfied: Jinja2<4,>=3.1.3 in /tmp/cosmos_venv_ecom_marts/lib/python3.10/site-packages (from dbt-core>=1.9->dbt-clickhouse) (3.1.6)
[2025-09-14T14:46:17.522+0000] {process_utils.py:191} INFO - Requirement already satisfied: mashumaro<3.15,>=3.9 in /tmp/cosmos_venv_ecom_marts/lib/python3.10/site-packages (from mashumaro[msgpack]<3.15,>=3.9->dbt-core>=1.9->dbt-clickhouse) (3.14)
[2025-09-14T14:46:17.523+0000] {process_utils.py:191} INFO - Requirement already satisfied: click<9.0,>=8.0.2 in /tmp/cosmos_venv_ecom_marts/lib/python3.10/site-packages (from dbt-core>=1.9->dbt-clickhouse) (8.2.1)
[2025-09-14T14:46:17.523+0000] {process_utils.py:191} INFO - Requirement already satisfied: jsonschema<5.0,>=4.19.1 in /tmp/cosmos_venv_ecom_marts/lib/python3.10/site-packages (from dbt-core>=1.9->dbt-clickhouse) (4.25.1)
[2025-09-14T14:46:17.524+0000] {process_utils.py:191} INFO - Requirement already satisfied: networkx<4.0,>=2.3 in /tmp/cosmos_venv_ecom_marts/lib/python3.10/site-packages (from dbt-core>=1.9->dbt-clickhouse) (3.4.2)
[2025-09-14T14:46:17.525+0000] {process_utils.py:191} INFO - Requirement already satisfied: protobuf<7.0,>=6.0 in /tmp/cosmos_venv_ecom_marts/lib/python3.10/site-packages (from dbt-core>=1.9->dbt-clickhouse) (6.32.1)
[2025-09-14T14:46:17.525+0000] {process_utils.py:191} INFO - Requirement already satisfied: requests<3.0.0 in /tmp/cosmos_venv_ecom_marts/lib/python3.10/site-packages (from dbt-core>=1.9->dbt-clickhouse) (2.32.5)
[2025-09-14T14:46:17.526+0000] {process_utils.py:191} INFO - Requirement already satisfied: snowplow-tracker<2.0,>=1.0.2 in /tmp/cosmos_venv_ecom_marts/lib/python3.10/site-packages (from dbt-core>=1.9->dbt-clickhouse) (1.1.0)
[2025-09-14T14:46:17.526+0000] {process_utils.py:191} INFO - Requirement already satisfied: pathspec<0.13,>=0.9 in /tmp/cosmos_venv_ecom_marts/lib/python3.10/site-packages (from dbt-core>=1.9->dbt-clickhouse) (0.12.1)
[2025-09-14T14:46:17.527+0000] {process_utils.py:191} INFO - Requirement already satisfied: sqlparse<0.6.0,>=0.5.0 in /tmp/cosmos_venv_ecom_marts/lib/python3.10/site-packages (from dbt-core>=1.9->dbt-clickhouse) (0.5.3)
[2025-09-14T14:46:17.528+0000] {process_utils.py:191} INFO - Requirement already satisfied: dbt-extractor<=0.6,>=0.5.0 in /tmp/cosmos_venv_ecom_marts/lib/python3.10/site-packages (from dbt-core>=1.9->dbt-clickhouse) (0.6.0)
[2025-09-14T14:46:17.528+0000] {process_utils.py:191} INFO - Requirement already satisfied: dbt-semantic-interfaces<0.10,>=0.9.0 in /tmp/cosmos_venv_ecom_marts/lib/python3.10/site-packages (from dbt-core>=1.9->dbt-clickhouse) (0.9.0)
[2025-09-14T14:46:17.529+0000] {process_utils.py:191} INFO - Requirement already satisfied: dbt-common<2.0,>=1.27.0 in /tmp/cosmos_venv_ecom_marts/lib/python3.10/site-packages (from dbt-core>=1.9->dbt-clickhouse) (1.30.0)
[2025-09-14T14:46:17.529+0000] {process_utils.py:191} INFO - Requirement already satisfied: dbt-adapters<2.0,>=1.15.5 in /tmp/cosmos_venv_ecom_marts/lib/python3.10/site-packages (from dbt-core>=1.9->dbt-clickhouse) (1.16.7)
[2025-09-14T14:46:17.530+0000] {process_utils.py:191} INFO - Requirement already satisfied: dbt-protos<2.0,>=1.0.346 in /tmp/cosmos_venv_ecom_marts/lib/python3.10/site-packages (from dbt-core>=1.9->dbt-clickhouse) (1.0.375)
[2025-09-14T14:46:17.530+0000] {process_utils.py:191} INFO - Requirement already satisfied: pydantic<3 in /tmp/cosmos_venv_ecom_marts/lib/python3.10/site-packages (from dbt-core>=1.9->dbt-clickhouse) (2.11.9)
[2025-09-14T14:46:17.531+0000] {process_utils.py:191} INFO - Requirement already satisfied: packaging>20.9 in /tmp/cosmos_venv_ecom_marts/lib/python3.10/site-packages (from dbt-core>=1.9->dbt-clickhouse) (25.0)
[2025-09-14T14:46:17.532+0000] {process_utils.py:191} INFO - Requirement already satisfied: pyyaml>=6.0 in /tmp/cosmos_venv_ecom_marts/lib/python3.10/site-packages (from dbt-core>=1.9->dbt-clickhouse) (6.0.2)
[2025-09-14T14:46:17.532+0000] {process_utils.py:191} INFO - Requirement already satisfied: daff>=1.3.46 in /tmp/cosmos_venv_ecom_marts/lib/python3.10/site-packages (from dbt-core>=1.9->dbt-clickhouse) (1.4.2)
[2025-09-14T14:46:17.533+0000] {process_utils.py:191} INFO - Requirement already satisfied: typing-extensions>=4.4 in /tmp/cosmos_venv_ecom_marts/lib/python3.10/site-packages (from dbt-core>=1.9->dbt-clickhouse) (4.15.0)
[2025-09-14T14:46:17.535+0000] {process_utils.py:191} INFO - Requirement already satisfied: Babel>=2.0 in /tmp/cosmos_venv_ecom_marts/lib/python3.10/site-packages (from agate<1.10,>=1.7.0->dbt-core>=1.9->dbt-clickhouse) (2.17.0)
[2025-09-14T14:46:17.536+0000] {process_utils.py:191} INFO - Requirement already satisfied: isodate>=0.5.4 in /tmp/cosmos_venv_ecom_marts/lib/python3.10/site-packages (from agate<1.10,>=1.7.0->dbt-core>=1.9->dbt-clickhouse) (0.6.1)
[2025-09-14T14:46:17.537+0000] {process_utils.py:191} INFO - Requirement already satisfied: leather>=0.3.2 in /tmp/cosmos_venv_ecom_marts/lib/python3.10/site-packages (from agate<1.10,>=1.7.0->dbt-core>=1.9->dbt-clickhouse) (0.4.0)
[2025-09-14T14:46:17.537+0000] {process_utils.py:191} INFO - Requirement already satisfied: parsedatetime!=2.5,>=2.1 in /tmp/cosmos_venv_ecom_marts/lib/python3.10/site-packages (from agate<1.10,>=1.7.0->dbt-core>=1.9->dbt-clickhouse) (2.6)
[2025-09-14T14:46:17.538+0000] {process_utils.py:191} INFO - Requirement already satisfied: python-slugify>=1.2.1 in /tmp/cosmos_venv_ecom_marts/lib/python3.10/site-packages (from agate<1.10,>=1.7.0->dbt-core>=1.9->dbt-clickhouse) (8.0.4)
[2025-09-14T14:46:17.538+0000] {process_utils.py:191} INFO - Requirement already satisfied: pytimeparse>=1.1.5 in /tmp/cosmos_venv_ecom_marts/lib/python3.10/site-packages (from agate<1.10,>=1.7.0->dbt-core>=1.9->dbt-clickhouse) (1.1.8)
[2025-09-14T14:46:17.549+0000] {process_utils.py:191} INFO - Requirement already satisfied: colorama<0.5,>=0.3.9 in /tmp/cosmos_venv_ecom_marts/lib/python3.10/site-packages (from dbt-common<2.0,>=1.27.0->dbt-core>=1.9->dbt-clickhouse) (0.4.6)
[2025-09-14T14:46:17.550+0000] {process_utils.py:191} INFO - Requirement already satisfied: deepdiff<9.0,>=7.0 in /tmp/cosmos_venv_ecom_marts/lib/python3.10/site-packages (from dbt-common<2.0,>=1.27.0->dbt-core>=1.9->dbt-clickhouse) (8.6.1)
[2025-09-14T14:46:17.552+0000] {process_utils.py:191} INFO - Requirement already satisfied: python-dateutil<3.0,>=2.0 in /tmp/cosmos_venv_ecom_marts/lib/python3.10/site-packages (from dbt-common<2.0,>=1.27.0->dbt-core>=1.9->dbt-clickhouse) (2.9.0.post0)
[2025-09-14T14:46:17.558+0000] {process_utils.py:191} INFO - Requirement already satisfied: importlib-metadata<9,>=6.0 in /tmp/cosmos_venv_ecom_marts/lib/python3.10/site-packages (from dbt-semantic-interfaces<0.10,>=0.9.0->dbt-core>=1.9->dbt-clickhouse) (8.7.0)
[2025-09-14T14:46:17.560+0000] {process_utils.py:191} INFO - Requirement already satisfied: more-itertools<11.0,>=8.0 in /tmp/cosmos_venv_ecom_marts/lib/python3.10/site-packages (from dbt-semantic-interfaces<0.10,>=0.9.0->dbt-core>=1.9->dbt-clickhouse) (10.8.0)
[2025-09-14T14:46:17.568+0000] {process_utils.py:191} INFO - Requirement already satisfied: orderly-set<6,>=5.4.1 in /tmp/cosmos_venv_ecom_marts/lib/python3.10/site-packages (from deepdiff<9.0,>=7.0->dbt-common<2.0,>=1.27.0->dbt-core>=1.9->dbt-clickhouse) (5.5.0)
[2025-09-14T14:46:17.574+0000] {process_utils.py:191} INFO - Requirement already satisfied: zipp>=3.20 in /tmp/cosmos_venv_ecom_marts/lib/python3.10/site-packages (from importlib-metadata<9,>=6.0->dbt-semantic-interfaces<0.10,>=0.9.0->dbt-core>=1.9->dbt-clickhouse) (3.23.0)
[2025-09-14T14:46:17.576+0000] {process_utils.py:191} INFO - Requirement already satisfied: six in /tmp/cosmos_venv_ecom_marts/lib/python3.10/site-packages (from isodate>=0.5.4->agate<1.10,>=1.7.0->dbt-core>=1.9->dbt-clickhouse) (1.17.0)
[2025-09-14T14:46:17.578+0000] {process_utils.py:191} INFO - Requirement already satisfied: MarkupSafe>=2.0 in /tmp/cosmos_venv_ecom_marts/lib/python3.10/site-packages (from Jinja2<4,>=3.1.3->dbt-core>=1.9->dbt-clickhouse) (3.0.2)
[2025-09-14T14:46:17.582+0000] {process_utils.py:191} INFO - Requirement already satisfied: attrs>=22.2.0 in /tmp/cosmos_venv_ecom_marts/lib/python3.10/site-packages (from jsonschema<5.0,>=4.19.1->dbt-core>=1.9->dbt-clickhouse) (25.3.0)
[2025-09-14T14:46:17.583+0000] {process_utils.py:191} INFO - Requirement already satisfied: jsonschema-specifications>=2023.03.6 in /tmp/cosmos_venv_ecom_marts/lib/python3.10/site-packages (from jsonschema<5.0,>=4.19.1->dbt-core>=1.9->dbt-clickhouse) (2025.9.1)
[2025-09-14T14:46:17.583+0000] {process_utils.py:191} INFO - Requirement already satisfied: referencing>=0.28.4 in /tmp/cosmos_venv_ecom_marts/lib/python3.10/site-packages (from jsonschema<5.0,>=4.19.1->dbt-core>=1.9->dbt-clickhouse) (0.36.2)
[2025-09-14T14:46:17.584+0000] {process_utils.py:191} INFO - Requirement already satisfied: rpds-py>=0.7.1 in /tmp/cosmos_venv_ecom_marts/lib/python3.10/site-packages (from jsonschema<5.0,>=4.19.1->dbt-core>=1.9->dbt-clickhouse) (0.27.1)
[2025-09-14T14:46:17.590+0000] {process_utils.py:191} INFO - Requirement already satisfied: msgpack>=0.5.6 in /tmp/cosmos_venv_ecom_marts/lib/python3.10/site-packages (from mashumaro[msgpack]<3.15,>=3.9->dbt-core>=1.9->dbt-clickhouse) (1.1.1)
[2025-09-14T14:46:17.603+0000] {process_utils.py:191} INFO - Requirement already satisfied: annotated-types>=0.6.0 in /tmp/cosmos_venv_ecom_marts/lib/python3.10/site-packages (from pydantic<3->dbt-core>=1.9->dbt-clickhouse) (0.7.0)
[2025-09-14T14:46:17.604+0000] {process_utils.py:191} INFO - Requirement already satisfied: pydantic-core==2.33.2 in /tmp/cosmos_venv_ecom_marts/lib/python3.10/site-packages (from pydantic<3->dbt-core>=1.9->dbt-clickhouse) (2.33.2)
[2025-09-14T14:46:17.605+0000] {process_utils.py:191} INFO - Requirement already satisfied: typing-inspection>=0.4.0 in /tmp/cosmos_venv_ecom_marts/lib/python3.10/site-packages (from pydantic<3->dbt-core>=1.9->dbt-clickhouse) (0.4.1)
[2025-09-14T14:46:17.611+0000] {process_utils.py:191} INFO - Requirement already satisfied: charset_normalizer<4,>=2 in /tmp/cosmos_venv_ecom_marts/lib/python3.10/site-packages (from requests<3.0.0->dbt-core>=1.9->dbt-clickhouse) (3.4.3)
[2025-09-14T14:46:17.612+0000] {process_utils.py:191} INFO - Requirement already satisfied: idna<4,>=2.5 in /tmp/cosmos_venv_ecom_marts/lib/python3.10/site-packages (from requests<3.0.0->dbt-core>=1.9->dbt-clickhouse) (3.10)
[2025-09-14T14:46:17.655+0000] {process_utils.py:191} INFO - Requirement already satisfied: text-unidecode>=1.3 in /tmp/cosmos_venv_ecom_marts/lib/python3.10/site-packages (from python-slugify>=1.2.1->agate<1.10,>=1.7.0->dbt-core>=1.9->dbt-clickhouse) (1.3)
[2025-09-14T14:46:17.781+0000] {local.py:470} INFO - Cloning project to writable temp directory /tmp/tmp5xzbt2gn from /opt/airflow/dags/dbt/ecom_marts
[2025-09-14T14:46:17.793+0000] {local.py:490} INFO - Partial parse is enabled and the latest partial parse file is /tmp/cosmos/dbt_marts__marts/target/partial_parse.msgpack
[2025-09-14T14:46:17.803+0000] {config.py:362} INFO - Using user-supplied profiles.yml at /opt/airflow/dags/dbt/profiles.yml
[2025-09-14T14:46:17.812+0000] {virtualenv.py:99} INFO - Using Python binary from virtualenv: /tmp/cosmos_venv_ecom_marts/bin/python
[2025-09-14T14:46:17.813+0000] {local.py:434} INFO - Trying to run the command:
 ['/tmp/cosmos_venv_ecom_marts/bin/dbt', 'deps', '--project-dir', '/tmp/tmp5xzbt2gn', '--profiles-dir', '/opt/***/dags/dbt', '--profile', 'ecom_marts', '--target', 'dev']
From /tmp/tmp5xzbt2gn
[2025-09-14T14:46:17.813+0000] {subprocess.py:56} INFO - Tmp dir root location: 
 /tmp
[2025-09-14T14:46:17.814+0000] {subprocess.py:69} INFO - Running command: ['/tmp/cosmos_venv_ecom_marts/bin/dbt', 'deps', '--project-dir', '/tmp/tmp5xzbt2gn', '--profiles-dir', '/opt/***/dags/dbt', '--profile', 'ecom_marts', '--target', 'dev']
[2025-09-14T14:46:17.825+0000] {subprocess.py:80} INFO - Command output:
[2025-09-14T14:46:20.050+0000] {subprocess.py:90} INFO - [0m14:46:20  Running with dbt=1.10.11
[2025-09-14T14:46:21.396+0000] {subprocess.py:90} INFO - [0m14:46:21  Installing dbt-labs/dbt_utils
[2025-09-14T14:46:22.353+0000] {subprocess.py:90} INFO - [0m14:46:22  Installed from version 1.3.0
[2025-09-14T14:46:22.354+0000] {subprocess.py:90} INFO - [0m14:46:22  Updated version available: 1.3.1
[2025-09-14T14:46:22.355+0000] {subprocess.py:90} INFO - [0m14:46:22
[2025-09-14T14:46:22.356+0000] {subprocess.py:90} INFO - [0m14:46:22  Updates available for packages: ['dbt-labs/dbt_utils']
[2025-09-14T14:46:22.357+0000] {subprocess.py:90} INFO - Update your versions in packages.yml, then run dbt deps
[2025-09-14T14:46:24.871+0000] {subprocess.py:94} INFO - Command exited with return code 0
[2025-09-14T14:46:24.872+0000] {local.py:441} INFO - Update your versions in packages.yml, then run dbt deps
[2025-09-14T14:46:24.873+0000] {virtualenv.py:99} INFO - Using Python binary from virtualenv: /tmp/cosmos_venv_ecom_marts/bin/python
[2025-09-14T14:46:24.874+0000] {local.py:434} INFO - Trying to run the command:
 ['/tmp/cosmos_venv_ecom_marts/bin/dbt', 'test', '--models', 'dim_products', '--project-dir', '/tmp/tmp5xzbt2gn', '--profiles-dir', '/opt/***/dags/dbt', '--profile', 'ecom_marts', '--target', 'dev']
From /tmp/tmp5xzbt2gn
[2025-09-14T14:46:24.875+0000] {subprocess.py:56} INFO - Tmp dir root location: 
 /tmp
[2025-09-14T14:46:24.876+0000] {subprocess.py:69} INFO - Running command: ['/tmp/cosmos_venv_ecom_marts/bin/dbt', 'test', '--models', 'dim_products', '--project-dir', '/tmp/tmp5xzbt2gn', '--profiles-dir', '/opt/***/dags/dbt', '--profile', 'ecom_marts', '--target', 'dev']
[2025-09-14T14:46:24.889+0000] {subprocess.py:80} INFO - Command output:
[2025-09-14T14:46:27.330+0000] {subprocess.py:90} INFO - [0m14:46:27  Running with dbt=1.10.11
[2025-09-14T14:46:27.332+0000] {subprocess.py:90} INFO - [0m14:46:27  [[33mWARNING[0m]: Deprecated functionality
[2025-09-14T14:46:27.333+0000] {subprocess.py:90} INFO - Usage of `--models`, `--model`, and `-m` is deprecated in favor of `--select` or
[2025-09-14T14:46:27.333+0000] {subprocess.py:90} INFO - `-s`.
[2025-09-14T14:46:27.678+0000] {subprocess.py:90} INFO - [0m14:46:27  Registered adapter: clickhouse=1.9.3
[2025-09-14T14:46:28.765+0000] {subprocess.py:90} INFO - [0m14:46:28  Found 14 models, 38 data tests, 15 sources, 597 macros
[2025-09-14T14:46:28.769+0000] {subprocess.py:90} INFO - [0m14:46:28
[2025-09-14T14:46:28.769+0000] {subprocess.py:90} INFO - [0m14:46:28  Concurrency: 4 threads (target='dev')
[2025-09-14T14:46:28.770+0000] {subprocess.py:90} INFO - [0m14:46:28
[2025-09-14T14:46:28.927+0000] {subprocess.py:90} INFO - [0m14:46:28  1 of 7 START test not_null_dim_products_product_id ............................. [RUN]
[2025-09-14T14:46:28.929+0000] {subprocess.py:90} INFO - [0m14:46:28  2 of 7 START test relationships_fct_customer_reviews_product_id__product_id__ref_dim_products_  [RUN]
[2025-09-14T14:46:28.930+0000] {subprocess.py:90} INFO - [0m14:46:28  3 of 7 START test relationships_fct_order_details_product_id__product_id__ref_dim_products_  [RUN]
[2025-09-14T14:46:28.931+0000] {subprocess.py:90} INFO - [0m14:46:28  4 of 7 START test relationships_fct_product_interactions_product_id__product_id__ref_dim_products_  [RUN]
[2025-09-14T14:46:29.081+0000] {subprocess.py:90} INFO - [0m14:46:29  1 of 7 ERROR not_null_dim_products_product_id .................................. [[31mERROR[0m in 0.15s]
[2025-09-14T14:46:29.090+0000] {subprocess.py:90} INFO - [0m14:46:29  5 of 7 START test relationships_fct_product_performance_product_id__product_id__ref_dim_products_  [RUN]
[2025-09-14T14:46:29.136+0000] {subprocess.py:90} INFO - [0m14:46:29  5 of 7 ERROR relationships_fct_product_performance_product_id__product_id__ref_dim_products_  [[31mERROR[0m in 0.04s]
[2025-09-14T14:46:29.143+0000] {subprocess.py:90} INFO - [0m14:46:29  6 of 7 START test relationships_fct_sales_by_product_product_id__product_id__ref_dim_products_  [RUN]
[2025-09-14T14:46:29.146+0000] {subprocess.py:90} INFO - [0m14:46:29  3 of 7 ERROR relationships_fct_order_details_product_id__product_id__ref_dim_products_  [[31mERROR[0m in 0.21s]
[2025-09-14T14:46:29.147+0000] {subprocess.py:90} INFO - [0m14:46:29  4 of 7 ERROR relationships_fct_product_interactions_product_id__product_id__ref_dim_products_  [[31mERROR[0m in 0.21s]
[2025-09-14T14:46:29.148+0000] {subprocess.py:90} INFO - [0m14:46:29  2 of 7 ERROR relationships_fct_customer_reviews_product_id__product_id__ref_dim_products_  [[31mERROR[0m in 0.22s]
[2025-09-14T14:46:29.159+0000] {subprocess.py:90} INFO - [0m14:46:29  7 of 7 START test unique_dim_products_product_id ............................... [RUN]
[2025-09-14T14:46:29.182+0000] {subprocess.py:90} INFO - [0m14:46:29  6 of 7 ERROR relationships_fct_sales_by_product_product_id__product_id__ref_dim_products_  [[31mERROR[0m in 0.03s]
[2025-09-14T14:46:29.190+0000] {subprocess.py:90} INFO - [0m14:46:29  7 of 7 ERROR unique_dim_products_product_id .................................... [[31mERROR[0m in 0.03s]
[2025-09-14T14:46:29.196+0000] {subprocess.py:90} INFO - [0m14:46:29
[2025-09-14T14:46:29.197+0000] {subprocess.py:90} INFO - [0m14:46:29  Finished running 7 data tests in 0 hours 0 minutes and 0.43 seconds (0.43s).
[2025-09-14T14:46:29.257+0000] {subprocess.py:90} INFO - [0m14:46:29
[2025-09-14T14:46:29.257+0000] {subprocess.py:90} INFO - [0m14:46:29  [31mCompleted with 7 errors, 0 partial successes, and 0 warnings:[0m
[2025-09-14T14:46:29.258+0000] {subprocess.py:90} INFO - [0m14:46:29
[2025-09-14T14:46:29.258+0000] {subprocess.py:90} INFO - [0m14:46:29  [31mFailure in test not_null_dim_products_product_id (models/ecom_marts/schema.yml)[0m
[2025-09-14T14:46:29.259+0000] {subprocess.py:90} INFO - [0m14:46:29    Database Error in test not_null_dim_products_product_id (models/ecom_marts/schema.yml)
[2025-09-14T14:46:29.260+0000] {subprocess.py:90} INFO -   HTTPDriver for http://clickhouse:8123 received ClickHouse error code 47
[2025-09-14T14:46:29.260+0000] {subprocess.py:90} INFO -    Code: 47. DB::Exception: Unknown expression identifier 'product_id' in scope SELECT product_id FROM ecom_db_marts.dim_products WHERE product_id IS NULL. Maybe you meant: ['product_name']. (UNKNOWN_IDENTIFIER) (version 24.8.14.39 (official build))
[2025-09-14T14:46:29.261+0000] {subprocess.py:90} INFO -   compiled code at target/run/ecom_marts/models/ecom_marts/schema.yml/not_null_dim_products_product_id.sql
[2025-09-14T14:46:29.261+0000] {subprocess.py:90} INFO - [0m14:46:29
[2025-09-14T14:46:29.262+0000] {subprocess.py:90} INFO - [0m14:46:29    compiled code at target/compiled/ecom_marts/models/ecom_marts/schema.yml/not_null_dim_products_product_id.sql
[2025-09-14T14:46:29.262+0000] {subprocess.py:90} INFO - [0m14:46:29
[2025-09-14T14:46:29.263+0000] {subprocess.py:90} INFO - [0m14:46:29  [31mFailure in test relationships_fct_product_performance_product_id__product_id__ref_dim_products_ (models/ecom_marts/schema.yml)[0m
[2025-09-14T14:46:29.263+0000] {subprocess.py:90} INFO - [0m14:46:29    Database Error in test relationships_fct_product_performance_product_id__product_id__ref_dim_products_ (models/ecom_marts/schema.yml)
[2025-09-14T14:46:29.263+0000] {subprocess.py:90} INFO -   HTTPDriver for http://clickhouse:8123 received ClickHouse error code 47
[2025-09-14T14:46:29.264+0000] {subprocess.py:90} INFO -    Code: 47. DB::Exception: Unknown expression identifier 'product_id' in scope child AS (SELECT product_id AS from_field FROM ecom_db_marts.fct_product_performance WHERE product_id IS NOT NULL). (UNKNOWN_IDENTIFIER) (version 24.8.14.39 (official build))
[2025-09-14T14:46:29.264+0000] {subprocess.py:90} INFO -   compiled code at target/run/ecom_marts/models/ecom_marts/schema.yml/relationships_fct_product_perf_9e4bb6823b0e87028f7b3335e4d7227c.sql
[2025-09-14T14:46:29.264+0000] {subprocess.py:90} INFO - [0m14:46:29
[2025-09-14T14:46:29.264+0000] {subprocess.py:90} INFO - [0m14:46:29    compiled code at target/compiled/ecom_marts/models/ecom_marts/schema.yml/relationships_fct_product_perf_9e4bb6823b0e87028f7b3335e4d7227c.sql
[2025-09-14T14:46:29.265+0000] {subprocess.py:90} INFO - [0m14:46:29
[2025-09-14T14:46:29.265+0000] {subprocess.py:90} INFO - [0m14:46:29  [31mFailure in test relationships_fct_order_details_product_id__product_id__ref_dim_products_ (models/ecom_marts/schema.yml)[0m
[2025-09-14T14:46:29.265+0000] {subprocess.py:90} INFO - [0m14:46:29    Database Error in test relationships_fct_order_details_product_id__product_id__ref_dim_products_ (models/ecom_marts/schema.yml)
[2025-09-14T14:46:29.265+0000] {subprocess.py:90} INFO -   HTTPDriver for http://clickhouse:8123 received ClickHouse error code 47
[2025-09-14T14:46:29.266+0000] {subprocess.py:90} INFO -    Code: 47. DB::Exception: Unknown expression identifier 'product_id' in scope child AS (SELECT product_id AS from_field FROM ecom_db_marts.fct_order_details WHERE product_id IS NOT NULL). (UNKNOWN_IDENTIFIER) (version 24.8.14.39 (official build))
[2025-09-14T14:46:29.266+0000] {subprocess.py:90} INFO -   compiled code at target/run/ecom_marts/models/ecom_marts/schema.yml/relationships_fct_order_detail_3ab37f71462a54815293050debf99b17.sql
[2025-09-14T14:46:29.266+0000] {subprocess.py:90} INFO - [0m14:46:29
[2025-09-14T14:46:29.266+0000] {subprocess.py:90} INFO - [0m14:46:29    compiled code at target/compiled/ecom_marts/models/ecom_marts/schema.yml/relationships_fct_order_detail_3ab37f71462a54815293050debf99b17.sql
[2025-09-14T14:46:29.267+0000] {subprocess.py:90} INFO - [0m14:46:29
[2025-09-14T14:46:29.267+0000] {subprocess.py:90} INFO - [0m14:46:29  [31mFailure in test relationships_fct_product_interactions_product_id__product_id__ref_dim_products_ (models/ecom_marts/schema.yml)[0m
[2025-09-14T14:46:29.267+0000] {subprocess.py:90} INFO - [0m14:46:29    Database Error in test relationships_fct_product_interactions_product_id__product_id__ref_dim_products_ (models/ecom_marts/schema.yml)
[2025-09-14T14:46:29.267+0000] {subprocess.py:90} INFO -   HTTPDriver for http://clickhouse:8123 received ClickHouse error code 47
[2025-09-14T14:46:29.267+0000] {subprocess.py:90} INFO -    Code: 47. DB::Exception: Unknown expression identifier 'product_id' in scope parent AS (SELECT product_id AS to_field FROM ecom_db_marts.dim_products). Maybe you meant: ['product_name']. (UNKNOWN_IDENTIFIER) (version 24.8.14.39 (official build))
[2025-09-14T14:46:29.267+0000] {subprocess.py:90} INFO -   compiled code at target/run/ecom_marts/models/ecom_marts/schema.yml/relationships_fct_product_inte_5b71d67f24a7791c19febc58a823cd27.sql
[2025-09-14T14:46:29.268+0000] {subprocess.py:90} INFO - [0m14:46:29
[2025-09-14T14:46:29.268+0000] {subprocess.py:90} INFO - [0m14:46:29    compiled code at target/compiled/ecom_marts/models/ecom_marts/schema.yml/relationships_fct_product_inte_5b71d67f24a7791c19febc58a823cd27.sql
[2025-09-14T14:46:29.268+0000] {subprocess.py:90} INFO - [0m14:46:29
[2025-09-14T14:46:29.268+0000] {subprocess.py:90} INFO - [0m14:46:29  [31mFailure in test relationships_fct_customer_reviews_product_id__product_id__ref_dim_products_ (models/ecom_marts/schema.yml)[0m
[2025-09-14T14:46:29.268+0000] {subprocess.py:90} INFO - [0m14:46:29    Database Error in test relationships_fct_customer_reviews_product_id__product_id__ref_dim_products_ (models/ecom_marts/schema.yml)
[2025-09-14T14:46:29.269+0000] {subprocess.py:90} INFO -   HTTPDriver for http://clickhouse:8123 received ClickHouse error code 47
[2025-09-14T14:46:29.269+0000] {subprocess.py:90} INFO -    Code: 47. DB::Exception: Unknown expression identifier 'product_id' in scope parent AS (SELECT product_id AS to_field FROM ecom_db_marts.dim_products). Maybe you meant: ['product_name']. (UNKNOWN_IDENTIFIER) (version 24.8.14.39 (official build))
[2025-09-14T14:46:29.269+0000] {subprocess.py:90} INFO -   compiled code at target/run/ecom_marts/models/ecom_marts/schema.yml/relationships_fct_customer_rev_24bc9207f5ce87b0cd593516a407a4da.sql
[2025-09-14T14:46:29.270+0000] {subprocess.py:90} INFO - [0m14:46:29
[2025-09-14T14:46:29.270+0000] {subprocess.py:90} INFO - [0m14:46:29    compiled code at target/compiled/ecom_marts/models/ecom_marts/schema.yml/relationships_fct_customer_rev_24bc9207f5ce87b0cd593516a407a4da.sql
[2025-09-14T14:46:29.270+0000] {subprocess.py:90} INFO - [0m14:46:29
[2025-09-14T14:46:29.270+0000] {subprocess.py:90} INFO - [0m14:46:29  [31mFailure in test relationships_fct_sales_by_product_product_id__product_id__ref_dim_products_ (models/ecom_marts/schema.yml)[0m
[2025-09-14T14:46:29.270+0000] {subprocess.py:90} INFO - [0m14:46:29    Database Error in test relationships_fct_sales_by_product_product_id__product_id__ref_dim_products_ (models/ecom_marts/schema.yml)
[2025-09-14T14:46:29.271+0000] {subprocess.py:90} INFO -   HTTPDriver for http://clickhouse:8123 received ClickHouse error code 47
[2025-09-14T14:46:29.271+0000] {subprocess.py:90} INFO -    Code: 47. DB::Exception: Unknown expression identifier 'product_id' in scope child AS (SELECT product_id AS from_field FROM ecom_db_marts.fct_sales_by_product WHERE product_id IS NOT NULL). (UNKNOWN_IDENTIFIER) (version 24.8.14.39 (official build))
[2025-09-14T14:46:29.271+0000] {subprocess.py:90} INFO -   compiled code at target/run/ecom_marts/models/ecom_marts/schema.yml/relationships_fct_sales_by_pro_aa9646280036241c15f9fec6c18ef95f.sql
[2025-09-14T14:46:29.271+0000] {subprocess.py:90} INFO - [0m14:46:29
[2025-09-14T14:46:29.271+0000] {subprocess.py:90} INFO - [0m14:46:29    compiled code at target/compiled/ecom_marts/models/ecom_marts/schema.yml/relationships_fct_sales_by_pro_aa9646280036241c15f9fec6c18ef95f.sql
[2025-09-14T14:46:29.272+0000] {subprocess.py:90} INFO - [0m14:46:29
[2025-09-14T14:46:29.272+0000] {subprocess.py:90} INFO - [0m14:46:29  [31mFailure in test unique_dim_products_product_id (models/ecom_marts/schema.yml)[0m
[2025-09-14T14:46:29.272+0000] {subprocess.py:90} INFO - [0m14:46:29    Database Error in test unique_dim_products_product_id (models/ecom_marts/schema.yml)
[2025-09-14T14:46:29.272+0000] {subprocess.py:90} INFO -   HTTPDriver for http://clickhouse:8123 received ClickHouse error code 47
[2025-09-14T14:46:29.273+0000] {subprocess.py:90} INFO -    Code: 47. DB::Exception: Unknown expression identifier 'product_id' in scope SELECT product_id AS unique_field, count(*) AS n_records FROM ecom_db_marts.dim_products WHERE product_id IS NOT NULL GROUP BY product_id HAVING count(*) > 1. Maybe you meant: ['product_name']. (UNKNOWN_IDENTIFIER) (version 24.8.14.39 (official build))
[2025-09-14T14:46:29.273+0000] {subprocess.py:90} INFO -   compiled code at target/run/ecom_marts/models/ecom_marts/schema.yml/unique_dim_products_product_id.sql
[2025-09-14T14:46:29.273+0000] {subprocess.py:90} INFO - [0m14:46:29
[2025-09-14T14:46:29.273+0000] {subprocess.py:90} INFO - [0m14:46:29    compiled code at target/compiled/ecom_marts/models/ecom_marts/schema.yml/unique_dim_products_product_id.sql
[2025-09-14T14:46:29.274+0000] {subprocess.py:90} INFO - [0m14:46:29
[2025-09-14T14:46:29.274+0000] {subprocess.py:90} INFO - [0m14:46:29  Done. PASS=0 WARN=0 ERROR=7 SKIP=0 NO-OP=0 TOTAL=7
[2025-09-14T14:46:29.274+0000] {subprocess.py:90} INFO - [0m14:46:29  [[33mWARNING[0m][DeprecationsSummary]: Deprecated functionality
[2025-09-14T14:46:29.274+0000] {subprocess.py:90} INFO - Summary of encountered deprecations:
[2025-09-14T14:46:29.274+0000] {subprocess.py:90} INFO - - ModelParamUsageDeprecation: 1 occurrence
[2025-09-14T14:46:29.274+0000] {subprocess.py:90} INFO - To see all deprecation instances instead of just the first occurrence of each,
[2025-09-14T14:46:29.275+0000] {subprocess.py:90} INFO - run command again with the `--show-all-deprecations` flag. You may also need to
[2025-09-14T14:46:29.275+0000] {subprocess.py:90} INFO - run with `--no-partial-parse` as some deprecations are only encountered during
[2025-09-14T14:46:29.275+0000] {subprocess.py:90} INFO - parsing.
[2025-09-14T14:46:31.471+0000] {subprocess.py:94} INFO - Command exited with return code 1
[2025-09-14T14:46:31.472+0000] {local.py:441} INFO - parsing.
[2025-09-14T14:46:31.486+0000] {local.py:196} WARNING - Artifact schema version: https://schemas.getdbt.com/dbt/manifest/v12.json is above dbt-ol supported version 7. This might cause errors.
[2025-09-14T14:46:31.487+0000] {local.py:196} WARNING - Artifact schema version: https://schemas.getdbt.com/dbt/run-results/v6.json is above dbt-ol supported version 5. This might cause errors.
[2025-09-14T14:46:31.494+0000] {local.py:547} INFO - Inlets: []
[2025-09-14T14:46:31.495+0000] {local.py:548} INFO - Outlets: []
[2025-09-14T14:46:31.496+0000] {local.py:772} INFO - Assigning inlets/outlets without DatasetAlias
[2025-09-14T14:46:31.497+0000] {dag.py:3089} INFO - Sync 1 DAGs
[2025-09-14T14:46:31.698+0000] {local.py:253} ERROR - [0m14:46:27  Running with dbt=1.10.11
[0m14:46:27  [[33mWARNING[0m]: Deprecated functionality
Usage of `--models`, `--model`, and `-m` is deprecated in favor of `--select` or
`-s`.
[0m14:46:27  Registered adapter: clickhouse=1.9.3
[0m14:46:28  Found 14 models, 38 data tests, 15 sources, 597 macros
[0m14:46:28
[0m14:46:28  Concurrency: 4 threads (target='dev')
[0m14:46:28
[0m14:46:28  1 of 7 START test not_null_dim_products_product_id ............................. [RUN]
[0m14:46:28  2 of 7 START test relationships_fct_customer_reviews_product_id__product_id__ref_dim_products_  [RUN]
[0m14:46:28  3 of 7 START test relationships_fct_order_details_product_id__product_id__ref_dim_products_  [RUN]
[0m14:46:28  4 of 7 START test relationships_fct_product_interactions_product_id__product_id__ref_dim_products_  [RUN]
[0m14:46:29  1 of 7 ERROR not_null_dim_products_product_id .................................. [[31mERROR[0m in 0.15s]
[0m14:46:29  5 of 7 START test relationships_fct_product_performance_product_id__product_id__ref_dim_products_  [RUN]
[0m14:46:29  5 of 7 ERROR relationships_fct_product_performance_product_id__product_id__ref_dim_products_  [[31mERROR[0m in 0.04s]
[0m14:46:29  6 of 7 START test relationships_fct_sales_by_product_product_id__product_id__ref_dim_products_  [RUN]
[0m14:46:29  3 of 7 ERROR relationships_fct_order_details_product_id__product_id__ref_dim_products_  [[31mERROR[0m in 0.21s]
[0m14:46:29  4 of 7 ERROR relationships_fct_product_interactions_product_id__product_id__ref_dim_products_  [[31mERROR[0m in 0.21s]
[0m14:46:29  2 of 7 ERROR relationships_fct_customer_reviews_product_id__product_id__ref_dim_products_  [[31mERROR[0m in 0.22s]
[0m14:46:29  7 of 7 START test unique_dim_products_product_id ............................... [RUN]
[0m14:46:29  6 of 7 ERROR relationships_fct_sales_by_product_product_id__product_id__ref_dim_products_  [[31mERROR[0m in 0.03s]
[0m14:46:29  7 of 7 ERROR unique_dim_products_product_id .................................... [[31mERROR[0m in 0.03s]
[0m14:46:29
[0m14:46:29  Finished running 7 data tests in 0 hours 0 minutes and 0.43 seconds (0.43s).
[0m14:46:29
[0m14:46:29  [31mCompleted with 7 errors, 0 partial successes, and 0 warnings:[0m
[0m14:46:29
[0m14:46:29  [31mFailure in test not_null_dim_products_product_id (models/ecom_marts/schema.yml)[0m
[0m14:46:29    Database Error in test not_null_dim_products_product_id (models/ecom_marts/schema.yml)
  HTTPDriver for http://clickhouse:8123 received ClickHouse error code 47
   Code: 47. DB::Exception: Unknown expression identifier 'product_id' in scope SELECT product_id FROM ecom_db_marts.dim_products WHERE product_id IS NULL. Maybe you meant: ['product_name']. (UNKNOWN_IDENTIFIER) (version 24.8.14.39 (official build))
  compiled code at target/run/ecom_marts/models/ecom_marts/schema.yml/not_null_dim_products_product_id.sql
[0m14:46:29
[0m14:46:29    compiled code at target/compiled/ecom_marts/models/ecom_marts/schema.yml/not_null_dim_products_product_id.sql
[0m14:46:29
[0m14:46:29  [31mFailure in test relationships_fct_product_performance_product_id__product_id__ref_dim_products_ (models/ecom_marts/schema.yml)[0m
[0m14:46:29    Database Error in test relationships_fct_product_performance_product_id__product_id__ref_dim_products_ (models/ecom_marts/schema.yml)
  HTTPDriver for http://clickhouse:8123 received ClickHouse error code 47
   Code: 47. DB::Exception: Unknown expression identifier 'product_id' in scope child AS (SELECT product_id AS from_field FROM ecom_db_marts.fct_product_performance WHERE product_id IS NOT NULL). (UNKNOWN_IDENTIFIER) (version 24.8.14.39 (official build))
  compiled code at target/run/ecom_marts/models/ecom_marts/schema.yml/relationships_fct_product_perf_9e4bb6823b0e87028f7b3335e4d7227c.sql
[0m14:46:29
[0m14:46:29    compiled code at target/compiled/ecom_marts/models/ecom_marts/schema.yml/relationships_fct_product_perf_9e4bb6823b0e87028f7b3335e4d7227c.sql
[0m14:46:29
[0m14:46:29  [31mFailure in test relationships_fct_order_details_product_id__product_id__ref_dim_products_ (models/ecom_marts/schema.yml)[0m
[0m14:46:29    Database Error in test relationships_fct_order_details_product_id__product_id__ref_dim_products_ (models/ecom_marts/schema.yml)
  HTTPDriver for http://clickhouse:8123 received ClickHouse error code 47
   Code: 47. DB::Exception: Unknown expression identifier 'product_id' in scope child AS (SELECT product_id AS from_field FROM ecom_db_marts.fct_order_details WHERE product_id IS NOT NULL). (UNKNOWN_IDENTIFIER) (version 24.8.14.39 (official build))
  compiled code at target/run/ecom_marts/models/ecom_marts/schema.yml/relationships_fct_order_detail_3ab37f71462a54815293050debf99b17.sql
[0m14:46:29
[0m14:46:29    compiled code at target/compiled/ecom_marts/models/ecom_marts/schema.yml/relationships_fct_order_detail_3ab37f71462a54815293050debf99b17.sql
[0m14:46:29
[0m14:46:29  [31mFailure in test relationships_fct_product_interactions_product_id__product_id__ref_dim_products_ (models/ecom_marts/schema.yml)[0m
[0m14:46:29    Database Error in test relationships_fct_product_interactions_product_id__product_id__ref_dim_products_ (models/ecom_marts/schema.yml)
  HTTPDriver for http://clickhouse:8123 received ClickHouse error code 47
   Code: 47. DB::Exception: Unknown expression identifier 'product_id' in scope parent AS (SELECT product_id AS to_field FROM ecom_db_marts.dim_products). Maybe you meant: ['product_name']. (UNKNOWN_IDENTIFIER) (version 24.8.14.39 (official build))
  compiled code at target/run/ecom_marts/models/ecom_marts/schema.yml/relationships_fct_product_inte_5b71d67f24a7791c19febc58a823cd27.sql
[0m14:46:29
[0m14:46:29    compiled code at target/compiled/ecom_marts/models/ecom_marts/schema.yml/relationships_fct_product_inte_5b71d67f24a7791c19febc58a823cd27.sql
[0m14:46:29
[0m14:46:29  [31mFailure in test relationships_fct_customer_reviews_product_id__product_id__ref_dim_products_ (models/ecom_marts/schema.yml)[0m
[0m14:46:29    Database Error in test relationships_fct_customer_reviews_product_id__product_id__ref_dim_products_ (models/ecom_marts/schema.yml)
  HTTPDriver for http://clickhouse:8123 received ClickHouse error code 47
   Code: 47. DB::Exception: Unknown expression identifier 'product_id' in scope parent AS (SELECT product_id AS to_field FROM ecom_db_marts.dim_products). Maybe you meant: ['product_name']. (UNKNOWN_IDENTIFIER) (version 24.8.14.39 (official build))
  compiled code at target/run/ecom_marts/models/ecom_marts/schema.yml/relationships_fct_customer_rev_24bc9207f5ce87b0cd593516a407a4da.sql
[0m14:46:29
[0m14:46:29    compiled code at target/compiled/ecom_marts/models/ecom_marts/schema.yml/relationships_fct_customer_rev_24bc9207f5ce87b0cd593516a407a4da.sql
[0m14:46:29
[0m14:46:29  [31mFailure in test relationships_fct_sales_by_product_product_id__product_id__ref_dim_products_ (models/ecom_marts/schema.yml)[0m
[0m14:46:29    Database Error in test relationships_fct_sales_by_product_product_id__product_id__ref_dim_products_ (models/ecom_marts/schema.yml)
  HTTPDriver for http://clickhouse:8123 received ClickHouse error code 47
   Code: 47. DB::Exception: Unknown expression identifier 'product_id' in scope child AS (SELECT product_id AS from_field FROM ecom_db_marts.fct_sales_by_product WHERE product_id IS NOT NULL). (UNKNOWN_IDENTIFIER) (version 24.8.14.39 (official build))
  compiled code at target/run/ecom_marts/models/ecom_marts/schema.yml/relationships_fct_sales_by_pro_aa9646280036241c15f9fec6c18ef95f.sql
[0m14:46:29
[0m14:46:29    compiled code at target/compiled/ecom_marts/models/ecom_marts/schema.yml/relationships_fct_sales_by_pro_aa9646280036241c15f9fec6c18ef95f.sql
[0m14:46:29
[0m14:46:29  [31mFailure in test unique_dim_products_product_id (models/ecom_marts/schema.yml)[0m
[0m14:46:29    Database Error in test unique_dim_products_product_id (models/ecom_marts/schema.yml)
  HTTPDriver for http://clickhouse:8123 received ClickHouse error code 47
   Code: 47. DB::Exception: Unknown expression identifier 'product_id' in scope SELECT product_id AS unique_field, count(*) AS n_records FROM ecom_db_marts.dim_products WHERE product_id IS NOT NULL GROUP BY product_id HAVING count(*) > 1. Maybe you meant: ['product_name']. (UNKNOWN_IDENTIFIER) (version 24.8.14.39 (official build))
  compiled code at target/run/ecom_marts/models/ecom_marts/schema.yml/unique_dim_products_product_id.sql
[0m14:46:29
[0m14:46:29    compiled code at target/compiled/ecom_marts/models/ecom_marts/schema.yml/unique_dim_products_product_id.sql
[0m14:46:29
[0m14:46:29  Done. PASS=0 WARN=0 ERROR=7 SKIP=0 NO-OP=0 TOTAL=7
[0m14:46:29  [[33mWARNING[0m][DeprecationsSummary]: Deprecated functionality
Summary of encountered deprecations:
- ModelParamUsageDeprecation: 1 occurrence
To see all deprecation instances instead of just the first occurrence of each,
run command again with the `--show-all-deprecations` flag. You may also need to
run with `--no-partial-parse` as some deprecations are only encountered during
parsing.
[2025-09-14T14:46:31.709+0000] {virtualenv.py:131} INFO - Releasing virtualenv lock
[2025-09-14T14:46:31.710+0000] {taskinstance.py:441} INFO - ::group::Post task execution logs
[2025-09-14T14:46:31.767+0000] {taskinstance.py:2905} ERROR - Task failed with exception
Traceback (most recent call last):
  File "/home/airflow/.local/lib/python3.10/site-packages/airflow/models/taskinstance.py", line 465, in _execute_task
    result = _execute_callable(context=context, **execute_callable_kwargs)
  File "/home/airflow/.local/lib/python3.10/site-packages/airflow/models/taskinstance.py", line 432, in _execute_callable
    return execute_callable(context=context, **execute_callable_kwargs)
  File "/home/airflow/.local/lib/python3.10/site-packages/airflow/models/baseoperator.py", line 401, in wrapper
    return func(self, *args, **kwargs)
  File "/home/airflow/.local/lib/python3.10/site-packages/cosmos/operators/virtualenv.py", line 144, in execute
    output = super().execute(context)
  File "/home/airflow/.local/lib/python3.10/site-packages/airflow/models/baseoperator.py", line 401, in wrapper
    return func(self, *args, **kwargs)
  File "/home/airflow/.local/lib/python3.10/site-packages/cosmos/operators/local.py", line 1089, in execute
    result = self.build_and_run_cmd(context=context, cmd_flags=self.add_cmd_flags())
  File "/home/airflow/.local/lib/python3.10/site-packages/cosmos/operators/local.py", line 853, in build_and_run_cmd
    result = self.run_command(
  File "/home/airflow/.local/lib/python3.10/site-packages/cosmos/operators/virtualenv.py", line 129, in run_command
    return super().run_command(cmd, env, context, run_as_async=run_as_async, async_context=async_context)
  File "/home/airflow/.local/lib/python3.10/site-packages/cosmos/operators/local.py", line 650, in run_command
    self.handle_exception(result)
  File "/home/airflow/.local/lib/python3.10/site-packages/cosmos/operators/local.py", line 254, in handle_exception_subprocess
    raise AirflowException(f"dbt command failed. The command returned a non-zero exit code {result.exit_code}.")
airflow.exceptions.AirflowException: dbt command failed. The command returned a non-zero exit code 1.
[2025-09-14T14:46:31.771+0000] {taskinstance.py:1206} INFO - Marking task as FAILED. dag_id=dbt_marts, task_id=marts.dim_products.test, run_id=manual__2025-09-14T14:34:20.423414+00:00, execution_date=20250914T143420, start_date=20250914T144614, end_date=20250914T144631
[2025-09-14T14:46:31.806+0000] {standard_task_runner.py:110} ERROR - Failed to execute job 409 for task marts.dim_products.test (dbt command failed. The command returned a non-zero exit code 1.; 9230)
[2025-09-14T14:46:31.851+0000] {local_task_job_runner.py:243} INFO - Task exited with return code 1
[2025-09-14T14:46:31.936+0000] {taskinstance.py:3503} INFO - 0 downstream tasks scheduled from follow-on schedule check
[2025-09-14T14:46:31.950+0000] {local_task_job_runner.py:222} INFO - ::endgroup::
